INFO: activate-gcc_linux-64.sh made the following environmental changes:
+CC=/global/homes/l/liuto/.conda/envs/convNet/bin/x86_64-conda_cos6-linux-gnu-cc
+CFLAGS=-march=nocona -mtune=haswell -ftree-vectorize -fPIC -fstack-protector-strong -fno-plt -O2 -pipe
+CPP=/global/homes/l/liuto/.conda/envs/convNet/bin/x86_64-conda_cos6-linux-gnu-cpp
+CPPFLAGS=-DNDEBUG -D_FORTIFY_SOURCE=2 -O2
+DEBUG_CFLAGS=-march=nocona -mtune=haswell -ftree-vectorize -fPIC -fstack-protector-all -fno-plt -Og -g -Wall -Wextra -fvar-tracking-assignments -pipe
+DEBUG_CPPFLAGS=-D_DEBUG -D_FORTIFY_SOURCE=2 -Og
+GCC=/global/homes/l/liuto/.conda/envs/convNet/bin/x86_64-conda_cos6-linux-gnu-gcc
+GCC_AR=/global/homes/l/liuto/.conda/envs/convNet/bin/x86_64-conda_cos6-linux-gnu-gcc-ar
+GCC_NM=/global/homes/l/liuto/.conda/envs/convNet/bin/x86_64-conda_cos6-linux-gnu-gcc-nm
+GCC_RANLIB=/global/homes/l/liuto/.conda/envs/convNet/bin/x86_64-conda_cos6-linux-gnu-gcc-ranlib
+HOST=x86_64-conda_cos6-linux-gnu
+LDFLAGS=-Wl,-O2 -Wl,--sort-common -Wl,--as-needed -Wl,-z,relro -Wl,-z,now
+_PYTHON_SYSCONFIGDATA_NAME=_sysconfigdata_x86_64_conda_cos6_linux_gnu
-HOST=cori11
INFO: activate-binutils_linux-64.sh made the following environmental changes:
+ADDR2LINE=/global/homes/l/liuto/.conda/envs/convNet/bin/x86_64-conda_cos6-linux-gnu-addr2line
+AR=/global/homes/l/liuto/.conda/envs/convNet/bin/x86_64-conda_cos6-linux-gnu-ar
+AS=/global/homes/l/liuto/.conda/envs/convNet/bin/x86_64-conda_cos6-linux-gnu-as
+CXXFILT=/global/homes/l/liuto/.conda/envs/convNet/bin/x86_64-conda_cos6-linux-gnu-c++filt
+ELFEDIT=/global/homes/l/liuto/.conda/envs/convNet/bin/x86_64-conda_cos6-linux-gnu-elfedit
+GPROF=/global/homes/l/liuto/.conda/envs/convNet/bin/x86_64-conda_cos6-linux-gnu-gprof
+LD=/global/homes/l/liuto/.conda/envs/convNet/bin/x86_64-conda_cos6-linux-gnu-ld
+LD_GOLD=/global/homes/l/liuto/.conda/envs/convNet/bin/x86_64-conda_cos6-linux-gnu-ld.gold
+NM=/global/homes/l/liuto/.conda/envs/convNet/bin/x86_64-conda_cos6-linux-gnu-nm
+OBJCOPY=/global/homes/l/liuto/.conda/envs/convNet/bin/x86_64-conda_cos6-linux-gnu-objcopy
+OBJDUMP=/global/homes/l/liuto/.conda/envs/convNet/bin/x86_64-conda_cos6-linux-gnu-objdump
+RANLIB=/global/homes/l/liuto/.conda/envs/convNet/bin/x86_64-conda_cos6-linux-gnu-ranlib
+READELF=/global/homes/l/liuto/.conda/envs/convNet/bin/x86_64-conda_cos6-linux-gnu-readelf
+SIZE=/global/homes/l/liuto/.conda/envs/convNet/bin/x86_64-conda_cos6-linux-gnu-size
+STRINGS=/global/homes/l/liuto/.conda/envs/convNet/bin/x86_64-conda_cos6-linux-gnu-strings
+STRIP=/global/homes/l/liuto/.conda/envs/convNet/bin/x86_64-conda_cos6-linux-gnu-strip
INFO: activate-gxx_linux-64.sh made the following environmental changes:
+CXX=/global/homes/l/liuto/.conda/envs/convNet/bin/x86_64-conda_cos6-linux-gnu-c++
+CXXFLAGS=-fvisibility-inlines-hidden -std=c++17 -fmessage-length=0 -march=nocona -mtune=haswell -ftree-vectorize -fPIC -fstack-protector-strong -fno-plt -O2 -pipe
+DEBUG_CXXFLAGS=-fvisibility-inlines-hidden -std=c++17 -fmessage-length=0 -march=nocona -mtune=haswell -ftree-vectorize -fPIC -fstack-protector-all -fno-plt -Og -g -Wall -Wextra -fvar-tracking-assignments -pipe
+GXX=/global/homes/l/liuto/.conda/envs/convNet/bin/x86_64-conda_cos6-linux-gnu-g++
2018-04-18 22:54:33.891048: I tensorflow/core/platform/cpu_feature_guard.cc:140] Your CPU supports instructions that this TensorFlow binary was not compiled to use: SSE4.1 SSE4.2 AVX AVX2 FMA
Loading .npy files.
Selecting a random sample to train.
========================
=====Training model=====
========================
Compiling...
_________________________________________________________________
Layer (type)                 Output Shape              Param #   
=================================================================
conv2d_1 (Conv2D)            (None, 30, 30, 64)        3136      
_________________________________________________________________
dropout_1 (Dropout)          (None, 30, 30, 64)        0         
_________________________________________________________________
conv2d_2 (Conv2D)            (None, 30, 30, 64)        65600     
_________________________________________________________________
dropout_2 (Dropout)          (None, 30, 30, 64)        0         
_________________________________________________________________
conv2d_3 (Conv2D)            (None, 30, 30, 64)        65600     
_________________________________________________________________
dropout_3 (Dropout)          (None, 30, 30, 64)        0         
_________________________________________________________________
conv2d_4 (Conv2D)            (None, 30, 30, 32)        32800     
_________________________________________________________________
dropout_4 (Dropout)          (None, 30, 30, 32)        0         
_________________________________________________________________
flatten_1 (Flatten)          (None, 28800)             0         
_________________________________________________________________
dense_1 (Dense)              (None, 32)                921632    
_________________________________________________________________
dropout_5 (Dropout)          (None, 32)                0         
_________________________________________________________________
dense_2 (Dense)              (None, 1)                 33        
=================================================================
Total params: 1,088,801
Trainable params: 1,088,801
Non-trainable params: 0
_________________________________________________________________
Not using data augmentation.
Train on 12511 samples, validate on 5363 samples
Epoch 1/20

   48/12511 [..............................] - ETA: 6:50 - loss: 1.1793 - acc: 0.5208
   96/12511 [..............................] - ETA: 4:52 - loss: 1.1336 - acc: 0.3958
  144/12511 [..............................] - ETA: 4:03 - loss: 1.1993 - acc: 0.3958
  192/12511 [..............................] - ETA: 3:34 - loss: 1.1789 - acc: 0.3698
  240/12511 [..............................] - ETA: 3:26 - loss: 1.1246 - acc: 0.3250
  288/12511 [..............................] - ETA: 3:17 - loss: 1.0983 - acc: 0.3056
  336/12511 [..............................] - ETA: 3:07 - loss: 1.0925 - acc: 0.3006
  384/12511 [..............................] - ETA: 2:59 - loss: 1.0919 - acc: 0.2969
  432/12511 [>.............................] - ETA: 2:52 - loss: 1.1015 - acc: 0.3009
  480/12511 [>.............................] - ETA: 2:48 - loss: 1.0911 - acc: 0.2917
  528/12511 [>.............................] - ETA: 2:43 - loss: 1.0853 - acc: 0.2860
  576/12511 [>.............................] - ETA: 2:40 - loss: 1.0805 - acc: 0.2813
  624/12511 [>.............................] - ETA: 2:36 - loss: 1.0787 - acc: 0.2772
  672/12511 [>.............................] - ETA: 2:33 - loss: 1.0794 - acc: 0.2768
  720/12511 [>.............................] - ETA: 2:31 - loss: 1.0820 - acc: 0.2778
  768/12511 [>.............................] - ETA: 2:27 - loss: 1.0767 - acc: 0.2734
  816/12511 [>.............................] - ETA: 2:26 - loss: 1.0703 - acc: 0.2684
  864/12511 [=>............................] - ETA: 2:24 - loss: 1.0763 - acc: 0.2720
  912/12511 [=>............................] - ETA: 2:21 - loss: 1.0753 - acc: 0.2708
  960/12511 [=>............................] - ETA: 2:19 - loss: 1.0774 - acc: 0.2719
 1008/12511 [=>............................] - ETA: 2:18 - loss: 1.0779 - acc: 0.2718
 1056/12511 [=>............................] - ETA: 2:17 - loss: 1.0742 - acc: 0.2699
 1104/12511 [=>............................] - ETA: 2:16 - loss: 1.0788 - acc: 0.2717
 1152/12511 [=>............................] - ETA: 2:15 - loss: 1.0816 - acc: 0.2734
 1200/12511 [=>............................] - ETA: 2:14 - loss: 1.0759 - acc: 0.2692
 1248/12511 [=>............................] - ETA: 2:13 - loss: 1.0763 - acc: 0.2692
 1296/12511 [==>...........................] - ETA: 2:13 - loss: 1.0723 - acc: 0.2662
 1344/12511 [==>...........................] - ETA: 2:11 - loss: 1.0718 - acc: 0.2656
 1392/12511 [==>...........................] - ETA: 2:10 - loss: 1.0734 - acc: 0.2665
 1440/12511 [==>...........................] - ETA: 2:10 - loss: 1.0698 - acc: 0.2639
 1488/12511 [==>...........................] - ETA: 2:09 - loss: 1.0685 - acc: 0.2628
 1536/12511 [==>...........................] - ETA: 2:08 - loss: 1.0719 - acc: 0.2650
 1584/12511 [==>...........................] - ETA: 2:07 - loss: 1.0742 - acc: 0.2664
 1632/12511 [==>...........................] - ETA: 2:06 - loss: 1.0763 - acc: 0.2678
 1680/12511 [===>..........................] - ETA: 2:06 - loss: 1.0749 - acc: 0.2667
 1728/12511 [===>..........................] - ETA: 2:05 - loss: 1.0753 - acc: 0.2668
 1776/12511 [===>..........................] - ETA: 2:05 - loss: 1.0724 - acc: 0.2646
 1824/12511 [===>..........................] - ETA: 2:04 - loss: 1.0743 - acc: 0.2659
 1872/12511 [===>..........................] - ETA: 2:03 - loss: 1.0762 - acc: 0.2671
 1920/12511 [===>..........................] - ETA: 2:02 - loss: 1.0765 - acc: 0.2672
 1968/12511 [===>..........................] - ETA: 2:01 - loss: 1.0739 - acc: 0.2652
 2016/12511 [===>..........................] - ETA: 2:01 - loss: 1.0735 - acc: 0.2649
 2064/12511 [===>..........................] - ETA: 1:59 - loss: 1.0724 - acc: 0.2641
 2112/12511 [====>.........................] - ETA: 1:59 - loss: 1.0727 - acc: 0.2642
 2160/12511 [====>.........................] - ETA: 1:58 - loss: 1.0731 - acc: 0.2644
 2208/12511 [====>.........................] - ETA: 1:57 - loss: 1.0714 - acc: 0.2631
 2256/12511 [====>.........................] - ETA: 1:56 - loss: 1.0762 - acc: 0.2664
 2304/12511 [====>.........................] - ETA: 1:55 - loss: 1.0752 - acc: 0.2656
 2352/12511 [====>.........................] - ETA: 1:55 - loss: 1.0773 - acc: 0.2670
 2400/12511 [====>.........................] - ETA: 1:54 - loss: 1.0733 - acc: 0.2642
 2448/12511 [====>.........................] - ETA: 1:53 - loss: 1.0689 - acc: 0.2610
 2496/12511 [====>.........................] - ETA: 1:53 - loss: 1.0681 - acc: 0.2604
 2544/12511 [=====>........................] - ETA: 1:52 - loss: 1.0719 - acc: 0.2630
 2592/12511 [=====>........................] - ETA: 1:52 - loss: 1.0700 - acc: 0.2616
 2640/12511 [=====>........................] - ETA: 1:51 - loss: 1.0670 - acc: 0.2595
 2688/12511 [=====>........................] - ETA: 1:50 - loss: 1.0668 - acc: 0.2593
 2736/12511 [=====>........................] - ETA: 1:50 - loss: 1.0662 - acc: 0.2588
 2784/12511 [=====>........................] - ETA: 1:49 - loss: 1.0665 - acc: 0.2590
 2832/12511 [=====>........................] - ETA: 1:49 - loss: 1.0669 - acc: 0.2592
 2880/12511 [=====>........................] - ETA: 1:48 - loss: 1.0657 - acc: 0.2583
 2928/12511 [======>.......................] - ETA: 1:47 - loss: 1.0656 - acc: 0.2582
 2976/12511 [======>.......................] - ETA: 1:46 - loss: 1.0659 - acc: 0.2584
 3024/12511 [======>.......................] - ETA: 1:46 - loss: 1.0663 - acc: 0.2586
 3072/12511 [======>.......................] - ETA: 1:45 - loss: 1.0657 - acc: 0.2581
 3120/12511 [======>.......................] - ETA: 1:44 - loss: 1.0674 - acc: 0.2593
 3168/12511 [======>.......................] - ETA: 1:44 - loss: 1.0677 - acc: 0.2595
 3216/12511 [======>.......................] - ETA: 1:43 - loss: 1.0667 - acc: 0.2587
 3264/12511 [======>.......................] - ETA: 1:43 - loss: 1.0652 - acc: 0.2577
 3312/12511 [======>.......................] - ETA: 1:42 - loss: 1.0634 - acc: 0.2563
 3360/12511 [=======>......................] - ETA: 1:42 - loss: 1.0611 - acc: 0.2548
 3408/12511 [=======>......................] - ETA: 1:41 - loss: 1.0607 - acc: 0.2544
 3456/12511 [=======>......................] - ETA: 1:40 - loss: 1.0615 - acc: 0.2549
 3504/12511 [=======>......................] - ETA: 1:40 - loss: 1.0602 - acc: 0.2540
 3552/12511 [=======>......................] - ETA: 1:39 - loss: 1.0609 - acc: 0.2545
 3600/12511 [=======>......................] - ETA: 1:39 - loss: 1.0605 - acc: 0.2542
 3648/12511 [=======>......................] - ETA: 1:38 - loss: 1.0593 - acc: 0.2533
 3696/12511 [=======>......................] - ETA: 1:38 - loss: 1.0616 - acc: 0.2549
 3744/12511 [=======>......................] - ETA: 1:37 - loss: 1.0638 - acc: 0.2564
 3792/12511 [========>.....................] - ETA: 1:36 - loss: 1.0634 - acc: 0.2561
 3840/12511 [========>.....................] - ETA: 1:36 - loss: 1.0637 - acc: 0.2563
 3888/12511 [========>.....................] - ETA: 1:35 - loss: 1.0632 - acc: 0.2559
 3936/12511 [========>.....................] - ETA: 1:35 - loss: 1.0635 - acc: 0.2561
 3984/12511 [========>.....................] - ETA: 1:34 - loss: 1.0649 - acc: 0.2570
 4032/12511 [========>.....................] - ETA: 1:33 - loss: 1.0645 - acc: 0.2567
 4080/12511 [========>.....................] - ETA: 1:33 - loss: 1.0647 - acc: 0.2569
 4128/12511 [========>.....................] - ETA: 1:32 - loss: 1.0646 - acc: 0.2568
 4176/12511 [=========>....................] - ETA: 1:32 - loss: 1.0639 - acc: 0.2562
 4224/12511 [=========>....................] - ETA: 1:31 - loss: 1.0628 - acc: 0.2554
 4272/12511 [=========>....................] - ETA: 1:31 - loss: 1.0627 - acc: 0.2554
 4320/12511 [=========>....................] - ETA: 1:30 - loss: 1.0630 - acc: 0.2556
 4368/12511 [=========>....................] - ETA: 1:29 - loss: 1.0626 - acc: 0.2553
 4416/12511 [=========>....................] - ETA: 1:29 - loss: 1.0619 - acc: 0.2548
 4464/12511 [=========>....................] - ETA: 1:28 - loss: 1.0606 - acc: 0.2538
 4512/12511 [=========>....................] - ETA: 1:28 - loss: 1.0605 - acc: 0.2538
 4560/12511 [=========>....................] - ETA: 1:27 - loss: 1.0605 - acc: 0.2537
 4608/12511 [==========>...................] - ETA: 1:27 - loss: 1.0608 - acc: 0.2539
 4656/12511 [==========>...................] - ETA: 1:26 - loss: 1.0601 - acc: 0.2534
 4704/12511 [==========>...................] - ETA: 1:26 - loss: 1.0595 - acc: 0.2530
 4752/12511 [==========>...................] - ETA: 1:25 - loss: 1.0592 - acc: 0.2527
 4800/12511 [==========>...................] - ETA: 1:24 - loss: 1.0589 - acc: 0.2525
 4848/12511 [==========>...................] - ETA: 1:24 - loss: 1.0580 - acc: 0.2519
 4896/12511 [==========>...................] - ETA: 1:23 - loss: 1.0580 - acc: 0.2518
 4944/12511 [==========>...................] - ETA: 1:23 - loss: 1.0585 - acc: 0.2522
 4992/12511 [==========>...................] - ETA: 1:22 - loss: 1.0585 - acc: 0.2522
 5040/12511 [===========>..................] - ETA: 1:21 - loss: 1.0588 - acc: 0.2524
 5088/12511 [===========>..................] - ETA: 1:21 - loss: 1.0588 - acc: 0.2524
 5136/12511 [===========>..................] - ETA: 1:21 - loss: 1.0582 - acc: 0.2519
 5184/12511 [===========>..................] - ETA: 1:20 - loss: 1.0571 - acc: 0.2512
 5232/12511 [===========>..................] - ETA: 1:20 - loss: 1.0571 - acc: 0.2511
 5280/12511 [===========>..................] - ETA: 1:19 - loss: 1.0585 - acc: 0.2521
 5328/12511 [===========>..................] - ETA: 1:19 - loss: 1.0579 - acc: 0.2517
 5376/12511 [===========>..................] - ETA: 1:18 - loss: 1.0558 - acc: 0.2502
 5424/12511 [============>.................] - ETA: 1:17 - loss: 1.0553 - acc: 0.2498
 5472/12511 [============>.................] - ETA: 1:17 - loss: 1.0540 - acc: 0.2489
 5520/12511 [============>.................] - ETA: 1:16 - loss: 1.0537 - acc: 0.2489
 5568/12511 [============>.................] - ETA: 1:16 - loss: 1.0543 - acc: 0.2493
 5616/12511 [============>.................] - ETA: 1:15 - loss: 1.0535 - acc: 0.2489
 5664/12511 [============>.................] - ETA: 1:15 - loss: 1.0533 - acc: 0.2489
 5712/12511 [============>.................] - ETA: 1:14 - loss: 1.0533 - acc: 0.2491
 5760/12511 [============>.................] - ETA: 1:14 - loss: 1.0519 - acc: 0.2488
 5808/12511 [============>.................] - ETA: 1:13 - loss: 1.0517 - acc: 0.2517
 5856/12511 [=============>................] - ETA: 1:12 - loss: 1.0522 - acc: 0.2544
 5904/12511 [=============>................] - ETA: 1:12 - loss: 1.0522 - acc: 0.2566
 5952/12511 [=============>................] - ETA: 1:11 - loss: 1.0518 - acc: 0.2577
 6000/12511 [=============>................] - ETA: 1:11 - loss: 1.0518 - acc: 0.2597
 6048/12511 [=============>................] - ETA: 1:10 - loss: 1.0521 - acc: 0.2627
 6096/12511 [=============>................] - ETA: 1:10 - loss: 1.0507 - acc: 0.2635
 6144/12511 [=============>................] - ETA: 1:09 - loss: 1.0506 - acc: 0.2674
 6192/12511 [=============>................] - ETA: 1:09 - loss: 1.0501 - acc: 0.2713
 6240/12511 [=============>................] - ETA: 1:08 - loss: 1.0497 - acc: 0.2753
 6288/12511 [==============>...............] - ETA: 1:08 - loss: 1.0507 - acc: 0.2783
 6336/12511 [==============>...............] - ETA: 1:07 - loss: 1.0503 - acc: 0.2817
 6384/12511 [==============>...............] - ETA: 1:06 - loss: 1.0520 - acc: 0.2841
 6432/12511 [==============>...............] - ETA: 1:06 - loss: 1.0525 - acc: 0.2861
 6480/12511 [==============>...............] - ETA: 1:05 - loss: 1.0525 - acc: 0.2860
 6528/12511 [==============>...............] - ETA: 1:05 - loss: 1.0514 - acc: 0.2858
 6576/12511 [==============>...............] - ETA: 1:04 - loss: 1.0506 - acc: 0.2879
 6624/12511 [==============>...............] - ETA: 1:04 - loss: 1.0508 - acc: 0.2909
 6672/12511 [==============>...............] - ETA: 1:03 - loss: 1.0500 - acc: 0.2941
 6720/12511 [===============>..............] - ETA: 1:03 - loss: 1.0490 - acc: 0.2981
 6768/12511 [===============>..............] - ETA: 1:02 - loss: 1.0493 - acc: 0.3011
 6816/12511 [===============>..............] - ETA: 1:01 - loss: 1.0502 - acc: 0.3037
 6864/12511 [===============>..............] - ETA: 1:01 - loss: 1.0496 - acc: 0.3073
 6912/12511 [===============>..............] - ETA: 1:00 - loss: 1.0505 - acc: 0.3098
 6960/12511 [===============>..............] - ETA: 1:00 - loss: 1.0505 - acc: 0.3128
 7008/12511 [===============>..............] - ETA: 59s - loss: 1.0504 - acc: 0.3159 
 7056/12511 [===============>..............] - ETA: 59s - loss: 1.0498 - acc: 0.3193
 7104/12511 [================>.............] - ETA: 58s - loss: 1.0499 - acc: 0.3222
 7152/12511 [================>.............] - ETA: 58s - loss: 1.0497 - acc: 0.3254
 7200/12511 [================>.............] - ETA: 57s - loss: 1.0493 - acc: 0.3285
 7248/12511 [================>.............] - ETA: 57s - loss: 1.0500 - acc: 0.3308
 7296/12511 [================>.............] - ETA: 56s - loss: 1.0501 - acc: 0.3336
 7344/12511 [================>.............] - ETA: 56s - loss: 1.0505 - acc: 0.3361
 7392/12511 [================>.............] - ETA: 55s - loss: 1.0503 - acc: 0.3385
 7440/12511 [================>.............] - ETA: 55s - loss: 1.0504 - acc: 0.3409
 7488/12511 [================>.............] - ETA: 54s - loss: 1.0508 - acc: 0.3432
 7536/12511 [=================>............] - ETA: 54s - loss: 1.0515 - acc: 0.3454
 7584/12511 [=================>............] - ETA: 53s - loss: 1.0509 - acc: 0.3460
 7632/12511 [=================>............] - ETA: 52s - loss: 1.0506 - acc: 0.3475
 7680/12511 [=================>............] - ETA: 52s - loss: 1.0506 - acc: 0.3500
 7728/12511 [=================>............] - ETA: 51s - loss: 1.0510 - acc: 0.3518
 7776/12511 [=================>............] - ETA: 51s - loss: 1.0513 - acc: 0.3535
 7824/12511 [=================>............] - ETA: 50s - loss: 1.0517 - acc: 0.3546
 7872/12511 [=================>............] - ETA: 50s - loss: 1.0521 - acc: 0.3551
 7920/12511 [=================>............] - ETA: 49s - loss: 1.0519 - acc: 0.3543
 7968/12511 [==================>...........] - ETA: 49s - loss: 1.0521 - acc: 0.3543
 8016/12511 [==================>...........] - ETA: 48s - loss: 1.0516 - acc: 0.3534
 8064/12511 [==================>...........] - ETA: 48s - loss: 1.0520 - acc: 0.3538
 8112/12511 [==================>...........] - ETA: 47s - loss: 1.0529 - acc: 0.3539
 8160/12511 [==================>...........] - ETA: 47s - loss: 1.0531 - acc: 0.3534
 8208/12511 [==================>...........] - ETA: 46s - loss: 1.0539 - acc: 0.3533
 8256/12511 [==================>...........] - ETA: 46s - loss: 1.0532 - acc: 0.3522
 8304/12511 [==================>...........] - ETA: 45s - loss: 1.0532 - acc: 0.3516
 8352/12511 [===================>..........] - ETA: 45s - loss: 1.0529 - acc: 0.3508
 8400/12511 [===================>..........] - ETA: 44s - loss: 1.0531 - acc: 0.3505
 8448/12511 [===================>..........] - ETA: 44s - loss: 1.0526 - acc: 0.3496
 8496/12511 [===================>..........] - ETA: 43s - loss: 1.0526 - acc: 0.3491
 8544/12511 [===================>..........] - ETA: 43s - loss: 1.0518 - acc: 0.3483
 8592/12511 [===================>..........] - ETA: 42s - loss: 1.0520 - acc: 0.3482
 8640/12511 [===================>..........] - ETA: 41s - loss: 1.0517 - acc: 0.3475
 8688/12511 [===================>..........] - ETA: 41s - loss: 1.0517 - acc: 0.3471
 8736/12511 [===================>..........] - ETA: 40s - loss: 1.0514 - acc: 0.3468
 8784/12511 [====================>.........] - ETA: 40s - loss: 1.0511 - acc: 0.3467
 8832/12511 [====================>.........] - ETA: 39s - loss: 1.0507 - acc: 0.3474
 8880/12511 [====================>.........] - ETA: 39s - loss: 1.0507 - acc: 0.3491
 8928/12511 [====================>.........] - ETA: 38s - loss: 1.0503 - acc: 0.3504
 8976/12511 [====================>.........] - ETA: 38s - loss: 1.0498 - acc: 0.3531
 9024/12511 [====================>.........] - ETA: 37s - loss: 1.0505 - acc: 0.3547
 9072/12511 [====================>.........] - ETA: 37s - loss: 1.0507 - acc: 0.3557
 9120/12511 [====================>.........] - ETA: 36s - loss: 1.0503 - acc: 0.3567
 9168/12511 [====================>.........] - ETA: 36s - loss: 1.0504 - acc: 0.3585
 9216/12511 [=====================>........] - ETA: 35s - loss: 1.0497 - acc: 0.3606
 9264/12511 [=====================>........] - ETA: 35s - loss: 1.0494 - acc: 0.3628
 9312/12511 [=====================>........] - ETA: 34s - loss: 1.0488 - acc: 0.3652
 9360/12511 [=====================>........] - ETA: 34s - loss: 1.0487 - acc: 0.3673
 9408/12511 [=====================>........] - ETA: 33s - loss: 1.0491 - acc: 0.3690
 9456/12511 [=====================>........] - ETA: 33s - loss: 1.0491 - acc: 0.3710
 9504/12511 [=====================>........] - ETA: 32s - loss: 1.0505 - acc: 0.3719
 9552/12511 [=====================>........] - ETA: 32s - loss: 1.0504 - acc: 0.3735
 9600/12511 [======================>.......] - ETA: 31s - loss: 1.0508 - acc: 0.3754
 9648/12511 [======================>.......] - ETA: 31s - loss: 1.0508 - acc: 0.3760
 9696/12511 [======================>.......] - ETA: 30s - loss: 1.0508 - acc: 0.3769
 9744/12511 [======================>.......] - ETA: 30s - loss: 1.0507 - acc: 0.3777
 9792/12511 [======================>.......] - ETA: 29s - loss: 1.0503 - acc: 0.3790
 9840/12511 [======================>.......] - ETA: 28s - loss: 1.0503 - acc: 0.3808
 9888/12511 [======================>.......] - ETA: 28s - loss: 1.0502 - acc: 0.3822
 9936/12511 [======================>.......] - ETA: 27s - loss: 1.0503 - acc: 0.3835
 9984/12511 [======================>.......] - ETA: 27s - loss: 1.0503 - acc: 0.3857
10032/12511 [=======================>......] - ETA: 26s - loss: 1.0503 - acc: 0.3875
10080/12511 [=======================>......] - ETA: 26s - loss: 1.0503 - acc: 0.3893
10128/12511 [=======================>......] - ETA: 25s - loss: 1.0497 - acc: 0.3906
10176/12511 [=======================>......] - ETA: 25s - loss: 1.0496 - acc: 0.3924
10224/12511 [=======================>......] - ETA: 24s - loss: 1.0493 - acc: 0.3943
10272/12511 [=======================>......] - ETA: 24s - loss: 1.0502 - acc: 0.3953
10320/12511 [=======================>......] - ETA: 23s - loss: 1.0501 - acc: 0.3968
10368/12511 [=======================>......] - ETA: 23s - loss: 1.0503 - acc: 0.3988
10416/12511 [=======================>......] - ETA: 22s - loss: 1.0503 - acc: 0.4001
10464/12511 [========================>.....] - ETA: 22s - loss: 1.0500 - acc: 0.4019
10512/12511 [========================>.....] - ETA: 21s - loss: 1.0501 - acc: 0.4036
10560/12511 [========================>.....] - ETA: 21s - loss: 1.0494 - acc: 0.4054
10608/12511 [========================>.....] - ETA: 20s - loss: 1.0497 - acc: 0.4068
10656/12511 [========================>.....] - ETA: 20s - loss: 1.0499 - acc: 0.4082
10704/12511 [========================>.....] - ETA: 19s - loss: 1.0495 - acc: 0.4101
10752/12511 [========================>.....] - ETA: 19s - loss: 1.0491 - acc: 0.4120
10800/12511 [========================>.....] - ETA: 18s - loss: 1.0492 - acc: 0.4135
10848/12511 [=========================>....] - ETA: 18s - loss: 1.0491 - acc: 0.4151
10896/12511 [=========================>....] - ETA: 17s - loss: 1.0499 - acc: 0.4160
10944/12511 [=========================>....] - ETA: 17s - loss: 1.0493 - acc: 0.4177
10992/12511 [=========================>....] - ETA: 16s - loss: 1.0496 - acc: 0.4190
11040/12511 [=========================>....] - ETA: 15s - loss: 1.0500 - acc: 0.4201
11088/12511 [=========================>....] - ETA: 15s - loss: 1.0502 - acc: 0.4212
11136/12511 [=========================>....] - ETA: 14s - loss: 1.0497 - acc: 0.4226
11184/12511 [=========================>....] - ETA: 14s - loss: 1.0497 - acc: 0.4240
11232/12511 [=========================>....] - ETA: 13s - loss: 1.0498 - acc: 0.4255
11280/12511 [==========================>...] - ETA: 13s - loss: 1.0498 - acc: 0.4268
11328/12511 [==========================>...] - ETA: 12s - loss: 1.0494 - acc: 0.4282
11376/12511 [==========================>...] - ETA: 12s - loss: 1.0497 - acc: 0.4295
11424/12511 [==========================>...] - ETA: 11s - loss: 1.0496 - acc: 0.4314
11472/12511 [==========================>...] - ETA: 11s - loss: 1.0498 - acc: 0.4326
11520/12511 [==========================>...] - ETA: 10s - loss: 1.0492 - acc: 0.4343
11568/12511 [==========================>...] - ETA: 10s - loss: 1.0487 - acc: 0.4359
11616/12511 [==========================>...] - ETA: 9s - loss: 1.0484 - acc: 0.4374 
11664/12511 [==========================>...] - ETA: 9s - loss: 1.0482 - acc: 0.4389
11712/12511 [===========================>..] - ETA: 8s - loss: 1.0483 - acc: 0.4401
11760/12511 [===========================>..] - ETA: 8s - loss: 1.0477 - acc: 0.4418
11808/12511 [===========================>..] - ETA: 7s - loss: 1.0478 - acc: 0.4430
11856/12511 [===========================>..] - ETA: 7s - loss: 1.0474 - acc: 0.4445
11904/12511 [===========================>..] - ETA: 6s - loss: 1.0475 - acc: 0.4457
11952/12511 [===========================>..] - ETA: 6s - loss: 1.0474 - acc: 0.4470
12000/12511 [===========================>..] - ETA: 5s - loss: 1.0476 - acc: 0.4482
12048/12511 [===========================>..] - ETA: 5s - loss: 1.0480 - acc: 0.4491
12096/12511 [============================>.] - ETA: 4s - loss: 1.0481 - acc: 0.4502
12144/12511 [============================>.] - ETA: 3s - loss: 1.0485 - acc: 0.4512
12192/12511 [============================>.] - ETA: 3s - loss: 1.0478 - acc: 0.4528
12240/12511 [============================>.] - ETA: 2s - loss: 1.0479 - acc: 0.4540
12288/12511 [============================>.] - ETA: 2s - loss: 1.0480 - acc: 0.4551
12336/12511 [============================>.] - ETA: 1s - loss: 1.0479 - acc: 0.4563
12384/12511 [============================>.] - ETA: 1s - loss: 1.0477 - acc: 0.4576
12432/12511 [============================>.] - ETA: 0s - loss: 1.0478 - acc: 0.4587
12480/12511 [============================>.] - ETA: 0s - loss: 1.0479 - acc: 0.4598
12511/12511 [==============================] - 144s 11ms/step - loss: 1.0483 - acc: 0.4602 - val_loss: 0.8153 - val_acc: 0.7567
/global/homes/l/liuto/.conda/envs/convNet/lib/python3.6/site-packages/h5py/__init__.py:36: FutureWarning: Conversion of the second argument of issubdtype from `float` to `np.floating` is deprecated. In future, it will be treated as `np.float64 == np.dtype(float).type`.
  from ._conv import register_converters as _register_converters
Using TensorFlow backend.
Traceback (most recent call last):
  File "/global/homes/l/liuto/520project/transient-detection/cnn/jobs/run_cnn_uniform_dropout.py", line 331, in <module>
    main()
  File "/global/homes/l/liuto/520project/transient-detection/cnn/jobs/run_cnn_uniform_dropout.py", line 324, in main
    train_model(train_imgs, train_labels, val_imgs, val_labels, OUTPUT_DIR, output_name)
  File "/global/homes/l/liuto/520project/transient-detection/cnn/jobs/run_cnn_uniform_dropout.py", line 202, in train_model
    callbacks=[checkpointer]
  File "/global/homes/l/liuto/.conda/envs/convNet/lib/python3.6/site-packages/keras/models.py", line 963, in fit
    validation_steps=validation_steps)
  File "/global/homes/l/liuto/.conda/envs/convNet/lib/python3.6/site-packages/keras/engine/training.py", line 1705, in fit
    validation_steps=validation_steps)
  File "/global/homes/l/liuto/.conda/envs/convNet/lib/python3.6/site-packages/keras/engine/training.py", line 1255, in _fit_loop
    callbacks.on_epoch_end(epoch, epoch_logs)
  File "/global/homes/l/liuto/.conda/envs/convNet/lib/python3.6/site-packages/keras/callbacks.py", line 77, in on_epoch_end
    callback.on_epoch_end(epoch, logs)
  File "/global/homes/l/liuto/.conda/envs/convNet/lib/python3.6/site-packages/keras/callbacks.py", line 447, in on_epoch_end
    self.model.save(filepath, overwrite=True)
  File "/global/homes/l/liuto/.conda/envs/convNet/lib/python3.6/site-packages/keras/engine/topology.py", line 2580, in save
    save_model(self, filepath, overwrite, include_optimizer)
  File "/global/homes/l/liuto/.conda/envs/convNet/lib/python3.6/site-packages/keras/models.py", line 106, in save_model
    with h5py.File(filepath, mode='w') as f:
  File "/global/homes/l/liuto/.conda/envs/convNet/lib/python3.6/site-packages/h5py/_hl/files.py", line 269, in __init__
    fid = make_fid(name, mode, userblock_size, fapl, swmr=swmr)
  File "/global/homes/l/liuto/.conda/envs/convNet/lib/python3.6/site-packages/h5py/_hl/files.py", line 105, in make_fid
    fid = h5f.create(name, h5f.ACC_TRUNC, fapl=fapl, fcpl=fcpl)
  File "h5py/_objects.pyx", line 54, in h5py._objects.with_phil.wrapper
  File "h5py/_objects.pyx", line 55, in h5py._objects.with_phil.wrapper
  File "h5py/h5f.pyx", line 98, in h5py.h5f.create
OSError: Unable to create file (unable to lock file, errno = 524, error message = 'Unknown error 524')
