INFO: activate-gcc_linux-64.sh made the following environmental changes:
+CC=/global/homes/l/liuto/.conda/envs/convNet/bin/x86_64-conda_cos6-linux-gnu-cc
+CFLAGS=-march=nocona -mtune=haswell -ftree-vectorize -fPIC -fstack-protector-strong -fno-plt -O2 -pipe
+CPP=/global/homes/l/liuto/.conda/envs/convNet/bin/x86_64-conda_cos6-linux-gnu-cpp
+CPPFLAGS=-DNDEBUG -D_FORTIFY_SOURCE=2 -O2
+DEBUG_CFLAGS=-march=nocona -mtune=haswell -ftree-vectorize -fPIC -fstack-protector-all -fno-plt -Og -g -Wall -Wextra -fvar-tracking-assignments -pipe
+DEBUG_CPPFLAGS=-D_DEBUG -D_FORTIFY_SOURCE=2 -Og
+GCC=/global/homes/l/liuto/.conda/envs/convNet/bin/x86_64-conda_cos6-linux-gnu-gcc
+GCC_AR=/global/homes/l/liuto/.conda/envs/convNet/bin/x86_64-conda_cos6-linux-gnu-gcc-ar
+GCC_NM=/global/homes/l/liuto/.conda/envs/convNet/bin/x86_64-conda_cos6-linux-gnu-gcc-nm
+GCC_RANLIB=/global/homes/l/liuto/.conda/envs/convNet/bin/x86_64-conda_cos6-linux-gnu-gcc-ranlib
+HOST=x86_64-conda_cos6-linux-gnu
+LDFLAGS=-Wl,-O2 -Wl,--sort-common -Wl,--as-needed -Wl,-z,relro -Wl,-z,now
+_PYTHON_SYSCONFIGDATA_NAME=_sysconfigdata_x86_64_conda_cos6_linux_gnu
-HOST=cori11
INFO: activate-binutils_linux-64.sh made the following environmental changes:
+ADDR2LINE=/global/homes/l/liuto/.conda/envs/convNet/bin/x86_64-conda_cos6-linux-gnu-addr2line
+AR=/global/homes/l/liuto/.conda/envs/convNet/bin/x86_64-conda_cos6-linux-gnu-ar
+AS=/global/homes/l/liuto/.conda/envs/convNet/bin/x86_64-conda_cos6-linux-gnu-as
+CXXFILT=/global/homes/l/liuto/.conda/envs/convNet/bin/x86_64-conda_cos6-linux-gnu-c++filt
+ELFEDIT=/global/homes/l/liuto/.conda/envs/convNet/bin/x86_64-conda_cos6-linux-gnu-elfedit
+GPROF=/global/homes/l/liuto/.conda/envs/convNet/bin/x86_64-conda_cos6-linux-gnu-gprof
+LD=/global/homes/l/liuto/.conda/envs/convNet/bin/x86_64-conda_cos6-linux-gnu-ld
+LD_GOLD=/global/homes/l/liuto/.conda/envs/convNet/bin/x86_64-conda_cos6-linux-gnu-ld.gold
+NM=/global/homes/l/liuto/.conda/envs/convNet/bin/x86_64-conda_cos6-linux-gnu-nm
+OBJCOPY=/global/homes/l/liuto/.conda/envs/convNet/bin/x86_64-conda_cos6-linux-gnu-objcopy
+OBJDUMP=/global/homes/l/liuto/.conda/envs/convNet/bin/x86_64-conda_cos6-linux-gnu-objdump
+RANLIB=/global/homes/l/liuto/.conda/envs/convNet/bin/x86_64-conda_cos6-linux-gnu-ranlib
+READELF=/global/homes/l/liuto/.conda/envs/convNet/bin/x86_64-conda_cos6-linux-gnu-readelf
+SIZE=/global/homes/l/liuto/.conda/envs/convNet/bin/x86_64-conda_cos6-linux-gnu-size
+STRINGS=/global/homes/l/liuto/.conda/envs/convNet/bin/x86_64-conda_cos6-linux-gnu-strings
+STRIP=/global/homes/l/liuto/.conda/envs/convNet/bin/x86_64-conda_cos6-linux-gnu-strip
INFO: activate-gxx_linux-64.sh made the following environmental changes:
+CXX=/global/homes/l/liuto/.conda/envs/convNet/bin/x86_64-conda_cos6-linux-gnu-c++
+CXXFLAGS=-fvisibility-inlines-hidden -std=c++17 -fmessage-length=0 -march=nocona -mtune=haswell -ftree-vectorize -fPIC -fstack-protector-strong -fno-plt -O2 -pipe
+DEBUG_CXXFLAGS=-fvisibility-inlines-hidden -std=c++17 -fmessage-length=0 -march=nocona -mtune=haswell -ftree-vectorize -fPIC -fstack-protector-all -fno-plt -Og -g -Wall -Wextra -fvar-tracking-assignments -pipe
+GXX=/global/homes/l/liuto/.conda/envs/convNet/bin/x86_64-conda_cos6-linux-gnu-g++
2018-04-18 22:54:33.598606: I tensorflow/core/platform/cpu_feature_guard.cc:140] Your CPU supports instructions that this TensorFlow binary was not compiled to use: SSE4.1 SSE4.2 AVX AVX2 FMA
Loading .npy files.
Selecting a random sample to train.
========================
=====Training model=====
========================
Compiling...
_________________________________________________________________
Layer (type)                 Output Shape              Param #   
=================================================================
conv2d_1 (Conv2D)            (None, 30, 30, 128)       6272      
_________________________________________________________________
conv2d_2 (Conv2D)            (None, 30, 30, 128)       262272    
_________________________________________________________________
dropout_1 (Dropout)          (None, 30, 30, 128)       0         
_________________________________________________________________
conv2d_3 (Conv2D)            (None, 30, 30, 128)       262272    
_________________________________________________________________
dropout_2 (Dropout)          (None, 30, 30, 128)       0         
_________________________________________________________________
conv2d_4 (Conv2D)            (None, 30, 30, 64)        131136    
_________________________________________________________________
dropout_3 (Dropout)          (None, 30, 30, 64)        0         
_________________________________________________________________
flatten_1 (Flatten)          (None, 57600)             0         
_________________________________________________________________
dense_1 (Dense)              (None, 32)                1843232   
_________________________________________________________________
dropout_4 (Dropout)          (None, 32)                0         
_________________________________________________________________
dense_2 (Dense)              (None, 1)                 33        
=================================================================
Total params: 2,505,217
Trainable params: 2,505,217
Non-trainable params: 0
_________________________________________________________________
Not using data augmentation.
Train on 12511 samples, validate on 5363 samples
Epoch 1/20

   48/12511 [..............................] - ETA: 8:54 - loss: 1.0252 - acc: 0.2083
   96/12511 [..............................] - ETA: 6:47 - loss: 1.0705 - acc: 0.3021
  144/12511 [..............................] - ETA: 5:39 - loss: 1.0655 - acc: 0.2778
  192/12511 [..............................] - ETA: 5:18 - loss: 1.0103 - acc: 0.2344
  240/12511 [..............................] - ETA: 5:02 - loss: 1.0193 - acc: 0.3375
  288/12511 [..............................] - ETA: 4:45 - loss: 1.0253 - acc: 0.4063
  336/12511 [..............................] - ETA: 4:33 - loss: 1.0252 - acc: 0.4583
  384/12511 [..............................] - ETA: 4:24 - loss: 1.0366 - acc: 0.4896
  432/12511 [>.............................] - ETA: 4:19 - loss: 1.0387 - acc: 0.5139
  480/12511 [>.............................] - ETA: 4:15 - loss: 1.0705 - acc: 0.5083
  528/12511 [>.............................] - ETA: 4:09 - loss: 1.0610 - acc: 0.4792
  576/12511 [>.............................] - ETA: 4:04 - loss: 1.0605 - acc: 0.4601
  624/12511 [>.............................] - ETA: 4:03 - loss: 1.0555 - acc: 0.4407
  672/12511 [>.............................] - ETA: 4:02 - loss: 1.0641 - acc: 0.4315
  720/12511 [>.............................] - ETA: 4:01 - loss: 1.0655 - acc: 0.4208
  768/12511 [>.............................] - ETA: 3:56 - loss: 1.0611 - acc: 0.4076
  816/12511 [>.............................] - ETA: 3:54 - loss: 1.0660 - acc: 0.4020
  864/12511 [=>............................] - ETA: 3:52 - loss: 1.0671 - acc: 0.3947
  912/12511 [=>............................] - ETA: 3:50 - loss: 1.0618 - acc: 0.3838
  960/12511 [=>............................] - ETA: 3:48 - loss: 1.0584 - acc: 0.3750
 1008/12511 [=>............................] - ETA: 3:46 - loss: 1.0611 - acc: 0.3710
 1056/12511 [=>............................] - ETA: 3:43 - loss: 1.0691 - acc: 0.3712
 1104/12511 [=>............................] - ETA: 3:42 - loss: 1.0711 - acc: 0.3678
 1152/12511 [=>............................] - ETA: 3:41 - loss: 1.0654 - acc: 0.3594
 1200/12511 [=>............................] - ETA: 3:40 - loss: 1.0662 - acc: 0.3558
 1248/12511 [=>............................] - ETA: 3:37 - loss: 1.0658 - acc: 0.3518
 1296/12511 [==>...........................] - ETA: 3:36 - loss: 1.0698 - acc: 0.3511
 1344/12511 [==>...........................] - ETA: 3:35 - loss: 1.0672 - acc: 0.3460
 1392/12511 [==>...........................] - ETA: 3:33 - loss: 1.0637 - acc: 0.3405
 1440/12511 [==>...........................] - ETA: 3:31 - loss: 1.0654 - acc: 0.3389
 1488/12511 [==>...........................] - ETA: 3:29 - loss: 1.0660 - acc: 0.3367
 1536/12511 [==>...........................] - ETA: 3:28 - loss: 1.0675 - acc: 0.3353
 1584/12511 [==>...........................] - ETA: 3:26 - loss: 1.0717 - acc: 0.3359
 1632/12511 [==>...........................] - ETA: 3:25 - loss: 1.0756 - acc: 0.3364
 1680/12511 [===>..........................] - ETA: 3:23 - loss: 1.0716 - acc: 0.3315
 1728/12511 [===>..........................] - ETA: 3:22 - loss: 1.0670 - acc: 0.3264
 1776/12511 [===>..........................] - ETA: 3:21 - loss: 1.0675 - acc: 0.3249
 1824/12511 [===>..........................] - ETA: 3:19 - loss: 1.0664 - acc: 0.3224
 1872/12511 [===>..........................] - ETA: 3:18 - loss: 1.0661 - acc: 0.3205
 1920/12511 [===>..........................] - ETA: 3:16 - loss: 1.0644 - acc: 0.3177
 1968/12511 [===>..........................] - ETA: 3:15 - loss: 1.0612 - acc: 0.3140
 2016/12511 [===>..........................] - ETA: 3:14 - loss: 1.0646 - acc: 0.3150
 2064/12511 [===>..........................] - ETA: 3:13 - loss: 1.0644 - acc: 0.3135
 2112/12511 [====>.........................] - ETA: 3:12 - loss: 1.0628 - acc: 0.3111
 2160/12511 [====>.........................] - ETA: 3:10 - loss: 1.0633 - acc: 0.3102
 2208/12511 [====>.........................] - ETA: 3:09 - loss: 1.0586 - acc: 0.3057
 2256/12511 [====>.........................] - ETA: 3:08 - loss: 1.0579 - acc: 0.3041
 2304/12511 [====>.........................] - ETA: 3:07 - loss: 1.0566 - acc: 0.3021
 2352/12511 [====>.........................] - ETA: 3:06 - loss: 1.0535 - acc: 0.2989
 2400/12511 [====>.........................] - ETA: 3:05 - loss: 1.0542 - acc: 0.2983
 2448/12511 [====>.........................] - ETA: 3:03 - loss: 1.0536 - acc: 0.2970
 2496/12511 [====>.........................] - ETA: 3:02 - loss: 1.0513 - acc: 0.2945
 2544/12511 [=====>........................] - ETA: 3:02 - loss: 1.0514 - acc: 0.2936
 2592/12511 [=====>........................] - ETA: 3:00 - loss: 1.0509 - acc: 0.2924
 2640/12511 [=====>........................] - ETA: 2:59 - loss: 1.0504 - acc: 0.2913
 2688/12511 [=====>........................] - ETA: 2:58 - loss: 1.0527 - acc: 0.2920
 2736/12511 [=====>........................] - ETA: 2:57 - loss: 1.0517 - acc: 0.2906
 2784/12511 [=====>........................] - ETA: 2:56 - loss: 1.0502 - acc: 0.2888
 2832/12511 [=====>........................] - ETA: 2:55 - loss: 1.0508 - acc: 0.2892
 2880/12511 [=====>........................] - ETA: 2:54 - loss: 1.0523 - acc: 0.2896
 2928/12511 [======>.......................] - ETA: 2:53 - loss: 1.0534 - acc: 0.2896
 2976/12511 [======>.......................] - ETA: 2:52 - loss: 1.0539 - acc: 0.2893
 3024/12511 [======>.......................] - ETA: 2:51 - loss: 1.0534 - acc: 0.2884
 3072/12511 [======>.......................] - ETA: 2:50 - loss: 1.0535 - acc: 0.2878
 3120/12511 [======>.......................] - ETA: 2:49 - loss: 1.0530 - acc: 0.2869
 3168/12511 [======>.......................] - ETA: 2:48 - loss: 1.0549 - acc: 0.2876
 3216/12511 [======>.......................] - ETA: 2:47 - loss: 1.0535 - acc: 0.2861
 3264/12511 [======>.......................] - ETA: 2:46 - loss: 1.0536 - acc: 0.2855
 3312/12511 [======>.......................] - ETA: 2:45 - loss: 1.0532 - acc: 0.2847
 3360/12511 [=======>......................] - ETA: 2:44 - loss: 1.0515 - acc: 0.2830
 3408/12511 [=======>......................] - ETA: 2:44 - loss: 1.0507 - acc: 0.2820
 3456/12511 [=======>......................] - ETA: 2:43 - loss: 1.0512 - acc: 0.2818
 3504/12511 [=======>......................] - ETA: 2:42 - loss: 1.0500 - acc: 0.2805
 3552/12511 [=======>......................] - ETA: 2:41 - loss: 1.0492 - acc: 0.2801
 3600/12511 [=======>......................] - ETA: 2:40 - loss: 1.0477 - acc: 0.2811
 3648/12511 [=======>......................] - ETA: 2:39 - loss: 1.0470 - acc: 0.2878
 3696/12511 [=======>......................] - ETA: 2:38 - loss: 1.0459 - acc: 0.2946
 3744/12511 [=======>......................] - ETA: 2:37 - loss: 1.0461 - acc: 0.3005
 3792/12511 [========>.....................] - ETA: 2:36 - loss: 1.0481 - acc: 0.3049
 3840/12511 [========>.....................] - ETA: 2:35 - loss: 1.0482 - acc: 0.3109
 3888/12511 [========>.....................] - ETA: 2:35 - loss: 1.0471 - acc: 0.3169
 3936/12511 [========>.....................] - ETA: 2:34 - loss: 1.0461 - acc: 0.3229
 3984/12511 [========>.....................] - ETA: 2:33 - loss: 1.0466 - acc: 0.3278
 4032/12511 [========>.....................] - ETA: 2:32 - loss: 1.0453 - acc: 0.3338
 4080/12511 [========>.....................] - ETA: 2:31 - loss: 1.0457 - acc: 0.3385
 4128/12511 [========>.....................] - ETA: 2:30 - loss: 1.0455 - acc: 0.3435
 4176/12511 [=========>....................] - ETA: 2:29 - loss: 1.0463 - acc: 0.3477
 4224/12511 [=========>....................] - ETA: 2:28 - loss: 1.0478 - acc: 0.3516
 4272/12511 [=========>....................] - ETA: 2:27 - loss: 1.0475 - acc: 0.3567
 4320/12511 [=========>....................] - ETA: 2:26 - loss: 1.0469 - acc: 0.3616
 4368/12511 [=========>....................] - ETA: 2:25 - loss: 1.0477 - acc: 0.3654
 4416/12511 [=========>....................] - ETA: 2:24 - loss: 1.0465 - acc: 0.3702
 4464/12511 [=========>....................] - ETA: 2:23 - loss: 1.0469 - acc: 0.3741
 4512/12511 [=========>....................] - ETA: 2:22 - loss: 1.0473 - acc: 0.3779
 4560/12511 [=========>....................] - ETA: 2:21 - loss: 1.0461 - acc: 0.3827
 4608/12511 [==========>...................] - ETA: 2:21 - loss: 1.0468 - acc: 0.3861
 4656/12511 [==========>...................] - ETA: 2:20 - loss: 1.0466 - acc: 0.3900
 4704/12511 [==========>...................] - ETA: 2:19 - loss: 1.0467 - acc: 0.3939
 4752/12511 [==========>...................] - ETA: 2:18 - loss: 1.0465 - acc: 0.3977
 4800/12511 [==========>...................] - ETA: 2:17 - loss: 1.0463 - acc: 0.4015
 4848/12511 [==========>...................] - ETA: 2:16 - loss: 1.0455 - acc: 0.4055
 4896/12511 [==========>...................] - ETA: 2:15 - loss: 1.0459 - acc: 0.4087
 4944/12511 [==========>...................] - ETA: 2:14 - loss: 1.0454 - acc: 0.4124
 4992/12511 [==========>...................] - ETA: 2:13 - loss: 1.0460 - acc: 0.4153
 5040/12511 [===========>..................] - ETA: 2:12 - loss: 1.0467 - acc: 0.4181
 5088/12511 [===========>..................] - ETA: 2:12 - loss: 1.0465 - acc: 0.4214
 5136/12511 [===========>..................] - ETA: 2:11 - loss: 1.0474 - acc: 0.4239
 5184/12511 [===========>..................] - ETA: 2:10 - loss: 1.0464 - acc: 0.4277
 5232/12511 [===========>..................] - ETA: 2:09 - loss: 1.0467 - acc: 0.4304
 5280/12511 [===========>..................] - ETA: 2:08 - loss: 1.0465 - acc: 0.4335
 5328/12511 [===========>..................] - ETA: 2:07 - loss: 1.0469 - acc: 0.4364
 5376/12511 [===========>..................] - ETA: 2:06 - loss: 1.0464 - acc: 0.4399
 5424/12511 [============>.................] - ETA: 2:05 - loss: 1.0462 - acc: 0.4427
 5472/12511 [============>.................] - ETA: 2:05 - loss: 1.0455 - acc: 0.4459
 5520/12511 [============>.................] - ETA: 2:04 - loss: 1.0443 - acc: 0.4495
 5568/12511 [============>.................] - ETA: 2:03 - loss: 1.0438 - acc: 0.4524
 5616/12511 [============>.................] - ETA: 2:02 - loss: 1.0432 - acc: 0.4555
 5664/12511 [============>.................] - ETA: 2:01 - loss: 1.0430 - acc: 0.4582
 5712/12511 [============>.................] - ETA: 2:00 - loss: 1.0444 - acc: 0.4597
 5760/12511 [============>.................] - ETA: 1:59 - loss: 1.0437 - acc: 0.4627
 5808/12511 [============>.................] - ETA: 1:58 - loss: 1.0441 - acc: 0.4649
 5856/12511 [=============>................] - ETA: 1:58 - loss: 1.0439 - acc: 0.4674
 5904/12511 [=============>................] - ETA: 1:57 - loss: 1.0440 - acc: 0.4697
 5952/12511 [=============>................] - ETA: 1:56 - loss: 1.0458 - acc: 0.4708
 6000/12511 [=============>................] - ETA: 1:55 - loss: 1.0459 - acc: 0.4730
 6048/12511 [=============>................] - ETA: 1:54 - loss: 1.0457 - acc: 0.4754
 6096/12511 [=============>................] - ETA: 1:53 - loss: 1.0458 - acc: 0.4775
 6144/12511 [=============>................] - ETA: 1:52 - loss: 1.0449 - acc: 0.4803
 6192/12511 [=============>................] - ETA: 1:52 - loss: 1.0438 - acc: 0.4832
 6240/12511 [=============>................] - ETA: 1:51 - loss: 1.0444 - acc: 0.4849
 6288/12511 [==============>...............] - ETA: 1:50 - loss: 1.0447 - acc: 0.4868
 6336/12511 [==============>...............] - ETA: 1:49 - loss: 1.0438 - acc: 0.4894
 6384/12511 [==============>...............] - ETA: 1:48 - loss: 1.0435 - acc: 0.4917
 6432/12511 [==============>...............] - ETA: 1:47 - loss: 1.0431 - acc: 0.4939
 6480/12511 [==============>...............] - ETA: 1:46 - loss: 1.0434 - acc: 0.4957
 6528/12511 [==============>...............] - ETA: 1:46 - loss: 1.0426 - acc: 0.4982
 6576/12511 [==============>...............] - ETA: 1:45 - loss: 1.0431 - acc: 0.4997
 6624/12511 [==============>...............] - ETA: 1:44 - loss: 1.0428 - acc: 0.5018
 6672/12511 [==============>...............] - ETA: 1:43 - loss: 1.0435 - acc: 0.5031
 6720/12511 [===============>..............] - ETA: 1:42 - loss: 1.0441 - acc: 0.5046
 6768/12511 [===============>..............] - ETA: 1:41 - loss: 1.0426 - acc: 0.5074
 6816/12511 [===============>..............] - ETA: 1:40 - loss: 1.0429 - acc: 0.5089
 6864/12511 [===============>..............] - ETA: 1:39 - loss: 1.0432 - acc: 0.5105
 6912/12511 [===============>..............] - ETA: 1:39 - loss: 1.0422 - acc: 0.5129
 6960/12511 [===============>..............] - ETA: 1:38 - loss: 1.0425 - acc: 0.5144
 7008/12511 [===============>..............] - ETA: 1:37 - loss: 1.0422 - acc: 0.5163
 7056/12511 [===============>..............] - ETA: 1:36 - loss: 1.0433 - acc: 0.5171
 7104/12511 [================>.............] - ETA: 1:35 - loss: 1.0436 - acc: 0.5186
 7152/12511 [================>.............] - ETA: 1:34 - loss: 1.0437 - acc: 0.5201
 7200/12511 [================>.............] - ETA: 1:33 - loss: 1.0442 - acc: 0.5214
 7248/12511 [================>.............] - ETA: 1:32 - loss: 1.0435 - acc: 0.5235
 7296/12511 [================>.............] - ETA: 1:32 - loss: 1.0435 - acc: 0.5249
 7344/12511 [================>.............] - ETA: 1:31 - loss: 1.0438 - acc: 0.5263
 7392/12511 [================>.............] - ETA: 1:30 - loss: 1.0441 - acc: 0.5276
 7440/12511 [================>.............] - ETA: 1:29 - loss: 1.0436 - acc: 0.5294
 7488/12511 [================>.............] - ETA: 1:28 - loss: 1.0436 - acc: 0.5308
 7536/12511 [=================>............] - ETA: 1:27 - loss: 1.0431 - acc: 0.5326
 7584/12511 [=================>............] - ETA: 1:26 - loss: 1.0438 - acc: 0.5336
 7632/12511 [=================>............] - ETA: 1:26 - loss: 1.0446 - acc: 0.5345
 7680/12511 [=================>............] - ETA: 1:25 - loss: 1.0437 - acc: 0.5365
 7728/12511 [=================>............] - ETA: 1:24 - loss: 1.0438 - acc: 0.5378
 7776/12511 [=================>............] - ETA: 1:23 - loss: 1.0437 - acc: 0.5392
 7824/12511 [=================>............] - ETA: 1:22 - loss: 1.0428 - acc: 0.5412
 7872/12511 [=================>............] - ETA: 1:21 - loss: 1.0427 - acc: 0.5426
 7920/12511 [=================>............] - ETA: 1:20 - loss: 1.0433 - acc: 0.5434
 7968/12511 [==================>...........] - ETA: 1:20 - loss: 1.0429 - acc: 0.5451
 8016/12511 [==================>...........] - ETA: 1:19 - loss: 1.0431 - acc: 0.5462
 8064/12511 [==================>...........] - ETA: 1:18 - loss: 1.0428 - acc: 0.5476
 8112/12511 [==================>...........] - ETA: 1:17 - loss: 1.0429 - acc: 0.5488
 8160/12511 [==================>...........] - ETA: 1:16 - loss: 1.0435 - acc: 0.5496
 8208/12511 [==================>...........] - ETA: 1:15 - loss: 1.0436 - acc: 0.5508
 8256/12511 [==================>...........] - ETA: 1:15 - loss: 1.0449 - acc: 0.5511
 8304/12511 [==================>...........] - ETA: 1:14 - loss: 1.0448 - acc: 0.5524
 8352/12511 [===================>..........] - ETA: 1:13 - loss: 1.0457 - acc: 0.5529
 8400/12511 [===================>..........] - ETA: 1:12 - loss: 1.0452 - acc: 0.5544
 8448/12511 [===================>..........] - ETA: 1:11 - loss: 1.0451 - acc: 0.5556
 8496/12511 [===================>..........] - ETA: 1:10 - loss: 1.0448 - acc: 0.5570
 8544/12511 [===================>..........] - ETA: 1:09 - loss: 1.0447 - acc: 0.5582
 8592/12511 [===================>..........] - ETA: 1:09 - loss: 1.0444 - acc: 0.5595
 8640/12511 [===================>..........] - ETA: 1:08 - loss: 1.0450 - acc: 0.5602
 8688/12511 [===================>..........] - ETA: 1:07 - loss: 1.0452 - acc: 0.5611
 8736/12511 [===================>..........] - ETA: 1:06 - loss: 1.0451 - acc: 0.5623
 8784/12511 [====================>.........] - ETA: 1:05 - loss: 1.0455 - acc: 0.5631
 8832/12511 [====================>.........] - ETA: 1:04 - loss: 1.0451 - acc: 0.5643
 8880/12511 [====================>.........] - ETA: 1:04 - loss: 1.0446 - acc: 0.5657
 8928/12511 [====================>.........] - ETA: 1:03 - loss: 1.0444 - acc: 0.5670
 8976/12511 [====================>.........] - ETA: 1:02 - loss: 1.0446 - acc: 0.5678
 9024/12511 [====================>.........] - ETA: 1:01 - loss: 1.0453 - acc: 0.5684
 9072/12511 [====================>.........] - ETA: 1:00 - loss: 1.0452 - acc: 0.5694
 9120/12511 [====================>.........] - ETA: 59s - loss: 1.0457 - acc: 0.5701 
 9168/12511 [====================>.........] - ETA: 58s - loss: 1.0458 - acc: 0.5710
 9216/12511 [=====================>........] - ETA: 58s - loss: 1.0464 - acc: 0.5715
 9264/12511 [=====================>........] - ETA: 57s - loss: 1.0466 - acc: 0.5726
 9312/12511 [=====================>........] - ETA: 56s - loss: 1.0462 - acc: 0.5741
 9360/12511 [=====================>........] - ETA: 55s - loss: 1.0456 - acc: 0.5754
 9408/12511 [=====================>........] - ETA: 54s - loss: 1.0451 - acc: 0.5767
 9456/12511 [=====================>........] - ETA: 53s - loss: 1.0448 - acc: 0.5778
 9504/12511 [=====================>........] - ETA: 52s - loss: 1.0450 - acc: 0.5786
 9552/12511 [=====================>........] - ETA: 52s - loss: 1.0454 - acc: 0.5793
 9600/12511 [======================>.......] - ETA: 51s - loss: 1.0450 - acc: 0.5804
 9648/12511 [======================>.......] - ETA: 50s - loss: 1.0443 - acc: 0.5818
 9696/12511 [======================>.......] - ETA: 49s - loss: 1.0437 - acc: 0.5830
 9744/12511 [======================>.......] - ETA: 48s - loss: 1.0432 - acc: 0.5843
 9792/12511 [======================>.......] - ETA: 47s - loss: 1.0423 - acc: 0.5857
 9840/12511 [======================>.......] - ETA: 47s - loss: 1.0424 - acc: 0.5865
 9888/12511 [======================>.......] - ETA: 46s - loss: 1.0426 - acc: 0.5872
 9936/12511 [======================>.......] - ETA: 45s - loss: 1.0427 - acc: 0.5880
 9984/12511 [======================>.......] - ETA: 44s - loss: 1.0421 - acc: 0.5891
10032/12511 [=======================>......] - ETA: 43s - loss: 1.0425 - acc: 0.5897
10080/12511 [=======================>......] - ETA: 42s - loss: 1.0424 - acc: 0.5906
10128/12511 [=======================>......] - ETA: 41s - loss: 1.0426 - acc: 0.5912
10176/12511 [=======================>......] - ETA: 41s - loss: 1.0438 - acc: 0.5912
10224/12511 [=======================>......] - ETA: 40s - loss: 1.0437 - acc: 0.5920
10272/12511 [=======================>......] - ETA: 39s - loss: 1.0438 - acc: 0.5928
10320/12511 [=======================>......] - ETA: 38s - loss: 1.0430 - acc: 0.5941
10368/12511 [=======================>......] - ETA: 37s - loss: 1.0432 - acc: 0.5947
10416/12511 [=======================>......] - ETA: 36s - loss: 1.0432 - acc: 0.5954
10464/12511 [========================>.....] - ETA: 36s - loss: 1.0433 - acc: 0.5961
10512/12511 [========================>.....] - ETA: 35s - loss: 1.0435 - acc: 0.5967
10560/12511 [========================>.....] - ETA: 34s - loss: 1.0433 - acc: 0.5976
10608/12511 [========================>.....] - ETA: 33s - loss: 1.0429 - acc: 0.5986
10656/12511 [========================>.....] - ETA: 32s - loss: 1.0429 - acc: 0.5993
10704/12511 [========================>.....] - ETA: 31s - loss: 1.0430 - acc: 0.6000
10752/12511 [========================>.....] - ETA: 30s - loss: 1.0428 - acc: 0.6008
10800/12511 [========================>.....] - ETA: 30s - loss: 1.0432 - acc: 0.6012
10848/12511 [=========================>....] - ETA: 29s - loss: 1.0445 - acc: 0.6010
10896/12511 [=========================>....] - ETA: 28s - loss: 1.0448 - acc: 0.6015
10944/12511 [=========================>....] - ETA: 27s - loss: 1.0450 - acc: 0.6021
10992/12511 [=========================>....] - ETA: 26s - loss: 1.0449 - acc: 0.6028
11040/12511 [=========================>....] - ETA: 25s - loss: 1.0452 - acc: 0.6033
11088/12511 [=========================>....] - ETA: 25s - loss: 1.0454 - acc: 0.6038
11136/12511 [=========================>....] - ETA: 24s - loss: 1.0452 - acc: 0.6046
11184/12511 [=========================>....] - ETA: 23s - loss: 1.0448 - acc: 0.6055
11232/12511 [=========================>....] - ETA: 22s - loss: 1.0449 - acc: 0.6061
11280/12511 [==========================>...] - ETA: 21s - loss: 1.0457 - acc: 0.6062
11328/12511 [==========================>...] - ETA: 20s - loss: 1.0452 - acc: 0.6072
11376/12511 [==========================>...] - ETA: 19s - loss: 1.0450 - acc: 0.6079
11424/12511 [==========================>...] - ETA: 19s - loss: 1.0447 - acc: 0.6088
11472/12511 [==========================>...] - ETA: 18s - loss: 1.0453 - acc: 0.6090
11520/12511 [==========================>...] - ETA: 17s - loss: 1.0454 - acc: 0.6096
11568/12511 [==========================>...] - ETA: 16s - loss: 1.0466 - acc: 0.6094
11616/12511 [==========================>...] - ETA: 15s - loss: 1.0468 - acc: 0.6097
11664/12511 [==========================>...] - ETA: 14s - loss: 1.0470 - acc: 0.6089
11712/12511 [===========================>..] - ETA: 14s - loss: 1.0474 - acc: 0.6079
11760/12511 [===========================>..] - ETA: 13s - loss: 1.0471 - acc: 0.6062
11808/12511 [===========================>..] - ETA: 12s - loss: 1.0472 - acc: 0.6050
11856/12511 [===========================>..] - ETA: 11s - loss: 1.0476 - acc: 0.6038
11904/12511 [===========================>..] - ETA: 10s - loss: 1.0472 - acc: 0.6021
11952/12511 [===========================>..] - ETA: 9s - loss: 1.0476 - acc: 0.6010 
12000/12511 [===========================>..] - ETA: 8s - loss: 1.0472 - acc: 0.5993
12048/12511 [===========================>..] - ETA: 8s - loss: 1.0476 - acc: 0.5983
12096/12511 [============================>.] - ETA: 7s - loss: 1.0475 - acc: 0.5968
12144/12511 [============================>.] - ETA: 6s - loss: 1.0475 - acc: 0.5954
12192/12511 [============================>.] - ETA: 5s - loss: 1.0473 - acc: 0.5939
12240/12511 [============================>.] - ETA: 4s - loss: 1.0475 - acc: 0.5926
12288/12511 [============================>.] - ETA: 3s - loss: 1.0479 - acc: 0.5916
12336/12511 [============================>.] - ETA: 3s - loss: 1.0475 - acc: 0.5901
12384/12511 [============================>.] - ETA: 2s - loss: 1.0473 - acc: 0.5886
12432/12511 [============================>.] - ETA: 1s - loss: 1.0474 - acc: 0.5874
12480/12511 [============================>.] - ETA: 0s - loss: 1.0469 - acc: 0.5858
12511/12511 [==============================] - 235s 19ms/step - loss: 1.0472 - acc: 0.5854 - val_loss: 0.6809 - val_acc: 0.5693
/global/homes/l/liuto/.conda/envs/convNet/lib/python3.6/site-packages/h5py/__init__.py:36: FutureWarning: Conversion of the second argument of issubdtype from `float` to `np.floating` is deprecated. In future, it will be treated as `np.float64 == np.dtype(float).type`.
  from ._conv import register_converters as _register_converters
Using TensorFlow backend.
Traceback (most recent call last):
  File "/global/homes/l/liuto/520project/transient-detection/cnn/jobs/run_cnn_uniform_layers.py", line 330, in <module>
    main()
  File "/global/homes/l/liuto/520project/transient-detection/cnn/jobs/run_cnn_uniform_layers.py", line 323, in main
    train_model(train_imgs, train_labels, val_imgs, val_labels, OUTPUT_DIR, output_name)
  File "/global/homes/l/liuto/520project/transient-detection/cnn/jobs/run_cnn_uniform_layers.py", line 201, in train_model
    callbacks=[checkpointer]
  File "/global/homes/l/liuto/.conda/envs/convNet/lib/python3.6/site-packages/keras/models.py", line 963, in fit
    validation_steps=validation_steps)
  File "/global/homes/l/liuto/.conda/envs/convNet/lib/python3.6/site-packages/keras/engine/training.py", line 1705, in fit
    validation_steps=validation_steps)
  File "/global/homes/l/liuto/.conda/envs/convNet/lib/python3.6/site-packages/keras/engine/training.py", line 1255, in _fit_loop
    callbacks.on_epoch_end(epoch, epoch_logs)
  File "/global/homes/l/liuto/.conda/envs/convNet/lib/python3.6/site-packages/keras/callbacks.py", line 77, in on_epoch_end
    callback.on_epoch_end(epoch, logs)
  File "/global/homes/l/liuto/.conda/envs/convNet/lib/python3.6/site-packages/keras/callbacks.py", line 447, in on_epoch_end
    self.model.save(filepath, overwrite=True)
  File "/global/homes/l/liuto/.conda/envs/convNet/lib/python3.6/site-packages/keras/engine/topology.py", line 2580, in save
    save_model(self, filepath, overwrite, include_optimizer)
  File "/global/homes/l/liuto/.conda/envs/convNet/lib/python3.6/site-packages/keras/models.py", line 106, in save_model
    with h5py.File(filepath, mode='w') as f:
  File "/global/homes/l/liuto/.conda/envs/convNet/lib/python3.6/site-packages/h5py/_hl/files.py", line 269, in __init__
    fid = make_fid(name, mode, userblock_size, fapl, swmr=swmr)
  File "/global/homes/l/liuto/.conda/envs/convNet/lib/python3.6/site-packages/h5py/_hl/files.py", line 105, in make_fid
    fid = h5f.create(name, h5f.ACC_TRUNC, fapl=fapl, fcpl=fcpl)
  File "h5py/_objects.pyx", line 54, in h5py._objects.with_phil.wrapper
  File "h5py/_objects.pyx", line 55, in h5py._objects.with_phil.wrapper
  File "h5py/h5f.pyx", line 98, in h5py.h5f.create
OSError: Unable to create file (unable to lock file, errno = 524, error message = 'Unknown error 524')
