INFO: activate-gcc_linux-64.sh made the following environmental changes:
+CC=/global/homes/l/liuto/.conda/envs/convNet/bin/x86_64-conda_cos6-linux-gnu-cc
+CFLAGS=-march=nocona -mtune=haswell -ftree-vectorize -fPIC -fstack-protector-strong -fno-plt -O2 -pipe
+CPP=/global/homes/l/liuto/.conda/envs/convNet/bin/x86_64-conda_cos6-linux-gnu-cpp
+CPPFLAGS=-DNDEBUG -D_FORTIFY_SOURCE=2 -O2
+DEBUG_CFLAGS=-march=nocona -mtune=haswell -ftree-vectorize -fPIC -fstack-protector-all -fno-plt -Og -g -Wall -Wextra -fvar-tracking-assignments -pipe
+DEBUG_CPPFLAGS=-D_DEBUG -D_FORTIFY_SOURCE=2 -Og
+GCC=/global/homes/l/liuto/.conda/envs/convNet/bin/x86_64-conda_cos6-linux-gnu-gcc
+GCC_AR=/global/homes/l/liuto/.conda/envs/convNet/bin/x86_64-conda_cos6-linux-gnu-gcc-ar
+GCC_NM=/global/homes/l/liuto/.conda/envs/convNet/bin/x86_64-conda_cos6-linux-gnu-gcc-nm
+GCC_RANLIB=/global/homes/l/liuto/.conda/envs/convNet/bin/x86_64-conda_cos6-linux-gnu-gcc-ranlib
+HOST=x86_64-conda_cos6-linux-gnu
+LDFLAGS=-Wl,-O2 -Wl,--sort-common -Wl,--as-needed -Wl,-z,relro -Wl,-z,now
+_PYTHON_SYSCONFIGDATA_NAME=_sysconfigdata_x86_64_conda_cos6_linux_gnu
-HOST=cori02
INFO: activate-binutils_linux-64.sh made the following environmental changes:
+ADDR2LINE=/global/homes/l/liuto/.conda/envs/convNet/bin/x86_64-conda_cos6-linux-gnu-addr2line
+AR=/global/homes/l/liuto/.conda/envs/convNet/bin/x86_64-conda_cos6-linux-gnu-ar
+AS=/global/homes/l/liuto/.conda/envs/convNet/bin/x86_64-conda_cos6-linux-gnu-as
+CXXFILT=/global/homes/l/liuto/.conda/envs/convNet/bin/x86_64-conda_cos6-linux-gnu-c++filt
+ELFEDIT=/global/homes/l/liuto/.conda/envs/convNet/bin/x86_64-conda_cos6-linux-gnu-elfedit
+GPROF=/global/homes/l/liuto/.conda/envs/convNet/bin/x86_64-conda_cos6-linux-gnu-gprof
+LD=/global/homes/l/liuto/.conda/envs/convNet/bin/x86_64-conda_cos6-linux-gnu-ld
+LD_GOLD=/global/homes/l/liuto/.conda/envs/convNet/bin/x86_64-conda_cos6-linux-gnu-ld.gold
+NM=/global/homes/l/liuto/.conda/envs/convNet/bin/x86_64-conda_cos6-linux-gnu-nm
+OBJCOPY=/global/homes/l/liuto/.conda/envs/convNet/bin/x86_64-conda_cos6-linux-gnu-objcopy
+OBJDUMP=/global/homes/l/liuto/.conda/envs/convNet/bin/x86_64-conda_cos6-linux-gnu-objdump
+RANLIB=/global/homes/l/liuto/.conda/envs/convNet/bin/x86_64-conda_cos6-linux-gnu-ranlib
+READELF=/global/homes/l/liuto/.conda/envs/convNet/bin/x86_64-conda_cos6-linux-gnu-readelf
+SIZE=/global/homes/l/liuto/.conda/envs/convNet/bin/x86_64-conda_cos6-linux-gnu-size
+STRINGS=/global/homes/l/liuto/.conda/envs/convNet/bin/x86_64-conda_cos6-linux-gnu-strings
+STRIP=/global/homes/l/liuto/.conda/envs/convNet/bin/x86_64-conda_cos6-linux-gnu-strip
INFO: activate-gxx_linux-64.sh made the following environmental changes:
+CXX=/global/homes/l/liuto/.conda/envs/convNet/bin/x86_64-conda_cos6-linux-gnu-c++
+CXXFLAGS=-fvisibility-inlines-hidden -std=c++17 -fmessage-length=0 -march=nocona -mtune=haswell -ftree-vectorize -fPIC -fstack-protector-strong -fno-plt -O2 -pipe
+DEBUG_CXXFLAGS=-fvisibility-inlines-hidden -std=c++17 -fmessage-length=0 -march=nocona -mtune=haswell -ftree-vectorize -fPIC -fstack-protector-all -fno-plt -Og -g -Wall -Wextra -fvar-tracking-assignments -pipe
+GXX=/global/homes/l/liuto/.conda/envs/convNet/bin/x86_64-conda_cos6-linux-gnu-g++
2018-04-18 20:47:44.071895: I tensorflow/core/platform/cpu_feature_guard.cc:140] Your CPU supports instructions that this TensorFlow binary was not compiled to use: SSE4.1 SSE4.2 AVX AVX2 FMA
Loading .npy files.
Selecting a random sample to train.
========================
=====Training model=====
========================
Compiling...
_________________________________________________________________
Layer (type)                 Output Shape              Param #   
=================================================================
conv2d_1 (Conv2D)            (None, 30, 30, 32)        3488      
_________________________________________________________________
conv2d_2 (Conv2D)            (None, 30, 30, 64)        32832     
_________________________________________________________________
dropout_1 (Dropout)          (None, 30, 30, 64)        0         
_________________________________________________________________
conv2d_3 (Conv2D)            (None, 30, 30, 128)       32896     
_________________________________________________________________
dropout_2 (Dropout)          (None, 30, 30, 128)       0         
_________________________________________________________________
conv2d_4 (Conv2D)            (None, 30, 30, 64)        131136    
_________________________________________________________________
dropout_3 (Dropout)          (None, 30, 30, 64)        0         
_________________________________________________________________
conv2d_5 (Conv2D)            (None, 30, 30, 32)        73760     
_________________________________________________________________
dropout_4 (Dropout)          (None, 30, 30, 32)        0         
_________________________________________________________________
flatten_1 (Flatten)          (None, 28800)             0         
_________________________________________________________________
dense_1 (Dense)              (None, 32)                921632    
_________________________________________________________________
dropout_5 (Dropout)          (None, 32)                0         
_________________________________________________________________
dense_2 (Dense)              (None, 1)                 33        
=================================================================
Total params: 1,195,777
Trainable params: 1,195,777
Non-trainable params: 0
_________________________________________________________________
Not using data augmentation.
Train on 12511 samples, validate on 5363 samples
Epoch 1/20

   48/12511 [..............................] - ETA: 8:35 - loss: 0.8741 - acc: 0.8333
   96/12511 [..............................] - ETA: 6:13 - loss: 1.0103 - acc: 0.7604
  144/12511 [..............................] - ETA: 5:27 - loss: 0.9749 - acc: 0.7917
  192/12511 [..............................] - ETA: 5:03 - loss: 0.9798 - acc: 0.7917
  240/12511 [..............................] - ETA: 4:50 - loss: 1.0071 - acc: 0.7750
  288/12511 [..............................] - ETA: 4:38 - loss: 1.0203 - acc: 0.7674
  336/12511 [..............................] - ETA: 4:32 - loss: 1.0339 - acc: 0.7589
  384/12511 [..............................] - ETA: 4:27 - loss: 1.0291 - acc: 0.7630
  432/12511 [>.............................] - ETA: 4:19 - loss: 1.0219 - acc: 0.7685
  480/12511 [>.............................] - ETA: 4:12 - loss: 1.0161 - acc: 0.7729
  528/12511 [>.............................] - ETA: 4:08 - loss: 1.0087 - acc: 0.7784
  576/12511 [>.............................] - ETA: 4:03 - loss: 0.9999 - acc: 0.7847
  624/12511 [>.............................] - ETA: 3:59 - loss: 0.9995 - acc: 0.7853
  672/12511 [>.............................] - ETA: 3:56 - loss: 1.0056 - acc: 0.7813
  720/12511 [>.............................] - ETA: 3:55 - loss: 1.0008 - acc: 0.7847
  768/12511 [>.............................] - ETA: 3:53 - loss: 1.0100 - acc: 0.7786
  816/12511 [>.............................] - ETA: 3:51 - loss: 1.0109 - acc: 0.7782
  864/12511 [=>............................] - ETA: 3:49 - loss: 1.0031 - acc: 0.7836
  912/12511 [=>............................] - ETA: 3:48 - loss: 1.0043 - acc: 0.7829
  960/12511 [=>............................] - ETA: 3:44 - loss: 1.0084 - acc: 0.7802
 1008/12511 [=>............................] - ETA: 3:43 - loss: 1.0121 - acc: 0.7778
 1056/12511 [=>............................] - ETA: 3:40 - loss: 1.0085 - acc: 0.7803
 1104/12511 [=>............................] - ETA: 3:39 - loss: 1.0186 - acc: 0.7736
 1152/12511 [=>............................] - ETA: 3:38 - loss: 1.0239 - acc: 0.7700
 1200/12511 [=>............................] - ETA: 3:36 - loss: 1.0240 - acc: 0.7700
 1248/12511 [=>............................] - ETA: 3:33 - loss: 1.0252 - acc: 0.7692
 1296/12511 [==>...........................] - ETA: 3:32 - loss: 1.0275 - acc: 0.7677
 1344/12511 [==>...........................] - ETA: 3:32 - loss: 1.0252 - acc: 0.7693
 1392/12511 [==>...........................] - ETA: 3:32 - loss: 1.0315 - acc: 0.7651
 1440/12511 [==>...........................] - ETA: 3:30 - loss: 1.0343 - acc: 0.7632
 1488/12511 [==>...........................] - ETA: 3:28 - loss: 1.0360 - acc: 0.7621
 1536/12511 [==>...........................] - ETA: 3:27 - loss: 1.0347 - acc: 0.7630
 1584/12511 [==>...........................] - ETA: 3:26 - loss: 1.0353 - acc: 0.7626
 1632/12511 [==>...........................] - ETA: 3:25 - loss: 1.0368 - acc: 0.7616
 1680/12511 [===>..........................] - ETA: 3:23 - loss: 1.0365 - acc: 0.7619
 1728/12511 [===>..........................] - ETA: 3:22 - loss: 1.0370 - acc: 0.7616
 1776/12511 [===>..........................] - ETA: 3:20 - loss: 1.0367 - acc: 0.7618
 1824/12511 [===>..........................] - ETA: 3:19 - loss: 1.0388 - acc: 0.7604
 1872/12511 [===>..........................] - ETA: 3:18 - loss: 1.0345 - acc: 0.7634
 1920/12511 [===>..........................] - ETA: 3:17 - loss: 1.0351 - acc: 0.7630
 1968/12511 [===>..........................] - ETA: 3:16 - loss: 1.0415 - acc: 0.7586
 2016/12511 [===>..........................] - ETA: 3:15 - loss: 1.0368 - acc: 0.7619
 2064/12511 [===>..........................] - ETA: 3:14 - loss: 1.0351 - acc: 0.7631
 2112/12511 [====>.........................] - ETA: 3:13 - loss: 1.0328 - acc: 0.7647
 2160/12511 [====>.........................] - ETA: 3:11 - loss: 1.0333 - acc: 0.7644
 2208/12511 [====>.........................] - ETA: 3:10 - loss: 1.0304 - acc: 0.7663
 2256/12511 [====>.........................] - ETA: 3:09 - loss: 1.0303 - acc: 0.7664
 2304/12511 [====>.........................] - ETA: 3:07 - loss: 1.0302 - acc: 0.7665
 2352/12511 [====>.........................] - ETA: 3:06 - loss: 1.0307 - acc: 0.7662
 2400/12511 [====>.........................] - ETA: 3:05 - loss: 1.0312 - acc: 0.7658
 2448/12511 [====>.........................] - ETA: 3:04 - loss: 1.0293 - acc: 0.7672
 2496/12511 [====>.........................] - ETA: 3:03 - loss: 1.0298 - acc: 0.7668
 2544/12511 [=====>........................] - ETA: 3:02 - loss: 1.0314 - acc: 0.7657
 2592/12511 [=====>........................] - ETA: 3:01 - loss: 1.0307 - acc: 0.7662
 2640/12511 [=====>........................] - ETA: 3:00 - loss: 1.0334 - acc: 0.7644
 2688/12511 [=====>........................] - ETA: 3:00 - loss: 1.0338 - acc: 0.7641
 2736/12511 [=====>........................] - ETA: 2:58 - loss: 1.0347 - acc: 0.7635
 2784/12511 [=====>........................] - ETA: 2:58 - loss: 1.0372 - acc: 0.7619
 2832/12511 [=====>........................] - ETA: 2:57 - loss: 1.0365 - acc: 0.7624
 2880/12511 [=====>........................] - ETA: 2:55 - loss: 1.0348 - acc: 0.7635
 2928/12511 [======>.......................] - ETA: 2:54 - loss: 1.0376 - acc: 0.7616
 2976/12511 [======>.......................] - ETA: 2:53 - loss: 1.0399 - acc: 0.7601
 3024/12511 [======>.......................] - ETA: 2:53 - loss: 1.0382 - acc: 0.7612
 3072/12511 [======>.......................] - ETA: 2:52 - loss: 1.0365 - acc: 0.7624
 3120/12511 [======>.......................] - ETA: 2:51 - loss: 1.0368 - acc: 0.7622
 3168/12511 [======>.......................] - ETA: 2:50 - loss: 1.0362 - acc: 0.7626
 3216/12511 [======>.......................] - ETA: 2:49 - loss: 1.0392 - acc: 0.7606
 3264/12511 [======>.......................] - ETA: 2:48 - loss: 1.0381 - acc: 0.7613
 3312/12511 [======>.......................] - ETA: 2:47 - loss: 1.0379 - acc: 0.7615
 3360/12511 [=======>......................] - ETA: 2:46 - loss: 1.0390 - acc: 0.7607
 3408/12511 [=======>......................] - ETA: 2:45 - loss: 1.0401 - acc: 0.7600
 3456/12511 [=======>......................] - ETA: 2:44 - loss: 1.0408 - acc: 0.7595
 3504/12511 [=======>......................] - ETA: 2:43 - loss: 1.0418 - acc: 0.7588
 3552/12511 [=======>......................] - ETA: 2:42 - loss: 1.0420 - acc: 0.7587
 3600/12511 [=======>......................] - ETA: 2:41 - loss: 1.0414 - acc: 0.7592
 3648/12511 [=======>......................] - ETA: 2:40 - loss: 1.0427 - acc: 0.7582
 3696/12511 [=======>......................] - ETA: 2:39 - loss: 1.0413 - acc: 0.7592
 3744/12511 [=======>......................] - ETA: 2:39 - loss: 1.0392 - acc: 0.7607
 3792/12511 [========>.....................] - ETA: 2:37 - loss: 1.0417 - acc: 0.7590
 3840/12511 [========>.....................] - ETA: 2:37 - loss: 1.0403 - acc: 0.7599
 3888/12511 [========>.....................] - ETA: 2:36 - loss: 1.0402 - acc: 0.7600
 3936/12511 [========>.....................] - ETA: 2:35 - loss: 1.0388 - acc: 0.7609
 3984/12511 [========>.....................] - ETA: 2:34 - loss: 1.0394 - acc: 0.7605
 4032/12511 [========>.....................] - ETA: 2:33 - loss: 1.0389 - acc: 0.7609
 4080/12511 [========>.....................] - ETA: 2:32 - loss: 1.0402 - acc: 0.7600
 4128/12511 [========>.....................] - ETA: 2:31 - loss: 1.0414 - acc: 0.7592
 4176/12511 [=========>....................] - ETA: 2:30 - loss: 1.0426 - acc: 0.7584
 4224/12511 [=========>....................] - ETA: 2:30 - loss: 1.0407 - acc: 0.7597
 4272/12511 [=========>....................] - ETA: 2:29 - loss: 1.0408 - acc: 0.7596
 4320/12511 [=========>....................] - ETA: 2:28 - loss: 1.0430 - acc: 0.7581
 4368/12511 [=========>....................] - ETA: 2:27 - loss: 1.0422 - acc: 0.7587
 4416/12511 [=========>....................] - ETA: 2:26 - loss: 1.0410 - acc: 0.7595
 4464/12511 [=========>....................] - ETA: 2:25 - loss: 1.0392 - acc: 0.7608
 4512/12511 [=========>....................] - ETA: 2:24 - loss: 1.0394 - acc: 0.7606
 4560/12511 [=========>....................] - ETA: 2:23 - loss: 1.0389 - acc: 0.7610
 4608/12511 [==========>...................] - ETA: 2:22 - loss: 1.0381 - acc: 0.7615
 4656/12511 [==========>...................] - ETA: 2:21 - loss: 1.0389 - acc: 0.7610
 4704/12511 [==========>...................] - ETA: 2:20 - loss: 1.0378 - acc: 0.7617
 4752/12511 [==========>...................] - ETA: 2:20 - loss: 1.0380 - acc: 0.7616
 4800/12511 [==========>...................] - ETA: 2:19 - loss: 1.0373 - acc: 0.7621
 4848/12511 [==========>...................] - ETA: 2:18 - loss: 1.0368 - acc: 0.7624
 4896/12511 [==========>...................] - ETA: 2:17 - loss: 1.0370 - acc: 0.7623
 4944/12511 [==========>...................] - ETA: 2:16 - loss: 1.0378 - acc: 0.7617
 4992/12511 [==========>...................] - ETA: 2:15 - loss: 1.0388 - acc: 0.7610
 5040/12511 [===========>..................] - ETA: 2:14 - loss: 1.0390 - acc: 0.7609
 5088/12511 [===========>..................] - ETA: 2:13 - loss: 1.0389 - acc: 0.7610
 5136/12511 [===========>..................] - ETA: 2:12 - loss: 1.0402 - acc: 0.7601
 5184/12511 [===========>..................] - ETA: 2:11 - loss: 1.0409 - acc: 0.7596
 5232/12511 [===========>..................] - ETA: 2:10 - loss: 1.0407 - acc: 0.7597
 5280/12511 [===========>..................] - ETA: 2:09 - loss: 1.0411 - acc: 0.7595
 5328/12511 [===========>..................] - ETA: 2:09 - loss: 1.0415 - acc: 0.7592
 5376/12511 [===========>..................] - ETA: 2:08 - loss: 1.0403 - acc: 0.7600
 5424/12511 [============>.................] - ETA: 2:07 - loss: 1.0399 - acc: 0.7603
 5472/12511 [============>.................] - ETA: 2:06 - loss: 1.0390 - acc: 0.7610
 5520/12511 [============>.................] - ETA: 2:05 - loss: 1.0388 - acc: 0.7611
 5568/12511 [============>.................] - ETA: 2:05 - loss: 1.0379 - acc: 0.7617
 5616/12511 [============>.................] - ETA: 2:04 - loss: 1.0365 - acc: 0.7626
 5664/12511 [============>.................] - ETA: 2:03 - loss: 1.0382 - acc: 0.7615
 5712/12511 [============>.................] - ETA: 2:02 - loss: 1.0391 - acc: 0.7609
 5760/12511 [============>.................] - ETA: 2:01 - loss: 1.0380 - acc: 0.7616
 5808/12511 [============>.................] - ETA: 2:00 - loss: 1.0391 - acc: 0.7608
 5856/12511 [=============>................] - ETA: 1:59 - loss: 1.0388 - acc: 0.7611
 5904/12511 [=============>................] - ETA: 1:58 - loss: 1.0387 - acc: 0.7612
 5952/12511 [=============>................] - ETA: 1:58 - loss: 1.0381 - acc: 0.7616
 6000/12511 [=============>................] - ETA: 1:57 - loss: 1.0375 - acc: 0.7620
 6048/12511 [=============>................] - ETA: 1:56 - loss: 1.0376 - acc: 0.7619
 6096/12511 [=============>................] - ETA: 1:55 - loss: 1.0370 - acc: 0.7623
 6144/12511 [=============>................] - ETA: 1:54 - loss: 1.0379 - acc: 0.7617
 6192/12511 [=============>................] - ETA: 1:53 - loss: 1.0373 - acc: 0.7621
 6240/12511 [=============>................] - ETA: 1:52 - loss: 1.0372 - acc: 0.7622
 6288/12511 [==============>...............] - ETA: 1:51 - loss: 1.0371 - acc: 0.7622
 6336/12511 [==============>...............] - ETA: 1:50 - loss: 1.0382 - acc: 0.7615
 6384/12511 [==============>...............] - ETA: 1:50 - loss: 1.0381 - acc: 0.7616
 6432/12511 [==============>...............] - ETA: 1:49 - loss: 1.0375 - acc: 0.7620
 6480/12511 [==============>...............] - ETA: 1:48 - loss: 1.0374 - acc: 0.7620
 6528/12511 [==============>...............] - ETA: 1:47 - loss: 1.0369 - acc: 0.7624
 6576/12511 [==============>...............] - ETA: 1:46 - loss: 1.0375 - acc: 0.7620
 6624/12511 [==============>...............] - ETA: 1:45 - loss: 1.0380 - acc: 0.7616
 6672/12511 [==============>...............] - ETA: 1:44 - loss: 1.0386 - acc: 0.7612
 6720/12511 [===============>..............] - ETA: 1:43 - loss: 1.0394 - acc: 0.7607
 6768/12511 [===============>..............] - ETA: 1:42 - loss: 1.0391 - acc: 0.7609
 6816/12511 [===============>..............] - ETA: 1:42 - loss: 1.0390 - acc: 0.7610
 6864/12511 [===============>..............] - ETA: 1:41 - loss: 1.0393 - acc: 0.7608
 6912/12511 [===============>..............] - ETA: 1:40 - loss: 1.0390 - acc: 0.7610
 6960/12511 [===============>..............] - ETA: 1:39 - loss: 1.0385 - acc: 0.7614
 7008/12511 [===============>..............] - ETA: 1:38 - loss: 1.0396 - acc: 0.7606
 7056/12511 [===============>..............] - ETA: 1:38 - loss: 1.0397 - acc: 0.7605
 7104/12511 [================>.............] - ETA: 1:37 - loss: 1.0405 - acc: 0.7600
 7152/12511 [================>.............] - ETA: 1:36 - loss: 1.0406 - acc: 0.7599
 7200/12511 [================>.............] - ETA: 1:35 - loss: 1.0411 - acc: 0.7596
 7248/12511 [================>.............] - ETA: 1:34 - loss: 1.0404 - acc: 0.7601
 7296/12511 [================>.............] - ETA: 1:33 - loss: 1.0394 - acc: 0.7607
 7344/12511 [================>.............] - ETA: 1:32 - loss: 1.0408 - acc: 0.7598
 7392/12511 [================>.............] - ETA: 1:32 - loss: 1.0407 - acc: 0.7599
 7440/12511 [================>.............] - ETA: 1:31 - loss: 1.0413 - acc: 0.7594
 7488/12511 [================>.............] - ETA: 1:30 - loss: 1.0416 - acc: 0.7592
 7536/12511 [=================>............] - ETA: 1:29 - loss: 1.0415 - acc: 0.7593
 7584/12511 [=================>............] - ETA: 1:28 - loss: 1.0420 - acc: 0.7590
 7632/12511 [=================>............] - ETA: 1:27 - loss: 1.0423 - acc: 0.7588
 7680/12511 [=================>............] - ETA: 1:26 - loss: 1.0431 - acc: 0.7582
 7728/12511 [=================>............] - ETA: 1:26 - loss: 1.0434 - acc: 0.7580
 7776/12511 [=================>............] - ETA: 1:25 - loss: 1.0440 - acc: 0.7576
 7824/12511 [=================>............] - ETA: 1:24 - loss: 1.0433 - acc: 0.7581
 7872/12511 [=================>............] - ETA: 1:23 - loss: 1.0432 - acc: 0.7581
 7920/12511 [=================>............] - ETA: 1:22 - loss: 1.0433 - acc: 0.7581
 7968/12511 [==================>...........] - ETA: 1:21 - loss: 1.0437 - acc: 0.7578
 8016/12511 [==================>...........] - ETA: 1:20 - loss: 1.0434 - acc: 0.7580
 8064/12511 [==================>...........] - ETA: 1:20 - loss: 1.0433 - acc: 0.7581
 8112/12511 [==================>...........] - ETA: 1:19 - loss: 1.0438 - acc: 0.7578
 8160/12511 [==================>...........] - ETA: 1:18 - loss: 1.0442 - acc: 0.7575
 8208/12511 [==================>...........] - ETA: 1:17 - loss: 1.0435 - acc: 0.7579
 8256/12511 [==================>...........] - ETA: 1:16 - loss: 1.0438 - acc: 0.7578
 8304/12511 [==================>...........] - ETA: 1:15 - loss: 1.0442 - acc: 0.7575
 8352/12511 [===================>..........] - ETA: 1:15 - loss: 1.0446 - acc: 0.7572
 8400/12511 [===================>..........] - ETA: 1:14 - loss: 1.0443 - acc: 0.7571
 8448/12511 [===================>..........] - ETA: 1:13 - loss: 1.0440 - acc: 0.7573
 8496/12511 [===================>..........] - ETA: 1:12 - loss: 1.0451 - acc: 0.7566
 8544/12511 [===================>..........] - ETA: 1:11 - loss: 1.0459 - acc: 0.7567
 8592/12511 [===================>..........] - ETA: 1:10 - loss: 1.0454 - acc: 0.7550
 8640/12511 [===================>..........] - ETA: 1:09 - loss: 1.0453 - acc: 0.7550
 8688/12511 [===================>..........] - ETA: 1:09 - loss: 1.0447 - acc: 0.7551
 8736/12511 [===================>..........] - ETA: 1:08 - loss: 1.0451 - acc: 0.7548
 8784/12511 [====================>.........] - ETA: 1:07 - loss: 1.0448 - acc: 0.7552
 8832/12511 [====================>.........] - ETA: 1:06 - loss: 1.0452 - acc: 0.7550
 8880/12511 [====================>.........] - ETA: 1:05 - loss: 1.0443 - acc: 0.7554
 8928/12511 [====================>.........] - ETA: 1:04 - loss: 1.0451 - acc: 0.7548
 8976/12511 [====================>.........] - ETA: 1:03 - loss: 1.0450 - acc: 0.7553
 9024/12511 [====================>.........] - ETA: 1:03 - loss: 1.0451 - acc: 0.7557
 9072/12511 [====================>.........] - ETA: 1:02 - loss: 1.0448 - acc: 0.7562
 9120/12511 [====================>.........] - ETA: 1:01 - loss: 1.0449 - acc: 0.7564
 9168/12511 [====================>.........] - ETA: 1:00 - loss: 1.0451 - acc: 0.7564
 9216/12511 [=====================>........] - ETA: 59s - loss: 1.0447 - acc: 0.7568 
 9264/12511 [=====================>........] - ETA: 58s - loss: 1.0453 - acc: 0.7564
 9312/12511 [=====================>........] - ETA: 57s - loss: 1.0455 - acc: 0.7563
 9360/12511 [=====================>........] - ETA: 56s - loss: 1.0461 - acc: 0.7556
 9408/12511 [=====================>........] - ETA: 56s - loss: 1.0467 - acc: 0.7544
 9456/12511 [=====================>........] - ETA: 55s - loss: 1.0469 - acc: 0.7519
 9504/12511 [=====================>........] - ETA: 54s - loss: 1.0477 - acc: 0.7499
 9552/12511 [=====================>........] - ETA: 53s - loss: 1.0473 - acc: 0.7471
 9600/12511 [======================>.......] - ETA: 52s - loss: 1.0476 - acc: 0.7448
 9648/12511 [======================>.......] - ETA: 51s - loss: 1.0487 - acc: 0.7431
 9696/12511 [======================>.......] - ETA: 50s - loss: 1.0486 - acc: 0.7405
 9744/12511 [======================>.......] - ETA: 50s - loss: 1.0481 - acc: 0.7377
 9792/12511 [======================>.......] - ETA: 49s - loss: 1.0484 - acc: 0.7355
 9840/12511 [======================>.......] - ETA: 48s - loss: 1.0483 - acc: 0.7330
 9888/12511 [======================>.......] - ETA: 47s - loss: 1.0484 - acc: 0.7308
 9936/12511 [======================>.......] - ETA: 46s - loss: 1.0479 - acc: 0.7281
 9984/12511 [======================>.......] - ETA: 45s - loss: 1.0475 - acc: 0.7255
10032/12511 [=======================>......] - ETA: 44s - loss: 1.0471 - acc: 0.7229
10080/12511 [=======================>......] - ETA: 43s - loss: 1.0469 - acc: 0.7204
10128/12511 [=======================>......] - ETA: 43s - loss: 1.0473 - acc: 0.7185
10176/12511 [=======================>......] - ETA: 42s - loss: 1.0476 - acc: 0.7165
10224/12511 [=======================>......] - ETA: 41s - loss: 1.0481 - acc: 0.7146
10272/12511 [=======================>......] - ETA: 40s - loss: 1.0484 - acc: 0.7126
10320/12511 [=======================>......] - ETA: 39s - loss: 1.0479 - acc: 0.7101
10368/12511 [=======================>......] - ETA: 38s - loss: 1.0472 - acc: 0.7075
10416/12511 [=======================>......] - ETA: 37s - loss: 1.0473 - acc: 0.7054
10464/12511 [========================>.....] - ETA: 36s - loss: 1.0472 - acc: 0.7032
10512/12511 [========================>.....] - ETA: 36s - loss: 1.0475 - acc: 0.7013
10560/12511 [========================>.....] - ETA: 35s - loss: 1.0476 - acc: 0.6992
10608/12511 [========================>.....] - ETA: 34s - loss: 1.0477 - acc: 0.6972
10656/12511 [========================>.....] - ETA: 33s - loss: 1.0477 - acc: 0.6952
10704/12511 [========================>.....] - ETA: 32s - loss: 1.0475 - acc: 0.6930
10752/12511 [========================>.....] - ETA: 31s - loss: 1.0480 - acc: 0.6914
10800/12511 [========================>.....] - ETA: 30s - loss: 1.0482 - acc: 0.6895
10848/12511 [=========================>....] - ETA: 29s - loss: 1.0482 - acc: 0.6876
10896/12511 [=========================>....] - ETA: 29s - loss: 1.0480 - acc: 0.6855
10944/12511 [=========================>....] - ETA: 28s - loss: 1.0478 - acc: 0.6834
10992/12511 [=========================>....] - ETA: 27s - loss: 1.0474 - acc: 0.6812
11040/12511 [=========================>....] - ETA: 26s - loss: 1.0478 - acc: 0.6796
11088/12511 [=========================>....] - ETA: 25s - loss: 1.0479 - acc: 0.6778
11136/12511 [=========================>....] - ETA: 24s - loss: 1.0475 - acc: 0.6756
11184/12511 [=========================>....] - ETA: 23s - loss: 1.0474 - acc: 0.6737
11232/12511 [=========================>....] - ETA: 23s - loss: 1.0474 - acc: 0.6719
11280/12511 [==========================>...] - ETA: 22s - loss: 1.0470 - acc: 0.6698
11328/12511 [==========================>...] - ETA: 21s - loss: 1.0473 - acc: 0.6683
11376/12511 [==========================>...] - ETA: 20s - loss: 1.0473 - acc: 0.6667
11424/12511 [==========================>...] - ETA: 19s - loss: 1.0474 - acc: 0.6650
11472/12511 [==========================>...] - ETA: 18s - loss: 1.0477 - acc: 0.6634
11520/12511 [==========================>...] - ETA: 17s - loss: 1.0484 - acc: 0.6622
11568/12511 [==========================>...] - ETA: 17s - loss: 1.0489 - acc: 0.6608
11616/12511 [==========================>...] - ETA: 16s - loss: 1.0486 - acc: 0.6588
11664/12511 [==========================>...] - ETA: 15s - loss: 1.0483 - acc: 0.6570
11712/12511 [===========================>..] - ETA: 14s - loss: 1.0487 - acc: 0.6556
11760/12511 [===========================>..] - ETA: 13s - loss: 1.0486 - acc: 0.6538
11808/12511 [===========================>..] - ETA: 12s - loss: 1.0487 - acc: 0.6522
11856/12511 [===========================>..] - ETA: 11s - loss: 1.0489 - acc: 0.6507
11904/12511 [===========================>..] - ETA: 10s - loss: 1.0486 - acc: 0.6489
11952/12511 [===========================>..] - ETA: 10s - loss: 1.0483 - acc: 0.6470
12000/12511 [===========================>..] - ETA: 9s - loss: 1.0479 - acc: 0.6452 
12048/12511 [===========================>..] - ETA: 8s - loss: 1.0477 - acc: 0.6434
12096/12511 [============================>.] - ETA: 7s - loss: 1.0473 - acc: 0.6415
12144/12511 [============================>.] - ETA: 6s - loss: 1.0473 - acc: 0.6400
12192/12511 [============================>.] - ETA: 5s - loss: 1.0473 - acc: 0.6386
12240/12511 [============================>.] - ETA: 4s - loss: 1.0475 - acc: 0.6373
12288/12511 [============================>.] - ETA: 4s - loss: 1.0468 - acc: 0.6353
12336/12511 [============================>.] - ETA: 3s - loss: 1.0471 - acc: 0.6354
12384/12511 [============================>.] - ETA: 2s - loss: 1.0474 - acc: 0.6342
12432/12511 [============================>.] - ETA: 1s - loss: 1.0472 - acc: 0.6326
12480/12511 [============================>.] - ETA: 0s - loss: 1.0473 - acc: 0.6312
12511/12511 [==============================] - 238s 19ms/step - loss: 1.0472 - acc: 0.6305 - val_loss: 0.6682 - val_acc: 0.7583
/global/homes/l/liuto/.conda/envs/convNet/lib/python3.6/site-packages/h5py/__init__.py:36: FutureWarning: Conversion of the second argument of issubdtype from `float` to `np.floating` is deprecated. In future, it will be treated as `np.float64 == np.dtype(float).type`.
  from ._conv import register_converters as _register_converters
Using TensorFlow backend.
Traceback (most recent call last):
  File "/global/homes/l/liuto/520project/transient-detection/cnn/jobs/run_cnn_pf_vk.py", line 334, in <module>
    main()
  File "/global/homes/l/liuto/520project/transient-detection/cnn/jobs/run_cnn_pf_vk.py", line 327, in main
    train_model(train_imgs, train_labels, val_imgs, val_labels, OUTPUT_DIR, output_name)
  File "/global/homes/l/liuto/520project/transient-detection/cnn/jobs/run_cnn_pf_vk.py", line 205, in train_model
    callbacks=[checkpointer]
  File "/global/homes/l/liuto/.conda/envs/convNet/lib/python3.6/site-packages/keras/models.py", line 963, in fit
    validation_steps=validation_steps)
  File "/global/homes/l/liuto/.conda/envs/convNet/lib/python3.6/site-packages/keras/engine/training.py", line 1705, in fit
    validation_steps=validation_steps)
  File "/global/homes/l/liuto/.conda/envs/convNet/lib/python3.6/site-packages/keras/engine/training.py", line 1255, in _fit_loop
    callbacks.on_epoch_end(epoch, epoch_logs)
  File "/global/homes/l/liuto/.conda/envs/convNet/lib/python3.6/site-packages/keras/callbacks.py", line 77, in on_epoch_end
    callback.on_epoch_end(epoch, logs)
  File "/global/homes/l/liuto/.conda/envs/convNet/lib/python3.6/site-packages/keras/callbacks.py", line 447, in on_epoch_end
    self.model.save(filepath, overwrite=True)
  File "/global/homes/l/liuto/.conda/envs/convNet/lib/python3.6/site-packages/keras/engine/topology.py", line 2580, in save
    save_model(self, filepath, overwrite, include_optimizer)
  File "/global/homes/l/liuto/.conda/envs/convNet/lib/python3.6/site-packages/keras/models.py", line 106, in save_model
    with h5py.File(filepath, mode='w') as f:
  File "/global/homes/l/liuto/.conda/envs/convNet/lib/python3.6/site-packages/h5py/_hl/files.py", line 269, in __init__
    fid = make_fid(name, mode, userblock_size, fapl, swmr=swmr)
  File "/global/homes/l/liuto/.conda/envs/convNet/lib/python3.6/site-packages/h5py/_hl/files.py", line 105, in make_fid
    fid = h5f.create(name, h5f.ACC_TRUNC, fapl=fapl, fcpl=fcpl)
  File "h5py/_objects.pyx", line 54, in h5py._objects.with_phil.wrapper
  File "h5py/_objects.pyx", line 55, in h5py._objects.with_phil.wrapper
  File "h5py/h5f.pyx", line 98, in h5py.h5f.create
OSError: Unable to create file (unable to lock file, errno = 524, error message = 'Unknown error 524')
