INFO: activate-gcc_linux-64.sh made the following environmental changes:
+CC=/global/homes/l/liuto/.conda/envs/convNet/bin/x86_64-conda_cos6-linux-gnu-cc
+CFLAGS=-march=nocona -mtune=haswell -ftree-vectorize -fPIC -fstack-protector-strong -fno-plt -O2 -pipe
+CPP=/global/homes/l/liuto/.conda/envs/convNet/bin/x86_64-conda_cos6-linux-gnu-cpp
+CPPFLAGS=-DNDEBUG -D_FORTIFY_SOURCE=2 -O2
+DEBUG_CFLAGS=-march=nocona -mtune=haswell -ftree-vectorize -fPIC -fstack-protector-all -fno-plt -Og -g -Wall -Wextra -fvar-tracking-assignments -pipe
+DEBUG_CPPFLAGS=-D_DEBUG -D_FORTIFY_SOURCE=2 -Og
+GCC=/global/homes/l/liuto/.conda/envs/convNet/bin/x86_64-conda_cos6-linux-gnu-gcc
+GCC_AR=/global/homes/l/liuto/.conda/envs/convNet/bin/x86_64-conda_cos6-linux-gnu-gcc-ar
+GCC_NM=/global/homes/l/liuto/.conda/envs/convNet/bin/x86_64-conda_cos6-linux-gnu-gcc-nm
+GCC_RANLIB=/global/homes/l/liuto/.conda/envs/convNet/bin/x86_64-conda_cos6-linux-gnu-gcc-ranlib
+HOST=x86_64-conda_cos6-linux-gnu
+LDFLAGS=-Wl,-O2 -Wl,--sort-common -Wl,--as-needed -Wl,-z,relro -Wl,-z,now
+_PYTHON_SYSCONFIGDATA_NAME=_sysconfigdata_x86_64_conda_cos6_linux_gnu
-HOST=cori11
INFO: activate-binutils_linux-64.sh made the following environmental changes:
+ADDR2LINE=/global/homes/l/liuto/.conda/envs/convNet/bin/x86_64-conda_cos6-linux-gnu-addr2line
+AR=/global/homes/l/liuto/.conda/envs/convNet/bin/x86_64-conda_cos6-linux-gnu-ar
+AS=/global/homes/l/liuto/.conda/envs/convNet/bin/x86_64-conda_cos6-linux-gnu-as
+CXXFILT=/global/homes/l/liuto/.conda/envs/convNet/bin/x86_64-conda_cos6-linux-gnu-c++filt
+ELFEDIT=/global/homes/l/liuto/.conda/envs/convNet/bin/x86_64-conda_cos6-linux-gnu-elfedit
+GPROF=/global/homes/l/liuto/.conda/envs/convNet/bin/x86_64-conda_cos6-linux-gnu-gprof
+LD=/global/homes/l/liuto/.conda/envs/convNet/bin/x86_64-conda_cos6-linux-gnu-ld
+LD_GOLD=/global/homes/l/liuto/.conda/envs/convNet/bin/x86_64-conda_cos6-linux-gnu-ld.gold
+NM=/global/homes/l/liuto/.conda/envs/convNet/bin/x86_64-conda_cos6-linux-gnu-nm
+OBJCOPY=/global/homes/l/liuto/.conda/envs/convNet/bin/x86_64-conda_cos6-linux-gnu-objcopy
+OBJDUMP=/global/homes/l/liuto/.conda/envs/convNet/bin/x86_64-conda_cos6-linux-gnu-objdump
+RANLIB=/global/homes/l/liuto/.conda/envs/convNet/bin/x86_64-conda_cos6-linux-gnu-ranlib
+READELF=/global/homes/l/liuto/.conda/envs/convNet/bin/x86_64-conda_cos6-linux-gnu-readelf
+SIZE=/global/homes/l/liuto/.conda/envs/convNet/bin/x86_64-conda_cos6-linux-gnu-size
+STRINGS=/global/homes/l/liuto/.conda/envs/convNet/bin/x86_64-conda_cos6-linux-gnu-strings
+STRIP=/global/homes/l/liuto/.conda/envs/convNet/bin/x86_64-conda_cos6-linux-gnu-strip
INFO: activate-gxx_linux-64.sh made the following environmental changes:
+CXX=/global/homes/l/liuto/.conda/envs/convNet/bin/x86_64-conda_cos6-linux-gnu-c++
+CXXFLAGS=-fvisibility-inlines-hidden -std=c++17 -fmessage-length=0 -march=nocona -mtune=haswell -ftree-vectorize -fPIC -fstack-protector-strong -fno-plt -O2 -pipe
+DEBUG_CXXFLAGS=-fvisibility-inlines-hidden -std=c++17 -fmessage-length=0 -march=nocona -mtune=haswell -ftree-vectorize -fPIC -fstack-protector-all -fno-plt -Og -g -Wall -Wextra -fvar-tracking-assignments -pipe
+GXX=/global/homes/l/liuto/.conda/envs/convNet/bin/x86_64-conda_cos6-linux-gnu-g++
2018-04-18 22:37:17.213437: I tensorflow/core/platform/cpu_feature_guard.cc:140] Your CPU supports instructions that this TensorFlow binary was not compiled to use: SSE4.1 SSE4.2 AVX AVX2 FMA
Loading .npy files.
Selecting a random sample to train.
========================
=====Training model=====
========================
Compiling...
_________________________________________________________________
Layer (type)                 Output Shape              Param #   
=================================================================
conv2d_1 (Conv2D)            (None, 30, 30, 128)       3584      
_________________________________________________________________
dropout_1 (Dropout)          (None, 30, 30, 128)       0         
_________________________________________________________________
max_pooling2d_1 (MaxPooling2 (None, 15, 15, 128)       0         
_________________________________________________________________
conv2d_2 (Conv2D)            (None, 15, 15, 64)        131136    
_________________________________________________________________
dropout_2 (Dropout)          (None, 15, 15, 64)        0         
_________________________________________________________________
max_pooling2d_2 (MaxPooling2 (None, 7, 7, 64)          0         
_________________________________________________________________
conv2d_3 (Conv2D)            (None, 7, 7, 64)          102464    
_________________________________________________________________
dropout_3 (Dropout)          (None, 7, 7, 64)          0         
_________________________________________________________________
conv2d_4 (Conv2D)            (None, 7, 7, 32)          8224      
_________________________________________________________________
dropout_4 (Dropout)          (None, 7, 7, 32)          0         
_________________________________________________________________
flatten_1 (Flatten)          (None, 1568)              0         
_________________________________________________________________
dense_1 (Dense)              (None, 32)                50208     
_________________________________________________________________
dropout_5 (Dropout)          (None, 32)                0         
_________________________________________________________________
dense_2 (Dense)              (None, 1)                 33        
=================================================================
Total params: 295,649
Trainable params: 295,649
Non-trainable params: 0
_________________________________________________________________
Not using data augmentation.
Train on 12511 samples, validate on 5363 samples
Epoch 1/20

   48/12511 [..............................] - ETA: 18:12 - loss: 0.9346 - acc: 0.4375
   96/12511 [..............................] - ETA: 10:34 - loss: 1.0402 - acc: 0.5000
  144/12511 [..............................] - ETA: 7:49 - loss: 1.0352 - acc: 0.4653 
  192/12511 [..............................] - ETA: 6:30 - loss: 1.0327 - acc: 0.4323
  240/12511 [..............................] - ETA: 5:44 - loss: 1.0313 - acc: 0.4250
  288/12511 [..............................] - ETA: 5:14 - loss: 1.0352 - acc: 0.4410
  336/12511 [..............................] - ETA: 4:43 - loss: 1.0467 - acc: 0.4583
  384/12511 [..............................] - ETA: 4:22 - loss: 1.0440 - acc: 0.4453
  432/12511 [>.............................] - ETA: 4:08 - loss: 1.0519 - acc: 0.4421
  480/12511 [>.............................] - ETA: 3:56 - loss: 1.0492 - acc: 0.4354
  528/12511 [>.............................] - ETA: 3:49 - loss: 1.0634 - acc: 0.4413
  576/12511 [>.............................] - ETA: 3:42 - loss: 1.0552 - acc: 0.4219
  624/12511 [>.............................] - ETA: 3:35 - loss: 1.0529 - acc: 0.4103
  672/12511 [>.............................] - ETA: 3:29 - loss: 1.0488 - acc: 0.4003
  720/12511 [>.............................] - ETA: 3:24 - loss: 1.0472 - acc: 0.4028
  768/12511 [>.............................] - ETA: 3:20 - loss: 1.0420 - acc: 0.4036
  816/12511 [>.............................] - ETA: 3:16 - loss: 1.0463 - acc: 0.4069
  864/12511 [=>............................] - ETA: 3:10 - loss: 1.0451 - acc: 0.4074
  912/12511 [=>............................] - ETA: 3:07 - loss: 1.0568 - acc: 0.4068
  960/12511 [=>............................] - ETA: 3:04 - loss: 1.0552 - acc: 0.4031
 1008/12511 [=>............................] - ETA: 3:00 - loss: 1.0595 - acc: 0.3988
 1056/12511 [=>............................] - ETA: 2:58 - loss: 1.0565 - acc: 0.3902
 1104/12511 [=>............................] - ETA: 2:54 - loss: 1.0539 - acc: 0.3813
 1152/12511 [=>............................] - ETA: 2:52 - loss: 1.0514 - acc: 0.3776
 1200/12511 [=>............................] - ETA: 2:50 - loss: 1.0528 - acc: 0.3775
 1248/12511 [=>............................] - ETA: 2:47 - loss: 1.0506 - acc: 0.3750
 1296/12511 [==>...........................] - ETA: 2:46 - loss: 1.0474 - acc: 0.3742
 1344/12511 [==>...........................] - ETA: 2:44 - loss: 1.0487 - acc: 0.3772
 1392/12511 [==>...........................] - ETA: 2:41 - loss: 1.0438 - acc: 0.3779
 1440/12511 [==>...........................] - ETA: 2:39 - loss: 1.0431 - acc: 0.3896
 1488/12511 [==>...........................] - ETA: 2:36 - loss: 1.0464 - acc: 0.3952
 1536/12511 [==>...........................] - ETA: 2:35 - loss: 1.0505 - acc: 0.3978
 1584/12511 [==>...........................] - ETA: 2:33 - loss: 1.0469 - acc: 0.3946
 1632/12511 [==>...........................] - ETA: 2:32 - loss: 1.0490 - acc: 0.3952
 1680/12511 [===>..........................] - ETA: 2:31 - loss: 1.0508 - acc: 0.3988
 1728/12511 [===>..........................] - ETA: 2:29 - loss: 1.0510 - acc: 0.3993
 1776/12511 [===>..........................] - ETA: 2:28 - loss: 1.0511 - acc: 0.3964
 1824/12511 [===>..........................] - ETA: 2:27 - loss: 1.0504 - acc: 0.3953
 1872/12511 [===>..........................] - ETA: 2:26 - loss: 1.0513 - acc: 0.3958
 1920/12511 [===>..........................] - ETA: 2:24 - loss: 1.0483 - acc: 0.3932
 1968/12511 [===>..........................] - ETA: 2:23 - loss: 1.0478 - acc: 0.3908
 2016/12511 [===>..........................] - ETA: 2:21 - loss: 1.0487 - acc: 0.3909
 2064/12511 [===>..........................] - ETA: 2:20 - loss: 1.0488 - acc: 0.3939
 2112/12511 [====>.........................] - ETA: 2:19 - loss: 1.0496 - acc: 0.3935
 2160/12511 [====>.........................] - ETA: 2:18 - loss: 1.0484 - acc: 0.3912
 2208/12511 [====>.........................] - ETA: 2:17 - loss: 1.0460 - acc: 0.3899
 2256/12511 [====>.........................] - ETA: 2:16 - loss: 1.0487 - acc: 0.3927
 2304/12511 [====>.........................] - ETA: 2:14 - loss: 1.0463 - acc: 0.3893
 2352/12511 [====>.........................] - ETA: 2:13 - loss: 1.0471 - acc: 0.3916
 2400/12511 [====>.........................] - ETA: 2:12 - loss: 1.0497 - acc: 0.3937
 2448/12511 [====>.........................] - ETA: 2:11 - loss: 1.0510 - acc: 0.3938
 2496/12511 [====>.........................] - ETA: 2:10 - loss: 1.0499 - acc: 0.3910
 2544/12511 [=====>........................] - ETA: 2:10 - loss: 1.0523 - acc: 0.3907
 2592/12511 [=====>........................] - ETA: 2:09 - loss: 1.0518 - acc: 0.3885
 2640/12511 [=====>........................] - ETA: 2:08 - loss: 1.0502 - acc: 0.3860
 2688/12511 [=====>........................] - ETA: 2:07 - loss: 1.0508 - acc: 0.3850
 2736/12511 [=====>........................] - ETA: 2:06 - loss: 1.0504 - acc: 0.3838
 2784/12511 [=====>........................] - ETA: 2:05 - loss: 1.0499 - acc: 0.3833
 2832/12511 [=====>........................] - ETA: 2:04 - loss: 1.0515 - acc: 0.3821
 2880/12511 [=====>........................] - ETA: 2:03 - loss: 1.0516 - acc: 0.3816
 2928/12511 [======>.......................] - ETA: 2:02 - loss: 1.0497 - acc: 0.3798
 2976/12511 [======>.......................] - ETA: 2:02 - loss: 1.0517 - acc: 0.3807
 3024/12511 [======>.......................] - ETA: 2:01 - loss: 1.0503 - acc: 0.3776
 3072/12511 [======>.......................] - ETA: 2:00 - loss: 1.0495 - acc: 0.3766
 3120/12511 [======>.......................] - ETA: 1:59 - loss: 1.0496 - acc: 0.3760
 3168/12511 [======>.......................] - ETA: 1:58 - loss: 1.0469 - acc: 0.3744
 3216/12511 [======>.......................] - ETA: 1:57 - loss: 1.0466 - acc: 0.3800
 3264/12511 [======>.......................] - ETA: 1:57 - loss: 1.0476 - acc: 0.3836
 3312/12511 [======>.......................] - ETA: 1:56 - loss: 1.0459 - acc: 0.3868
 3360/12511 [=======>......................] - ETA: 1:55 - loss: 1.0474 - acc: 0.3899
 3408/12511 [=======>......................] - ETA: 1:54 - loss: 1.0475 - acc: 0.3914
 3456/12511 [=======>......................] - ETA: 1:53 - loss: 1.0459 - acc: 0.3927
 3504/12511 [=======>......................] - ETA: 1:53 - loss: 1.0452 - acc: 0.3958
 3552/12511 [=======>......................] - ETA: 1:52 - loss: 1.0478 - acc: 0.3992
 3600/12511 [=======>......................] - ETA: 1:51 - loss: 1.0471 - acc: 0.4006
 3648/12511 [=======>......................] - ETA: 1:51 - loss: 1.0480 - acc: 0.4035
 3696/12511 [=======>......................] - ETA: 1:50 - loss: 1.0481 - acc: 0.4037
 3744/12511 [=======>......................] - ETA: 1:49 - loss: 1.0458 - acc: 0.4028
 3792/12511 [========>.....................] - ETA: 1:48 - loss: 1.0440 - acc: 0.4064
 3840/12511 [========>.....................] - ETA: 1:48 - loss: 1.0430 - acc: 0.4109
 3888/12511 [========>.....................] - ETA: 1:47 - loss: 1.0424 - acc: 0.4156
 3936/12511 [========>.....................] - ETA: 1:46 - loss: 1.0433 - acc: 0.4192
 3984/12511 [========>.....................] - ETA: 1:45 - loss: 1.0427 - acc: 0.4237
 4032/12511 [========>.....................] - ETA: 1:44 - loss: 1.0425 - acc: 0.4278
 4080/12511 [========>.....................] - ETA: 1:44 - loss: 1.0430 - acc: 0.4314
 4128/12511 [========>.....................] - ETA: 1:43 - loss: 1.0442 - acc: 0.4344
 4176/12511 [=========>....................] - ETA: 1:42 - loss: 1.0440 - acc: 0.4380
 4224/12511 [=========>....................] - ETA: 1:41 - loss: 1.0448 - acc: 0.4408
 4272/12511 [=========>....................] - ETA: 1:41 - loss: 1.0449 - acc: 0.4431
 4320/12511 [=========>....................] - ETA: 1:40 - loss: 1.0464 - acc: 0.4451
 4368/12511 [=========>....................] - ETA: 1:39 - loss: 1.0458 - acc: 0.4476
 4416/12511 [=========>....................] - ETA: 1:38 - loss: 1.0459 - acc: 0.4493
 4464/12511 [=========>....................] - ETA: 1:38 - loss: 1.0444 - acc: 0.4514
 4512/12511 [=========>....................] - ETA: 1:37 - loss: 1.0451 - acc: 0.4539
 4560/12511 [=========>....................] - ETA: 1:36 - loss: 1.0456 - acc: 0.4568
 4608/12511 [==========>...................] - ETA: 1:36 - loss: 1.0447 - acc: 0.4592
 4656/12511 [==========>...................] - ETA: 1:35 - loss: 1.0454 - acc: 0.4616
 4704/12511 [==========>...................] - ETA: 1:35 - loss: 1.0455 - acc: 0.4647
 4752/12511 [==========>...................] - ETA: 1:34 - loss: 1.0463 - acc: 0.4657
 4800/12511 [==========>...................] - ETA: 1:33 - loss: 1.0454 - acc: 0.4679
 4848/12511 [==========>...................] - ETA: 1:33 - loss: 1.0446 - acc: 0.4699
 4896/12511 [==========>...................] - ETA: 1:32 - loss: 1.0456 - acc: 0.4712
 4944/12511 [==========>...................] - ETA: 1:31 - loss: 1.0472 - acc: 0.4717
 4992/12511 [==========>...................] - ETA: 1:31 - loss: 1.0470 - acc: 0.4728
 5040/12511 [===========>..................] - ETA: 1:30 - loss: 1.0479 - acc: 0.4744
 5088/12511 [===========>..................] - ETA: 1:29 - loss: 1.0471 - acc: 0.4750
 5136/12511 [===========>..................] - ETA: 1:29 - loss: 1.0469 - acc: 0.4757
 5184/12511 [===========>..................] - ETA: 1:28 - loss: 1.0473 - acc: 0.4763
 5232/12511 [===========>..................] - ETA: 1:27 - loss: 1.0465 - acc: 0.4767
 5280/12511 [===========>..................] - ETA: 1:27 - loss: 1.0455 - acc: 0.4780
 5328/12511 [===========>..................] - ETA: 1:26 - loss: 1.0458 - acc: 0.4801
 5376/12511 [===========>..................] - ETA: 1:25 - loss: 1.0462 - acc: 0.4823
 5424/12511 [============>.................] - ETA: 1:25 - loss: 1.0468 - acc: 0.4838
 5472/12511 [============>.................] - ETA: 1:24 - loss: 1.0469 - acc: 0.4854
 5520/12511 [============>.................] - ETA: 1:24 - loss: 1.0472 - acc: 0.4864
 5568/12511 [============>.................] - ETA: 1:23 - loss: 1.0470 - acc: 0.4871
 5616/12511 [============>.................] - ETA: 1:22 - loss: 1.0471 - acc: 0.4882
 5664/12511 [============>.................] - ETA: 1:22 - loss: 1.0474 - acc: 0.4885
 5712/12511 [============>.................] - ETA: 1:21 - loss: 1.0472 - acc: 0.4891
 5760/12511 [============>.................] - ETA: 1:21 - loss: 1.0473 - acc: 0.4906
 5808/12511 [============>.................] - ETA: 1:20 - loss: 1.0481 - acc: 0.4917
 5856/12511 [=============>................] - ETA: 1:19 - loss: 1.0481 - acc: 0.4918
 5904/12511 [=============>................] - ETA: 1:19 - loss: 1.0484 - acc: 0.4914
 5952/12511 [=============>................] - ETA: 1:18 - loss: 1.0475 - acc: 0.4904
 6000/12511 [=============>................] - ETA: 1:17 - loss: 1.0471 - acc: 0.4905
 6048/12511 [=============>................] - ETA: 1:17 - loss: 1.0472 - acc: 0.4917
 6096/12511 [=============>................] - ETA: 1:16 - loss: 1.0463 - acc: 0.4926
 6144/12511 [=============>................] - ETA: 1:15 - loss: 1.0463 - acc: 0.4935
 6192/12511 [=============>................] - ETA: 1:15 - loss: 1.0469 - acc: 0.4947
 6240/12511 [=============>................] - ETA: 1:14 - loss: 1.0467 - acc: 0.4955
 6288/12511 [==============>...............] - ETA: 1:14 - loss: 1.0475 - acc: 0.4960
 6336/12511 [==============>...............] - ETA: 1:13 - loss: 1.0489 - acc: 0.4957
 6384/12511 [==============>...............] - ETA: 1:12 - loss: 1.0494 - acc: 0.4951
 6432/12511 [==============>...............] - ETA: 1:12 - loss: 1.0483 - acc: 0.4932
 6480/12511 [==============>...............] - ETA: 1:11 - loss: 1.0484 - acc: 0.4932
 6528/12511 [==============>...............] - ETA: 1:10 - loss: 1.0484 - acc: 0.4934
 6576/12511 [==============>...............] - ETA: 1:10 - loss: 1.0482 - acc: 0.4929
 6624/12511 [==============>...............] - ETA: 1:09 - loss: 1.0485 - acc: 0.4929
 6672/12511 [==============>...............] - ETA: 1:09 - loss: 1.0485 - acc: 0.4924
 6720/12511 [===============>..............] - ETA: 1:08 - loss: 1.0488 - acc: 0.4917
 6768/12511 [===============>..............] - ETA: 1:07 - loss: 1.0484 - acc: 0.4911
 6816/12511 [===============>..............] - ETA: 1:07 - loss: 1.0487 - acc: 0.4905
 6864/12511 [===============>..............] - ETA: 1:06 - loss: 1.0487 - acc: 0.4899
 6912/12511 [===============>..............] - ETA: 1:05 - loss: 1.0494 - acc: 0.4896
 6960/12511 [===============>..............] - ETA: 1:05 - loss: 1.0478 - acc: 0.4874
 7008/12511 [===============>..............] - ETA: 1:04 - loss: 1.0478 - acc: 0.4876
 7056/12511 [===============>..............] - ETA: 1:04 - loss: 1.0483 - acc: 0.4880
 7104/12511 [================>.............] - ETA: 1:03 - loss: 1.0489 - acc: 0.4878
 7152/12511 [================>.............] - ETA: 1:02 - loss: 1.0488 - acc: 0.4869
 7200/12511 [================>.............] - ETA: 1:02 - loss: 1.0486 - acc: 0.4858
 7248/12511 [================>.............] - ETA: 1:01 - loss: 1.0497 - acc: 0.4855
 7296/12511 [================>.............] - ETA: 1:01 - loss: 1.0497 - acc: 0.4840
 7344/12511 [================>.............] - ETA: 1:00 - loss: 1.0495 - acc: 0.4828
 7392/12511 [================>.............] - ETA: 1:00 - loss: 1.0497 - acc: 0.4819
 7440/12511 [================>.............] - ETA: 59s - loss: 1.0486 - acc: 0.4798 
 7488/12511 [================>.............] - ETA: 58s - loss: 1.0483 - acc: 0.4797
 7536/12511 [=================>............] - ETA: 58s - loss: 1.0481 - acc: 0.4796
 7584/12511 [=================>............] - ETA: 57s - loss: 1.0476 - acc: 0.4797
 7632/12511 [=================>............] - ETA: 57s - loss: 1.0486 - acc: 0.4797
 7680/12511 [=================>............] - ETA: 56s - loss: 1.0471 - acc: 0.4784
 7728/12511 [=================>............] - ETA: 55s - loss: 1.0468 - acc: 0.4792
 7776/12511 [=================>............] - ETA: 55s - loss: 1.0465 - acc: 0.4808
 7824/12511 [=================>............] - ETA: 54s - loss: 1.0471 - acc: 0.4824
 7872/12511 [=================>............] - ETA: 54s - loss: 1.0473 - acc: 0.4825
 7920/12511 [=================>............] - ETA: 53s - loss: 1.0475 - acc: 0.4833
 7968/12511 [==================>...........] - ETA: 52s - loss: 1.0470 - acc: 0.4841
 8016/12511 [==================>...........] - ETA: 52s - loss: 1.0469 - acc: 0.4850
 8064/12511 [==================>...........] - ETA: 51s - loss: 1.0473 - acc: 0.4861
 8112/12511 [==================>...........] - ETA: 51s - loss: 1.0481 - acc: 0.4867
 8160/12511 [==================>...........] - ETA: 50s - loss: 1.0483 - acc: 0.4868
 8208/12511 [==================>...........] - ETA: 50s - loss: 1.0492 - acc: 0.4871
 8256/12511 [==================>...........] - ETA: 49s - loss: 1.0499 - acc: 0.4864
 8304/12511 [==================>...........] - ETA: 48s - loss: 1.0501 - acc: 0.4855
 8352/12511 [===================>..........] - ETA: 48s - loss: 1.0500 - acc: 0.4841
 8400/12511 [===================>..........] - ETA: 47s - loss: 1.0504 - acc: 0.4830
 8448/12511 [===================>..........] - ETA: 47s - loss: 1.0500 - acc: 0.4814
 8496/12511 [===================>..........] - ETA: 46s - loss: 1.0502 - acc: 0.4805
 8544/12511 [===================>..........] - ETA: 46s - loss: 1.0489 - acc: 0.4783
 8592/12511 [===================>..........] - ETA: 45s - loss: 1.0486 - acc: 0.4775
 8640/12511 [===================>..........] - ETA: 44s - loss: 1.0485 - acc: 0.4775
 8688/12511 [===================>..........] - ETA: 44s - loss: 1.0475 - acc: 0.4771
 8736/12511 [===================>..........] - ETA: 43s - loss: 1.0479 - acc: 0.4776
 8784/12511 [====================>.........] - ETA: 43s - loss: 1.0479 - acc: 0.4783
 8832/12511 [====================>.........] - ETA: 42s - loss: 1.0478 - acc: 0.4789
 8880/12511 [====================>.........] - ETA: 42s - loss: 1.0477 - acc: 0.4787
 8928/12511 [====================>.........] - ETA: 41s - loss: 1.0477 - acc: 0.4800
 8976/12511 [====================>.........] - ETA: 40s - loss: 1.0474 - acc: 0.4811
 9024/12511 [====================>.........] - ETA: 40s - loss: 1.0479 - acc: 0.4818
 9072/12511 [====================>.........] - ETA: 39s - loss: 1.0480 - acc: 0.4823
 9120/12511 [====================>.........] - ETA: 39s - loss: 1.0475 - acc: 0.4828
 9168/12511 [====================>.........] - ETA: 38s - loss: 1.0469 - acc: 0.4840
 9216/12511 [=====================>........] - ETA: 38s - loss: 1.0462 - acc: 0.4848
 9264/12511 [=====================>........] - ETA: 37s - loss: 1.0458 - acc: 0.4861
 9312/12511 [=====================>........] - ETA: 37s - loss: 1.0460 - acc: 0.4874
 9360/12511 [=====================>........] - ETA: 36s - loss: 1.0454 - acc: 0.4891
 9408/12511 [=====================>........] - ETA: 35s - loss: 1.0453 - acc: 0.4906
 9456/12511 [=====================>........] - ETA: 35s - loss: 1.0455 - acc: 0.4919
 9504/12511 [=====================>........] - ETA: 34s - loss: 1.0455 - acc: 0.4934
 9552/12511 [=====================>........] - ETA: 34s - loss: 1.0457 - acc: 0.4945
 9600/12511 [======================>.......] - ETA: 33s - loss: 1.0456 - acc: 0.4957
 9648/12511 [======================>.......] - ETA: 33s - loss: 1.0452 - acc: 0.4972
 9696/12511 [======================>.......] - ETA: 32s - loss: 1.0447 - acc: 0.4988
 9744/12511 [======================>.......] - ETA: 32s - loss: 1.0456 - acc: 0.4995
 9792/12511 [======================>.......] - ETA: 31s - loss: 1.0454 - acc: 0.5008
 9840/12511 [======================>.......] - ETA: 30s - loss: 1.0454 - acc: 0.5020
 9888/12511 [======================>.......] - ETA: 30s - loss: 1.0465 - acc: 0.5025
 9936/12511 [======================>.......] - ETA: 29s - loss: 1.0473 - acc: 0.5034
 9984/12511 [======================>.......] - ETA: 29s - loss: 1.0480 - acc: 0.5033
10032/12511 [=======================>......] - ETA: 28s - loss: 1.0483 - acc: 0.5036
10080/12511 [=======================>......] - ETA: 28s - loss: 1.0479 - acc: 0.5039
10128/12511 [=======================>......] - ETA: 27s - loss: 1.0481 - acc: 0.5039
10176/12511 [=======================>......] - ETA: 27s - loss: 1.0481 - acc: 0.5035
10224/12511 [=======================>......] - ETA: 26s - loss: 1.0485 - acc: 0.5035
10272/12511 [=======================>......] - ETA: 25s - loss: 1.0485 - acc: 0.5029
10320/12511 [=======================>......] - ETA: 25s - loss: 1.0492 - acc: 0.5027
10368/12511 [=======================>......] - ETA: 24s - loss: 1.0492 - acc: 0.5017
10416/12511 [=======================>......] - ETA: 24s - loss: 1.0486 - acc: 0.5005
10464/12511 [========================>.....] - ETA: 23s - loss: 1.0487 - acc: 0.5002
10512/12511 [========================>.....] - ETA: 23s - loss: 1.0492 - acc: 0.4997
10560/12511 [========================>.....] - ETA: 22s - loss: 1.0492 - acc: 0.4989
10608/12511 [========================>.....] - ETA: 22s - loss: 1.0491 - acc: 0.4982
10656/12511 [========================>.....] - ETA: 21s - loss: 1.0494 - acc: 0.4976
10704/12511 [========================>.....] - ETA: 20s - loss: 1.0497 - acc: 0.4969
10752/12511 [========================>.....] - ETA: 20s - loss: 1.0494 - acc: 0.4957
10800/12511 [========================>.....] - ETA: 19s - loss: 1.0490 - acc: 0.4944
10848/12511 [=========================>....] - ETA: 19s - loss: 1.0493 - acc: 0.4939
10896/12511 [=========================>....] - ETA: 18s - loss: 1.0491 - acc: 0.4929
10944/12511 [=========================>....] - ETA: 18s - loss: 1.0496 - acc: 0.4921
10992/12511 [=========================>....] - ETA: 17s - loss: 1.0499 - acc: 0.4914
11040/12511 [=========================>....] - ETA: 17s - loss: 1.0499 - acc: 0.4905
11088/12511 [=========================>....] - ETA: 16s - loss: 1.0496 - acc: 0.4894
11136/12511 [=========================>....] - ETA: 15s - loss: 1.0497 - acc: 0.4885
11184/12511 [=========================>....] - ETA: 15s - loss: 1.0494 - acc: 0.4873
11232/12511 [=========================>....] - ETA: 14s - loss: 1.0499 - acc: 0.4866
11280/12511 [==========================>...] - ETA: 14s - loss: 1.0504 - acc: 0.4861
11328/12511 [==========================>...] - ETA: 13s - loss: 1.0508 - acc: 0.4854
11376/12511 [==========================>...] - ETA: 13s - loss: 1.0510 - acc: 0.4845
11424/12511 [==========================>...] - ETA: 12s - loss: 1.0507 - acc: 0.4834
11472/12511 [==========================>...] - ETA: 11s - loss: 1.0508 - acc: 0.4824
11520/12511 [==========================>...] - ETA: 11s - loss: 1.0502 - acc: 0.4810
11568/12511 [==========================>...] - ETA: 10s - loss: 1.0502 - acc: 0.4801
11616/12511 [==========================>...] - ETA: 10s - loss: 1.0494 - acc: 0.4787
11664/12511 [==========================>...] - ETA: 9s - loss: 1.0491 - acc: 0.4775 
11712/12511 [===========================>..] - ETA: 9s - loss: 1.0490 - acc: 0.4771
11760/12511 [===========================>..] - ETA: 8s - loss: 1.0489 - acc: 0.4764
11808/12511 [===========================>..] - ETA: 8s - loss: 1.0484 - acc: 0.4759
11856/12511 [===========================>..] - ETA: 7s - loss: 1.0481 - acc: 0.4752
11904/12511 [===========================>..] - ETA: 6s - loss: 1.0482 - acc: 0.4754
11952/12511 [===========================>..] - ETA: 6s - loss: 1.0479 - acc: 0.4757
12000/12511 [===========================>..] - ETA: 5s - loss: 1.0477 - acc: 0.4763
12048/12511 [===========================>..] - ETA: 5s - loss: 1.0475 - acc: 0.4772
12096/12511 [============================>.] - ETA: 4s - loss: 1.0469 - acc: 0.4783
12144/12511 [============================>.] - ETA: 4s - loss: 1.0468 - acc: 0.4792
12192/12511 [============================>.] - ETA: 3s - loss: 1.0473 - acc: 0.4801
12240/12511 [============================>.] - ETA: 3s - loss: 1.0469 - acc: 0.4815
12288/12511 [============================>.] - ETA: 2s - loss: 1.0470 - acc: 0.4823
12336/12511 [============================>.] - ETA: 2s - loss: 1.0473 - acc: 0.4829
12384/12511 [============================>.] - ETA: 1s - loss: 1.0474 - acc: 0.4834
12432/12511 [============================>.] - ETA: 0s - loss: 1.0473 - acc: 0.4842
12480/12511 [============================>.] - ETA: 0s - loss: 1.0473 - acc: 0.4850
12511/12511 [==============================] - 155s 12ms/step - loss: 1.0471 - acc: 0.4857 - val_loss: 0.5954 - val_acc: 0.7580
/global/homes/l/liuto/.conda/envs/convNet/lib/python3.6/site-packages/h5py/__init__.py:36: FutureWarning: Conversion of the second argument of issubdtype from `float` to `np.floating` is deprecated. In future, it will be treated as `np.float64 == np.dtype(float).type`.
  from ._conv import register_converters as _register_converters
Using TensorFlow backend.
Traceback (most recent call last):
  File "/global/homes/l/liuto/520project/transient-detection/cnn/jobs/run_cnn_dropout_maxpooling.py", line 334, in <module>
    main()
  File "/global/homes/l/liuto/520project/transient-detection/cnn/jobs/run_cnn_dropout_maxpooling.py", line 327, in main
    train_model(train_imgs, train_labels, val_imgs, val_labels, OUTPUT_DIR, output_name)
  File "/global/homes/l/liuto/520project/transient-detection/cnn/jobs/run_cnn_dropout_maxpooling.py", line 205, in train_model
    callbacks=[checkpointer]
  File "/global/homes/l/liuto/.conda/envs/convNet/lib/python3.6/site-packages/keras/models.py", line 963, in fit
    validation_steps=validation_steps)
  File "/global/homes/l/liuto/.conda/envs/convNet/lib/python3.6/site-packages/keras/engine/training.py", line 1705, in fit
    validation_steps=validation_steps)
  File "/global/homes/l/liuto/.conda/envs/convNet/lib/python3.6/site-packages/keras/engine/training.py", line 1255, in _fit_loop
    callbacks.on_epoch_end(epoch, epoch_logs)
  File "/global/homes/l/liuto/.conda/envs/convNet/lib/python3.6/site-packages/keras/callbacks.py", line 77, in on_epoch_end
    callback.on_epoch_end(epoch, logs)
  File "/global/homes/l/liuto/.conda/envs/convNet/lib/python3.6/site-packages/keras/callbacks.py", line 447, in on_epoch_end
    self.model.save(filepath, overwrite=True)
  File "/global/homes/l/liuto/.conda/envs/convNet/lib/python3.6/site-packages/keras/engine/topology.py", line 2580, in save
    save_model(self, filepath, overwrite, include_optimizer)
  File "/global/homes/l/liuto/.conda/envs/convNet/lib/python3.6/site-packages/keras/models.py", line 106, in save_model
    with h5py.File(filepath, mode='w') as f:
  File "/global/homes/l/liuto/.conda/envs/convNet/lib/python3.6/site-packages/h5py/_hl/files.py", line 269, in __init__
    fid = make_fid(name, mode, userblock_size, fapl, swmr=swmr)
  File "/global/homes/l/liuto/.conda/envs/convNet/lib/python3.6/site-packages/h5py/_hl/files.py", line 105, in make_fid
    fid = h5f.create(name, h5f.ACC_TRUNC, fapl=fapl, fcpl=fcpl)
  File "h5py/_objects.pyx", line 54, in h5py._objects.with_phil.wrapper
  File "h5py/_objects.pyx", line 55, in h5py._objects.with_phil.wrapper
  File "h5py/h5f.pyx", line 98, in h5py.h5f.create
OSError: Unable to create file (unable to lock file, errno = 524, error message = 'Unknown error 524')
