INFO: activate-gcc_linux-64.sh made the following environmental changes:
+CC=/global/homes/l/liuto/.conda/envs/convNet/bin/x86_64-conda_cos6-linux-gnu-cc
+CFLAGS=-march=nocona -mtune=haswell -ftree-vectorize -fPIC -fstack-protector-strong -fno-plt -O2 -pipe
+CPP=/global/homes/l/liuto/.conda/envs/convNet/bin/x86_64-conda_cos6-linux-gnu-cpp
+CPPFLAGS=-DNDEBUG -D_FORTIFY_SOURCE=2 -O2
+DEBUG_CFLAGS=-march=nocona -mtune=haswell -ftree-vectorize -fPIC -fstack-protector-all -fno-plt -Og -g -Wall -Wextra -fvar-tracking-assignments -pipe
+DEBUG_CPPFLAGS=-D_DEBUG -D_FORTIFY_SOURCE=2 -Og
+GCC=/global/homes/l/liuto/.conda/envs/convNet/bin/x86_64-conda_cos6-linux-gnu-gcc
+GCC_AR=/global/homes/l/liuto/.conda/envs/convNet/bin/x86_64-conda_cos6-linux-gnu-gcc-ar
+GCC_NM=/global/homes/l/liuto/.conda/envs/convNet/bin/x86_64-conda_cos6-linux-gnu-gcc-nm
+GCC_RANLIB=/global/homes/l/liuto/.conda/envs/convNet/bin/x86_64-conda_cos6-linux-gnu-gcc-ranlib
+HOST=x86_64-conda_cos6-linux-gnu
+LDFLAGS=-Wl,-O2 -Wl,--sort-common -Wl,--as-needed -Wl,-z,relro -Wl,-z,now
+_PYTHON_SYSCONFIGDATA_NAME=_sysconfigdata_x86_64_conda_cos6_linux_gnu
-HOST=cori11
INFO: activate-binutils_linux-64.sh made the following environmental changes:
+ADDR2LINE=/global/homes/l/liuto/.conda/envs/convNet/bin/x86_64-conda_cos6-linux-gnu-addr2line
+AR=/global/homes/l/liuto/.conda/envs/convNet/bin/x86_64-conda_cos6-linux-gnu-ar
+AS=/global/homes/l/liuto/.conda/envs/convNet/bin/x86_64-conda_cos6-linux-gnu-as
+CXXFILT=/global/homes/l/liuto/.conda/envs/convNet/bin/x86_64-conda_cos6-linux-gnu-c++filt
+ELFEDIT=/global/homes/l/liuto/.conda/envs/convNet/bin/x86_64-conda_cos6-linux-gnu-elfedit
+GPROF=/global/homes/l/liuto/.conda/envs/convNet/bin/x86_64-conda_cos6-linux-gnu-gprof
+LD=/global/homes/l/liuto/.conda/envs/convNet/bin/x86_64-conda_cos6-linux-gnu-ld
+LD_GOLD=/global/homes/l/liuto/.conda/envs/convNet/bin/x86_64-conda_cos6-linux-gnu-ld.gold
+NM=/global/homes/l/liuto/.conda/envs/convNet/bin/x86_64-conda_cos6-linux-gnu-nm
+OBJCOPY=/global/homes/l/liuto/.conda/envs/convNet/bin/x86_64-conda_cos6-linux-gnu-objcopy
+OBJDUMP=/global/homes/l/liuto/.conda/envs/convNet/bin/x86_64-conda_cos6-linux-gnu-objdump
+RANLIB=/global/homes/l/liuto/.conda/envs/convNet/bin/x86_64-conda_cos6-linux-gnu-ranlib
+READELF=/global/homes/l/liuto/.conda/envs/convNet/bin/x86_64-conda_cos6-linux-gnu-readelf
+SIZE=/global/homes/l/liuto/.conda/envs/convNet/bin/x86_64-conda_cos6-linux-gnu-size
+STRINGS=/global/homes/l/liuto/.conda/envs/convNet/bin/x86_64-conda_cos6-linux-gnu-strings
+STRIP=/global/homes/l/liuto/.conda/envs/convNet/bin/x86_64-conda_cos6-linux-gnu-strip
INFO: activate-gxx_linux-64.sh made the following environmental changes:
+CXX=/global/homes/l/liuto/.conda/envs/convNet/bin/x86_64-conda_cos6-linux-gnu-c++
+CXXFLAGS=-fvisibility-inlines-hidden -std=c++17 -fmessage-length=0 -march=nocona -mtune=haswell -ftree-vectorize -fPIC -fstack-protector-strong -fno-plt -O2 -pipe
+DEBUG_CXXFLAGS=-fvisibility-inlines-hidden -std=c++17 -fmessage-length=0 -march=nocona -mtune=haswell -ftree-vectorize -fPIC -fstack-protector-all -fno-plt -Og -g -Wall -Wextra -fvar-tracking-assignments -pipe
+GXX=/global/homes/l/liuto/.conda/envs/convNet/bin/x86_64-conda_cos6-linux-gnu-g++
2018-04-18 22:50:34.344605: I tensorflow/core/platform/cpu_feature_guard.cc:140] Your CPU supports instructions that this TensorFlow binary was not compiled to use: SSE4.1 SSE4.2 AVX AVX2 FMA
Loading .npy files.
Selecting a random sample to train.
========================
=====Training model=====
========================
Compiling...
_________________________________________________________________
Layer (type)                 Output Shape              Param #   
=================================================================
conv2d_1 (Conv2D)            (None, 30, 30, 32)        3488      
_________________________________________________________________
conv2d_2 (Conv2D)            (None, 30, 30, 64)        32832     
_________________________________________________________________
dropout_1 (Dropout)          (None, 30, 30, 64)        0         
_________________________________________________________________
conv2d_3 (Conv2D)            (None, 30, 30, 128)       32896     
_________________________________________________________________
dropout_2 (Dropout)          (None, 30, 30, 128)       0         
_________________________________________________________________
conv2d_4 (Conv2D)            (None, 30, 30, 64)        131136    
_________________________________________________________________
dropout_3 (Dropout)          (None, 30, 30, 64)        0         
_________________________________________________________________
conv2d_5 (Conv2D)            (None, 30, 30, 32)        73760     
_________________________________________________________________
dropout_4 (Dropout)          (None, 30, 30, 32)        0         
_________________________________________________________________
flatten_1 (Flatten)          (None, 28800)             0         
_________________________________________________________________
dense_1 (Dense)              (None, 32)                921632    
_________________________________________________________________
dropout_5 (Dropout)          (None, 32)                0         
_________________________________________________________________
dense_2 (Dense)              (None, 1)                 33        
=================================================================
Total params: 1,195,777
Trainable params: 1,195,777
Non-trainable params: 0
_________________________________________________________________
Not using data augmentation.
Train on 12511 samples, validate on 5363 samples
Epoch 1/20

   48/12511 [..............................] - ETA: 8:40 - loss: 1.0980 - acc: 0.6042
   96/12511 [..............................] - ETA: 5:09 - loss: 1.0979 - acc: 0.4479
  144/12511 [..............................] - ETA: 3:52 - loss: 1.0772 - acc: 0.3750
  192/12511 [..............................] - ETA: 3:15 - loss: 1.0902 - acc: 0.3542
  240/12511 [..............................] - ETA: 2:52 - loss: 1.1042 - acc: 0.3417
  288/12511 [..............................] - ETA: 2:36 - loss: 1.0824 - acc: 0.3160
  336/12511 [..............................] - ETA: 2:25 - loss: 1.0713 - acc: 0.3006
  384/12511 [..............................] - ETA: 2:16 - loss: 1.0630 - acc: 0.2891
  432/12511 [>.............................] - ETA: 2:09 - loss: 1.0565 - acc: 0.2824
  480/12511 [>.............................] - ETA: 2:04 - loss: 1.0575 - acc: 0.3021
  528/12511 [>.............................] - ETA: 1:59 - loss: 1.0499 - acc: 0.2936
  576/12511 [>.............................] - ETA: 1:55 - loss: 1.0539 - acc: 0.3229
  624/12511 [>.............................] - ETA: 1:52 - loss: 1.0597 - acc: 0.3462
  672/12511 [>.............................] - ETA: 1:49 - loss: 1.0558 - acc: 0.3437
  720/12511 [>.............................] - ETA: 1:46 - loss: 1.0565 - acc: 0.3514
  768/12511 [>.............................] - ETA: 1:44 - loss: 1.0513 - acc: 0.3477
  816/12511 [>.............................] - ETA: 1:42 - loss: 1.0559 - acc: 0.3689
  864/12511 [=>............................] - ETA: 1:40 - loss: 1.0513 - acc: 0.3692
  912/12511 [=>............................] - ETA: 1:38 - loss: 1.0521 - acc: 0.3827
  960/12511 [=>............................] - ETA: 1:36 - loss: 1.0575 - acc: 0.3979
 1008/12511 [=>............................] - ETA: 1:35 - loss: 1.0535 - acc: 0.3909
 1056/12511 [=>............................] - ETA: 1:33 - loss: 1.0555 - acc: 0.3968
 1104/12511 [=>............................] - ETA: 1:32 - loss: 1.0547 - acc: 0.3940
 1152/12511 [=>............................] - ETA: 1:31 - loss: 1.0526 - acc: 0.3976
 1200/12511 [=>............................] - ETA: 1:30 - loss: 1.0532 - acc: 0.4050
 1248/12511 [=>............................] - ETA: 1:29 - loss: 1.0537 - acc: 0.4127
 1296/12511 [==>...........................] - ETA: 1:28 - loss: 1.0565 - acc: 0.4221
 1344/12511 [==>...........................] - ETA: 1:27 - loss: 1.0568 - acc: 0.4159
 1392/12511 [==>...........................] - ETA: 1:26 - loss: 1.0561 - acc: 0.4102
 1440/12511 [==>...........................] - ETA: 1:25 - loss: 1.0606 - acc: 0.4097
 1488/12511 [==>...........................] - ETA: 1:24 - loss: 1.0598 - acc: 0.4039
 1536/12511 [==>...........................] - ETA: 1:23 - loss: 1.0591 - acc: 0.3984
 1584/12511 [==>...........................] - ETA: 1:22 - loss: 1.0593 - acc: 0.3939
 1632/12511 [==>...........................] - ETA: 1:22 - loss: 1.0641 - acc: 0.3928
 1680/12511 [===>..........................] - ETA: 1:21 - loss: 1.0659 - acc: 0.3899
 1728/12511 [===>..........................] - ETA: 1:20 - loss: 1.0608 - acc: 0.3825
 1776/12511 [===>..........................] - ETA: 1:20 - loss: 1.0584 - acc: 0.3773
 1824/12511 [===>..........................] - ETA: 1:19 - loss: 1.0603 - acc: 0.3750
 1872/12511 [===>..........................] - ETA: 1:18 - loss: 1.0604 - acc: 0.3718
 1920/12511 [===>..........................] - ETA: 1:18 - loss: 1.0598 - acc: 0.3682
 1968/12511 [===>..........................] - ETA: 1:17 - loss: 1.0630 - acc: 0.3674
 2016/12511 [===>..........................] - ETA: 1:16 - loss: 1.0609 - acc: 0.3631
 2064/12511 [===>..........................] - ETA: 1:16 - loss: 1.0632 - acc: 0.3619
 2112/12511 [====>.........................] - ETA: 1:15 - loss: 1.0612 - acc: 0.3580
 2160/12511 [====>.........................] - ETA: 1:15 - loss: 1.0620 - acc: 0.3560
 2208/12511 [====>.........................] - ETA: 1:14 - loss: 1.0601 - acc: 0.3524
 2256/12511 [====>.........................] - ETA: 1:14 - loss: 1.0589 - acc: 0.3493
 2304/12511 [====>.........................] - ETA: 1:13 - loss: 1.0610 - acc: 0.3485
 2352/12511 [====>.........................] - ETA: 1:13 - loss: 1.0592 - acc: 0.3452
 2400/12511 [====>.........................] - ETA: 1:12 - loss: 1.0581 - acc: 0.3425
 2448/12511 [====>.........................] - ETA: 1:12 - loss: 1.0577 - acc: 0.3403
 2496/12511 [====>.........................] - ETA: 1:11 - loss: 1.0578 - acc: 0.3385
 2544/12511 [=====>........................] - ETA: 1:11 - loss: 1.0604 - acc: 0.3384
 2592/12511 [=====>........................] - ETA: 1:10 - loss: 1.0628 - acc: 0.3383
 2640/12511 [=====>........................] - ETA: 1:10 - loss: 1.0611 - acc: 0.3356
 2688/12511 [=====>........................] - ETA: 1:09 - loss: 1.0612 - acc: 0.3341
 2736/12511 [=====>........................] - ETA: 1:09 - loss: 1.0592 - acc: 0.3311
 2784/12511 [=====>........................] - ETA: 1:08 - loss: 1.0577 - acc: 0.3287
 2832/12511 [=====>........................] - ETA: 1:08 - loss: 1.0552 - acc: 0.3256
 2880/12511 [=====>........................] - ETA: 1:07 - loss: 1.0559 - acc: 0.3253
 2928/12511 [======>.......................] - ETA: 1:07 - loss: 1.0556 - acc: 0.3248
 2976/12511 [======>.......................] - ETA: 1:07 - loss: 1.0543 - acc: 0.3233
 3024/12511 [======>.......................] - ETA: 1:06 - loss: 1.0535 - acc: 0.3290
 3072/12511 [======>.......................] - ETA: 1:06 - loss: 1.0542 - acc: 0.3356
 3120/12511 [======>.......................] - ETA: 1:05 - loss: 1.0534 - acc: 0.3385
 3168/12511 [======>.......................] - ETA: 1:05 - loss: 1.0536 - acc: 0.3453
 3216/12511 [======>.......................] - ETA: 1:05 - loss: 1.0524 - acc: 0.3507
 3264/12511 [======>.......................] - ETA: 1:04 - loss: 1.0535 - acc: 0.3560
 3312/12511 [======>.......................] - ETA: 1:04 - loss: 1.0537 - acc: 0.3611
 3360/12511 [=======>......................] - ETA: 1:03 - loss: 1.0530 - acc: 0.3670
 3408/12511 [=======>......................] - ETA: 1:03 - loss: 1.0515 - acc: 0.3738
 3456/12511 [=======>......................] - ETA: 1:03 - loss: 1.0512 - acc: 0.3793
 3504/12511 [=======>......................] - ETA: 1:02 - loss: 1.0510 - acc: 0.3847
 3552/12511 [=======>......................] - ETA: 1:02 - loss: 1.0525 - acc: 0.3888
 3600/12511 [=======>......................] - ETA: 1:01 - loss: 1.0523 - acc: 0.3939
 3648/12511 [=======>......................] - ETA: 1:01 - loss: 1.0533 - acc: 0.3980
 3696/12511 [=======>......................] - ETA: 1:01 - loss: 1.0555 - acc: 0.4021
 3744/12511 [=======>......................] - ETA: 1:00 - loss: 1.0548 - acc: 0.3996
 3792/12511 [========>.....................] - ETA: 1:00 - loss: 1.0546 - acc: 0.3974
 3840/12511 [========>.....................] - ETA: 59s - loss: 1.0544 - acc: 0.3966 
 3888/12511 [========>.....................] - ETA: 59s - loss: 1.0534 - acc: 0.3966
 3936/12511 [========>.....................] - ETA: 59s - loss: 1.0543 - acc: 0.4004
 3984/12511 [========>.....................] - ETA: 58s - loss: 1.0563 - acc: 0.4011
 4032/12511 [========>.....................] - ETA: 58s - loss: 1.0568 - acc: 0.3996
 4080/12511 [========>.....................] - ETA: 57s - loss: 1.0580 - acc: 0.3983
 4128/12511 [========>.....................] - ETA: 57s - loss: 1.0574 - acc: 0.3963
 4176/12511 [=========>....................] - ETA: 57s - loss: 1.0586 - acc: 0.3954
 4224/12511 [=========>....................] - ETA: 56s - loss: 1.0587 - acc: 0.3937
 4272/12511 [=========>....................] - ETA: 56s - loss: 1.0577 - acc: 0.3914
 4320/12511 [=========>....................] - ETA: 56s - loss: 1.0581 - acc: 0.3900
 4368/12511 [=========>....................] - ETA: 55s - loss: 1.0579 - acc: 0.3883
 4416/12511 [=========>....................] - ETA: 55s - loss: 1.0580 - acc: 0.3868
 4464/12511 [=========>....................] - ETA: 55s - loss: 1.0554 - acc: 0.3835
 4512/12511 [=========>....................] - ETA: 54s - loss: 1.0552 - acc: 0.3823
 4560/12511 [=========>....................] - ETA: 54s - loss: 1.0566 - acc: 0.3818
 4608/12511 [==========>...................] - ETA: 54s - loss: 1.0548 - acc: 0.3791
 4656/12511 [==========>...................] - ETA: 53s - loss: 1.0559 - acc: 0.3804
 4704/12511 [==========>...................] - ETA: 53s - loss: 1.0579 - acc: 0.3803
 4752/12511 [==========>...................] - ETA: 52s - loss: 1.0567 - acc: 0.3782
 4800/12511 [==========>...................] - ETA: 52s - loss: 1.0568 - acc: 0.3769
 4848/12511 [==========>...................] - ETA: 52s - loss: 1.0582 - acc: 0.3764
 4896/12511 [==========>...................] - ETA: 51s - loss: 1.0579 - acc: 0.3750
 4944/12511 [==========>...................] - ETA: 51s - loss: 1.0574 - acc: 0.3734
 4992/12511 [==========>...................] - ETA: 51s - loss: 1.0584 - acc: 0.3728
 5040/12511 [===========>..................] - ETA: 50s - loss: 1.0579 - acc: 0.3712
 5088/12511 [===========>..................] - ETA: 50s - loss: 1.0580 - acc: 0.3701
 5136/12511 [===========>..................] - ETA: 50s - loss: 1.0581 - acc: 0.3690
 5184/12511 [===========>..................] - ETA: 49s - loss: 1.0581 - acc: 0.3679
 5232/12511 [===========>..................] - ETA: 49s - loss: 1.0571 - acc: 0.3660
 5280/12511 [===========>..................] - ETA: 49s - loss: 1.0574 - acc: 0.3652
 5328/12511 [===========>..................] - ETA: 48s - loss: 1.0567 - acc: 0.3636
 5376/12511 [===========>..................] - ETA: 48s - loss: 1.0559 - acc: 0.3620
 5424/12511 [============>.................] - ETA: 48s - loss: 1.0558 - acc: 0.3608
 5472/12511 [============>.................] - ETA: 47s - loss: 1.0572 - acc: 0.3607
 5520/12511 [============>.................] - ETA: 47s - loss: 1.0570 - acc: 0.3596
 5568/12511 [============>.................] - ETA: 46s - loss: 1.0571 - acc: 0.3587
 5616/12511 [============>.................] - ETA: 46s - loss: 1.0598 - acc: 0.3595
 5664/12511 [============>.................] - ETA: 46s - loss: 1.0594 - acc: 0.3582
 5712/12511 [============>.................] - ETA: 45s - loss: 1.0594 - acc: 0.3573
 5760/12511 [============>.................] - ETA: 45s - loss: 1.0605 - acc: 0.3571
 5808/12511 [============>.................] - ETA: 45s - loss: 1.0590 - acc: 0.3552
 5856/12511 [=============>................] - ETA: 44s - loss: 1.0594 - acc: 0.3545
 5904/12511 [=============>................] - ETA: 44s - loss: 1.0582 - acc: 0.3528
 5952/12511 [=============>................] - ETA: 44s - loss: 1.0590 - acc: 0.3525
 6000/12511 [=============>................] - ETA: 43s - loss: 1.0583 - acc: 0.3512
 6048/12511 [=============>................] - ETA: 43s - loss: 1.0579 - acc: 0.3500
 6096/12511 [=============>................] - ETA: 43s - loss: 1.0575 - acc: 0.3489
 6144/12511 [=============>................] - ETA: 42s - loss: 1.0582 - acc: 0.3486
 6192/12511 [=============>................] - ETA: 42s - loss: 1.0593 - acc: 0.3485
 6240/12511 [=============>................] - ETA: 42s - loss: 1.0591 - acc: 0.3476
 6288/12511 [==============>...............] - ETA: 41s - loss: 1.0596 - acc: 0.3472
 6336/12511 [==============>...............] - ETA: 41s - loss: 1.0597 - acc: 0.3464
 6384/12511 [==============>...............] - ETA: 41s - loss: 1.0592 - acc: 0.3454
 6432/12511 [==============>...............] - ETA: 40s - loss: 1.0595 - acc: 0.3448
 6480/12511 [==============>...............] - ETA: 40s - loss: 1.0591 - acc: 0.3438
 6528/12511 [==============>...............] - ETA: 40s - loss: 1.0596 - acc: 0.3434
 6576/12511 [==============>...............] - ETA: 39s - loss: 1.0590 - acc: 0.3423
 6624/12511 [==============>...............] - ETA: 39s - loss: 1.0586 - acc: 0.3413
 6672/12511 [==============>...............] - ETA: 39s - loss: 1.0593 - acc: 0.3411
 6720/12511 [===============>..............] - ETA: 38s - loss: 1.0594 - acc: 0.3405
 6768/12511 [===============>..............] - ETA: 38s - loss: 1.0586 - acc: 0.3392
 6816/12511 [===============>..............] - ETA: 38s - loss: 1.0582 - acc: 0.3383
 6864/12511 [===============>..............] - ETA: 37s - loss: 1.0587 - acc: 0.3380
 6912/12511 [===============>..............] - ETA: 37s - loss: 1.0598 - acc: 0.3381
 6960/12511 [===============>..............] - ETA: 37s - loss: 1.0596 - acc: 0.3374
 7008/12511 [===============>..............] - ETA: 36s - loss: 1.0595 - acc: 0.3366
 7056/12511 [===============>..............] - ETA: 36s - loss: 1.0585 - acc: 0.3353
 7104/12511 [================>.............] - ETA: 36s - loss: 1.0589 - acc: 0.3350
 7152/12511 [================>.............] - ETA: 35s - loss: 1.0594 - acc: 0.3347
 7200/12511 [================>.............] - ETA: 35s - loss: 1.0594 - acc: 0.3342
 7248/12511 [================>.............] - ETA: 35s - loss: 1.0591 - acc: 0.3333
 7296/12511 [================>.............] - ETA: 34s - loss: 1.0585 - acc: 0.3324
 7344/12511 [================>.............] - ETA: 34s - loss: 1.0580 - acc: 0.3314
 7392/12511 [================>.............] - ETA: 34s - loss: 1.0580 - acc: 0.3309
 7440/12511 [================>.............] - ETA: 33s - loss: 1.0583 - acc: 0.3305
 7488/12511 [================>.............] - ETA: 33s - loss: 1.0577 - acc: 0.3296
 7536/12511 [=================>............] - ETA: 33s - loss: 1.0574 - acc: 0.3288
 7584/12511 [=================>............] - ETA: 32s - loss: 1.0573 - acc: 0.3282
 7632/12511 [=================>............] - ETA: 32s - loss: 1.0581 - acc: 0.3282
 7680/12511 [=================>............] - ETA: 32s - loss: 1.0583 - acc: 0.3279
 7728/12511 [=================>............] - ETA: 31s - loss: 1.0582 - acc: 0.3273
 7776/12511 [=================>............] - ETA: 31s - loss: 1.0588 - acc: 0.3272
 7824/12511 [=================>............] - ETA: 31s - loss: 1.0581 - acc: 0.3262
 7872/12511 [=================>............] - ETA: 30s - loss: 1.0576 - acc: 0.3253
 7920/12511 [=================>............] - ETA: 30s - loss: 1.0571 - acc: 0.3245
 7968/12511 [==================>...........] - ETA: 30s - loss: 1.0573 - acc: 0.3242
 8016/12511 [==================>...........] - ETA: 29s - loss: 1.0574 - acc: 0.3237
 8064/12511 [==================>...........] - ETA: 29s - loss: 1.0576 - acc: 0.3234
 8112/12511 [==================>...........] - ETA: 29s - loss: 1.0577 - acc: 0.3230
 8160/12511 [==================>...........] - ETA: 29s - loss: 1.0572 - acc: 0.3222
 8208/12511 [==================>...........] - ETA: 28s - loss: 1.0572 - acc: 0.3218
 8256/12511 [==================>...........] - ETA: 28s - loss: 1.0577 - acc: 0.3216
 8304/12511 [==================>...........] - ETA: 28s - loss: 1.0574 - acc: 0.3209
 8352/12511 [===================>..........] - ETA: 27s - loss: 1.0563 - acc: 0.3198
 8400/12511 [===================>..........] - ETA: 27s - loss: 1.0560 - acc: 0.3192
 8448/12511 [===================>..........] - ETA: 27s - loss: 1.0558 - acc: 0.3185
 8496/12511 [===================>..........] - ETA: 26s - loss: 1.0553 - acc: 0.3178
 8544/12511 [===================>..........] - ETA: 26s - loss: 1.0547 - acc: 0.3175
 8592/12511 [===================>..........] - ETA: 26s - loss: 1.0545 - acc: 0.3184
 8640/12511 [===================>..........] - ETA: 25s - loss: 1.0548 - acc: 0.3204
 8688/12511 [===================>..........] - ETA: 25s - loss: 1.0545 - acc: 0.3217
 8736/12511 [===================>..........] - ETA: 25s - loss: 1.0541 - acc: 0.3237
 8784/12511 [====================>.........] - ETA: 24s - loss: 1.0546 - acc: 0.3262
 8832/12511 [====================>.........] - ETA: 24s - loss: 1.0545 - acc: 0.3280
 8880/12511 [====================>.........] - ETA: 24s - loss: 1.0534 - acc: 0.3294
 8928/12511 [====================>.........] - ETA: 23s - loss: 1.0523 - acc: 0.3324
 8976/12511 [====================>.........] - ETA: 23s - loss: 1.0512 - acc: 0.3355
 9024/12511 [====================>.........] - ETA: 23s - loss: 1.0513 - acc: 0.3377
 9072/12511 [====================>.........] - ETA: 22s - loss: 1.0520 - acc: 0.3394
 9120/12511 [====================>.........] - ETA: 22s - loss: 1.0525 - acc: 0.3413
 9168/12511 [====================>.........] - ETA: 22s - loss: 1.0525 - acc: 0.3435
 9216/12511 [=====================>........] - ETA: 21s - loss: 1.0529 - acc: 0.3454
 9264/12511 [=====================>........] - ETA: 21s - loss: 1.0533 - acc: 0.3473
 9312/12511 [=====================>........] - ETA: 21s - loss: 1.0536 - acc: 0.3492
 9360/12511 [=====================>........] - ETA: 20s - loss: 1.0541 - acc: 0.3509
 9408/12511 [=====================>........] - ETA: 20s - loss: 1.0534 - acc: 0.3532
 9456/12511 [=====================>........] - ETA: 20s - loss: 1.0541 - acc: 0.3549
 9504/12511 [=====================>........] - ETA: 19s - loss: 1.0533 - acc: 0.3574
 9552/12511 [=====================>........] - ETA: 19s - loss: 1.0531 - acc: 0.3596
 9600/12511 [======================>.......] - ETA: 19s - loss: 1.0535 - acc: 0.3614
 9648/12511 [======================>.......] - ETA: 18s - loss: 1.0531 - acc: 0.3636
 9696/12511 [======================>.......] - ETA: 18s - loss: 1.0530 - acc: 0.3656
 9744/12511 [======================>.......] - ETA: 18s - loss: 1.0532 - acc: 0.3674
 9792/12511 [======================>.......] - ETA: 18s - loss: 1.0531 - acc: 0.3694
 9840/12511 [======================>.......] - ETA: 17s - loss: 1.0537 - acc: 0.3709
 9888/12511 [======================>.......] - ETA: 17s - loss: 1.0533 - acc: 0.3730
 9936/12511 [======================>.......] - ETA: 17s - loss: 1.0533 - acc: 0.3748
 9984/12511 [======================>.......] - ETA: 16s - loss: 1.0531 - acc: 0.3768
10032/12511 [=======================>......] - ETA: 16s - loss: 1.0533 - acc: 0.3785
10080/12511 [=======================>......] - ETA: 16s - loss: 1.0531 - acc: 0.3806
10128/12511 [=======================>......] - ETA: 15s - loss: 1.0527 - acc: 0.3826
10176/12511 [=======================>......] - ETA: 15s - loss: 1.0525 - acc: 0.3845
10224/12511 [=======================>......] - ETA: 15s - loss: 1.0525 - acc: 0.3862
10272/12511 [=======================>......] - ETA: 14s - loss: 1.0519 - acc: 0.3884
10320/12511 [=======================>......] - ETA: 14s - loss: 1.0518 - acc: 0.3902
10368/12511 [=======================>......] - ETA: 14s - loss: 1.0513 - acc: 0.3923
10416/12511 [=======================>......] - ETA: 13s - loss: 1.0516 - acc: 0.3937
10464/12511 [========================>.....] - ETA: 13s - loss: 1.0520 - acc: 0.3952
10512/12511 [========================>.....] - ETA: 13s - loss: 1.0523 - acc: 0.3966
10560/12511 [========================>.....] - ETA: 12s - loss: 1.0518 - acc: 0.3986
10608/12511 [========================>.....] - ETA: 12s - loss: 1.0520 - acc: 0.4001
10656/12511 [========================>.....] - ETA: 12s - loss: 1.0532 - acc: 0.4009
10704/12511 [========================>.....] - ETA: 11s - loss: 1.0532 - acc: 0.4026
10752/12511 [========================>.....] - ETA: 11s - loss: 1.0525 - acc: 0.4047
10800/12511 [========================>.....] - ETA: 11s - loss: 1.0524 - acc: 0.4063
10848/12511 [=========================>....] - ETA: 10s - loss: 1.0529 - acc: 0.4075
10896/12511 [=========================>....] - ETA: 10s - loss: 1.0526 - acc: 0.4093
10944/12511 [=========================>....] - ETA: 10s - loss: 1.0525 - acc: 0.4109
10992/12511 [=========================>....] - ETA: 10s - loss: 1.0521 - acc: 0.4127
11040/12511 [=========================>....] - ETA: 9s - loss: 1.0519 - acc: 0.4143 
11088/12511 [=========================>....] - ETA: 9s - loss: 1.0524 - acc: 0.4155
11136/12511 [=========================>....] - ETA: 9s - loss: 1.0523 - acc: 0.4170
11184/12511 [=========================>....] - ETA: 8s - loss: 1.0520 - acc: 0.4187
11232/12511 [=========================>....] - ETA: 8s - loss: 1.0519 - acc: 0.4202
11280/12511 [==========================>...] - ETA: 8s - loss: 1.0518 - acc: 0.4217
11328/12511 [==========================>...] - ETA: 7s - loss: 1.0523 - acc: 0.4228
11376/12511 [==========================>...] - ETA: 7s - loss: 1.0528 - acc: 0.4240
11424/12511 [==========================>...] - ETA: 7s - loss: 1.0524 - acc: 0.4256
11472/12511 [==========================>...] - ETA: 6s - loss: 1.0525 - acc: 0.4270
11520/12511 [==========================>...] - ETA: 6s - loss: 1.0525 - acc: 0.4283
11568/12511 [==========================>...] - ETA: 6s - loss: 1.0521 - acc: 0.4300
11616/12511 [==========================>...] - ETA: 5s - loss: 1.0524 - acc: 0.4311
11664/12511 [==========================>...] - ETA: 5s - loss: 1.0522 - acc: 0.4326
11712/12511 [===========================>..] - ETA: 5s - loss: 1.0524 - acc: 0.4338
11760/12511 [===========================>..] - ETA: 4s - loss: 1.0526 - acc: 0.4350
11808/12511 [===========================>..] - ETA: 4s - loss: 1.0522 - acc: 0.4366
11856/12511 [===========================>..] - ETA: 4s - loss: 1.0522 - acc: 0.4379
11904/12511 [===========================>..] - ETA: 4s - loss: 1.0520 - acc: 0.4393
11952/12511 [===========================>..] - ETA: 3s - loss: 1.0520 - acc: 0.4406
12000/12511 [===========================>..] - ETA: 3s - loss: 1.0517 - acc: 0.4421
12048/12511 [===========================>..] - ETA: 3s - loss: 1.0521 - acc: 0.4431
12096/12511 [============================>.] - ETA: 2s - loss: 1.0521 - acc: 0.4444
12144/12511 [============================>.] - ETA: 2s - loss: 1.0521 - acc: 0.4456
12192/12511 [============================>.] - ETA: 2s - loss: 1.0521 - acc: 0.4469
12240/12511 [============================>.] - ETA: 1s - loss: 1.0516 - acc: 0.4484
12288/12511 [============================>.] - ETA: 1s - loss: 1.0517 - acc: 0.4495
12336/12511 [============================>.] - ETA: 1s - loss: 1.0520 - acc: 0.4506
12384/12511 [============================>.] - ETA: 0s - loss: 1.0516 - acc: 0.4520
12432/12511 [============================>.] - ETA: 0s - loss: 1.0516 - acc: 0.4532
12480/12511 [============================>.] - ETA: 0s - loss: 1.0525 - acc: 0.4538
12511/12511 [==============================] - 86s 7ms/step - loss: 1.0526 - acc: 0.4545 - val_loss: 0.6229 - val_acc: 0.7475
/global/homes/l/liuto/.conda/envs/convNet/lib/python3.6/site-packages/h5py/__init__.py:36: FutureWarning: Conversion of the second argument of issubdtype from `float` to `np.floating` is deprecated. In future, it will be treated as `np.float64 == np.dtype(float).type`.
  from ._conv import register_converters as _register_converters
Using TensorFlow backend.
Traceback (most recent call last):
  File "/global/homes/l/liuto/520project/transient-detection/cnn/jobs/run_cnn_pf_vk.py", line 334, in <module>
    main()
  File "/global/homes/l/liuto/520project/transient-detection/cnn/jobs/run_cnn_pf_vk.py", line 327, in main
    train_model(train_imgs, train_labels, val_imgs, val_labels, OUTPUT_DIR, output_name)
  File "/global/homes/l/liuto/520project/transient-detection/cnn/jobs/run_cnn_pf_vk.py", line 205, in train_model
    callbacks=[checkpointer]
  File "/global/homes/l/liuto/.conda/envs/convNet/lib/python3.6/site-packages/keras/models.py", line 963, in fit
    validation_steps=validation_steps)
  File "/global/homes/l/liuto/.conda/envs/convNet/lib/python3.6/site-packages/keras/engine/training.py", line 1705, in fit
    validation_steps=validation_steps)
  File "/global/homes/l/liuto/.conda/envs/convNet/lib/python3.6/site-packages/keras/engine/training.py", line 1255, in _fit_loop
    callbacks.on_epoch_end(epoch, epoch_logs)
  File "/global/homes/l/liuto/.conda/envs/convNet/lib/python3.6/site-packages/keras/callbacks.py", line 77, in on_epoch_end
    callback.on_epoch_end(epoch, logs)
  File "/global/homes/l/liuto/.conda/envs/convNet/lib/python3.6/site-packages/keras/callbacks.py", line 447, in on_epoch_end
    self.model.save(filepath, overwrite=True)
  File "/global/homes/l/liuto/.conda/envs/convNet/lib/python3.6/site-packages/keras/engine/topology.py", line 2580, in save
    save_model(self, filepath, overwrite, include_optimizer)
  File "/global/homes/l/liuto/.conda/envs/convNet/lib/python3.6/site-packages/keras/models.py", line 106, in save_model
    with h5py.File(filepath, mode='w') as f:
  File "/global/homes/l/liuto/.conda/envs/convNet/lib/python3.6/site-packages/h5py/_hl/files.py", line 269, in __init__
    fid = make_fid(name, mode, userblock_size, fapl, swmr=swmr)
  File "/global/homes/l/liuto/.conda/envs/convNet/lib/python3.6/site-packages/h5py/_hl/files.py", line 105, in make_fid
    fid = h5f.create(name, h5f.ACC_TRUNC, fapl=fapl, fcpl=fcpl)
  File "h5py/_objects.pyx", line 54, in h5py._objects.with_phil.wrapper
  File "h5py/_objects.pyx", line 55, in h5py._objects.with_phil.wrapper
  File "h5py/h5f.pyx", line 98, in h5py.h5f.create
OSError: Unable to create file (unable to lock file, errno = 524, error message = 'Unknown error 524')
