INFO: activate-gcc_linux-64.sh made the following environmental changes:
+CC=/global/homes/l/liuto/.conda/envs/convNet/bin/x86_64-conda_cos6-linux-gnu-cc
+CFLAGS=-march=nocona -mtune=haswell -ftree-vectorize -fPIC -fstack-protector-strong -fno-plt -O2 -pipe
+CPP=/global/homes/l/liuto/.conda/envs/convNet/bin/x86_64-conda_cos6-linux-gnu-cpp
+CPPFLAGS=-DNDEBUG -D_FORTIFY_SOURCE=2 -O2
+DEBUG_CFLAGS=-march=nocona -mtune=haswell -ftree-vectorize -fPIC -fstack-protector-all -fno-plt -Og -g -Wall -Wextra -fvar-tracking-assignments -pipe
+DEBUG_CPPFLAGS=-D_DEBUG -D_FORTIFY_SOURCE=2 -Og
+GCC=/global/homes/l/liuto/.conda/envs/convNet/bin/x86_64-conda_cos6-linux-gnu-gcc
+GCC_AR=/global/homes/l/liuto/.conda/envs/convNet/bin/x86_64-conda_cos6-linux-gnu-gcc-ar
+GCC_NM=/global/homes/l/liuto/.conda/envs/convNet/bin/x86_64-conda_cos6-linux-gnu-gcc-nm
+GCC_RANLIB=/global/homes/l/liuto/.conda/envs/convNet/bin/x86_64-conda_cos6-linux-gnu-gcc-ranlib
+HOST=x86_64-conda_cos6-linux-gnu
+LDFLAGS=-Wl,-O2 -Wl,--sort-common -Wl,--as-needed -Wl,-z,relro -Wl,-z,now
+_PYTHON_SYSCONFIGDATA_NAME=_sysconfigdata_x86_64_conda_cos6_linux_gnu
-HOST=cori11
INFO: activate-binutils_linux-64.sh made the following environmental changes:
+ADDR2LINE=/global/homes/l/liuto/.conda/envs/convNet/bin/x86_64-conda_cos6-linux-gnu-addr2line
+AR=/global/homes/l/liuto/.conda/envs/convNet/bin/x86_64-conda_cos6-linux-gnu-ar
+AS=/global/homes/l/liuto/.conda/envs/convNet/bin/x86_64-conda_cos6-linux-gnu-as
+CXXFILT=/global/homes/l/liuto/.conda/envs/convNet/bin/x86_64-conda_cos6-linux-gnu-c++filt
+ELFEDIT=/global/homes/l/liuto/.conda/envs/convNet/bin/x86_64-conda_cos6-linux-gnu-elfedit
+GPROF=/global/homes/l/liuto/.conda/envs/convNet/bin/x86_64-conda_cos6-linux-gnu-gprof
+LD=/global/homes/l/liuto/.conda/envs/convNet/bin/x86_64-conda_cos6-linux-gnu-ld
+LD_GOLD=/global/homes/l/liuto/.conda/envs/convNet/bin/x86_64-conda_cos6-linux-gnu-ld.gold
+NM=/global/homes/l/liuto/.conda/envs/convNet/bin/x86_64-conda_cos6-linux-gnu-nm
+OBJCOPY=/global/homes/l/liuto/.conda/envs/convNet/bin/x86_64-conda_cos6-linux-gnu-objcopy
+OBJDUMP=/global/homes/l/liuto/.conda/envs/convNet/bin/x86_64-conda_cos6-linux-gnu-objdump
+RANLIB=/global/homes/l/liuto/.conda/envs/convNet/bin/x86_64-conda_cos6-linux-gnu-ranlib
+READELF=/global/homes/l/liuto/.conda/envs/convNet/bin/x86_64-conda_cos6-linux-gnu-readelf
+SIZE=/global/homes/l/liuto/.conda/envs/convNet/bin/x86_64-conda_cos6-linux-gnu-size
+STRINGS=/global/homes/l/liuto/.conda/envs/convNet/bin/x86_64-conda_cos6-linux-gnu-strings
+STRIP=/global/homes/l/liuto/.conda/envs/convNet/bin/x86_64-conda_cos6-linux-gnu-strip
INFO: activate-gxx_linux-64.sh made the following environmental changes:
+CXX=/global/homes/l/liuto/.conda/envs/convNet/bin/x86_64-conda_cos6-linux-gnu-c++
+CXXFLAGS=-fvisibility-inlines-hidden -std=c++17 -fmessage-length=0 -march=nocona -mtune=haswell -ftree-vectorize -fPIC -fstack-protector-strong -fno-plt -O2 -pipe
+DEBUG_CXXFLAGS=-fvisibility-inlines-hidden -std=c++17 -fmessage-length=0 -march=nocona -mtune=haswell -ftree-vectorize -fPIC -fstack-protector-all -fno-plt -Og -g -Wall -Wextra -fvar-tracking-assignments -pipe
+GXX=/global/homes/l/liuto/.conda/envs/convNet/bin/x86_64-conda_cos6-linux-gnu-g++
2018-04-18 22:54:33.045226: I tensorflow/core/platform/cpu_feature_guard.cc:140] Your CPU supports instructions that this TensorFlow binary was not compiled to use: SSE4.1 SSE4.2 AVX AVX2 FMA
Loading .npy files.
Selecting a random sample to train.
========================
=====Training model=====
========================
Compiling...
_________________________________________________________________
Layer (type)                 Output Shape              Param #   
=================================================================
conv2d_1 (Conv2D)            (None, 30, 30, 128)       1664      
_________________________________________________________________
conv2d_2 (Conv2D)            (None, 30, 30, 64)        131136    
_________________________________________________________________
dropout_1 (Dropout)          (None, 30, 30, 64)        0         
_________________________________________________________________
conv2d_3 (Conv2D)            (None, 30, 30, 32)        73760     
_________________________________________________________________
dropout_2 (Dropout)          (None, 30, 30, 32)        0         
_________________________________________________________________
conv2d_4 (Conv2D)            (None, 30, 30, 64)        32832     
_________________________________________________________________
dropout_3 (Dropout)          (None, 30, 30, 64)        0         
_________________________________________________________________
conv2d_5 (Conv2D)            (None, 30, 30, 128)       32896     
_________________________________________________________________
dropout_4 (Dropout)          (None, 30, 30, 128)       0         
_________________________________________________________________
flatten_1 (Flatten)          (None, 115200)            0         
_________________________________________________________________
dense_1 (Dense)              (None, 32)                3686432   
_________________________________________________________________
dropout_5 (Dropout)          (None, 32)                0         
_________________________________________________________________
dense_2 (Dense)              (None, 1)                 33        
=================================================================
Total params: 3,958,753
Trainable params: 3,958,753
Non-trainable params: 0
_________________________________________________________________
Not using data augmentation.
Train on 12511 samples, validate on 5363 samples
Epoch 1/20

   48/12511 [..............................] - ETA: 8:55 - loss: 0.9355 - acc: 0.7500
   96/12511 [..............................] - ETA: 6:32 - loss: 1.0418 - acc: 0.7188
  144/12511 [..............................] - ETA: 5:40 - loss: 1.0570 - acc: 0.7153
  192/12511 [..............................] - ETA: 5:16 - loss: 1.0115 - acc: 0.6562
  240/12511 [..............................] - ETA: 4:49 - loss: 1.0266 - acc: 0.6708
  288/12511 [..............................] - ETA: 4:36 - loss: 1.0266 - acc: 0.6875
  336/12511 [..............................] - ETA: 4:22 - loss: 1.0136 - acc: 0.7083
  384/12511 [..............................] - ETA: 4:15 - loss: 1.0076 - acc: 0.7214
  432/12511 [>.............................] - ETA: 4:10 - loss: 1.0266 - acc: 0.7153
  480/12511 [>.............................] - ETA: 4:07 - loss: 1.0357 - acc: 0.7146
  528/12511 [>.............................] - ETA: 4:02 - loss: 1.0376 - acc: 0.7178
  576/12511 [>.............................] - ETA: 4:02 - loss: 1.0418 - acc: 0.7187
  624/12511 [>.............................] - ETA: 3:57 - loss: 1.0406 - acc: 0.7228
  672/12511 [>.............................] - ETA: 3:56 - loss: 1.0374 - acc: 0.7277
  720/12511 [>.............................] - ETA: 3:52 - loss: 1.0306 - acc: 0.7347
  768/12511 [>.............................] - ETA: 3:49 - loss: 1.0304 - acc: 0.7370
  816/12511 [>.............................] - ETA: 3:46 - loss: 1.0373 - acc: 0.7341
  864/12511 [=>............................] - ETA: 3:45 - loss: 1.0418 - acc: 0.7326
  912/12511 [=>............................] - ETA: 3:43 - loss: 1.0394 - acc: 0.7357
  960/12511 [=>............................] - ETA: 3:43 - loss: 1.0372 - acc: 0.7385
 1008/12511 [=>............................] - ETA: 3:42 - loss: 1.0367 - acc: 0.7401
 1056/12511 [=>............................] - ETA: 3:41 - loss: 1.0321 - acc: 0.7443
 1104/12511 [=>............................] - ETA: 3:41 - loss: 1.0278 - acc: 0.7482
 1152/12511 [=>............................] - ETA: 3:39 - loss: 1.0278 - acc: 0.7491
 1200/12511 [=>............................] - ETA: 3:36 - loss: 1.0277 - acc: 0.7500
 1248/12511 [=>............................] - ETA: 3:34 - loss: 1.0347 - acc: 0.7460
 1296/12511 [==>...........................] - ETA: 3:32 - loss: 1.0435 - acc: 0.7407
 1344/12511 [==>...........................] - ETA: 3:30 - loss: 1.0342 - acc: 0.7478
 1392/12511 [==>...........................] - ETA: 3:29 - loss: 1.0297 - acc: 0.7514
 1440/12511 [==>...........................] - ETA: 3:29 - loss: 1.0337 - acc: 0.7493
 1488/12511 [==>...........................] - ETA: 3:27 - loss: 1.0325 - acc: 0.7507
 1536/12511 [==>...........................] - ETA: 3:25 - loss: 1.0313 - acc: 0.7520
 1584/12511 [==>...........................] - ETA: 3:24 - loss: 1.0367 - acc: 0.7487
 1632/12511 [==>...........................] - ETA: 3:23 - loss: 1.0355 - acc: 0.7500
 1680/12511 [===>..........................] - ETA: 3:21 - loss: 1.0361 - acc: 0.7500
 1728/12511 [===>..........................] - ETA: 3:21 - loss: 1.0367 - acc: 0.7500
 1776/12511 [===>..........................] - ETA: 3:20 - loss: 1.0397 - acc: 0.7483
 1824/12511 [===>..........................] - ETA: 3:19 - loss: 1.0402 - acc: 0.7484
 1872/12511 [===>..........................] - ETA: 3:18 - loss: 1.0359 - acc: 0.7516
 1920/12511 [===>..........................] - ETA: 3:17 - loss: 1.0357 - acc: 0.7521
 1968/12511 [===>..........................] - ETA: 3:16 - loss: 1.0347 - acc: 0.7530
 2016/12511 [===>..........................] - ETA: 3:14 - loss: 1.0352 - acc: 0.7530
 2064/12511 [===>..........................] - ETA: 3:13 - loss: 1.0372 - acc: 0.7519
 2112/12511 [====>.........................] - ETA: 3:12 - loss: 1.0362 - acc: 0.7528
 2160/12511 [====>.........................] - ETA: 3:11 - loss: 1.0353 - acc: 0.7537
 2208/12511 [====>.........................] - ETA: 3:09 - loss: 1.0385 - acc: 0.7518
 2256/12511 [====>.........................] - ETA: 3:08 - loss: 1.0369 - acc: 0.7531
 2304/12511 [====>.........................] - ETA: 3:07 - loss: 1.0328 - acc: 0.7561
 2352/12511 [====>.........................] - ETA: 3:06 - loss: 1.0315 - acc: 0.7572
 2400/12511 [====>.........................] - ETA: 3:05 - loss: 1.0301 - acc: 0.7583
 2448/12511 [====>.........................] - ETA: 3:04 - loss: 1.0306 - acc: 0.7582
 2496/12511 [====>.........................] - ETA: 3:03 - loss: 1.0300 - acc: 0.7588
 2544/12511 [=====>........................] - ETA: 3:02 - loss: 1.0293 - acc: 0.7594
 2592/12511 [=====>........................] - ETA: 3:01 - loss: 1.0275 - acc: 0.7608
 2640/12511 [=====>........................] - ETA: 3:00 - loss: 1.0275 - acc: 0.7610
 2688/12511 [=====>........................] - ETA: 2:59 - loss: 1.0286 - acc: 0.7604
 2736/12511 [=====>........................] - ETA: 2:58 - loss: 1.0296 - acc: 0.7599
 2784/12511 [=====>........................] - ETA: 2:57 - loss: 1.0333 - acc: 0.7575
 2832/12511 [=====>........................] - ETA: 2:56 - loss: 1.0332 - acc: 0.7578
 2880/12511 [=====>........................] - ETA: 2:55 - loss: 1.0331 - acc: 0.7580
 2928/12511 [======>.......................] - ETA: 2:54 - loss: 1.0319 - acc: 0.7589
 2976/12511 [======>.......................] - ETA: 2:53 - loss: 1.0333 - acc: 0.7581
 3024/12511 [======>.......................] - ETA: 2:52 - loss: 1.0332 - acc: 0.7583
 3072/12511 [======>.......................] - ETA: 2:51 - loss: 1.0336 - acc: 0.7581
 3120/12511 [======>.......................] - ETA: 2:50 - loss: 1.0363 - acc: 0.7564
 3168/12511 [======>.......................] - ETA: 2:49 - loss: 1.0371 - acc: 0.7560
 3216/12511 [======>.......................] - ETA: 2:48 - loss: 1.0374 - acc: 0.7559
 3264/12511 [======>.......................] - ETA: 2:48 - loss: 1.0381 - acc: 0.7555
 3312/12511 [======>.......................] - ETA: 2:46 - loss: 1.0380 - acc: 0.7557
 3360/12511 [=======>......................] - ETA: 2:45 - loss: 1.0387 - acc: 0.7554
 3408/12511 [=======>......................] - ETA: 2:45 - loss: 1.0394 - acc: 0.7550
 3456/12511 [=======>......................] - ETA: 2:44 - loss: 1.0370 - acc: 0.7567
 3504/12511 [=======>......................] - ETA: 2:43 - loss: 1.0369 - acc: 0.7568
 3552/12511 [=======>......................] - ETA: 2:42 - loss: 1.0376 - acc: 0.7565
 3600/12511 [=======>......................] - ETA: 2:41 - loss: 1.0370 - acc: 0.7569
 3648/12511 [=======>......................] - ETA: 2:40 - loss: 1.0377 - acc: 0.7566
 3696/12511 [=======>......................] - ETA: 2:39 - loss: 1.0391 - acc: 0.7557
 3744/12511 [=======>......................] - ETA: 2:38 - loss: 1.0378 - acc: 0.7567
 3792/12511 [========>.....................] - ETA: 2:37 - loss: 1.0376 - acc: 0.7569
 3840/12511 [========>.....................] - ETA: 2:36 - loss: 1.0390 - acc: 0.7560
 3888/12511 [========>.....................] - ETA: 2:36 - loss: 1.0408 - acc: 0.7549
 3936/12511 [========>.....................] - ETA: 2:35 - loss: 1.0425 - acc: 0.7538
 3984/12511 [========>.....................] - ETA: 2:34 - loss: 1.0415 - acc: 0.7545
 4032/12511 [========>.....................] - ETA: 2:33 - loss: 1.0417 - acc: 0.7545
 4080/12511 [========>.....................] - ETA: 2:32 - loss: 1.0412 - acc: 0.7549
 4128/12511 [========>.....................] - ETA: 2:31 - loss: 1.0403 - acc: 0.7556
 4176/12511 [=========>....................] - ETA: 2:30 - loss: 1.0394 - acc: 0.7562
 4224/12511 [=========>....................] - ETA: 2:30 - loss: 1.0396 - acc: 0.7562
 4272/12511 [=========>....................] - ETA: 2:29 - loss: 1.0405 - acc: 0.7556
 4320/12511 [=========>....................] - ETA: 2:28 - loss: 1.0400 - acc: 0.7560
 4368/12511 [=========>....................] - ETA: 2:27 - loss: 1.0398 - acc: 0.7562
 4416/12511 [=========>....................] - ETA: 2:26 - loss: 1.0397 - acc: 0.7563
 4464/12511 [=========>....................] - ETA: 2:25 - loss: 1.0405 - acc: 0.7558
 4512/12511 [=========>....................] - ETA: 2:23 - loss: 1.0427 - acc: 0.7544
 4560/12511 [=========>....................] - ETA: 2:23 - loss: 1.0428 - acc: 0.7544
 4608/12511 [==========>...................] - ETA: 2:22 - loss: 1.0439 - acc: 0.7537
 4656/12511 [==========>...................] - ETA: 2:21 - loss: 1.0425 - acc: 0.7547
 4704/12511 [==========>...................] - ETA: 2:20 - loss: 1.0420 - acc: 0.7551
 4752/12511 [==========>...................] - ETA: 2:19 - loss: 1.0418 - acc: 0.7553
 4800/12511 [==========>...................] - ETA: 2:18 - loss: 1.0426 - acc: 0.7548
 4848/12511 [==========>...................] - ETA: 2:17 - loss: 1.0440 - acc: 0.7539
 4896/12511 [==========>...................] - ETA: 2:17 - loss: 1.0423 - acc: 0.7551
 4944/12511 [==========>...................] - ETA: 2:16 - loss: 1.0424 - acc: 0.7551
 4992/12511 [==========>...................] - ETA: 2:15 - loss: 1.0420 - acc: 0.7554
 5040/12511 [===========>..................] - ETA: 2:14 - loss: 1.0412 - acc: 0.7560
 5088/12511 [===========>..................] - ETA: 2:13 - loss: 1.0397 - acc: 0.7571
 5136/12511 [===========>..................] - ETA: 2:12 - loss: 1.0398 - acc: 0.7570
 5184/12511 [===========>..................] - ETA: 2:11 - loss: 1.0391 - acc: 0.7575
 5232/12511 [===========>..................] - ETA: 2:10 - loss: 1.0384 - acc: 0.7580
 5280/12511 [===========>..................] - ETA: 2:10 - loss: 1.0394 - acc: 0.7574
 5328/12511 [===========>..................] - ETA: 2:09 - loss: 1.0393 - acc: 0.7575
 5376/12511 [===========>..................] - ETA: 2:08 - loss: 1.0406 - acc: 0.7567
 5424/12511 [============>.................] - ETA: 2:07 - loss: 1.0402 - acc: 0.7570
 5472/12511 [============>.................] - ETA: 2:06 - loss: 1.0417 - acc: 0.7560
 5520/12511 [============>.................] - ETA: 2:05 - loss: 1.0437 - acc: 0.7547
 5568/12511 [============>.................] - ETA: 2:04 - loss: 1.0430 - acc: 0.7552
 5616/12511 [============>.................] - ETA: 2:04 - loss: 1.0434 - acc: 0.7550
 5664/12511 [============>.................] - ETA: 2:03 - loss: 1.0437 - acc: 0.7548
 5712/12511 [============>.................] - ETA: 2:02 - loss: 1.0433 - acc: 0.7551
 5760/12511 [============>.................] - ETA: 2:01 - loss: 1.0427 - acc: 0.7556
 5808/12511 [============>.................] - ETA: 2:00 - loss: 1.0418 - acc: 0.7562
 5856/12511 [=============>................] - ETA: 1:59 - loss: 1.0427 - acc: 0.7556
 5904/12511 [=============>................] - ETA: 1:58 - loss: 1.0440 - acc: 0.7547
 5952/12511 [=============>................] - ETA: 1:57 - loss: 1.0439 - acc: 0.7549
 6000/12511 [=============>................] - ETA: 1:56 - loss: 1.0437 - acc: 0.7550
 6048/12511 [=============>................] - ETA: 1:55 - loss: 1.0438 - acc: 0.7550
 6096/12511 [=============>................] - ETA: 1:55 - loss: 1.0444 - acc: 0.7546
 6144/12511 [=============>................] - ETA: 1:54 - loss: 1.0440 - acc: 0.7549
 6192/12511 [=============>................] - ETA: 1:53 - loss: 1.0444 - acc: 0.7547
 6240/12511 [=============>................] - ETA: 1:52 - loss: 1.0445 - acc: 0.7546
 6288/12511 [==============>...............] - ETA: 1:51 - loss: 1.0441 - acc: 0.7549
 6336/12511 [==============>...............] - ETA: 1:50 - loss: 1.0449 - acc: 0.7544
 6384/12511 [==============>...............] - ETA: 1:49 - loss: 1.0445 - acc: 0.7547
 6432/12511 [==============>...............] - ETA: 1:48 - loss: 1.0442 - acc: 0.7550
 6480/12511 [==============>...............] - ETA: 1:47 - loss: 1.0443 - acc: 0.7549
 6528/12511 [==============>...............] - ETA: 1:46 - loss: 1.0441 - acc: 0.7551
 6576/12511 [==============>...............] - ETA: 1:46 - loss: 1.0453 - acc: 0.7543
 6624/12511 [==============>...............] - ETA: 1:45 - loss: 1.0443 - acc: 0.7550
 6672/12511 [==============>...............] - ETA: 1:44 - loss: 1.0446 - acc: 0.7548
 6720/12511 [===============>..............] - ETA: 1:43 - loss: 1.0454 - acc: 0.7543
 6768/12511 [===============>..............] - ETA: 1:42 - loss: 1.0461 - acc: 0.7538
 6816/12511 [===============>..............] - ETA: 1:41 - loss: 1.0466 - acc: 0.7540
 6864/12511 [===============>..............] - ETA: 1:41 - loss: 1.0467 - acc: 0.7525
 6912/12511 [===============>..............] - ETA: 1:40 - loss: 1.0465 - acc: 0.7519
 6960/12511 [===============>..............] - ETA: 1:39 - loss: 1.0462 - acc: 0.7516
 7008/12511 [===============>..............] - ETA: 1:38 - loss: 1.0469 - acc: 0.7520
 7056/12511 [===============>..............] - ETA: 1:37 - loss: 1.0467 - acc: 0.7517
 7104/12511 [================>.............] - ETA: 1:36 - loss: 1.0470 - acc: 0.7507
 7152/12511 [================>.............] - ETA: 1:35 - loss: 1.0462 - acc: 0.7486
 7200/12511 [================>.............] - ETA: 1:34 - loss: 1.0457 - acc: 0.7489
 7248/12511 [================>.............] - ETA: 1:34 - loss: 1.0462 - acc: 0.7486
 7296/12511 [================>.............] - ETA: 1:33 - loss: 1.0467 - acc: 0.7485
 7344/12511 [================>.............] - ETA: 1:32 - loss: 1.0461 - acc: 0.7482
 7392/12511 [================>.............] - ETA: 1:31 - loss: 1.0456 - acc: 0.7484
 7440/12511 [================>.............] - ETA: 1:30 - loss: 1.0465 - acc: 0.7478
 7488/12511 [================>.............] - ETA: 1:29 - loss: 1.0471 - acc: 0.7479
 7536/12511 [=================>............] - ETA: 1:29 - loss: 1.0468 - acc: 0.7468
 7584/12511 [=================>............] - ETA: 1:28 - loss: 1.0461 - acc: 0.7470
 7632/12511 [=================>............] - ETA: 1:27 - loss: 1.0459 - acc: 0.7472
 7680/12511 [=================>............] - ETA: 1:26 - loss: 1.0456 - acc: 0.7475
 7728/12511 [=================>............] - ETA: 1:25 - loss: 1.0448 - acc: 0.7482
 7776/12511 [=================>............] - ETA: 1:24 - loss: 1.0460 - acc: 0.7474
 7824/12511 [=================>............] - ETA: 1:23 - loss: 1.0468 - acc: 0.7469
 7872/12511 [=================>............] - ETA: 1:23 - loss: 1.0470 - acc: 0.7470
 7920/12511 [=================>............] - ETA: 1:22 - loss: 1.0473 - acc: 0.7465
 7968/12511 [==================>...........] - ETA: 1:21 - loss: 1.0471 - acc: 0.7444
 8016/12511 [==================>...........] - ETA: 1:20 - loss: 1.0466 - acc: 0.7436
 8064/12511 [==================>...........] - ETA: 1:19 - loss: 1.0463 - acc: 0.7436
 8112/12511 [==================>...........] - ETA: 1:18 - loss: 1.0459 - acc: 0.7441
 8160/12511 [==================>...........] - ETA: 1:17 - loss: 1.0461 - acc: 0.7440
 8208/12511 [==================>...........] - ETA: 1:17 - loss: 1.0458 - acc: 0.7444
 8256/12511 [==================>...........] - ETA: 1:16 - loss: 1.0460 - acc: 0.7443
 8304/12511 [==================>...........] - ETA: 1:15 - loss: 1.0465 - acc: 0.7440
 8352/12511 [===================>..........] - ETA: 1:14 - loss: 1.0456 - acc: 0.7449
 8400/12511 [===================>..........] - ETA: 1:13 - loss: 1.0454 - acc: 0.7451
 8448/12511 [===================>..........] - ETA: 1:12 - loss: 1.0452 - acc: 0.7453
 8496/12511 [===================>..........] - ETA: 1:11 - loss: 1.0451 - acc: 0.7454
 8544/12511 [===================>..........] - ETA: 1:11 - loss: 1.0450 - acc: 0.7456
 8592/12511 [===================>..........] - ETA: 1:10 - loss: 1.0448 - acc: 0.7458
 8640/12511 [===================>..........] - ETA: 1:09 - loss: 1.0457 - acc: 0.7453
 8688/12511 [===================>..........] - ETA: 1:08 - loss: 1.0461 - acc: 0.7451
 8736/12511 [===================>..........] - ETA: 1:07 - loss: 1.0465 - acc: 0.7450
 8784/12511 [====================>.........] - ETA: 1:06 - loss: 1.0463 - acc: 0.7458
 8832/12511 [====================>.........] - ETA: 1:06 - loss: 1.0477 - acc: 0.7452
 8880/12511 [====================>.........] - ETA: 1:05 - loss: 1.0478 - acc: 0.7427
 8928/12511 [====================>.........] - ETA: 1:04 - loss: 1.0475 - acc: 0.7400
 8976/12511 [====================>.........] - ETA: 1:03 - loss: 1.0461 - acc: 0.7373
 9024/12511 [====================>.........] - ETA: 1:02 - loss: 1.0466 - acc: 0.7370
 9072/12511 [====================>.........] - ETA: 1:01 - loss: 1.0460 - acc: 0.7368
 9120/12511 [====================>.........] - ETA: 1:00 - loss: 1.0456 - acc: 0.7372
 9168/12511 [====================>.........] - ETA: 59s - loss: 1.0455 - acc: 0.7373 
 9216/12511 [=====================>........] - ETA: 59s - loss: 1.0456 - acc: 0.7374
 9264/12511 [=====================>........] - ETA: 58s - loss: 1.0453 - acc: 0.7377
 9312/12511 [=====================>........] - ETA: 57s - loss: 1.0458 - acc: 0.7374
 9360/12511 [=====================>........] - ETA: 56s - loss: 1.0456 - acc: 0.7377
 9408/12511 [=====================>........] - ETA: 55s - loss: 1.0452 - acc: 0.7381
 9456/12511 [=====================>........] - ETA: 54s - loss: 1.0454 - acc: 0.7380
 9504/12511 [=====================>........] - ETA: 53s - loss: 1.0456 - acc: 0.7380
 9552/12511 [=====================>........] - ETA: 53s - loss: 1.0455 - acc: 0.7382
 9600/12511 [======================>.......] - ETA: 52s - loss: 1.0463 - acc: 0.7377
 9648/12511 [======================>.......] - ETA: 51s - loss: 1.0464 - acc: 0.7378
 9696/12511 [======================>.......] - ETA: 50s - loss: 1.0464 - acc: 0.7378
 9744/12511 [======================>.......] - ETA: 49s - loss: 1.0462 - acc: 0.7382
 9792/12511 [======================>.......] - ETA: 48s - loss: 1.0468 - acc: 0.7377
 9840/12511 [======================>.......] - ETA: 47s - loss: 1.0470 - acc: 0.7377
 9888/12511 [======================>.......] - ETA: 46s - loss: 1.0472 - acc: 0.7376
 9936/12511 [======================>.......] - ETA: 46s - loss: 1.0468 - acc: 0.7371
 9984/12511 [======================>.......] - ETA: 45s - loss: 1.0463 - acc: 0.7375
10032/12511 [=======================>......] - ETA: 44s - loss: 1.0467 - acc: 0.7373
10080/12511 [=======================>......] - ETA: 43s - loss: 1.0471 - acc: 0.7372
10128/12511 [=======================>......] - ETA: 42s - loss: 1.0464 - acc: 0.7374
10176/12511 [=======================>......] - ETA: 41s - loss: 1.0466 - acc: 0.7377
10224/12511 [=======================>......] - ETA: 40s - loss: 1.0462 - acc: 0.7383
10272/12511 [=======================>......] - ETA: 40s - loss: 1.0463 - acc: 0.7383
10320/12511 [=======================>......] - ETA: 39s - loss: 1.0465 - acc: 0.7383
10368/12511 [=======================>......] - ETA: 38s - loss: 1.0469 - acc: 0.7380
10416/12511 [=======================>......] - ETA: 37s - loss: 1.0468 - acc: 0.7380
10464/12511 [========================>.....] - ETA: 36s - loss: 1.0472 - acc: 0.7386
10512/12511 [========================>.....] - ETA: 35s - loss: 1.0466 - acc: 0.7383
10560/12511 [========================>.....] - ETA: 34s - loss: 1.0461 - acc: 0.7387
10608/12511 [========================>.....] - ETA: 34s - loss: 1.0463 - acc: 0.7387
10656/12511 [========================>.....] - ETA: 33s - loss: 1.0458 - acc: 0.7391
10704/12511 [========================>.....] - ETA: 32s - loss: 1.0463 - acc: 0.7389
10752/12511 [========================>.....] - ETA: 31s - loss: 1.0456 - acc: 0.7395
10800/12511 [========================>.....] - ETA: 30s - loss: 1.0457 - acc: 0.7395
10848/12511 [=========================>....] - ETA: 29s - loss: 1.0459 - acc: 0.7395
10896/12511 [=========================>....] - ETA: 28s - loss: 1.0464 - acc: 0.7392
10944/12511 [=========================>....] - ETA: 28s - loss: 1.0464 - acc: 0.7393
10992/12511 [=========================>....] - ETA: 27s - loss: 1.0460 - acc: 0.7397
11040/12511 [=========================>....] - ETA: 26s - loss: 1.0458 - acc: 0.7399
11088/12511 [=========================>....] - ETA: 25s - loss: 1.0458 - acc: 0.7400
11136/12511 [=========================>....] - ETA: 24s - loss: 1.0467 - acc: 0.7395
11184/12511 [=========================>....] - ETA: 23s - loss: 1.0468 - acc: 0.7399
11232/12511 [=========================>....] - ETA: 22s - loss: 1.0465 - acc: 0.7403
11280/12511 [==========================>...] - ETA: 22s - loss: 1.0460 - acc: 0.7410
11328/12511 [==========================>...] - ETA: 21s - loss: 1.0464 - acc: 0.7408
11376/12511 [==========================>...] - ETA: 20s - loss: 1.0460 - acc: 0.7412
11424/12511 [==========================>...] - ETA: 19s - loss: 1.0460 - acc: 0.7412
11472/12511 [==========================>...] - ETA: 18s - loss: 1.0461 - acc: 0.7414
11520/12511 [==========================>...] - ETA: 17s - loss: 1.0458 - acc: 0.7416
11568/12511 [==========================>...] - ETA: 16s - loss: 1.0459 - acc: 0.7416
11616/12511 [==========================>...] - ETA: 15s - loss: 1.0461 - acc: 0.7416
11664/12511 [==========================>...] - ETA: 15s - loss: 1.0465 - acc: 0.7413
11712/12511 [===========================>..] - ETA: 14s - loss: 1.0470 - acc: 0.7413
11760/12511 [===========================>..] - ETA: 13s - loss: 1.0471 - acc: 0.7418
11808/12511 [===========================>..] - ETA: 12s - loss: 1.0476 - acc: 0.7416
11856/12511 [===========================>..] - ETA: 11s - loss: 1.0473 - acc: 0.7406
11904/12511 [===========================>..] - ETA: 10s - loss: 1.0475 - acc: 0.7403
11952/12511 [===========================>..] - ETA: 9s - loss: 1.0472 - acc: 0.7391 
12000/12511 [===========================>..] - ETA: 9s - loss: 1.0476 - acc: 0.7385
12048/12511 [===========================>..] - ETA: 8s - loss: 1.0476 - acc: 0.7374
12096/12511 [============================>.] - ETA: 7s - loss: 1.0474 - acc: 0.7364
12144/12511 [============================>.] - ETA: 6s - loss: 1.0477 - acc: 0.7365
12192/12511 [============================>.] - ETA: 5s - loss: 1.0476 - acc: 0.7351
12240/12511 [============================>.] - ETA: 4s - loss: 1.0481 - acc: 0.7344
12288/12511 [============================>.] - ETA: 3s - loss: 1.0478 - acc: 0.7323
12336/12511 [============================>.] - ETA: 3s - loss: 1.0474 - acc: 0.7310
12384/12511 [============================>.] - ETA: 2s - loss: 1.0481 - acc: 0.7310
12432/12511 [============================>.] - ETA: 1s - loss: 1.0478 - acc: 0.7292
12480/12511 [============================>.] - ETA: 0s - loss: 1.0479 - acc: 0.7282
12511/12511 [==============================] - 235s 19ms/step - loss: 1.0479 - acc: 0.7271 - val_loss: 0.5459 - val_acc: 0.7572
/global/homes/l/liuto/.conda/envs/convNet/lib/python3.6/site-packages/h5py/__init__.py:36: FutureWarning: Conversion of the second argument of issubdtype from `float` to `np.floating` is deprecated. In future, it will be treated as `np.float64 == np.dtype(float).type`.
  from ._conv import register_converters as _register_converters
Using TensorFlow backend.
Traceback (most recent call last):
  File "/global/homes/l/liuto/520project/transient-detection/cnn/jobs/run_cnn_vf_pk.py", line 334, in <module>
    main()
  File "/global/homes/l/liuto/520project/transient-detection/cnn/jobs/run_cnn_vf_pk.py", line 327, in main
    train_model(train_imgs, train_labels, val_imgs, val_labels, OUTPUT_DIR, output_name)
  File "/global/homes/l/liuto/520project/transient-detection/cnn/jobs/run_cnn_vf_pk.py", line 205, in train_model
    callbacks=[checkpointer]
  File "/global/homes/l/liuto/.conda/envs/convNet/lib/python3.6/site-packages/keras/models.py", line 963, in fit
    validation_steps=validation_steps)
  File "/global/homes/l/liuto/.conda/envs/convNet/lib/python3.6/site-packages/keras/engine/training.py", line 1705, in fit
    validation_steps=validation_steps)
  File "/global/homes/l/liuto/.conda/envs/convNet/lib/python3.6/site-packages/keras/engine/training.py", line 1255, in _fit_loop
    callbacks.on_epoch_end(epoch, epoch_logs)
  File "/global/homes/l/liuto/.conda/envs/convNet/lib/python3.6/site-packages/keras/callbacks.py", line 77, in on_epoch_end
    callback.on_epoch_end(epoch, logs)
  File "/global/homes/l/liuto/.conda/envs/convNet/lib/python3.6/site-packages/keras/callbacks.py", line 447, in on_epoch_end
    self.model.save(filepath, overwrite=True)
  File "/global/homes/l/liuto/.conda/envs/convNet/lib/python3.6/site-packages/keras/engine/topology.py", line 2580, in save
    save_model(self, filepath, overwrite, include_optimizer)
  File "/global/homes/l/liuto/.conda/envs/convNet/lib/python3.6/site-packages/keras/models.py", line 106, in save_model
    with h5py.File(filepath, mode='w') as f:
  File "/global/homes/l/liuto/.conda/envs/convNet/lib/python3.6/site-packages/h5py/_hl/files.py", line 269, in __init__
    fid = make_fid(name, mode, userblock_size, fapl, swmr=swmr)
  File "/global/homes/l/liuto/.conda/envs/convNet/lib/python3.6/site-packages/h5py/_hl/files.py", line 105, in make_fid
    fid = h5f.create(name, h5f.ACC_TRUNC, fapl=fapl, fcpl=fcpl)
  File "h5py/_objects.pyx", line 54, in h5py._objects.with_phil.wrapper
  File "h5py/_objects.pyx", line 55, in h5py._objects.with_phil.wrapper
  File "h5py/h5f.pyx", line 98, in h5py.h5f.create
OSError: Unable to create file (unable to lock file, errno = 524, error message = 'Unknown error 524')
