INFO: activate-gcc_linux-64.sh made the following environmental changes:
+CC=/global/homes/l/liuto/.conda/envs/convNet/bin/x86_64-conda_cos6-linux-gnu-cc
+CFLAGS=-march=nocona -mtune=haswell -ftree-vectorize -fPIC -fstack-protector-strong -fno-plt -O2 -pipe
+CPP=/global/homes/l/liuto/.conda/envs/convNet/bin/x86_64-conda_cos6-linux-gnu-cpp
+CPPFLAGS=-DNDEBUG -D_FORTIFY_SOURCE=2 -O2
+DEBUG_CFLAGS=-march=nocona -mtune=haswell -ftree-vectorize -fPIC -fstack-protector-all -fno-plt -Og -g -Wall -Wextra -fvar-tracking-assignments -pipe
+DEBUG_CPPFLAGS=-D_DEBUG -D_FORTIFY_SOURCE=2 -Og
+GCC=/global/homes/l/liuto/.conda/envs/convNet/bin/x86_64-conda_cos6-linux-gnu-gcc
+GCC_AR=/global/homes/l/liuto/.conda/envs/convNet/bin/x86_64-conda_cos6-linux-gnu-gcc-ar
+GCC_NM=/global/homes/l/liuto/.conda/envs/convNet/bin/x86_64-conda_cos6-linux-gnu-gcc-nm
+GCC_RANLIB=/global/homes/l/liuto/.conda/envs/convNet/bin/x86_64-conda_cos6-linux-gnu-gcc-ranlib
+HOST=x86_64-conda_cos6-linux-gnu
+LDFLAGS=-Wl,-O2 -Wl,--sort-common -Wl,--as-needed -Wl,-z,relro -Wl,-z,now
+_PYTHON_SYSCONFIGDATA_NAME=_sysconfigdata_x86_64_conda_cos6_linux_gnu
-HOST=cori02
INFO: activate-binutils_linux-64.sh made the following environmental changes:
+ADDR2LINE=/global/homes/l/liuto/.conda/envs/convNet/bin/x86_64-conda_cos6-linux-gnu-addr2line
+AR=/global/homes/l/liuto/.conda/envs/convNet/bin/x86_64-conda_cos6-linux-gnu-ar
+AS=/global/homes/l/liuto/.conda/envs/convNet/bin/x86_64-conda_cos6-linux-gnu-as
+CXXFILT=/global/homes/l/liuto/.conda/envs/convNet/bin/x86_64-conda_cos6-linux-gnu-c++filt
+ELFEDIT=/global/homes/l/liuto/.conda/envs/convNet/bin/x86_64-conda_cos6-linux-gnu-elfedit
+GPROF=/global/homes/l/liuto/.conda/envs/convNet/bin/x86_64-conda_cos6-linux-gnu-gprof
+LD=/global/homes/l/liuto/.conda/envs/convNet/bin/x86_64-conda_cos6-linux-gnu-ld
+LD_GOLD=/global/homes/l/liuto/.conda/envs/convNet/bin/x86_64-conda_cos6-linux-gnu-ld.gold
+NM=/global/homes/l/liuto/.conda/envs/convNet/bin/x86_64-conda_cos6-linux-gnu-nm
+OBJCOPY=/global/homes/l/liuto/.conda/envs/convNet/bin/x86_64-conda_cos6-linux-gnu-objcopy
+OBJDUMP=/global/homes/l/liuto/.conda/envs/convNet/bin/x86_64-conda_cos6-linux-gnu-objdump
+RANLIB=/global/homes/l/liuto/.conda/envs/convNet/bin/x86_64-conda_cos6-linux-gnu-ranlib
+READELF=/global/homes/l/liuto/.conda/envs/convNet/bin/x86_64-conda_cos6-linux-gnu-readelf
+SIZE=/global/homes/l/liuto/.conda/envs/convNet/bin/x86_64-conda_cos6-linux-gnu-size
+STRINGS=/global/homes/l/liuto/.conda/envs/convNet/bin/x86_64-conda_cos6-linux-gnu-strings
+STRIP=/global/homes/l/liuto/.conda/envs/convNet/bin/x86_64-conda_cos6-linux-gnu-strip
INFO: activate-gxx_linux-64.sh made the following environmental changes:
+CXX=/global/homes/l/liuto/.conda/envs/convNet/bin/x86_64-conda_cos6-linux-gnu-c++
+CXXFLAGS=-fvisibility-inlines-hidden -std=c++17 -fmessage-length=0 -march=nocona -mtune=haswell -ftree-vectorize -fPIC -fstack-protector-strong -fno-plt -O2 -pipe
+DEBUG_CXXFLAGS=-fvisibility-inlines-hidden -std=c++17 -fmessage-length=0 -march=nocona -mtune=haswell -ftree-vectorize -fPIC -fstack-protector-all -fno-plt -Og -g -Wall -Wextra -fvar-tracking-assignments -pipe
+GXX=/global/homes/l/liuto/.conda/envs/convNet/bin/x86_64-conda_cos6-linux-gnu-g++
2018-04-18 20:47:44.076712: I tensorflow/core/platform/cpu_feature_guard.cc:140] Your CPU supports instructions that this TensorFlow binary was not compiled to use: SSE4.1 SSE4.2 AVX AVX2 FMA
Loading .npy files.
Selecting a random sample to train.
========================
=====Training model=====
========================
Compiling...
_________________________________________________________________
Layer (type)                 Output Shape              Param #   
=================================================================
conv2d_1 (Conv2D)            (None, 30, 30, 128)       13952     
_________________________________________________________________
conv2d_2 (Conv2D)            (None, 30, 30, 64)        73792     
_________________________________________________________________
dropout_1 (Dropout)          (None, 30, 30, 64)        0         
_________________________________________________________________
conv2d_3 (Conv2D)            (None, 30, 30, 64)        36928     
_________________________________________________________________
dropout_2 (Dropout)          (None, 30, 30, 64)        0         
_________________________________________________________________
conv2d_4 (Conv2D)            (None, 30, 30, 32)        8224      
_________________________________________________________________
dropout_3 (Dropout)          (None, 30, 30, 32)        0         
_________________________________________________________________
flatten_1 (Flatten)          (None, 28800)             0         
_________________________________________________________________
dense_1 (Dense)              (None, 32)                921632    
_________________________________________________________________
dropout_4 (Dropout)          (None, 32)                0         
_________________________________________________________________
dense_2 (Dense)              (None, 1)                 33        
=================================================================
Total params: 1,054,561
Trainable params: 1,054,561
Non-trainable params: 0
_________________________________________________________________
Not using data augmentation.
Train on 12511 samples, validate on 5363 samples
Epoch 1/20

   48/12511 [..............................] - ETA: 6:47 - loss: 1.1482 - acc: 0.4583
   96/12511 [..............................] - ETA: 4:18 - loss: 1.0420 - acc: 0.3229
  144/12511 [..............................] - ETA: 3:36 - loss: 1.0673 - acc: 0.4444
  192/12511 [..............................] - ETA: 3:07 - loss: 1.0420 - acc: 0.3958
  240/12511 [..............................] - ETA: 2:50 - loss: 1.0572 - acc: 0.4417
  288/12511 [..............................] - ETA: 2:36 - loss: 1.0421 - acc: 0.4028
  336/12511 [..............................] - ETA: 2:28 - loss: 1.0312 - acc: 0.4464
  384/12511 [..............................] - ETA: 2:22 - loss: 1.0306 - acc: 0.4870
  432/12511 [>.............................] - ETA: 2:18 - loss: 1.0234 - acc: 0.5255
  480/12511 [>.............................] - ETA: 2:15 - loss: 1.0177 - acc: 0.5542
  528/12511 [>.............................] - ETA: 2:12 - loss: 1.0241 - acc: 0.5701
  576/12511 [>.............................] - ETA: 2:09 - loss: 1.0192 - acc: 0.5903
  624/12511 [>.............................] - ETA: 2:06 - loss: 1.0057 - acc: 0.6138
  672/12511 [>.............................] - ETA: 2:04 - loss: 1.0028 - acc: 0.6280
  720/12511 [>.............................] - ETA: 2:02 - loss: 1.0043 - acc: 0.6375
  768/12511 [>.............................] - ETA: 1:59 - loss: 1.0077 - acc: 0.6445
  816/12511 [>.............................] - ETA: 1:57 - loss: 1.0160 - acc: 0.6471
  864/12511 [=>............................] - ETA: 1:55 - loss: 1.0200 - acc: 0.6516
  912/12511 [=>............................] - ETA: 1:53 - loss: 1.0220 - acc: 0.6568
  960/12511 [=>............................] - ETA: 1:52 - loss: 1.0252 - acc: 0.6604
 1008/12511 [=>............................] - ETA: 1:51 - loss: 1.0282 - acc: 0.6637
 1056/12511 [=>............................] - ETA: 1:49 - loss: 1.0309 - acc: 0.6667
 1104/12511 [=>............................] - ETA: 1:48 - loss: 1.0241 - acc: 0.6757
 1152/12511 [=>............................] - ETA: 1:46 - loss: 1.0306 - acc: 0.6753
 1200/12511 [=>............................] - ETA: 1:45 - loss: 1.0280 - acc: 0.6808
 1248/12511 [=>............................] - ETA: 1:44 - loss: 1.0291 - acc: 0.6835
 1296/12511 [==>...........................] - ETA: 1:43 - loss: 1.0302 - acc: 0.6860
 1344/12511 [==>...........................] - ETA: 1:42 - loss: 1.0289 - acc: 0.6897
 1392/12511 [==>...........................] - ETA: 1:41 - loss: 1.0331 - acc: 0.6897
 1440/12511 [==>...........................] - ETA: 1:40 - loss: 1.0359 - acc: 0.6903
 1488/12511 [==>...........................] - ETA: 1:39 - loss: 1.0425 - acc: 0.6882
 1536/12511 [==>...........................] - ETA: 1:38 - loss: 1.0458 - acc: 0.6882
 1584/12511 [==>...........................] - ETA: 1:38 - loss: 1.0517 - acc: 0.6875
 1632/12511 [==>...........................] - ETA: 1:37 - loss: 1.0510 - acc: 0.6740
 1680/12511 [===>..........................] - ETA: 1:37 - loss: 1.0485 - acc: 0.6601
 1728/12511 [===>..........................] - ETA: 1:37 - loss: 1.0488 - acc: 0.6516
 1776/12511 [===>..........................] - ETA: 1:36 - loss: 1.0531 - acc: 0.6447
 1824/12511 [===>..........................] - ETA: 1:35 - loss: 1.0524 - acc: 0.6338
 1872/12511 [===>..........................] - ETA: 1:35 - loss: 1.0518 - acc: 0.6234
 1920/12511 [===>..........................] - ETA: 1:34 - loss: 1.0504 - acc: 0.6135
 1968/12511 [===>..........................] - ETA: 1:33 - loss: 1.0520 - acc: 0.6057
 2016/12511 [===>..........................] - ETA: 1:33 - loss: 1.0485 - acc: 0.5947
 2064/12511 [===>..........................] - ETA: 1:32 - loss: 1.0459 - acc: 0.5882
 2112/12511 [====>.........................] - ETA: 1:32 - loss: 1.0413 - acc: 0.5942
 2160/12511 [====>.........................] - ETA: 1:31 - loss: 1.0403 - acc: 0.5986
 2208/12511 [====>.........................] - ETA: 1:31 - loss: 1.0427 - acc: 0.6005
 2256/12511 [====>.........................] - ETA: 1:30 - loss: 1.0417 - acc: 0.6046
 2304/12511 [====>.........................] - ETA: 1:30 - loss: 1.0414 - acc: 0.6081
 2352/12511 [====>.........................] - ETA: 1:29 - loss: 1.0423 - acc: 0.6105
 2400/12511 [====>.........................] - ETA: 1:28 - loss: 1.0432 - acc: 0.6129
 2448/12511 [====>.........................] - ETA: 1:28 - loss: 1.0441 - acc: 0.6152
 2496/12511 [====>.........................] - ETA: 1:27 - loss: 1.0444 - acc: 0.6178
 2544/12511 [=====>........................] - ETA: 1:27 - loss: 1.0452 - acc: 0.6199
 2592/12511 [=====>........................] - ETA: 1:26 - loss: 1.0437 - acc: 0.6235
 2640/12511 [=====>........................] - ETA: 1:26 - loss: 1.0456 - acc: 0.6246
 2688/12511 [=====>........................] - ETA: 1:25 - loss: 1.0464 - acc: 0.6265
 2736/12511 [=====>........................] - ETA: 1:25 - loss: 1.0466 - acc: 0.6287
 2784/12511 [=====>........................] - ETA: 1:24 - loss: 1.0462 - acc: 0.6307
 2832/12511 [=====>........................] - ETA: 1:24 - loss: 1.0464 - acc: 0.6328
 2880/12511 [=====>........................] - ETA: 1:23 - loss: 1.0466 - acc: 0.6344
 2928/12511 [======>.......................] - ETA: 1:23 - loss: 1.0448 - acc: 0.6373
 2976/12511 [======>.......................] - ETA: 1:23 - loss: 1.0440 - acc: 0.6398
 3024/12511 [======>.......................] - ETA: 1:22 - loss: 1.0432 - acc: 0.6422
 3072/12511 [======>.......................] - ETA: 1:22 - loss: 1.0425 - acc: 0.6445
 3120/12511 [======>.......................] - ETA: 1:21 - loss: 1.0427 - acc: 0.6462
 3168/12511 [======>.......................] - ETA: 1:21 - loss: 1.0425 - acc: 0.6480
 3216/12511 [======>.......................] - ETA: 1:20 - loss: 1.0409 - acc: 0.6508
 3264/12511 [======>.......................] - ETA: 1:20 - loss: 1.0402 - acc: 0.6529
 3312/12511 [======>.......................] - ETA: 1:19 - loss: 1.0400 - acc: 0.6546
 3360/12511 [=======>......................] - ETA: 1:19 - loss: 1.0407 - acc: 0.6557
 3408/12511 [=======>......................] - ETA: 1:18 - loss: 1.0405 - acc: 0.6573
 3456/12511 [=======>......................] - ETA: 1:18 - loss: 1.0403 - acc: 0.6589
 3504/12511 [=======>......................] - ETA: 1:17 - loss: 1.0401 - acc: 0.6604
 3552/12511 [=======>......................] - ETA: 1:17 - loss: 1.0391 - acc: 0.6624
 3600/12511 [=======>......................] - ETA: 1:16 - loss: 1.0406 - acc: 0.6628
 3648/12511 [=======>......................] - ETA: 1:16 - loss: 1.0396 - acc: 0.6647
 3696/12511 [=======>......................] - ETA: 1:15 - loss: 1.0386 - acc: 0.6667
 3744/12511 [=======>......................] - ETA: 1:15 - loss: 1.0400 - acc: 0.6669
 3792/12511 [========>.....................] - ETA: 1:14 - loss: 1.0410 - acc: 0.6675
 3840/12511 [========>.....................] - ETA: 1:14 - loss: 1.0428 - acc: 0.6674
 3888/12511 [========>.....................] - ETA: 1:14 - loss: 1.0426 - acc: 0.6687
 3936/12511 [========>.....................] - ETA: 1:13 - loss: 1.0457 - acc: 0.6677
 3984/12511 [========>.....................] - ETA: 1:13 - loss: 1.0470 - acc: 0.6679
 4032/12511 [========>.....................] - ETA: 1:12 - loss: 1.0460 - acc: 0.6684
 4080/12511 [========>.....................] - ETA: 1:12 - loss: 1.0450 - acc: 0.6701
 4128/12511 [========>.....................] - ETA: 1:11 - loss: 1.0441 - acc: 0.6718
 4176/12511 [=========>....................] - ETA: 1:11 - loss: 1.0446 - acc: 0.6724
 4224/12511 [=========>....................] - ETA: 1:11 - loss: 1.0455 - acc: 0.6728
 4272/12511 [=========>....................] - ETA: 1:10 - loss: 1.0452 - acc: 0.6742
 4320/12511 [=========>....................] - ETA: 1:10 - loss: 1.0457 - acc: 0.6748
 4368/12511 [=========>....................] - ETA: 1:09 - loss: 1.0452 - acc: 0.6761
 4416/12511 [=========>....................] - ETA: 1:09 - loss: 1.0460 - acc: 0.6764
 4464/12511 [=========>....................] - ETA: 1:08 - loss: 1.0464 - acc: 0.6770
 4512/12511 [=========>....................] - ETA: 1:08 - loss: 1.0443 - acc: 0.6793
 4560/12511 [=========>....................] - ETA: 1:07 - loss: 1.0438 - acc: 0.6805
 4608/12511 [==========>...................] - ETA: 1:07 - loss: 1.0433 - acc: 0.6816
 4656/12511 [==========>...................] - ETA: 1:07 - loss: 1.0425 - acc: 0.6830
 4704/12511 [==========>...................] - ETA: 1:06 - loss: 1.0435 - acc: 0.6830
 4752/12511 [==========>...................] - ETA: 1:06 - loss: 1.0434 - acc: 0.6839
 4800/12511 [==========>...................] - ETA: 1:05 - loss: 1.0441 - acc: 0.6842
 4848/12511 [==========>...................] - ETA: 1:05 - loss: 1.0445 - acc: 0.6846
 4896/12511 [==========>...................] - ETA: 1:04 - loss: 1.0456 - acc: 0.6846
 4944/12511 [==========>...................] - ETA: 1:04 - loss: 1.0445 - acc: 0.6861
 4992/12511 [==========>...................] - ETA: 1:04 - loss: 1.0437 - acc: 0.6873
 5040/12511 [===========>..................] - ETA: 1:03 - loss: 1.0447 - acc: 0.6873
 5088/12511 [===========>..................] - ETA: 1:03 - loss: 1.0434 - acc: 0.6889
 5136/12511 [===========>..................] - ETA: 1:02 - loss: 1.0430 - acc: 0.6898
 5184/12511 [===========>..................] - ETA: 1:02 - loss: 1.0442 - acc: 0.6896
 5232/12511 [===========>..................] - ETA: 1:01 - loss: 1.0449 - acc: 0.6898
 5280/12511 [===========>..................] - ETA: 1:01 - loss: 1.0459 - acc: 0.6898
 5328/12511 [===========>..................] - ETA: 1:01 - loss: 1.0468 - acc: 0.6898
 5376/12511 [===========>..................] - ETA: 1:00 - loss: 1.0471 - acc: 0.6903
 5424/12511 [============>.................] - ETA: 1:00 - loss: 1.0459 - acc: 0.6910
 5472/12511 [============>.................] - ETA: 59s - loss: 1.0441 - acc: 0.6928 
 5520/12511 [============>.................] - ETA: 59s - loss: 1.0437 - acc: 0.6937
 5568/12511 [============>.................] - ETA: 58s - loss: 1.0441 - acc: 0.6940
 5616/12511 [============>.................] - ETA: 58s - loss: 1.0437 - acc: 0.6948
 5664/12511 [============>.................] - ETA: 57s - loss: 1.0427 - acc: 0.6960
 5712/12511 [============>.................] - ETA: 57s - loss: 1.0431 - acc: 0.6963
 5760/12511 [============>.................] - ETA: 57s - loss: 1.0445 - acc: 0.6958
 5808/12511 [============>.................] - ETA: 56s - loss: 1.0451 - acc: 0.6959
 5856/12511 [=============>................] - ETA: 56s - loss: 1.0452 - acc: 0.6964
 5904/12511 [=============>................] - ETA: 55s - loss: 1.0461 - acc: 0.6963
 5952/12511 [=============>................] - ETA: 55s - loss: 1.0466 - acc: 0.6966
 6000/12511 [=============>................] - ETA: 54s - loss: 1.0465 - acc: 0.6977
 6048/12511 [=============>................] - ETA: 54s - loss: 1.0454 - acc: 0.6989
 6096/12511 [=============>................] - ETA: 54s - loss: 1.0447 - acc: 0.6998
 6144/12511 [=============>................] - ETA: 53s - loss: 1.0439 - acc: 0.7008
 6192/12511 [=============>................] - ETA: 53s - loss: 1.0433 - acc: 0.7017
 6240/12511 [=============>................] - ETA: 52s - loss: 1.0434 - acc: 0.7021
 6288/12511 [==============>...............] - ETA: 52s - loss: 1.0435 - acc: 0.7024
 6336/12511 [==============>...............] - ETA: 51s - loss: 1.0424 - acc: 0.7036
 6384/12511 [==============>...............] - ETA: 51s - loss: 1.0423 - acc: 0.7041
 6432/12511 [==============>...............] - ETA: 51s - loss: 1.0429 - acc: 0.7041
 6480/12511 [==============>...............] - ETA: 50s - loss: 1.0418 - acc: 0.7052
 6528/12511 [==============>...............] - ETA: 50s - loss: 1.0413 - acc: 0.7060
 6576/12511 [==============>...............] - ETA: 49s - loss: 1.0407 - acc: 0.7068
 6624/12511 [==============>...............] - ETA: 49s - loss: 1.0404 - acc: 0.7074
 6672/12511 [==============>...............] - ETA: 48s - loss: 1.0398 - acc: 0.7082
 6720/12511 [===============>..............] - ETA: 48s - loss: 1.0393 - acc: 0.7089
 6768/12511 [===============>..............] - ETA: 48s - loss: 1.0392 - acc: 0.7094
 6816/12511 [===============>..............] - ETA: 47s - loss: 1.0391 - acc: 0.7098
 6864/12511 [===============>..............] - ETA: 47s - loss: 1.0408 - acc: 0.7091
 6912/12511 [===============>..............] - ETA: 46s - loss: 1.0411 - acc: 0.7092
 6960/12511 [===============>..............] - ETA: 46s - loss: 1.0408 - acc: 0.7098
 7008/12511 [===============>..............] - ETA: 45s - loss: 1.0407 - acc: 0.7102
 7056/12511 [===============>..............] - ETA: 45s - loss: 1.0412 - acc: 0.7102
 7104/12511 [================>.............] - ETA: 45s - loss: 1.0407 - acc: 0.7109
 7152/12511 [================>.............] - ETA: 44s - loss: 1.0402 - acc: 0.7115
 7200/12511 [================>.............] - ETA: 44s - loss: 1.0415 - acc: 0.7110
 7248/12511 [================>.............] - ETA: 43s - loss: 1.0420 - acc: 0.7110
 7296/12511 [================>.............] - ETA: 43s - loss: 1.0423 - acc: 0.7111
 7344/12511 [================>.............] - ETA: 43s - loss: 1.0426 - acc: 0.7112
 7392/12511 [================>.............] - ETA: 42s - loss: 1.0427 - acc: 0.7114
 7440/12511 [================>.............] - ETA: 42s - loss: 1.0426 - acc: 0.7118
 7488/12511 [================>.............] - ETA: 41s - loss: 1.0431 - acc: 0.7118
 7536/12511 [=================>............] - ETA: 41s - loss: 1.0438 - acc: 0.7117
 7584/12511 [=================>............] - ETA: 40s - loss: 1.0452 - acc: 0.7110
 7632/12511 [=================>............] - ETA: 40s - loss: 1.0455 - acc: 0.7111
 7680/12511 [=================>............] - ETA: 40s - loss: 1.0452 - acc: 0.7116
 7728/12511 [=================>............] - ETA: 39s - loss: 1.0460 - acc: 0.7113
 7776/12511 [=================>............] - ETA: 39s - loss: 1.0455 - acc: 0.7121
 7824/12511 [=================>............] - ETA: 38s - loss: 1.0454 - acc: 0.7124
 7872/12511 [=================>............] - ETA: 38s - loss: 1.0455 - acc: 0.7127
 7920/12511 [=================>............] - ETA: 38s - loss: 1.0463 - acc: 0.7124
 7968/12511 [==================>...........] - ETA: 37s - loss: 1.0460 - acc: 0.7129
 8016/12511 [==================>...........] - ETA: 37s - loss: 1.0459 - acc: 0.7132
 8064/12511 [==================>...........] - ETA: 36s - loss: 1.0456 - acc: 0.7137
 8112/12511 [==================>...........] - ETA: 36s - loss: 1.0455 - acc: 0.7140
 8160/12511 [==================>...........] - ETA: 36s - loss: 1.0455 - acc: 0.7142
 8208/12511 [==================>...........] - ETA: 35s - loss: 1.0451 - acc: 0.7148
 8256/12511 [==================>...........] - ETA: 35s - loss: 1.0458 - acc: 0.7145
 8304/12511 [==================>...........] - ETA: 34s - loss: 1.0459 - acc: 0.7147
 8352/12511 [===================>..........] - ETA: 34s - loss: 1.0463 - acc: 0.7147
 8400/12511 [===================>..........] - ETA: 34s - loss: 1.0464 - acc: 0.7149
 8448/12511 [===================>..........] - ETA: 33s - loss: 1.0470 - acc: 0.7147
 8496/12511 [===================>..........] - ETA: 33s - loss: 1.0468 - acc: 0.7143
 8544/12511 [===================>..........] - ETA: 32s - loss: 1.0467 - acc: 0.7142
 8592/12511 [===================>..........] - ETA: 32s - loss: 1.0456 - acc: 0.7144
 8640/12511 [===================>..........] - ETA: 32s - loss: 1.0460 - acc: 0.7144
 8688/12511 [===================>..........] - ETA: 31s - loss: 1.0459 - acc: 0.7145
 8736/12511 [===================>..........] - ETA: 31s - loss: 1.0461 - acc: 0.7146
 8784/12511 [====================>.........] - ETA: 30s - loss: 1.0463 - acc: 0.7147
 8832/12511 [====================>.........] - ETA: 30s - loss: 1.0456 - acc: 0.7156
 8880/12511 [====================>.........] - ETA: 30s - loss: 1.0460 - acc: 0.7155
 8928/12511 [====================>.........] - ETA: 29s - loss: 1.0464 - acc: 0.7155
 8976/12511 [====================>.........] - ETA: 29s - loss: 1.0464 - acc: 0.7157
 9024/12511 [====================>.........] - ETA: 28s - loss: 1.0461 - acc: 0.7162
 9072/12511 [====================>.........] - ETA: 28s - loss: 1.0468 - acc: 0.7159
 9120/12511 [====================>.........] - ETA: 28s - loss: 1.0467 - acc: 0.7154
 9168/12511 [====================>.........] - ETA: 27s - loss: 1.0477 - acc: 0.7150
 9216/12511 [=====================>........] - ETA: 27s - loss: 1.0475 - acc: 0.7123
 9264/12511 [=====================>........] - ETA: 26s - loss: 1.0472 - acc: 0.7098
 9312/12511 [=====================>........] - ETA: 26s - loss: 1.0476 - acc: 0.7085
 9360/12511 [=====================>........] - ETA: 26s - loss: 1.0473 - acc: 0.7065
 9408/12511 [=====================>........] - ETA: 25s - loss: 1.0472 - acc: 0.7047
 9456/12511 [=====================>........] - ETA: 25s - loss: 1.0471 - acc: 0.7035
 9504/12511 [=====================>........] - ETA: 24s - loss: 1.0465 - acc: 0.7022
 9552/12511 [=====================>........] - ETA: 24s - loss: 1.0464 - acc: 0.7026
 9600/12511 [======================>.......] - ETA: 24s - loss: 1.0468 - acc: 0.7026
 9648/12511 [======================>.......] - ETA: 23s - loss: 1.0467 - acc: 0.7028
 9696/12511 [======================>.......] - ETA: 23s - loss: 1.0461 - acc: 0.7037
 9744/12511 [======================>.......] - ETA: 22s - loss: 1.0469 - acc: 0.7034
 9792/12511 [======================>.......] - ETA: 22s - loss: 1.0470 - acc: 0.7033
 9840/12511 [======================>.......] - ETA: 22s - loss: 1.0469 - acc: 0.7030
 9888/12511 [======================>.......] - ETA: 21s - loss: 1.0474 - acc: 0.7030
 9936/12511 [======================>.......] - ETA: 21s - loss: 1.0471 - acc: 0.7013
 9984/12511 [======================>.......] - ETA: 20s - loss: 1.0475 - acc: 0.7009
10032/12511 [=======================>......] - ETA: 20s - loss: 1.0467 - acc: 0.6983
10080/12511 [=======================>......] - ETA: 20s - loss: 1.0470 - acc: 0.6985
10128/12511 [=======================>......] - ETA: 19s - loss: 1.0473 - acc: 0.6987
10176/12511 [=======================>......] - ETA: 19s - loss: 1.0472 - acc: 0.6978
10224/12511 [=======================>......] - ETA: 18s - loss: 1.0474 - acc: 0.6964
10272/12511 [=======================>......] - ETA: 18s - loss: 1.0476 - acc: 0.6951
10320/12511 [=======================>......] - ETA: 18s - loss: 1.0476 - acc: 0.6930
10368/12511 [=======================>......] - ETA: 17s - loss: 1.0471 - acc: 0.6909
10416/12511 [=======================>......] - ETA: 17s - loss: 1.0470 - acc: 0.6909
10464/12511 [========================>.....] - ETA: 16s - loss: 1.0472 - acc: 0.6905
10512/12511 [========================>.....] - ETA: 16s - loss: 1.0473 - acc: 0.6895
10560/12511 [========================>.....] - ETA: 16s - loss: 1.0476 - acc: 0.6887
10608/12511 [========================>.....] - ETA: 15s - loss: 1.0478 - acc: 0.6875
10656/12511 [========================>.....] - ETA: 15s - loss: 1.0485 - acc: 0.6861
10704/12511 [========================>.....] - ETA: 14s - loss: 1.0485 - acc: 0.6841
10752/12511 [========================>.....] - ETA: 14s - loss: 1.0478 - acc: 0.6816
10800/12511 [========================>.....] - ETA: 14s - loss: 1.0477 - acc: 0.6796
10848/12511 [=========================>....] - ETA: 13s - loss: 1.0476 - acc: 0.6778
10896/12511 [=========================>....] - ETA: 13s - loss: 1.0472 - acc: 0.6760
10944/12511 [=========================>....] - ETA: 12s - loss: 1.0478 - acc: 0.6758
10992/12511 [=========================>....] - ETA: 12s - loss: 1.0482 - acc: 0.6742
11040/12511 [=========================>....] - ETA: 12s - loss: 1.0480 - acc: 0.6722
11088/12511 [=========================>....] - ETA: 11s - loss: 1.0482 - acc: 0.6705
11136/12511 [=========================>....] - ETA: 11s - loss: 1.0482 - acc: 0.6687
11184/12511 [=========================>....] - ETA: 10s - loss: 1.0480 - acc: 0.6668
11232/12511 [=========================>....] - ETA: 10s - loss: 1.0480 - acc: 0.6651
11280/12511 [==========================>...] - ETA: 10s - loss: 1.0477 - acc: 0.6630
11328/12511 [==========================>...] - ETA: 9s - loss: 1.0471 - acc: 0.6614 
11376/12511 [==========================>...] - ETA: 9s - loss: 1.0467 - acc: 0.6617
11424/12511 [==========================>...] - ETA: 8s - loss: 1.0471 - acc: 0.6619
11472/12511 [==========================>...] - ETA: 8s - loss: 1.0466 - acc: 0.6623
11520/12511 [==========================>...] - ETA: 8s - loss: 1.0461 - acc: 0.6630
11568/12511 [==========================>...] - ETA: 7s - loss: 1.0456 - acc: 0.6637
11616/12511 [==========================>...] - ETA: 7s - loss: 1.0459 - acc: 0.6639
11664/12511 [==========================>...] - ETA: 6s - loss: 1.0465 - acc: 0.6639
11712/12511 [===========================>..] - ETA: 6s - loss: 1.0466 - acc: 0.6642
11760/12511 [===========================>..] - ETA: 6s - loss: 1.0468 - acc: 0.6645
11808/12511 [===========================>..] - ETA: 5s - loss: 1.0468 - acc: 0.6649
11856/12511 [===========================>..] - ETA: 5s - loss: 1.0466 - acc: 0.6655
11904/12511 [===========================>..] - ETA: 5s - loss: 1.0462 - acc: 0.6662
11952/12511 [===========================>..] - ETA: 4s - loss: 1.0459 - acc: 0.6668
12000/12511 [===========================>..] - ETA: 4s - loss: 1.0457 - acc: 0.6673
12048/12511 [===========================>..] - ETA: 3s - loss: 1.0462 - acc: 0.6672
12096/12511 [============================>.] - ETA: 3s - loss: 1.0471 - acc: 0.6670
12144/12511 [============================>.] - ETA: 3s - loss: 1.0474 - acc: 0.6672
12192/12511 [============================>.] - ETA: 2s - loss: 1.0472 - acc: 0.6664
12240/12511 [============================>.] - ETA: 2s - loss: 1.0476 - acc: 0.6672
12288/12511 [============================>.] - ETA: 1s - loss: 1.0481 - acc: 0.6666
12336/12511 [============================>.] - ETA: 1s - loss: 1.0480 - acc: 0.6650
12384/12511 [============================>.] - ETA: 1s - loss: 1.0479 - acc: 0.6633
12432/12511 [============================>.] - ETA: 0s - loss: 1.0483 - acc: 0.6619
12480/12511 [============================>.] - ETA: 0s - loss: 1.0481 - acc: 0.6602
12511/12511 [==============================] - 110s 9ms/step - loss: 1.0481 - acc: 0.6592 - val_loss: 0.6258 - val_acc: 0.7570
/global/homes/l/liuto/.conda/envs/convNet/lib/python3.6/site-packages/h5py/__init__.py:36: FutureWarning: Conversion of the second argument of issubdtype from `float` to `np.floating` is deprecated. In future, it will be treated as `np.float64 == np.dtype(float).type`.
  from ._conv import register_converters as _register_converters
Using TensorFlow backend.
Traceback (most recent call last):
  File "/global/homes/l/liuto/520project/transient-detection/cnn/jobs/run_cnn_kernelsize.py", line 330, in <module>
    main()
  File "/global/homes/l/liuto/520project/transient-detection/cnn/jobs/run_cnn_kernelsize.py", line 323, in main
    train_model(train_imgs, train_labels, val_imgs, val_labels, OUTPUT_DIR, output_name)
  File "/global/homes/l/liuto/520project/transient-detection/cnn/jobs/run_cnn_kernelsize.py", line 201, in train_model
    callbacks=[checkpointer]
  File "/global/homes/l/liuto/.conda/envs/convNet/lib/python3.6/site-packages/keras/models.py", line 963, in fit
    validation_steps=validation_steps)
  File "/global/homes/l/liuto/.conda/envs/convNet/lib/python3.6/site-packages/keras/engine/training.py", line 1705, in fit
    validation_steps=validation_steps)
  File "/global/homes/l/liuto/.conda/envs/convNet/lib/python3.6/site-packages/keras/engine/training.py", line 1255, in _fit_loop
    callbacks.on_epoch_end(epoch, epoch_logs)
  File "/global/homes/l/liuto/.conda/envs/convNet/lib/python3.6/site-packages/keras/callbacks.py", line 77, in on_epoch_end
    callback.on_epoch_end(epoch, logs)
  File "/global/homes/l/liuto/.conda/envs/convNet/lib/python3.6/site-packages/keras/callbacks.py", line 447, in on_epoch_end
    self.model.save(filepath, overwrite=True)
  File "/global/homes/l/liuto/.conda/envs/convNet/lib/python3.6/site-packages/keras/engine/topology.py", line 2580, in save
    save_model(self, filepath, overwrite, include_optimizer)
  File "/global/homes/l/liuto/.conda/envs/convNet/lib/python3.6/site-packages/keras/models.py", line 106, in save_model
    with h5py.File(filepath, mode='w') as f:
  File "/global/homes/l/liuto/.conda/envs/convNet/lib/python3.6/site-packages/h5py/_hl/files.py", line 269, in __init__
    fid = make_fid(name, mode, userblock_size, fapl, swmr=swmr)
  File "/global/homes/l/liuto/.conda/envs/convNet/lib/python3.6/site-packages/h5py/_hl/files.py", line 105, in make_fid
    fid = h5f.create(name, h5f.ACC_TRUNC, fapl=fapl, fcpl=fcpl)
  File "h5py/_objects.pyx", line 54, in h5py._objects.with_phil.wrapper
  File "h5py/_objects.pyx", line 55, in h5py._objects.with_phil.wrapper
  File "h5py/h5f.pyx", line 98, in h5py.h5f.create
OSError: Unable to create file (unable to lock file, errno = 524, error message = 'Unknown error 524')
