INFO: activate-gcc_linux-64.sh made the following environmental changes:
+CC=/global/homes/l/liuto/.conda/envs/convNet/bin/x86_64-conda_cos6-linux-gnu-cc
+CFLAGS=-march=nocona -mtune=haswell -ftree-vectorize -fPIC -fstack-protector-strong -fno-plt -O2 -pipe
+CPP=/global/homes/l/liuto/.conda/envs/convNet/bin/x86_64-conda_cos6-linux-gnu-cpp
+CPPFLAGS=-DNDEBUG -D_FORTIFY_SOURCE=2 -O2
+DEBUG_CFLAGS=-march=nocona -mtune=haswell -ftree-vectorize -fPIC -fstack-protector-all -fno-plt -Og -g -Wall -Wextra -fvar-tracking-assignments -pipe
+DEBUG_CPPFLAGS=-D_DEBUG -D_FORTIFY_SOURCE=2 -Og
+GCC=/global/homes/l/liuto/.conda/envs/convNet/bin/x86_64-conda_cos6-linux-gnu-gcc
+GCC_AR=/global/homes/l/liuto/.conda/envs/convNet/bin/x86_64-conda_cos6-linux-gnu-gcc-ar
+GCC_NM=/global/homes/l/liuto/.conda/envs/convNet/bin/x86_64-conda_cos6-linux-gnu-gcc-nm
+GCC_RANLIB=/global/homes/l/liuto/.conda/envs/convNet/bin/x86_64-conda_cos6-linux-gnu-gcc-ranlib
+HOST=x86_64-conda_cos6-linux-gnu
+LDFLAGS=-Wl,-O2 -Wl,--sort-common -Wl,--as-needed -Wl,-z,relro -Wl,-z,now
+_PYTHON_SYSCONFIGDATA_NAME=_sysconfigdata_x86_64_conda_cos6_linux_gnu
-HOST=cori02
INFO: activate-binutils_linux-64.sh made the following environmental changes:
+ADDR2LINE=/global/homes/l/liuto/.conda/envs/convNet/bin/x86_64-conda_cos6-linux-gnu-addr2line
+AR=/global/homes/l/liuto/.conda/envs/convNet/bin/x86_64-conda_cos6-linux-gnu-ar
+AS=/global/homes/l/liuto/.conda/envs/convNet/bin/x86_64-conda_cos6-linux-gnu-as
+CXXFILT=/global/homes/l/liuto/.conda/envs/convNet/bin/x86_64-conda_cos6-linux-gnu-c++filt
+ELFEDIT=/global/homes/l/liuto/.conda/envs/convNet/bin/x86_64-conda_cos6-linux-gnu-elfedit
+GPROF=/global/homes/l/liuto/.conda/envs/convNet/bin/x86_64-conda_cos6-linux-gnu-gprof
+LD=/global/homes/l/liuto/.conda/envs/convNet/bin/x86_64-conda_cos6-linux-gnu-ld
+LD_GOLD=/global/homes/l/liuto/.conda/envs/convNet/bin/x86_64-conda_cos6-linux-gnu-ld.gold
+NM=/global/homes/l/liuto/.conda/envs/convNet/bin/x86_64-conda_cos6-linux-gnu-nm
+OBJCOPY=/global/homes/l/liuto/.conda/envs/convNet/bin/x86_64-conda_cos6-linux-gnu-objcopy
+OBJDUMP=/global/homes/l/liuto/.conda/envs/convNet/bin/x86_64-conda_cos6-linux-gnu-objdump
+RANLIB=/global/homes/l/liuto/.conda/envs/convNet/bin/x86_64-conda_cos6-linux-gnu-ranlib
+READELF=/global/homes/l/liuto/.conda/envs/convNet/bin/x86_64-conda_cos6-linux-gnu-readelf
+SIZE=/global/homes/l/liuto/.conda/envs/convNet/bin/x86_64-conda_cos6-linux-gnu-size
+STRINGS=/global/homes/l/liuto/.conda/envs/convNet/bin/x86_64-conda_cos6-linux-gnu-strings
+STRIP=/global/homes/l/liuto/.conda/envs/convNet/bin/x86_64-conda_cos6-linux-gnu-strip
INFO: activate-gxx_linux-64.sh made the following environmental changes:
+CXX=/global/homes/l/liuto/.conda/envs/convNet/bin/x86_64-conda_cos6-linux-gnu-c++
+CXXFLAGS=-fvisibility-inlines-hidden -std=c++17 -fmessage-length=0 -march=nocona -mtune=haswell -ftree-vectorize -fPIC -fstack-protector-strong -fno-plt -O2 -pipe
+DEBUG_CXXFLAGS=-fvisibility-inlines-hidden -std=c++17 -fmessage-length=0 -march=nocona -mtune=haswell -ftree-vectorize -fPIC -fstack-protector-all -fno-plt -Og -g -Wall -Wextra -fvar-tracking-assignments -pipe
+GXX=/global/homes/l/liuto/.conda/envs/convNet/bin/x86_64-conda_cos6-linux-gnu-g++
2018-04-18 20:47:45.177934: I tensorflow/core/platform/cpu_feature_guard.cc:140] Your CPU supports instructions that this TensorFlow binary was not compiled to use: SSE4.1 SSE4.2 AVX AVX2 FMA
Loading .npy files.
Selecting a random sample to train.
========================
=====Training model=====
========================
Compiling...
_________________________________________________________________
Layer (type)                 Output Shape              Param #   
=================================================================
conv2d_1 (Conv2D)            (None, 30, 30, 128)       6272      
_________________________________________________________________
conv2d_2 (Conv2D)            (None, 30, 30, 128)       262272    
_________________________________________________________________
dropout_1 (Dropout)          (None, 30, 30, 128)       0         
_________________________________________________________________
conv2d_3 (Conv2D)            (None, 30, 30, 128)       262272    
_________________________________________________________________
dropout_2 (Dropout)          (None, 30, 30, 128)       0         
_________________________________________________________________
conv2d_4 (Conv2D)            (None, 30, 30, 64)        131136    
_________________________________________________________________
dropout_3 (Dropout)          (None, 30, 30, 64)        0         
_________________________________________________________________
flatten_1 (Flatten)          (None, 57600)             0         
_________________________________________________________________
dense_1 (Dense)              (None, 32)                1843232   
_________________________________________________________________
dropout_4 (Dropout)          (None, 32)                0         
_________________________________________________________________
dense_2 (Dense)              (None, 1)                 33        
=================================================================
Total params: 2,505,217
Trainable params: 2,505,217
Non-trainable params: 0
_________________________________________________________________
Not using data augmentation.
Train on 12511 samples, validate on 5363 samples
Epoch 1/20

   48/12511 [..............................] - ETA: 7:39 - loss: 0.9981 - acc: 0.3958
   96/12511 [..............................] - ETA: 5:48 - loss: 0.9218 - acc: 0.6250
  144/12511 [..............................] - ETA: 5:06 - loss: 0.9165 - acc: 0.7014
  192/12511 [..............................] - ETA: 4:49 - loss: 0.9522 - acc: 0.7135
  240/12511 [..............................] - ETA: 4:28 - loss: 0.9367 - acc: 0.7458
  288/12511 [..............................] - ETA: 4:22 - loss: 0.9520 - acc: 0.7500
  336/12511 [..............................] - ETA: 4:13 - loss: 0.9541 - acc: 0.7589
  384/12511 [..............................] - ETA: 4:09 - loss: 0.9672 - acc: 0.7578
  432/12511 [>.............................] - ETA: 4:06 - loss: 0.9808 - acc: 0.7546
  480/12511 [>.............................] - ETA: 4:00 - loss: 0.9732 - acc: 0.7646
  528/12511 [>.............................] - ETA: 3:56 - loss: 0.9726 - acc: 0.7689
  576/12511 [>.............................] - ETA: 3:51 - loss: 0.9850 - acc: 0.7639
  624/12511 [>.............................] - ETA: 3:49 - loss: 0.9812 - acc: 0.7692
  672/12511 [>.............................] - ETA: 3:48 - loss: 0.9890 - acc: 0.7664
  720/12511 [>.............................] - ETA: 3:46 - loss: 0.9874 - acc: 0.7694
  768/12511 [>.............................] - ETA: 3:43 - loss: 0.9803 - acc: 0.7760
  816/12511 [>.............................] - ETA: 3:40 - loss: 0.9849 - acc: 0.7745
  864/12511 [=>............................] - ETA: 3:39 - loss: 0.9839 - acc: 0.7766
  912/12511 [=>............................] - ETA: 3:37 - loss: 0.9944 - acc: 0.7708
  960/12511 [=>............................] - ETA: 3:35 - loss: 1.0023 - acc: 0.7667
 1008/12511 [=>............................] - ETA: 3:33 - loss: 1.0006 - acc: 0.7688
 1056/12511 [=>............................] - ETA: 3:31 - loss: 1.0018 - acc: 0.7689
 1104/12511 [=>............................] - ETA: 3:30 - loss: 1.0030 - acc: 0.7690
 1152/12511 [=>............................] - ETA: 3:28 - loss: 1.0001 - acc: 0.7717
 1200/12511 [=>............................] - ETA: 3:27 - loss: 1.0000 - acc: 0.7725
 1248/12511 [=>............................] - ETA: 3:26 - loss: 0.9963 - acc: 0.7756
 1296/12511 [==>...........................] - ETA: 3:24 - loss: 1.0033 - acc: 0.7716
 1344/12511 [==>...........................] - ETA: 3:22 - loss: 1.0086 - acc: 0.7686
 1392/12511 [==>...........................] - ETA: 3:21 - loss: 1.0103 - acc: 0.7680
 1440/12511 [==>...........................] - ETA: 3:19 - loss: 1.0109 - acc: 0.7681
 1488/12511 [==>...........................] - ETA: 3:18 - loss: 1.0125 - acc: 0.7675
 1536/12511 [==>...........................] - ETA: 3:16 - loss: 1.0139 - acc: 0.7669
 1584/12511 [==>...........................] - ETA: 3:15 - loss: 1.0153 - acc: 0.7664
 1632/12511 [==>...........................] - ETA: 3:14 - loss: 1.0184 - acc: 0.7647
 1680/12511 [===>..........................] - ETA: 3:12 - loss: 1.0169 - acc: 0.7661
 1728/12511 [===>..........................] - ETA: 3:11 - loss: 1.0190 - acc: 0.7650
 1776/12511 [===>..........................] - ETA: 3:10 - loss: 1.0201 - acc: 0.7646
 1824/12511 [===>..........................] - ETA: 3:09 - loss: 1.0186 - acc: 0.7659
 1872/12511 [===>..........................] - ETA: 3:07 - loss: 1.0197 - acc: 0.7655
 1920/12511 [===>..........................] - ETA: 3:06 - loss: 1.0183 - acc: 0.7667
 1968/12511 [===>..........................] - ETA: 3:05 - loss: 1.0155 - acc: 0.7688
 2016/12511 [===>..........................] - ETA: 3:04 - loss: 1.0188 - acc: 0.7669
 2064/12511 [===>..........................] - ETA: 3:03 - loss: 1.0212 - acc: 0.7655
 2112/12511 [====>.........................] - ETA: 3:02 - loss: 1.0249 - acc: 0.7633
 2160/12511 [====>.........................] - ETA: 3:01 - loss: 1.0277 - acc: 0.7616
 2208/12511 [====>.........................] - ETA: 3:00 - loss: 1.0277 - acc: 0.7618
 2256/12511 [====>.........................] - ETA: 2:59 - loss: 1.0251 - acc: 0.7637
 2304/12511 [====>.........................] - ETA: 2:58 - loss: 1.0284 - acc: 0.7617
 2352/12511 [====>.........................] - ETA: 2:56 - loss: 1.0303 - acc: 0.7606
 2400/12511 [====>.........................] - ETA: 2:55 - loss: 1.0259 - acc: 0.7638
 2448/12511 [====>.........................] - ETA: 2:54 - loss: 1.0272 - acc: 0.7631
 2496/12511 [====>.........................] - ETA: 2:53 - loss: 1.0272 - acc: 0.7632
 2544/12511 [=====>........................] - ETA: 2:52 - loss: 1.0261 - acc: 0.7642
 2592/12511 [=====>........................] - ETA: 2:51 - loss: 1.0255 - acc: 0.7647
 2640/12511 [=====>........................] - ETA: 2:50 - loss: 1.0244 - acc: 0.7655
 2688/12511 [=====>........................] - ETA: 2:49 - loss: 1.0251 - acc: 0.7653
 2736/12511 [=====>........................] - ETA: 2:48 - loss: 1.0278 - acc: 0.7635
 2784/12511 [=====>........................] - ETA: 2:47 - loss: 1.0279 - acc: 0.7636
 2832/12511 [=====>........................] - ETA: 2:46 - loss: 1.0273 - acc: 0.7641
 2880/12511 [=====>........................] - ETA: 2:45 - loss: 1.0289 - acc: 0.7632
 2928/12511 [======>.......................] - ETA: 2:44 - loss: 1.0299 - acc: 0.7626
 2976/12511 [======>.......................] - ETA: 2:44 - loss: 1.0284 - acc: 0.7638
 3024/12511 [======>.......................] - ETA: 2:43 - loss: 1.0308 - acc: 0.7622
 3072/12511 [======>.......................] - ETA: 2:42 - loss: 1.0288 - acc: 0.7637
 3120/12511 [======>.......................] - ETA: 2:41 - loss: 1.0308 - acc: 0.7625
 3168/12511 [======>.......................] - ETA: 2:40 - loss: 1.0312 - acc: 0.7623
 3216/12511 [======>.......................] - ETA: 2:39 - loss: 1.0302 - acc: 0.7631
 3264/12511 [======>.......................] - ETA: 2:38 - loss: 1.0297 - acc: 0.7635
 3312/12511 [======>.......................] - ETA: 2:38 - loss: 1.0306 - acc: 0.7630
 3360/12511 [=======>......................] - ETA: 2:37 - loss: 1.0323 - acc: 0.7619
 3408/12511 [=======>......................] - ETA: 2:36 - loss: 1.0345 - acc: 0.7606
 3456/12511 [=======>......................] - ETA: 2:35 - loss: 1.0327 - acc: 0.7619
 3504/12511 [=======>......................] - ETA: 2:34 - loss: 1.0352 - acc: 0.7603
 3552/12511 [=======>......................] - ETA: 2:33 - loss: 1.0355 - acc: 0.7601
 3600/12511 [=======>......................] - ETA: 2:32 - loss: 1.0358 - acc: 0.7600
 3648/12511 [=======>......................] - ETA: 2:31 - loss: 1.0373 - acc: 0.7590
 3696/12511 [=======>......................] - ETA: 2:31 - loss: 1.0400 - acc: 0.7573
 3744/12511 [=======>......................] - ETA: 2:30 - loss: 1.0391 - acc: 0.7580
 3792/12511 [========>.....................] - ETA: 2:29 - loss: 1.0385 - acc: 0.7584
 3840/12511 [========>.....................] - ETA: 2:28 - loss: 1.0396 - acc: 0.7578
 3888/12511 [========>.....................] - ETA: 2:27 - loss: 1.0391 - acc: 0.7582
 3936/12511 [========>.....................] - ETA: 2:26 - loss: 1.0393 - acc: 0.7581
 3984/12511 [========>.....................] - ETA: 2:25 - loss: 1.0381 - acc: 0.7590
 4032/12511 [========>.....................] - ETA: 2:25 - loss: 1.0372 - acc: 0.7597
 4080/12511 [========>.....................] - ETA: 2:24 - loss: 1.0378 - acc: 0.7593
 4128/12511 [========>.....................] - ETA: 2:23 - loss: 1.0370 - acc: 0.7599
 4176/12511 [=========>....................] - ETA: 2:22 - loss: 1.0365 - acc: 0.7603
 4224/12511 [=========>....................] - ETA: 2:21 - loss: 1.0378 - acc: 0.7595
 4272/12511 [=========>....................] - ETA: 2:21 - loss: 1.0384 - acc: 0.7591
 4320/12511 [=========>....................] - ETA: 2:20 - loss: 1.0393 - acc: 0.7586
 4368/12511 [=========>....................] - ETA: 2:19 - loss: 1.0402 - acc: 0.7580
 4416/12511 [=========>....................] - ETA: 2:18 - loss: 1.0398 - acc: 0.7584
 4464/12511 [=========>....................] - ETA: 2:17 - loss: 1.0403 - acc: 0.7581
 4512/12511 [=========>....................] - ETA: 2:17 - loss: 1.0399 - acc: 0.7584
 4560/12511 [=========>....................] - ETA: 2:16 - loss: 1.0391 - acc: 0.7590
 4608/12511 [==========>...................] - ETA: 2:15 - loss: 1.0380 - acc: 0.7598
 4656/12511 [==========>...................] - ETA: 2:14 - loss: 1.0382 - acc: 0.7597
 4704/12511 [==========>...................] - ETA: 2:13 - loss: 1.0384 - acc: 0.7596
 4752/12511 [==========>...................] - ETA: 2:13 - loss: 1.0390 - acc: 0.7593
 4800/12511 [==========>...................] - ETA: 2:12 - loss: 1.0392 - acc: 0.7592
 4848/12511 [==========>...................] - ETA: 2:11 - loss: 1.0403 - acc: 0.7585
 4896/12511 [==========>...................] - ETA: 2:10 - loss: 1.0389 - acc: 0.7594
 4944/12511 [==========>...................] - ETA: 2:09 - loss: 1.0382 - acc: 0.7599
 4992/12511 [==========>...................] - ETA: 2:08 - loss: 1.0369 - acc: 0.7608
 5040/12511 [===========>..................] - ETA: 2:07 - loss: 1.0369 - acc: 0.7609
 5088/12511 [===========>..................] - ETA: 2:07 - loss: 1.0382 - acc: 0.7600
 5136/12511 [===========>..................] - ETA: 2:06 - loss: 1.0384 - acc: 0.7599
 5184/12511 [===========>..................] - ETA: 2:05 - loss: 1.0392 - acc: 0.7595
 5232/12511 [===========>..................] - ETA: 2:04 - loss: 1.0391 - acc: 0.7596
 5280/12511 [===========>..................] - ETA: 2:03 - loss: 1.0390 - acc: 0.7597
 5328/12511 [===========>..................] - ETA: 2:02 - loss: 1.0395 - acc: 0.7594
 5376/12511 [===========>..................] - ETA: 2:01 - loss: 1.0396 - acc: 0.7593
 5424/12511 [============>.................] - ETA: 2:01 - loss: 1.0412 - acc: 0.7583
 5472/12511 [============>.................] - ETA: 2:00 - loss: 1.0405 - acc: 0.7588
 5520/12511 [============>.................] - ETA: 1:59 - loss: 1.0404 - acc: 0.7589
 5568/12511 [============>.................] - ETA: 1:58 - loss: 1.0408 - acc: 0.7586
 5616/12511 [============>.................] - ETA: 1:57 - loss: 1.0413 - acc: 0.7584
 5664/12511 [============>.................] - ETA: 1:56 - loss: 1.0414 - acc: 0.7583
 5712/12511 [============>.................] - ETA: 1:56 - loss: 1.0410 - acc: 0.7586
 5760/12511 [============>.................] - ETA: 1:55 - loss: 1.0417 - acc: 0.7582
 5808/12511 [============>.................] - ETA: 1:54 - loss: 1.0418 - acc: 0.7581
 5856/12511 [=============>................] - ETA: 1:53 - loss: 1.0427 - acc: 0.7575
 5904/12511 [=============>................] - ETA: 1:52 - loss: 1.0429 - acc: 0.7575
 5952/12511 [=============>................] - ETA: 1:51 - loss: 1.0437 - acc: 0.7569
 6000/12511 [=============>................] - ETA: 1:50 - loss: 1.0441 - acc: 0.7567
 6048/12511 [=============>................] - ETA: 1:50 - loss: 1.0445 - acc: 0.7564
 6096/12511 [=============>................] - ETA: 1:49 - loss: 1.0451 - acc: 0.7561
 6144/12511 [=============>................] - ETA: 1:48 - loss: 1.0454 - acc: 0.7559
 6192/12511 [=============>................] - ETA: 1:47 - loss: 1.0441 - acc: 0.7568
 6240/12511 [=============>................] - ETA: 1:46 - loss: 1.0449 - acc: 0.7563
 6288/12511 [==============>...............] - ETA: 1:45 - loss: 1.0450 - acc: 0.7562
 6336/12511 [==============>...............] - ETA: 1:44 - loss: 1.0447 - acc: 0.7565
 6384/12511 [==============>...............] - ETA: 1:44 - loss: 1.0457 - acc: 0.7560
 6432/12511 [==============>...............] - ETA: 1:43 - loss: 1.0456 - acc: 0.7561
 6480/12511 [==============>...............] - ETA: 1:42 - loss: 1.0445 - acc: 0.7568
 6528/12511 [==============>...............] - ETA: 1:41 - loss: 1.0444 - acc: 0.7569
 6576/12511 [==============>...............] - ETA: 1:40 - loss: 1.0436 - acc: 0.7575
 6624/12511 [==============>...............] - ETA: 1:39 - loss: 1.0431 - acc: 0.7579
 6672/12511 [==============>...............] - ETA: 1:39 - loss: 1.0423 - acc: 0.7584
 6720/12511 [===============>..............] - ETA: 1:38 - loss: 1.0413 - acc: 0.7591
 6768/12511 [===============>..............] - ETA: 1:37 - loss: 1.0421 - acc: 0.7586
 6816/12511 [===============>..............] - ETA: 1:36 - loss: 1.0442 - acc: 0.7572
 6864/12511 [===============>..............] - ETA: 1:35 - loss: 1.0443 - acc: 0.7571
 6912/12511 [===============>..............] - ETA: 1:35 - loss: 1.0444 - acc: 0.7571
 6960/12511 [===============>..............] - ETA: 1:34 - loss: 1.0443 - acc: 0.7572
 7008/12511 [===============>..............] - ETA: 1:33 - loss: 1.0439 - acc: 0.7574
 7056/12511 [===============>..............] - ETA: 1:32 - loss: 1.0453 - acc: 0.7565
 7104/12511 [================>.............] - ETA: 1:31 - loss: 1.0454 - acc: 0.7565
 7152/12511 [================>.............] - ETA: 1:31 - loss: 1.0453 - acc: 0.7566
 7200/12511 [================>.............] - ETA: 1:30 - loss: 1.0454 - acc: 0.7565
 7248/12511 [================>.............] - ETA: 1:29 - loss: 1.0453 - acc: 0.7566
 7296/12511 [================>.............] - ETA: 1:28 - loss: 1.0445 - acc: 0.7571
 7344/12511 [================>.............] - ETA: 1:27 - loss: 1.0452 - acc: 0.7567
 7392/12511 [================>.............] - ETA: 1:26 - loss: 1.0455 - acc: 0.7565
 7440/12511 [================>.............] - ETA: 1:26 - loss: 1.0450 - acc: 0.7569
 7488/12511 [================>.............] - ETA: 1:25 - loss: 1.0441 - acc: 0.7575
 7536/12511 [=================>............] - ETA: 1:24 - loss: 1.0428 - acc: 0.7584
 7584/12511 [=================>............] - ETA: 1:23 - loss: 1.0426 - acc: 0.7586
 7632/12511 [=================>............] - ETA: 1:22 - loss: 1.0431 - acc: 0.7583
 7680/12511 [=================>............] - ETA: 1:22 - loss: 1.0433 - acc: 0.7581
 7728/12511 [=================>............] - ETA: 1:21 - loss: 1.0440 - acc: 0.7576
 7776/12511 [=================>............] - ETA: 1:20 - loss: 1.0445 - acc: 0.7573
 7824/12511 [=================>............] - ETA: 1:19 - loss: 1.0450 - acc: 0.7570
 7872/12511 [=================>............] - ETA: 1:18 - loss: 1.0447 - acc: 0.7572
 7920/12511 [=================>............] - ETA: 1:18 - loss: 1.0434 - acc: 0.7581
 7968/12511 [==================>...........] - ETA: 1:17 - loss: 1.0443 - acc: 0.7575
 8016/12511 [==================>...........] - ETA: 1:16 - loss: 1.0438 - acc: 0.7579
 8064/12511 [==================>...........] - ETA: 1:15 - loss: 1.0443 - acc: 0.7576
 8112/12511 [==================>...........] - ETA: 1:14 - loss: 1.0445 - acc: 0.7574
 8160/12511 [==================>...........] - ETA: 1:13 - loss: 1.0434 - acc: 0.7582
 8208/12511 [==================>...........] - ETA: 1:13 - loss: 1.0440 - acc: 0.7578
 8256/12511 [==================>...........] - ETA: 1:12 - loss: 1.0435 - acc: 0.7581
 8304/12511 [==================>...........] - ETA: 1:11 - loss: 1.0438 - acc: 0.7579
 8352/12511 [===================>..........] - ETA: 1:10 - loss: 1.0437 - acc: 0.7580
 8400/12511 [===================>..........] - ETA: 1:09 - loss: 1.0434 - acc: 0.7582
 8448/12511 [===================>..........] - ETA: 1:08 - loss: 1.0437 - acc: 0.7580
 8496/12511 [===================>..........] - ETA: 1:08 - loss: 1.0440 - acc: 0.7579
 8544/12511 [===================>..........] - ETA: 1:07 - loss: 1.0432 - acc: 0.7584
 8592/12511 [===================>..........] - ETA: 1:06 - loss: 1.0436 - acc: 0.7581
 8640/12511 [===================>..........] - ETA: 1:05 - loss: 1.0435 - acc: 0.7582
 8688/12511 [===================>..........] - ETA: 1:05 - loss: 1.0431 - acc: 0.7585
 8736/12511 [===================>..........] - ETA: 1:04 - loss: 1.0429 - acc: 0.7587
 8784/12511 [====================>.........] - ETA: 1:03 - loss: 1.0424 - acc: 0.7590
 8832/12511 [====================>.........] - ETA: 1:02 - loss: 1.0429 - acc: 0.7587
 8880/12511 [====================>.........] - ETA: 1:01 - loss: 1.0426 - acc: 0.7589
 8928/12511 [====================>.........] - ETA: 1:00 - loss: 1.0425 - acc: 0.7590
 8976/12511 [====================>.........] - ETA: 1:00 - loss: 1.0425 - acc: 0.7590
 9024/12511 [====================>.........] - ETA: 59s - loss: 1.0430 - acc: 0.7586 
 9072/12511 [====================>.........] - ETA: 58s - loss: 1.0438 - acc: 0.7582
 9120/12511 [====================>.........] - ETA: 57s - loss: 1.0443 - acc: 0.7578
 9168/12511 [====================>.........] - ETA: 56s - loss: 1.0441 - acc: 0.7580
 9216/12511 [=====================>........] - ETA: 56s - loss: 1.0443 - acc: 0.7578
 9264/12511 [=====================>........] - ETA: 55s - loss: 1.0449 - acc: 0.7574
 9312/12511 [=====================>........] - ETA: 54s - loss: 1.0454 - acc: 0.7571
 9360/12511 [=====================>........] - ETA: 53s - loss: 1.0458 - acc: 0.7568
 9408/12511 [=====================>........] - ETA: 52s - loss: 1.0454 - acc: 0.7571
 9456/12511 [=====================>........] - ETA: 51s - loss: 1.0460 - acc: 0.7568
 9504/12511 [=====================>........] - ETA: 51s - loss: 1.0456 - acc: 0.7570
 9552/12511 [=====================>........] - ETA: 50s - loss: 1.0458 - acc: 0.7569
 9600/12511 [======================>.......] - ETA: 49s - loss: 1.0455 - acc: 0.7571
 9648/12511 [======================>.......] - ETA: 48s - loss: 1.0464 - acc: 0.7565
 9696/12511 [======================>.......] - ETA: 47s - loss: 1.0458 - acc: 0.7569
 9744/12511 [======================>.......] - ETA: 47s - loss: 1.0460 - acc: 0.7568
 9792/12511 [======================>.......] - ETA: 46s - loss: 1.0458 - acc: 0.7569
 9840/12511 [======================>.......] - ETA: 45s - loss: 1.0459 - acc: 0.7569
 9888/12511 [======================>.......] - ETA: 44s - loss: 1.0456 - acc: 0.7571
 9936/12511 [======================>.......] - ETA: 43s - loss: 1.0458 - acc: 0.7569
 9984/12511 [======================>.......] - ETA: 42s - loss: 1.0462 - acc: 0.7567
10032/12511 [=======================>......] - ETA: 42s - loss: 1.0465 - acc: 0.7565
10080/12511 [=======================>......] - ETA: 41s - loss: 1.0459 - acc: 0.7570
10128/12511 [=======================>......] - ETA: 40s - loss: 1.0462 - acc: 0.7568
10176/12511 [=======================>......] - ETA: 39s - loss: 1.0459 - acc: 0.7571
10224/12511 [=======================>......] - ETA: 38s - loss: 1.0458 - acc: 0.7571
10272/12511 [=======================>......] - ETA: 38s - loss: 1.0463 - acc: 0.7568
10320/12511 [=======================>......] - ETA: 37s - loss: 1.0463 - acc: 0.7568
10368/12511 [=======================>......] - ETA: 36s - loss: 1.0467 - acc: 0.7566
10416/12511 [=======================>......] - ETA: 35s - loss: 1.0463 - acc: 0.7568
10464/12511 [========================>.....] - ETA: 34s - loss: 1.0462 - acc: 0.7569
10512/12511 [========================>.....] - ETA: 33s - loss: 1.0461 - acc: 0.7569
10560/12511 [========================>.....] - ETA: 33s - loss: 1.0460 - acc: 0.7570
10608/12511 [========================>.....] - ETA: 32s - loss: 1.0469 - acc: 0.7564
10656/12511 [========================>.....] - ETA: 31s - loss: 1.0473 - acc: 0.7565
10704/12511 [========================>.....] - ETA: 30s - loss: 1.0473 - acc: 0.7565
10752/12511 [========================>.....] - ETA: 29s - loss: 1.0476 - acc: 0.7561
10800/12511 [========================>.....] - ETA: 29s - loss: 1.0474 - acc: 0.7543
10848/12511 [=========================>....] - ETA: 28s - loss: 1.0469 - acc: 0.7528
10896/12511 [=========================>....] - ETA: 27s - loss: 1.0466 - acc: 0.7532
10944/12511 [=========================>....] - ETA: 26s - loss: 1.0466 - acc: 0.7533
10992/12511 [=========================>....] - ETA: 25s - loss: 1.0467 - acc: 0.7533
11040/12511 [=========================>....] - ETA: 24s - loss: 1.0467 - acc: 0.7531
11088/12511 [=========================>....] - ETA: 24s - loss: 1.0470 - acc: 0.7530
11136/12511 [=========================>....] - ETA: 23s - loss: 1.0475 - acc: 0.7528
11184/12511 [=========================>....] - ETA: 22s - loss: 1.0475 - acc: 0.7518
11232/12511 [=========================>....] - ETA: 21s - loss: 1.0472 - acc: 0.7506
11280/12511 [==========================>...] - ETA: 20s - loss: 1.0467 - acc: 0.7504
11328/12511 [==========================>...] - ETA: 20s - loss: 1.0463 - acc: 0.7509
11376/12511 [==========================>...] - ETA: 19s - loss: 1.0462 - acc: 0.7510
11424/12511 [==========================>...] - ETA: 18s - loss: 1.0466 - acc: 0.7507
11472/12511 [==========================>...] - ETA: 17s - loss: 1.0467 - acc: 0.7507
11520/12511 [==========================>...] - ETA: 16s - loss: 1.0470 - acc: 0.7505
11568/12511 [==========================>...] - ETA: 16s - loss: 1.0473 - acc: 0.7505
11616/12511 [==========================>...] - ETA: 15s - loss: 1.0472 - acc: 0.7506
11664/12511 [==========================>...] - ETA: 14s - loss: 1.0475 - acc: 0.7504
11712/12511 [===========================>..] - ETA: 13s - loss: 1.0472 - acc: 0.7499
11760/12511 [===========================>..] - ETA: 12s - loss: 1.0472 - acc: 0.7503
11808/12511 [===========================>..] - ETA: 11s - loss: 1.0471 - acc: 0.7503
11856/12511 [===========================>..] - ETA: 11s - loss: 1.0478 - acc: 0.7503
11904/12511 [===========================>..] - ETA: 10s - loss: 1.0479 - acc: 0.7488
11952/12511 [===========================>..] - ETA: 9s - loss: 1.0477 - acc: 0.7469 
12000/12511 [===========================>..] - ETA: 8s - loss: 1.0481 - acc: 0.7459
12048/12511 [===========================>..] - ETA: 7s - loss: 1.0483 - acc: 0.7443
12096/12511 [============================>.] - ETA: 7s - loss: 1.0484 - acc: 0.7423
12144/12511 [============================>.] - ETA: 6s - loss: 1.0478 - acc: 0.7400
12192/12511 [============================>.] - ETA: 5s - loss: 1.0479 - acc: 0.7386
12240/12511 [============================>.] - ETA: 4s - loss: 1.0480 - acc: 0.7371
12288/12511 [============================>.] - ETA: 3s - loss: 1.0482 - acc: 0.7354
12336/12511 [============================>.] - ETA: 2s - loss: 1.0486 - acc: 0.7338
12384/12511 [============================>.] - ETA: 2s - loss: 1.0486 - acc: 0.7319
12432/12511 [============================>.] - ETA: 1s - loss: 1.0491 - acc: 0.7304
12480/12511 [============================>.] - ETA: 0s - loss: 1.0487 - acc: 0.7282
12511/12511 [==============================] - 226s 18ms/step - loss: 1.0490 - acc: 0.7272 - val_loss: 0.5851 - val_acc: 0.7541
/global/homes/l/liuto/.conda/envs/convNet/lib/python3.6/site-packages/h5py/__init__.py:36: FutureWarning: Conversion of the second argument of issubdtype from `float` to `np.floating` is deprecated. In future, it will be treated as `np.float64 == np.dtype(float).type`.
  from ._conv import register_converters as _register_converters
Using TensorFlow backend.
Traceback (most recent call last):
  File "/global/homes/l/liuto/520project/transient-detection/cnn/jobs/run_cnn_uniform_layers.py", line 330, in <module>
    main()
  File "/global/homes/l/liuto/520project/transient-detection/cnn/jobs/run_cnn_uniform_layers.py", line 323, in main
    train_model(train_imgs, train_labels, val_imgs, val_labels, OUTPUT_DIR, output_name)
  File "/global/homes/l/liuto/520project/transient-detection/cnn/jobs/run_cnn_uniform_layers.py", line 201, in train_model
    callbacks=[checkpointer]
  File "/global/homes/l/liuto/.conda/envs/convNet/lib/python3.6/site-packages/keras/models.py", line 963, in fit
    validation_steps=validation_steps)
  File "/global/homes/l/liuto/.conda/envs/convNet/lib/python3.6/site-packages/keras/engine/training.py", line 1705, in fit
    validation_steps=validation_steps)
  File "/global/homes/l/liuto/.conda/envs/convNet/lib/python3.6/site-packages/keras/engine/training.py", line 1255, in _fit_loop
    callbacks.on_epoch_end(epoch, epoch_logs)
  File "/global/homes/l/liuto/.conda/envs/convNet/lib/python3.6/site-packages/keras/callbacks.py", line 77, in on_epoch_end
    callback.on_epoch_end(epoch, logs)
  File "/global/homes/l/liuto/.conda/envs/convNet/lib/python3.6/site-packages/keras/callbacks.py", line 447, in on_epoch_end
    self.model.save(filepath, overwrite=True)
  File "/global/homes/l/liuto/.conda/envs/convNet/lib/python3.6/site-packages/keras/engine/topology.py", line 2580, in save
    save_model(self, filepath, overwrite, include_optimizer)
  File "/global/homes/l/liuto/.conda/envs/convNet/lib/python3.6/site-packages/keras/models.py", line 106, in save_model
    with h5py.File(filepath, mode='w') as f:
  File "/global/homes/l/liuto/.conda/envs/convNet/lib/python3.6/site-packages/h5py/_hl/files.py", line 269, in __init__
    fid = make_fid(name, mode, userblock_size, fapl, swmr=swmr)
  File "/global/homes/l/liuto/.conda/envs/convNet/lib/python3.6/site-packages/h5py/_hl/files.py", line 105, in make_fid
    fid = h5f.create(name, h5f.ACC_TRUNC, fapl=fapl, fcpl=fcpl)
  File "h5py/_objects.pyx", line 54, in h5py._objects.with_phil.wrapper
  File "h5py/_objects.pyx", line 55, in h5py._objects.with_phil.wrapper
  File "h5py/h5f.pyx", line 98, in h5py.h5f.create
OSError: Unable to create file (unable to lock file, errno = 524, error message = 'Unknown error 524')
