INFO: activate-gcc_linux-64.sh made the following environmental changes:
+CC=/global/homes/l/liuto/.conda/envs/convNet/bin/x86_64-conda_cos6-linux-gnu-cc
+CFLAGS=-march=nocona -mtune=haswell -ftree-vectorize -fPIC -fstack-protector-strong -fno-plt -O2 -pipe
+CPP=/global/homes/l/liuto/.conda/envs/convNet/bin/x86_64-conda_cos6-linux-gnu-cpp
+CPPFLAGS=-DNDEBUG -D_FORTIFY_SOURCE=2 -O2
+DEBUG_CFLAGS=-march=nocona -mtune=haswell -ftree-vectorize -fPIC -fstack-protector-all -fno-plt -Og -g -Wall -Wextra -fvar-tracking-assignments -pipe
+DEBUG_CPPFLAGS=-D_DEBUG -D_FORTIFY_SOURCE=2 -Og
+GCC=/global/homes/l/liuto/.conda/envs/convNet/bin/x86_64-conda_cos6-linux-gnu-gcc
+GCC_AR=/global/homes/l/liuto/.conda/envs/convNet/bin/x86_64-conda_cos6-linux-gnu-gcc-ar
+GCC_NM=/global/homes/l/liuto/.conda/envs/convNet/bin/x86_64-conda_cos6-linux-gnu-gcc-nm
+GCC_RANLIB=/global/homes/l/liuto/.conda/envs/convNet/bin/x86_64-conda_cos6-linux-gnu-gcc-ranlib
+HOST=x86_64-conda_cos6-linux-gnu
+LDFLAGS=-Wl,-O2 -Wl,--sort-common -Wl,--as-needed -Wl,-z,relro -Wl,-z,now
+_PYTHON_SYSCONFIGDATA_NAME=_sysconfigdata_x86_64_conda_cos6_linux_gnu
-HOST=cori02
INFO: activate-binutils_linux-64.sh made the following environmental changes:
+ADDR2LINE=/global/homes/l/liuto/.conda/envs/convNet/bin/x86_64-conda_cos6-linux-gnu-addr2line
+AR=/global/homes/l/liuto/.conda/envs/convNet/bin/x86_64-conda_cos6-linux-gnu-ar
+AS=/global/homes/l/liuto/.conda/envs/convNet/bin/x86_64-conda_cos6-linux-gnu-as
+CXXFILT=/global/homes/l/liuto/.conda/envs/convNet/bin/x86_64-conda_cos6-linux-gnu-c++filt
+ELFEDIT=/global/homes/l/liuto/.conda/envs/convNet/bin/x86_64-conda_cos6-linux-gnu-elfedit
+GPROF=/global/homes/l/liuto/.conda/envs/convNet/bin/x86_64-conda_cos6-linux-gnu-gprof
+LD=/global/homes/l/liuto/.conda/envs/convNet/bin/x86_64-conda_cos6-linux-gnu-ld
+LD_GOLD=/global/homes/l/liuto/.conda/envs/convNet/bin/x86_64-conda_cos6-linux-gnu-ld.gold
+NM=/global/homes/l/liuto/.conda/envs/convNet/bin/x86_64-conda_cos6-linux-gnu-nm
+OBJCOPY=/global/homes/l/liuto/.conda/envs/convNet/bin/x86_64-conda_cos6-linux-gnu-objcopy
+OBJDUMP=/global/homes/l/liuto/.conda/envs/convNet/bin/x86_64-conda_cos6-linux-gnu-objdump
+RANLIB=/global/homes/l/liuto/.conda/envs/convNet/bin/x86_64-conda_cos6-linux-gnu-ranlib
+READELF=/global/homes/l/liuto/.conda/envs/convNet/bin/x86_64-conda_cos6-linux-gnu-readelf
+SIZE=/global/homes/l/liuto/.conda/envs/convNet/bin/x86_64-conda_cos6-linux-gnu-size
+STRINGS=/global/homes/l/liuto/.conda/envs/convNet/bin/x86_64-conda_cos6-linux-gnu-strings
+STRIP=/global/homes/l/liuto/.conda/envs/convNet/bin/x86_64-conda_cos6-linux-gnu-strip
INFO: activate-gxx_linux-64.sh made the following environmental changes:
+CXX=/global/homes/l/liuto/.conda/envs/convNet/bin/x86_64-conda_cos6-linux-gnu-c++
+CXXFLAGS=-fvisibility-inlines-hidden -std=c++17 -fmessage-length=0 -march=nocona -mtune=haswell -ftree-vectorize -fPIC -fstack-protector-strong -fno-plt -O2 -pipe
+DEBUG_CXXFLAGS=-fvisibility-inlines-hidden -std=c++17 -fmessage-length=0 -march=nocona -mtune=haswell -ftree-vectorize -fPIC -fstack-protector-all -fno-plt -Og -g -Wall -Wextra -fvar-tracking-assignments -pipe
+GXX=/global/homes/l/liuto/.conda/envs/convNet/bin/x86_64-conda_cos6-linux-gnu-g++
2018-04-18 20:47:45.499881: I tensorflow/core/platform/cpu_feature_guard.cc:140] Your CPU supports instructions that this TensorFlow binary was not compiled to use: SSE4.1 SSE4.2 AVX AVX2 FMA
Loading .npy files.
Selecting a random sample to train.
========================
=====Training model=====
========================
Compiling...
_________________________________________________________________
Layer (type)                 Output Shape              Param #   
=================================================================
conv2d_1 (Conv2D)            (None, 30, 30, 64)        3136      
_________________________________________________________________
conv2d_2 (Conv2D)            (None, 30, 30, 64)        65600     
_________________________________________________________________
dropout_1 (Dropout)          (None, 30, 30, 64)        0         
_________________________________________________________________
conv2d_3 (Conv2D)            (None, 30, 30, 64)        65600     
_________________________________________________________________
dropout_2 (Dropout)          (None, 30, 30, 64)        0         
_________________________________________________________________
conv2d_4 (Conv2D)            (None, 30, 30, 64)        65600     
_________________________________________________________________
dropout_3 (Dropout)          (None, 30, 30, 64)        0         
_________________________________________________________________
flatten_1 (Flatten)          (None, 57600)             0         
_________________________________________________________________
dense_1 (Dense)              (None, 32)                1843232   
_________________________________________________________________
dropout_4 (Dropout)          (None, 32)                0         
_________________________________________________________________
dense_2 (Dense)              (None, 1)                 33        
=================================================================
Total params: 2,043,201
Trainable params: 2,043,201
Non-trainable params: 0
_________________________________________________________________
Not using data augmentation.
Train on 12511 samples, validate on 5363 samples
Epoch 1/20

   48/12511 [..............................] - ETA: 7:32 - loss: 1.1755 - acc: 0.6250
   96/12511 [..............................] - ETA: 5:38 - loss: 1.1302 - acc: 0.4479
  144/12511 [..............................] - ETA: 4:39 - loss: 1.1351 - acc: 0.4028
  192/12511 [..............................] - ETA: 4:17 - loss: 1.1151 - acc: 0.3646
  240/12511 [..............................] - ETA: 3:55 - loss: 1.0670 - acc: 0.3167
  288/12511 [..............................] - ETA: 3:44 - loss: 1.0650 - acc: 0.2986
  336/12511 [..............................] - ETA: 3:32 - loss: 1.0593 - acc: 0.2857
  384/12511 [..............................] - ETA: 3:25 - loss: 1.0700 - acc: 0.2917
  432/12511 [>.............................] - ETA: 3:19 - loss: 1.0616 - acc: 0.2824
  480/12511 [>.............................] - ETA: 3:12 - loss: 1.0549 - acc: 0.2750
  528/12511 [>.............................] - ETA: 3:06 - loss: 1.0604 - acc: 0.2917
  576/12511 [>.............................] - ETA: 3:02 - loss: 1.0524 - acc: 0.2847
  624/12511 [>.............................] - ETA: 3:01 - loss: 1.0456 - acc: 0.2933
  672/12511 [>.............................] - ETA: 2:59 - loss: 1.0528 - acc: 0.3214
  720/12511 [>.............................] - ETA: 2:56 - loss: 1.0529 - acc: 0.3250
  768/12511 [>.............................] - ETA: 2:54 - loss: 1.0530 - acc: 0.3229
  816/12511 [>.............................] - ETA: 2:52 - loss: 1.0531 - acc: 0.3223
  864/12511 [=>............................] - ETA: 2:51 - loss: 1.0532 - acc: 0.3206
  912/12511 [=>............................] - ETA: 2:48 - loss: 1.0612 - acc: 0.3257
  960/12511 [=>............................] - ETA: 2:48 - loss: 1.0639 - acc: 0.3240
 1008/12511 [=>............................] - ETA: 2:47 - loss: 1.0620 - acc: 0.3194
 1056/12511 [=>............................] - ETA: 2:46 - loss: 1.0617 - acc: 0.3163
 1104/12511 [=>............................] - ETA: 2:46 - loss: 1.0549 - acc: 0.3098
 1152/12511 [=>............................] - ETA: 2:45 - loss: 1.0549 - acc: 0.3064
 1200/12511 [=>............................] - ETA: 2:42 - loss: 1.0573 - acc: 0.3058
 1248/12511 [=>............................] - ETA: 2:41 - loss: 1.0641 - acc: 0.3085
 1296/12511 [==>...........................] - ETA: 2:39 - loss: 1.0627 - acc: 0.3056
 1344/12511 [==>...........................] - ETA: 2:38 - loss: 1.0677 - acc: 0.3080
 1392/12511 [==>...........................] - ETA: 2:37 - loss: 1.0663 - acc: 0.3053
 1440/12511 [==>...........................] - ETA: 2:36 - loss: 1.0649 - acc: 0.3028
 1488/12511 [==>...........................] - ETA: 2:34 - loss: 1.0674 - acc: 0.3031
 1536/12511 [==>...........................] - ETA: 2:34 - loss: 1.0670 - acc: 0.3014
 1584/12511 [==>...........................] - ETA: 2:33 - loss: 1.0667 - acc: 0.2999
 1632/12511 [==>...........................] - ETA: 2:31 - loss: 1.0637 - acc: 0.2966
 1680/12511 [===>..........................] - ETA: 2:30 - loss: 1.0660 - acc: 0.2970
 1728/12511 [===>..........................] - ETA: 2:29 - loss: 1.0649 - acc: 0.2951
 1776/12511 [===>..........................] - ETA: 2:28 - loss: 1.0646 - acc: 0.2939
 1824/12511 [===>..........................] - ETA: 2:27 - loss: 1.0635 - acc: 0.2922
 1872/12511 [===>..........................] - ETA: 2:27 - loss: 1.0587 - acc: 0.2879
 1920/12511 [===>..........................] - ETA: 2:26 - loss: 1.0609 - acc: 0.2885
 1968/12511 [===>..........................] - ETA: 2:25 - loss: 1.0593 - acc: 0.2866
 2016/12511 [===>..........................] - ETA: 2:24 - loss: 1.0577 - acc: 0.2847
 2064/12511 [===>..........................] - ETA: 2:24 - loss: 1.0549 - acc: 0.2820
 2112/12511 [====>.........................] - ETA: 2:23 - loss: 1.0562 - acc: 0.2822
 2160/12511 [====>.........................] - ETA: 2:22 - loss: 1.0542 - acc: 0.2801
 2208/12511 [====>.........................] - ETA: 2:21 - loss: 1.0523 - acc: 0.2781
 2256/12511 [====>.........................] - ETA: 2:20 - loss: 1.0504 - acc: 0.2762
 2304/12511 [====>.........................] - ETA: 2:19 - loss: 1.0474 - acc: 0.2765
 2352/12511 [====>.........................] - ETA: 2:18 - loss: 1.0494 - acc: 0.2849
 2400/12511 [====>.........................] - ETA: 2:17 - loss: 1.0489 - acc: 0.2883
 2448/12511 [====>.........................] - ETA: 2:16 - loss: 1.0472 - acc: 0.2949
 2496/12511 [====>.........................] - ETA: 2:15 - loss: 1.0462 - acc: 0.3045
 2544/12511 [=====>........................] - ETA: 2:15 - loss: 1.0464 - acc: 0.3129
 2592/12511 [=====>........................] - ETA: 2:14 - loss: 1.0487 - acc: 0.3194
 2640/12511 [=====>........................] - ETA: 2:13 - loss: 1.0489 - acc: 0.3254
 2688/12511 [=====>........................] - ETA: 2:12 - loss: 1.0490 - acc: 0.3307
 2736/12511 [=====>........................] - ETA: 2:11 - loss: 1.0448 - acc: 0.3359
 2784/12511 [=====>........................] - ETA: 2:10 - loss: 1.0481 - acc: 0.3409
 2832/12511 [=====>........................] - ETA: 2:10 - loss: 1.0472 - acc: 0.3478
 2880/12511 [=====>........................] - ETA: 2:09 - loss: 1.0463 - acc: 0.3552
 2928/12511 [======>.......................] - ETA: 2:08 - loss: 1.0450 - acc: 0.3627
 2976/12511 [======>.......................] - ETA: 2:08 - loss: 1.0466 - acc: 0.3679
 3024/12511 [======>.......................] - ETA: 2:07 - loss: 1.0453 - acc: 0.3750
 3072/12511 [======>.......................] - ETA: 2:06 - loss: 1.0431 - acc: 0.3825
 3120/12511 [======>.......................] - ETA: 2:05 - loss: 1.0475 - acc: 0.3853
 3168/12511 [======>.......................] - ETA: 2:05 - loss: 1.0503 - acc: 0.3889
 3216/12511 [======>.......................] - ETA: 2:04 - loss: 1.0500 - acc: 0.3865
 3264/12511 [======>.......................] - ETA: 2:03 - loss: 1.0509 - acc: 0.3857
 3312/12511 [======>.......................] - ETA: 2:03 - loss: 1.0505 - acc: 0.3835
 3360/12511 [=======>......................] - ETA: 2:02 - loss: 1.0493 - acc: 0.3810
 3408/12511 [=======>......................] - ETA: 2:02 - loss: 1.0494 - acc: 0.3826
 3456/12511 [=======>......................] - ETA: 2:01 - loss: 1.0474 - acc: 0.3805
 3504/12511 [=======>......................] - ETA: 2:00 - loss: 1.0446 - acc: 0.3876
 3552/12511 [=======>......................] - ETA: 1:59 - loss: 1.0459 - acc: 0.3916
 3600/12511 [=======>......................] - ETA: 1:59 - loss: 1.0460 - acc: 0.3964
 3648/12511 [=======>......................] - ETA: 1:58 - loss: 1.0478 - acc: 0.3999
 3696/12511 [=======>......................] - ETA: 1:57 - loss: 1.0475 - acc: 0.4040
 3744/12511 [=======>......................] - ETA: 1:57 - loss: 1.0475 - acc: 0.4084
 3792/12511 [========>.....................] - ETA: 1:56 - loss: 1.0480 - acc: 0.4124
 3840/12511 [========>.....................] - ETA: 1:56 - loss: 1.0466 - acc: 0.4180
 3888/12511 [========>.....................] - ETA: 1:55 - loss: 1.0460 - acc: 0.4226
 3936/12511 [========>.....................] - ETA: 1:55 - loss: 1.0442 - acc: 0.4278
 3984/12511 [========>.....................] - ETA: 1:54 - loss: 1.0429 - acc: 0.4327
 4032/12511 [========>.....................] - ETA: 1:53 - loss: 1.0430 - acc: 0.4365
 4080/12511 [========>.....................] - ETA: 1:52 - loss: 1.0428 - acc: 0.4404
 4128/12511 [========>.....................] - ETA: 1:52 - loss: 1.0426 - acc: 0.4443
 4176/12511 [=========>....................] - ETA: 1:51 - loss: 1.0441 - acc: 0.4468
 4224/12511 [=========>....................] - ETA: 1:51 - loss: 1.0439 - acc: 0.4505
 4272/12511 [=========>....................] - ETA: 1:50 - loss: 1.0430 - acc: 0.4546
 4320/12511 [=========>....................] - ETA: 1:49 - loss: 1.0428 - acc: 0.4581
 4368/12511 [=========>....................] - ETA: 1:49 - loss: 1.0423 - acc: 0.4618
 4416/12511 [=========>....................] - ETA: 1:48 - loss: 1.0414 - acc: 0.4656
 4464/12511 [=========>....................] - ETA: 1:47 - loss: 1.0412 - acc: 0.4689
 4512/12511 [=========>....................] - ETA: 1:47 - loss: 1.0407 - acc: 0.4723
 4560/12511 [=========>....................] - ETA: 1:46 - loss: 1.0402 - acc: 0.4757
 4608/12511 [==========>...................] - ETA: 1:46 - loss: 1.0410 - acc: 0.4781
 4656/12511 [==========>...................] - ETA: 1:45 - loss: 1.0418 - acc: 0.4805
 4704/12511 [==========>...................] - ETA: 1:44 - loss: 1.0444 - acc: 0.4815
 4752/12511 [==========>...................] - ETA: 1:44 - loss: 1.0439 - acc: 0.4846
 4800/12511 [==========>...................] - ETA: 1:43 - loss: 1.0449 - acc: 0.4867
 4848/12511 [==========>...................] - ETA: 1:42 - loss: 1.0453 - acc: 0.4891
 4896/12511 [==========>...................] - ETA: 1:42 - loss: 1.0448 - acc: 0.4920
 4944/12511 [==========>...................] - ETA: 1:41 - loss: 1.0437 - acc: 0.4953
 4992/12511 [==========>...................] - ETA: 1:40 - loss: 1.0427 - acc: 0.4986
 5040/12511 [===========>..................] - ETA: 1:40 - loss: 1.0422 - acc: 0.5014
 5088/12511 [===========>..................] - ETA: 1:39 - loss: 1.0429 - acc: 0.5033
 5136/12511 [===========>..................] - ETA: 1:38 - loss: 1.0433 - acc: 0.5055
 5184/12511 [===========>..................] - ETA: 1:37 - loss: 1.0437 - acc: 0.5075
 5232/12511 [===========>..................] - ETA: 1:37 - loss: 1.0435 - acc: 0.5099
 5280/12511 [===========>..................] - ETA: 1:36 - loss: 1.0439 - acc: 0.5119
 5328/12511 [===========>..................] - ETA: 1:35 - loss: 1.0442 - acc: 0.5139
 5376/12511 [===========>..................] - ETA: 1:35 - loss: 1.0419 - acc: 0.5177
 5424/12511 [============>.................] - ETA: 1:34 - loss: 1.0404 - acc: 0.5208
 5472/12511 [============>.................] - ETA: 1:33 - loss: 1.0392 - acc: 0.5238
 5520/12511 [============>.................] - ETA: 1:33 - loss: 1.0393 - acc: 0.5257
 5568/12511 [============>.................] - ETA: 1:32 - loss: 1.0394 - acc: 0.5277
 5616/12511 [============>.................] - ETA: 1:31 - loss: 1.0396 - acc: 0.5296
 5664/12511 [============>.................] - ETA: 1:31 - loss: 1.0400 - acc: 0.5313
 5712/12511 [============>.................] - ETA: 1:30 - loss: 1.0401 - acc: 0.5331
 5760/12511 [============>.................] - ETA: 1:30 - loss: 1.0412 - acc: 0.5342
 5808/12511 [============>.................] - ETA: 1:29 - loss: 1.0401 - acc: 0.5368
 5856/12511 [=============>................] - ETA: 1:28 - loss: 1.0407 - acc: 0.5383
 5904/12511 [=============>................] - ETA: 1:28 - loss: 1.0413 - acc: 0.5396
 5952/12511 [=============>................] - ETA: 1:27 - loss: 1.0402 - acc: 0.5422
 6000/12511 [=============>................] - ETA: 1:26 - loss: 1.0406 - acc: 0.5437
 6048/12511 [=============>................] - ETA: 1:26 - loss: 1.0399 - acc: 0.5458
 6096/12511 [=============>................] - ETA: 1:25 - loss: 1.0396 - acc: 0.5477
 6144/12511 [=============>................] - ETA: 1:24 - loss: 1.0397 - acc: 0.5493
 6192/12511 [=============>................] - ETA: 1:24 - loss: 1.0391 - acc: 0.5514
 6240/12511 [=============>................] - ETA: 1:23 - loss: 1.0409 - acc: 0.5518
 6288/12511 [==============>...............] - ETA: 1:22 - loss: 1.0410 - acc: 0.5533
 6336/12511 [==============>...............] - ETA: 1:22 - loss: 1.0411 - acc: 0.5548
 6384/12511 [==============>...............] - ETA: 1:21 - loss: 1.0417 - acc: 0.5559
 6432/12511 [==============>...............] - ETA: 1:20 - loss: 1.0424 - acc: 0.5569
 6480/12511 [==============>...............] - ETA: 1:20 - loss: 1.0434 - acc: 0.5577
 6528/12511 [==============>...............] - ETA: 1:19 - loss: 1.0442 - acc: 0.5587
 6576/12511 [==============>...............] - ETA: 1:19 - loss: 1.0438 - acc: 0.5604
 6624/12511 [==============>...............] - ETA: 1:18 - loss: 1.0426 - acc: 0.5627
 6672/12511 [==============>...............] - ETA: 1:17 - loss: 1.0424 - acc: 0.5641
 6720/12511 [===============>..............] - ETA: 1:17 - loss: 1.0419 - acc: 0.5659
 6768/12511 [===============>..............] - ETA: 1:16 - loss: 1.0418 - acc: 0.5674
 6816/12511 [===============>..............] - ETA: 1:15 - loss: 1.0416 - acc: 0.5688
 6864/12511 [===============>..............] - ETA: 1:15 - loss: 1.0430 - acc: 0.5692
 6912/12511 [===============>..............] - ETA: 1:14 - loss: 1.0429 - acc: 0.5706
 6960/12511 [===============>..............] - ETA: 1:13 - loss: 1.0438 - acc: 0.5713
 7008/12511 [===============>..............] - ETA: 1:13 - loss: 1.0428 - acc: 0.5732
 7056/12511 [===============>..............] - ETA: 1:12 - loss: 1.0437 - acc: 0.5738
 7104/12511 [================>.............] - ETA: 1:11 - loss: 1.0434 - acc: 0.5753
 7152/12511 [================>.............] - ETA: 1:11 - loss: 1.0439 - acc: 0.5762
 7200/12511 [================>.............] - ETA: 1:10 - loss: 1.0427 - acc: 0.5782
 7248/12511 [================>.............] - ETA: 1:09 - loss: 1.0434 - acc: 0.5789
 7296/12511 [================>.............] - ETA: 1:09 - loss: 1.0443 - acc: 0.5795
 7344/12511 [================>.............] - ETA: 1:08 - loss: 1.0446 - acc: 0.5805
 7392/12511 [================>.............] - ETA: 1:07 - loss: 1.0438 - acc: 0.5821
 7440/12511 [================>.............] - ETA: 1:07 - loss: 1.0439 - acc: 0.5832
 7488/12511 [================>.............] - ETA: 1:06 - loss: 1.0432 - acc: 0.5848
 7536/12511 [=================>............] - ETA: 1:05 - loss: 1.0429 - acc: 0.5861
 7584/12511 [=================>............] - ETA: 1:05 - loss: 1.0437 - acc: 0.5866
 7632/12511 [=================>............] - ETA: 1:04 - loss: 1.0430 - acc: 0.5882
 7680/12511 [=================>............] - ETA: 1:04 - loss: 1.0429 - acc: 0.5893
 7728/12511 [=================>............] - ETA: 1:03 - loss: 1.0432 - acc: 0.5902
 7776/12511 [=================>............] - ETA: 1:02 - loss: 1.0433 - acc: 0.5912
 7824/12511 [=================>............] - ETA: 1:02 - loss: 1.0444 - acc: 0.5914
 7872/12511 [=================>............] - ETA: 1:01 - loss: 1.0443 - acc: 0.5925
 7920/12511 [=================>............] - ETA: 1:00 - loss: 1.0448 - acc: 0.5932
 7968/12511 [==================>...........] - ETA: 1:00 - loss: 1.0448 - acc: 0.5941
 8016/12511 [==================>...........] - ETA: 59s - loss: 1.0456 - acc: 0.5946 
 8064/12511 [==================>...........] - ETA: 58s - loss: 1.0453 - acc: 0.5957
 8112/12511 [==================>...........] - ETA: 58s - loss: 1.0443 - acc: 0.5974
 8160/12511 [==================>...........] - ETA: 57s - loss: 1.0443 - acc: 0.5983
 8208/12511 [==================>...........] - ETA: 56s - loss: 1.0440 - acc: 0.5994
 8256/12511 [==================>...........] - ETA: 56s - loss: 1.0430 - acc: 0.6010
 8304/12511 [==================>...........] - ETA: 55s - loss: 1.0431 - acc: 0.6019
 8352/12511 [===================>..........] - ETA: 54s - loss: 1.0430 - acc: 0.6028
 8400/12511 [===================>..........] - ETA: 54s - loss: 1.0434 - acc: 0.6035
 8448/12511 [===================>..........] - ETA: 53s - loss: 1.0431 - acc: 0.6045
 8496/12511 [===================>..........] - ETA: 52s - loss: 1.0427 - acc: 0.6057
 8544/12511 [===================>..........] - ETA: 52s - loss: 1.0431 - acc: 0.6063
 8592/12511 [===================>..........] - ETA: 51s - loss: 1.0425 - acc: 0.6075
 8640/12511 [===================>..........] - ETA: 51s - loss: 1.0425 - acc: 0.6083
 8688/12511 [===================>..........] - ETA: 50s - loss: 1.0423 - acc: 0.6093
 8736/12511 [===================>..........] - ETA: 49s - loss: 1.0427 - acc: 0.6099
 8784/12511 [====================>.........] - ETA: 49s - loss: 1.0432 - acc: 0.6103
 8832/12511 [====================>.........] - ETA: 48s - loss: 1.0431 - acc: 0.6112
 8880/12511 [====================>.........] - ETA: 47s - loss: 1.0430 - acc: 0.6120
 8928/12511 [====================>.........] - ETA: 47s - loss: 1.0431 - acc: 0.6128
 8976/12511 [====================>.........] - ETA: 46s - loss: 1.0422 - acc: 0.6142
 9024/12511 [====================>.........] - ETA: 46s - loss: 1.0419 - acc: 0.6151
 9072/12511 [====================>.........] - ETA: 45s - loss: 1.0423 - acc: 0.6156
 9120/12511 [====================>.........] - ETA: 44s - loss: 1.0433 - acc: 0.6157
 9168/12511 [====================>.........] - ETA: 44s - loss: 1.0437 - acc: 0.6162
 9216/12511 [=====================>........] - ETA: 43s - loss: 1.0431 - acc: 0.6173
 9264/12511 [=====================>........] - ETA: 42s - loss: 1.0429 - acc: 0.6182
 9312/12511 [=====================>........] - ETA: 42s - loss: 1.0431 - acc: 0.6188
 9360/12511 [=====================>........] - ETA: 41s - loss: 1.0444 - acc: 0.6186
 9408/12511 [=====================>........] - ETA: 40s - loss: 1.0448 - acc: 0.6190
 9456/12511 [=====================>........] - ETA: 40s - loss: 1.0448 - acc: 0.6197
 9504/12511 [=====================>........] - ETA: 39s - loss: 1.0455 - acc: 0.6199
 9552/12511 [=====================>........] - ETA: 39s - loss: 1.0452 - acc: 0.6208
 9600/12511 [======================>.......] - ETA: 38s - loss: 1.0457 - acc: 0.6211
 9648/12511 [======================>.......] - ETA: 37s - loss: 1.0452 - acc: 0.6223
 9696/12511 [======================>.......] - ETA: 37s - loss: 1.0455 - acc: 0.6227
 9744/12511 [======================>.......] - ETA: 36s - loss: 1.0453 - acc: 0.6236
 9792/12511 [======================>.......] - ETA: 35s - loss: 1.0465 - acc: 0.6234
 9840/12511 [======================>.......] - ETA: 35s - loss: 1.0465 - acc: 0.6238
 9888/12511 [======================>.......] - ETA: 34s - loss: 1.0469 - acc: 0.6235
 9936/12511 [======================>.......] - ETA: 33s - loss: 1.0469 - acc: 0.6231
 9984/12511 [======================>.......] - ETA: 33s - loss: 1.0475 - acc: 0.6227
10032/12511 [=======================>......] - ETA: 32s - loss: 1.0483 - acc: 0.6215
10080/12511 [=======================>......] - ETA: 32s - loss: 1.0477 - acc: 0.6193
10128/12511 [=======================>......] - ETA: 31s - loss: 1.0483 - acc: 0.6180
10176/12511 [=======================>......] - ETA: 30s - loss: 1.0484 - acc: 0.6163
10224/12511 [=======================>......] - ETA: 30s - loss: 1.0483 - acc: 0.6144
10272/12511 [=======================>......] - ETA: 29s - loss: 1.0486 - acc: 0.6129
10320/12511 [=======================>......] - ETA: 28s - loss: 1.0491 - acc: 0.6116
10368/12511 [=======================>......] - ETA: 28s - loss: 1.0496 - acc: 0.6102
10416/12511 [=======================>......] - ETA: 27s - loss: 1.0489 - acc: 0.6081
10464/12511 [========================>.....] - ETA: 27s - loss: 1.0489 - acc: 0.6065
10512/12511 [========================>.....] - ETA: 26s - loss: 1.0492 - acc: 0.6050
10560/12511 [========================>.....] - ETA: 25s - loss: 1.0494 - acc: 0.6035
10608/12511 [========================>.....] - ETA: 25s - loss: 1.0490 - acc: 0.6016
10656/12511 [========================>.....] - ETA: 24s - loss: 1.0486 - acc: 0.5998
10704/12511 [========================>.....] - ETA: 23s - loss: 1.0492 - acc: 0.5986
10752/12511 [========================>.....] - ETA: 23s - loss: 1.0492 - acc: 0.5970
10800/12511 [========================>.....] - ETA: 22s - loss: 1.0495 - acc: 0.5956
10848/12511 [=========================>....] - ETA: 21s - loss: 1.0494 - acc: 0.5940
10896/12511 [=========================>....] - ETA: 21s - loss: 1.0490 - acc: 0.5922
10944/12511 [=========================>....] - ETA: 20s - loss: 1.0484 - acc: 0.5903
10992/12511 [=========================>....] - ETA: 20s - loss: 1.0487 - acc: 0.5890
11040/12511 [=========================>....] - ETA: 19s - loss: 1.0481 - acc: 0.5870
11088/12511 [=========================>....] - ETA: 18s - loss: 1.0483 - acc: 0.5859
11136/12511 [=========================>....] - ETA: 18s - loss: 1.0481 - acc: 0.5842
11184/12511 [=========================>....] - ETA: 17s - loss: 1.0479 - acc: 0.5826
11232/12511 [=========================>....] - ETA: 16s - loss: 1.0474 - acc: 0.5808
11280/12511 [==========================>...] - ETA: 16s - loss: 1.0474 - acc: 0.5799
11328/12511 [==========================>...] - ETA: 15s - loss: 1.0472 - acc: 0.5787
11376/12511 [==========================>...] - ETA: 15s - loss: 1.0477 - acc: 0.5782
11424/12511 [==========================>...] - ETA: 14s - loss: 1.0476 - acc: 0.5768
11472/12511 [==========================>...] - ETA: 13s - loss: 1.0477 - acc: 0.5754
11520/12511 [==========================>...] - ETA: 13s - loss: 1.0481 - acc: 0.5745
11568/12511 [==========================>...] - ETA: 12s - loss: 1.0474 - acc: 0.5726
11616/12511 [==========================>...] - ETA: 11s - loss: 1.0475 - acc: 0.5718
11664/12511 [==========================>...] - ETA: 11s - loss: 1.0472 - acc: 0.5704
11712/12511 [===========================>..] - ETA: 10s - loss: 1.0471 - acc: 0.5699
11760/12511 [===========================>..] - ETA: 9s - loss: 1.0470 - acc: 0.5700 
11808/12511 [===========================>..] - ETA: 9s - loss: 1.0470 - acc: 0.5706
11856/12511 [===========================>..] - ETA: 8s - loss: 1.0466 - acc: 0.5708
11904/12511 [===========================>..] - ETA: 8s - loss: 1.0463 - acc: 0.5717
11952/12511 [===========================>..] - ETA: 7s - loss: 1.0465 - acc: 0.5723
12000/12511 [===========================>..] - ETA: 6s - loss: 1.0463 - acc: 0.5733
12048/12511 [===========================>..] - ETA: 6s - loss: 1.0463 - acc: 0.5743
12096/12511 [============================>.] - ETA: 5s - loss: 1.0463 - acc: 0.5750
12144/12511 [============================>.] - ETA: 4s - loss: 1.0469 - acc: 0.5755
12192/12511 [============================>.] - ETA: 4s - loss: 1.0467 - acc: 0.5762
12240/12511 [============================>.] - ETA: 3s - loss: 1.0468 - acc: 0.5766
12288/12511 [============================>.] - ETA: 2s - loss: 1.0466 - acc: 0.5776
12336/12511 [============================>.] - ETA: 2s - loss: 1.0472 - acc: 0.5786
12384/12511 [============================>.] - ETA: 1s - loss: 1.0468 - acc: 0.5784
12432/12511 [============================>.] - ETA: 1s - loss: 1.0461 - acc: 0.5793
12480/12511 [============================>.] - ETA: 0s - loss: 1.0465 - acc: 0.5799
12511/12511 [==============================] - 175s 14ms/step - loss: 1.0470 - acc: 0.5800 - val_loss: 0.7299 - val_acc: 0.7589
/global/homes/l/liuto/.conda/envs/convNet/lib/python3.6/site-packages/h5py/__init__.py:36: FutureWarning: Conversion of the second argument of issubdtype from `float` to `np.floating` is deprecated. In future, it will be treated as `np.float64 == np.dtype(float).type`.
  from ._conv import register_converters as _register_converters
Using TensorFlow backend.
Traceback (most recent call last):
  File "/global/homes/l/liuto/520project/transient-detection/cnn/jobs/run_cnn_uniform_smaller.py", line 330, in <module>
    main()
  File "/global/homes/l/liuto/520project/transient-detection/cnn/jobs/run_cnn_uniform_smaller.py", line 323, in main
    train_model(train_imgs, train_labels, val_imgs, val_labels, OUTPUT_DIR, output_name)
  File "/global/homes/l/liuto/520project/transient-detection/cnn/jobs/run_cnn_uniform_smaller.py", line 201, in train_model
    callbacks=[checkpointer]
  File "/global/homes/l/liuto/.conda/envs/convNet/lib/python3.6/site-packages/keras/models.py", line 963, in fit
    validation_steps=validation_steps)
  File "/global/homes/l/liuto/.conda/envs/convNet/lib/python3.6/site-packages/keras/engine/training.py", line 1705, in fit
    validation_steps=validation_steps)
  File "/global/homes/l/liuto/.conda/envs/convNet/lib/python3.6/site-packages/keras/engine/training.py", line 1255, in _fit_loop
    callbacks.on_epoch_end(epoch, epoch_logs)
  File "/global/homes/l/liuto/.conda/envs/convNet/lib/python3.6/site-packages/keras/callbacks.py", line 77, in on_epoch_end
    callback.on_epoch_end(epoch, logs)
  File "/global/homes/l/liuto/.conda/envs/convNet/lib/python3.6/site-packages/keras/callbacks.py", line 447, in on_epoch_end
    self.model.save(filepath, overwrite=True)
  File "/global/homes/l/liuto/.conda/envs/convNet/lib/python3.6/site-packages/keras/engine/topology.py", line 2580, in save
    save_model(self, filepath, overwrite, include_optimizer)
  File "/global/homes/l/liuto/.conda/envs/convNet/lib/python3.6/site-packages/keras/models.py", line 106, in save_model
    with h5py.File(filepath, mode='w') as f:
  File "/global/homes/l/liuto/.conda/envs/convNet/lib/python3.6/site-packages/h5py/_hl/files.py", line 269, in __init__
    fid = make_fid(name, mode, userblock_size, fapl, swmr=swmr)
  File "/global/homes/l/liuto/.conda/envs/convNet/lib/python3.6/site-packages/h5py/_hl/files.py", line 105, in make_fid
    fid = h5f.create(name, h5f.ACC_TRUNC, fapl=fapl, fcpl=fcpl)
  File "h5py/_objects.pyx", line 54, in h5py._objects.with_phil.wrapper
  File "h5py/_objects.pyx", line 55, in h5py._objects.with_phil.wrapper
  File "h5py/h5f.pyx", line 98, in h5py.h5f.create
OSError: Unable to create file (unable to lock file, errno = 524, error message = 'Unknown error 524')
