INFO: activate-gcc_linux-64.sh made the following environmental changes:
+CC=/global/homes/l/liuto/.conda/envs/convNet/bin/x86_64-conda_cos6-linux-gnu-cc
+CFLAGS=-march=nocona -mtune=haswell -ftree-vectorize -fPIC -fstack-protector-strong -fno-plt -O2 -pipe
+CPP=/global/homes/l/liuto/.conda/envs/convNet/bin/x86_64-conda_cos6-linux-gnu-cpp
+CPPFLAGS=-DNDEBUG -D_FORTIFY_SOURCE=2 -O2
+DEBUG_CFLAGS=-march=nocona -mtune=haswell -ftree-vectorize -fPIC -fstack-protector-all -fno-plt -Og -g -Wall -Wextra -fvar-tracking-assignments -pipe
+DEBUG_CPPFLAGS=-D_DEBUG -D_FORTIFY_SOURCE=2 -Og
+GCC=/global/homes/l/liuto/.conda/envs/convNet/bin/x86_64-conda_cos6-linux-gnu-gcc
+GCC_AR=/global/homes/l/liuto/.conda/envs/convNet/bin/x86_64-conda_cos6-linux-gnu-gcc-ar
+GCC_NM=/global/homes/l/liuto/.conda/envs/convNet/bin/x86_64-conda_cos6-linux-gnu-gcc-nm
+GCC_RANLIB=/global/homes/l/liuto/.conda/envs/convNet/bin/x86_64-conda_cos6-linux-gnu-gcc-ranlib
+HOST=x86_64-conda_cos6-linux-gnu
+LDFLAGS=-Wl,-O2 -Wl,--sort-common -Wl,--as-needed -Wl,-z,relro -Wl,-z,now
+_PYTHON_SYSCONFIGDATA_NAME=_sysconfigdata_x86_64_conda_cos6_linux_gnu
-HOST=cori02
INFO: activate-binutils_linux-64.sh made the following environmental changes:
+ADDR2LINE=/global/homes/l/liuto/.conda/envs/convNet/bin/x86_64-conda_cos6-linux-gnu-addr2line
+AR=/global/homes/l/liuto/.conda/envs/convNet/bin/x86_64-conda_cos6-linux-gnu-ar
+AS=/global/homes/l/liuto/.conda/envs/convNet/bin/x86_64-conda_cos6-linux-gnu-as
+CXXFILT=/global/homes/l/liuto/.conda/envs/convNet/bin/x86_64-conda_cos6-linux-gnu-c++filt
+ELFEDIT=/global/homes/l/liuto/.conda/envs/convNet/bin/x86_64-conda_cos6-linux-gnu-elfedit
+GPROF=/global/homes/l/liuto/.conda/envs/convNet/bin/x86_64-conda_cos6-linux-gnu-gprof
+LD=/global/homes/l/liuto/.conda/envs/convNet/bin/x86_64-conda_cos6-linux-gnu-ld
+LD_GOLD=/global/homes/l/liuto/.conda/envs/convNet/bin/x86_64-conda_cos6-linux-gnu-ld.gold
+NM=/global/homes/l/liuto/.conda/envs/convNet/bin/x86_64-conda_cos6-linux-gnu-nm
+OBJCOPY=/global/homes/l/liuto/.conda/envs/convNet/bin/x86_64-conda_cos6-linux-gnu-objcopy
+OBJDUMP=/global/homes/l/liuto/.conda/envs/convNet/bin/x86_64-conda_cos6-linux-gnu-objdump
+RANLIB=/global/homes/l/liuto/.conda/envs/convNet/bin/x86_64-conda_cos6-linux-gnu-ranlib
+READELF=/global/homes/l/liuto/.conda/envs/convNet/bin/x86_64-conda_cos6-linux-gnu-readelf
+SIZE=/global/homes/l/liuto/.conda/envs/convNet/bin/x86_64-conda_cos6-linux-gnu-size
+STRINGS=/global/homes/l/liuto/.conda/envs/convNet/bin/x86_64-conda_cos6-linux-gnu-strings
+STRIP=/global/homes/l/liuto/.conda/envs/convNet/bin/x86_64-conda_cos6-linux-gnu-strip
INFO: activate-gxx_linux-64.sh made the following environmental changes:
+CXX=/global/homes/l/liuto/.conda/envs/convNet/bin/x86_64-conda_cos6-linux-gnu-c++
+CXXFLAGS=-fvisibility-inlines-hidden -std=c++17 -fmessage-length=0 -march=nocona -mtune=haswell -ftree-vectorize -fPIC -fstack-protector-strong -fno-plt -O2 -pipe
+DEBUG_CXXFLAGS=-fvisibility-inlines-hidden -std=c++17 -fmessage-length=0 -march=nocona -mtune=haswell -ftree-vectorize -fPIC -fstack-protector-all -fno-plt -Og -g -Wall -Wextra -fvar-tracking-assignments -pipe
+GXX=/global/homes/l/liuto/.conda/envs/convNet/bin/x86_64-conda_cos6-linux-gnu-g++
2018-04-18 20:47:44.962846: I tensorflow/core/platform/cpu_feature_guard.cc:140] Your CPU supports instructions that this TensorFlow binary was not compiled to use: SSE4.1 SSE4.2 AVX AVX2 FMA
Loading .npy files.
Selecting a random sample to train.
========================
=====Training model=====
========================
Compiling...
_________________________________________________________________
Layer (type)                 Output Shape              Param #   
=================================================================
conv2d_1 (Conv2D)            (None, 30, 30, 128)       13952     
_________________________________________________________________
conv2d_2 (Conv2D)            (None, 30, 30, 64)        131136    
_________________________________________________________________
dropout_1 (Dropout)          (None, 30, 30, 64)        0         
_________________________________________________________________
conv2d_3 (Conv2D)            (None, 30, 30, 32)        8224      
_________________________________________________________________
dropout_2 (Dropout)          (None, 30, 30, 32)        0         
_________________________________________________________________
conv2d_4 (Conv2D)            (None, 30, 30, 64)        32832     
_________________________________________________________________
dropout_3 (Dropout)          (None, 30, 30, 64)        0         
_________________________________________________________________
conv2d_5 (Conv2D)            (None, 30, 30, 128)       295040    
_________________________________________________________________
dropout_4 (Dropout)          (None, 30, 30, 128)       0         
_________________________________________________________________
flatten_1 (Flatten)          (None, 115200)            0         
_________________________________________________________________
dense_1 (Dense)              (None, 32)                3686432   
_________________________________________________________________
dropout_5 (Dropout)          (None, 32)                0         
_________________________________________________________________
dense_2 (Dense)              (None, 1)                 33        
=================================================================
Total params: 4,167,649
Trainable params: 4,167,649
Non-trainable params: 0
_________________________________________________________________
Not using data augmentation.
Train on 12511 samples, validate on 5363 samples
Epoch 1/20

   48/12511 [..............................] - ETA: 8:03 - loss: 1.1117 - acc: 0.6875
   96/12511 [..............................] - ETA: 6:37 - loss: 1.0817 - acc: 0.5312
  144/12511 [..............................] - ETA: 5:29 - loss: 1.0319 - acc: 0.4306
  192/12511 [..............................] - ETA: 5:04 - loss: 1.0294 - acc: 0.5156
  240/12511 [..............................] - ETA: 4:42 - loss: 1.0279 - acc: 0.5667
  288/12511 [..............................] - ETA: 4:30 - loss: 1.0469 - acc: 0.5868
  336/12511 [..............................] - ETA: 4:22 - loss: 1.0647 - acc: 0.5982
  384/12511 [..............................] - ETA: 4:17 - loss: 1.0594 - acc: 0.5521
  432/12511 [>.............................] - ETA: 4:13 - loss: 1.0552 - acc: 0.5162
  480/12511 [>.............................] - ETA: 4:08 - loss: 1.0579 - acc: 0.4958
  528/12511 [>.............................] - ETA: 4:04 - loss: 1.0465 - acc: 0.4659
  576/12511 [>.............................] - ETA: 4:03 - loss: 1.0444 - acc: 0.4913
  624/12511 [>.............................] - ETA: 4:01 - loss: 1.0519 - acc: 0.5064
  672/12511 [>.............................] - ETA: 3:59 - loss: 1.0626 - acc: 0.4940
  720/12511 [>.............................] - ETA: 3:57 - loss: 1.0559 - acc: 0.4736
  768/12511 [>.............................] - ETA: 3:54 - loss: 1.0538 - acc: 0.4583
  816/12511 [>.............................] - ETA: 3:50 - loss: 1.0589 - acc: 0.4510
  864/12511 [=>............................] - ETA: 3:48 - loss: 1.0635 - acc: 0.4433
  912/12511 [=>............................] - ETA: 3:46 - loss: 1.0597 - acc: 0.4309
  960/12511 [=>............................] - ETA: 3:46 - loss: 1.0683 - acc: 0.4281
 1008/12511 [=>............................] - ETA: 3:46 - loss: 1.0632 - acc: 0.4167
 1056/12511 [=>............................] - ETA: 3:44 - loss: 1.0627 - acc: 0.4091
 1104/12511 [=>............................] - ETA: 3:44 - loss: 1.0661 - acc: 0.4049
 1152/12511 [=>............................] - ETA: 3:42 - loss: 1.0643 - acc: 0.3976
 1200/12511 [=>............................] - ETA: 3:41 - loss: 1.0614 - acc: 0.3900
 1248/12511 [=>............................] - ETA: 3:40 - loss: 1.0633 - acc: 0.3862
 1296/12511 [==>...........................] - ETA: 3:38 - loss: 1.0662 - acc: 0.3835
 1344/12511 [==>...........................] - ETA: 3:37 - loss: 1.0625 - acc: 0.3765
 1392/12511 [==>...........................] - ETA: 3:37 - loss: 1.0601 - acc: 0.3707
 1440/12511 [==>...........................] - ETA: 3:35 - loss: 1.0558 - acc: 0.3639
 1488/12511 [==>...........................] - ETA: 3:34 - loss: 1.0548 - acc: 0.3595
 1536/12511 [==>...........................] - ETA: 3:32 - loss: 1.0593 - acc: 0.3594
 1584/12511 [==>...........................] - ETA: 3:31 - loss: 1.0528 - acc: 0.3516
 1632/12511 [==>...........................] - ETA: 3:29 - loss: 1.0580 - acc: 0.3523
 1680/12511 [===>..........................] - ETA: 3:27 - loss: 1.0587 - acc: 0.3500
 1728/12511 [===>..........................] - ETA: 3:27 - loss: 1.0535 - acc: 0.3437
 1776/12511 [===>..........................] - ETA: 3:26 - loss: 1.0535 - acc: 0.3412
 1824/12511 [===>..........................] - ETA: 3:24 - loss: 1.0519 - acc: 0.3377
 1872/12511 [===>..........................] - ETA: 3:24 - loss: 1.0511 - acc: 0.3349
 1920/12511 [===>..........................] - ETA: 3:23 - loss: 1.0504 - acc: 0.3323
 1968/12511 [===>..........................] - ETA: 3:22 - loss: 1.0533 - acc: 0.3323
 2016/12511 [===>..........................] - ETA: 3:20 - loss: 1.0540 - acc: 0.3309
 2064/12511 [===>..........................] - ETA: 3:19 - loss: 1.0533 - acc: 0.3285
 2112/12511 [====>.........................] - ETA: 3:18 - loss: 1.0546 - acc: 0.3277
 2160/12511 [====>.........................] - ETA: 3:17 - loss: 1.0499 - acc: 0.3227
 2208/12511 [====>.........................] - ETA: 3:16 - loss: 1.0473 - acc: 0.3193
 2256/12511 [====>.........................] - ETA: 3:15 - loss: 1.0468 - acc: 0.3285
 2304/12511 [====>.........................] - ETA: 3:14 - loss: 1.0463 - acc: 0.3377
 2352/12511 [====>.........................] - ETA: 3:13 - loss: 1.0494 - acc: 0.3440
 2400/12511 [====>.........................] - ETA: 3:12 - loss: 1.0501 - acc: 0.3425
 2448/12511 [====>.........................] - ETA: 3:11 - loss: 1.0478 - acc: 0.3391
 2496/12511 [====>.........................] - ETA: 3:10 - loss: 1.0513 - acc: 0.3446
 2544/12511 [=====>........................] - ETA: 3:09 - loss: 1.0507 - acc: 0.3424
 2592/12511 [=====>........................] - ETA: 3:08 - loss: 1.0480 - acc: 0.3387
 2640/12511 [=====>........................] - ETA: 3:07 - loss: 1.0492 - acc: 0.3417
 2688/12511 [=====>........................] - ETA: 3:06 - loss: 1.0481 - acc: 0.3393
 2736/12511 [=====>........................] - ETA: 3:05 - loss: 1.0477 - acc: 0.3417
 2784/12511 [=====>........................] - ETA: 3:04 - loss: 1.0483 - acc: 0.3470
 2832/12511 [=====>........................] - ETA: 3:03 - loss: 1.0478 - acc: 0.3464
 2880/12511 [=====>........................] - ETA: 3:02 - loss: 1.0504 - acc: 0.3503
 2928/12511 [======>.......................] - ETA: 3:01 - loss: 1.0499 - acc: 0.3484
 2976/12511 [======>.......................] - ETA: 3:00 - loss: 1.0509 - acc: 0.3474
 3024/12511 [======>.......................] - ETA: 2:59 - loss: 1.0504 - acc: 0.3456
 3072/12511 [======>.......................] - ETA: 2:58 - loss: 1.0519 - acc: 0.3451
 3120/12511 [======>.......................] - ETA: 2:57 - loss: 1.0505 - acc: 0.3426
 3168/12511 [======>.......................] - ETA: 2:56 - loss: 1.0514 - acc: 0.3419
 3216/12511 [======>.......................] - ETA: 2:56 - loss: 1.0505 - acc: 0.3399
 3264/12511 [======>.......................] - ETA: 2:55 - loss: 1.0510 - acc: 0.3388
 3312/12511 [======>.......................] - ETA: 2:54 - loss: 1.0514 - acc: 0.3379
 3360/12511 [=======>......................] - ETA: 2:52 - loss: 1.0514 - acc: 0.3366
 3408/12511 [=======>......................] - ETA: 2:52 - loss: 1.0531 - acc: 0.3366
 3456/12511 [=======>......................] - ETA: 2:51 - loss: 1.0531 - acc: 0.3354
 3504/12511 [=======>......................] - ETA: 2:49 - loss: 1.0563 - acc: 0.3365
 3552/12511 [=======>......................] - ETA: 2:49 - loss: 1.0554 - acc: 0.3347
 3600/12511 [=======>......................] - ETA: 2:48 - loss: 1.0554 - acc: 0.3336
 3648/12511 [=======>......................] - ETA: 2:47 - loss: 1.0557 - acc: 0.3328
 3696/12511 [=======>......................] - ETA: 2:46 - loss: 1.0534 - acc: 0.3301
 3744/12511 [=======>......................] - ETA: 2:45 - loss: 1.0537 - acc: 0.3293
 3792/12511 [========>.....................] - ETA: 2:44 - loss: 1.0537 - acc: 0.3283
 3840/12511 [========>.....................] - ETA: 2:43 - loss: 1.0533 - acc: 0.3271
 3888/12511 [========>.....................] - ETA: 2:42 - loss: 1.0526 - acc: 0.3256
 3936/12511 [========>.....................] - ETA: 2:42 - loss: 1.0522 - acc: 0.3244
 3984/12511 [========>.....................] - ETA: 2:40 - loss: 1.0518 - acc: 0.3233
 4032/12511 [========>.....................] - ETA: 2:39 - loss: 1.0511 - acc: 0.3219
 4080/12511 [========>.....................] - ETA: 2:39 - loss: 1.0508 - acc: 0.3208
 4128/12511 [========>.....................] - ETA: 2:38 - loss: 1.0501 - acc: 0.3195
 4176/12511 [=========>....................] - ETA: 2:37 - loss: 1.0501 - acc: 0.3187
 4224/12511 [=========>....................] - ETA: 2:36 - loss: 1.0498 - acc: 0.3177
 4272/12511 [=========>....................] - ETA: 2:35 - loss: 1.0522 - acc: 0.3186
 4320/12511 [=========>....................] - ETA: 2:34 - loss: 1.0518 - acc: 0.3176
 4368/12511 [=========>....................] - ETA: 2:33 - loss: 1.0521 - acc: 0.3171
 4416/12511 [=========>....................] - ETA: 2:32 - loss: 1.0509 - acc: 0.3154
 4464/12511 [=========>....................] - ETA: 2:32 - loss: 1.0518 - acc: 0.3154
 4512/12511 [=========>....................] - ETA: 2:31 - loss: 1.0512 - acc: 0.3143
 4560/12511 [=========>....................] - ETA: 2:30 - loss: 1.0524 - acc: 0.3145
 4608/12511 [==========>...................] - ETA: 2:29 - loss: 1.0521 - acc: 0.3136
 4656/12511 [==========>...................] - ETA: 2:28 - loss: 1.0527 - acc: 0.3134
 4704/12511 [==========>...................] - ETA: 2:27 - loss: 1.0524 - acc: 0.3125
 4752/12511 [==========>...................] - ETA: 2:26 - loss: 1.0518 - acc: 0.3114
 4800/12511 [==========>...................] - ETA: 2:26 - loss: 1.0524 - acc: 0.3112
 4848/12511 [==========>...................] - ETA: 2:25 - loss: 1.0533 - acc: 0.3113
 4896/12511 [==========>...................] - ETA: 2:24 - loss: 1.0530 - acc: 0.3105
 4944/12511 [==========>...................] - ETA: 2:23 - loss: 1.0524 - acc: 0.3095
 4992/12511 [==========>...................] - ETA: 2:22 - loss: 1.0527 - acc: 0.3091
 5040/12511 [===========>..................] - ETA: 2:21 - loss: 1.0529 - acc: 0.3087
 5088/12511 [===========>..................] - ETA: 2:20 - loss: 1.0543 - acc: 0.3092
 5136/12511 [===========>..................] - ETA: 2:19 - loss: 1.0557 - acc: 0.3096
 5184/12511 [===========>..................] - ETA: 2:18 - loss: 1.0556 - acc: 0.3090
 5232/12511 [===========>..................] - ETA: 2:17 - loss: 1.0556 - acc: 0.3085
 5280/12511 [===========>..................] - ETA: 2:16 - loss: 1.0542 - acc: 0.3070
 5328/12511 [===========>..................] - ETA: 2:15 - loss: 1.0526 - acc: 0.3054
 5376/12511 [===========>..................] - ETA: 2:14 - loss: 1.0531 - acc: 0.3052
 5424/12511 [============>.................] - ETA: 2:13 - loss: 1.0529 - acc: 0.3046
 5472/12511 [============>.................] - ETA: 2:12 - loss: 1.0518 - acc: 0.3034
 5520/12511 [============>.................] - ETA: 2:11 - loss: 1.0508 - acc: 0.3022
 5568/12511 [============>.................] - ETA: 2:11 - loss: 1.0508 - acc: 0.3017
 5616/12511 [============>.................] - ETA: 2:10 - loss: 1.0510 - acc: 0.3015
 5664/12511 [============>.................] - ETA: 2:09 - loss: 1.0495 - acc: 0.3000
 5712/12511 [============>.................] - ETA: 2:08 - loss: 1.0503 - acc: 0.3001
 5760/12511 [============>.................] - ETA: 2:07 - loss: 1.0493 - acc: 0.2990
 5808/12511 [============>.................] - ETA: 2:06 - loss: 1.0503 - acc: 0.2992
 5856/12511 [=============>................] - ETA: 2:05 - loss: 1.0494 - acc: 0.2982
 5904/12511 [=============>................] - ETA: 2:04 - loss: 1.0506 - acc: 0.2986
 5952/12511 [=============>................] - ETA: 2:03 - loss: 1.0508 - acc: 0.2984
 6000/12511 [=============>................] - ETA: 2:03 - loss: 1.0497 - acc: 0.2972
 6048/12511 [=============>................] - ETA: 2:02 - loss: 1.0490 - acc: 0.2963
 6096/12511 [=============>................] - ETA: 2:01 - loss: 1.0492 - acc: 0.2961
 6144/12511 [=============>................] - ETA: 2:00 - loss: 1.0486 - acc: 0.2952
 6192/12511 [=============>................] - ETA: 1:59 - loss: 1.0474 - acc: 0.2941
 6240/12511 [=============>................] - ETA: 1:58 - loss: 1.0470 - acc: 0.2982
 6288/12511 [==============>...............] - ETA: 1:57 - loss: 1.0461 - acc: 0.3023
 6336/12511 [==============>...............] - ETA: 1:56 - loss: 1.0468 - acc: 0.3052
 6384/12511 [==============>...............] - ETA: 1:55 - loss: 1.0473 - acc: 0.3083
 6432/12511 [==============>...............] - ETA: 1:54 - loss: 1.0467 - acc: 0.3125
 6480/12511 [==============>...............] - ETA: 1:53 - loss: 1.0458 - acc: 0.3164
 6528/12511 [==============>...............] - ETA: 1:53 - loss: 1.0465 - acc: 0.3191
 6576/12511 [==============>...............] - ETA: 1:52 - loss: 1.0461 - acc: 0.3225
 6624/12511 [==============>...............] - ETA: 1:51 - loss: 1.0466 - acc: 0.3253
 6672/12511 [==============>...............] - ETA: 1:50 - loss: 1.0464 - acc: 0.3285
 6720/12511 [===============>..............] - ETA: 1:49 - loss: 1.0473 - acc: 0.3310
 6768/12511 [===============>..............] - ETA: 1:48 - loss: 1.0465 - acc: 0.3348
 6816/12511 [===============>..............] - ETA: 1:47 - loss: 1.0472 - acc: 0.3373
 6864/12511 [===============>..............] - ETA: 1:46 - loss: 1.0472 - acc: 0.3405
 6912/12511 [===============>..............] - ETA: 1:45 - loss: 1.0466 - acc: 0.3440
 6960/12511 [===============>..............] - ETA: 1:44 - loss: 1.0456 - acc: 0.3476
 7008/12511 [===============>..............] - ETA: 1:43 - loss: 1.0455 - acc: 0.3505
 7056/12511 [===============>..............] - ETA: 1:42 - loss: 1.0457 - acc: 0.3530
 7104/12511 [================>.............] - ETA: 1:41 - loss: 1.0470 - acc: 0.3549
 7152/12511 [================>.............] - ETA: 1:41 - loss: 1.0464 - acc: 0.3579
 7200/12511 [================>.............] - ETA: 1:40 - loss: 1.0458 - acc: 0.3610
 7248/12511 [================>.............] - ETA: 1:39 - loss: 1.0453 - acc: 0.3640
 7296/12511 [================>.............] - ETA: 1:38 - loss: 1.0459 - acc: 0.3661
 7344/12511 [================>.............] - ETA: 1:37 - loss: 1.0456 - acc: 0.3689
 7392/12511 [================>.............] - ETA: 1:36 - loss: 1.0450 - acc: 0.3718
 7440/12511 [================>.............] - ETA: 1:35 - loss: 1.0452 - acc: 0.3741
 7488/12511 [================>.............] - ETA: 1:34 - loss: 1.0461 - acc: 0.3759
 7536/12511 [=================>............] - ETA: 1:33 - loss: 1.0469 - acc: 0.3778
 7584/12511 [=================>............] - ETA: 1:32 - loss: 1.0471 - acc: 0.3800
 7632/12511 [=================>............] - ETA: 1:31 - loss: 1.0471 - acc: 0.3829
 7680/12511 [=================>............] - ETA: 1:31 - loss: 1.0466 - acc: 0.3848
 7728/12511 [=================>............] - ETA: 1:30 - loss: 1.0459 - acc: 0.3876
 7776/12511 [=================>............] - ETA: 1:29 - loss: 1.0453 - acc: 0.3902
 7824/12511 [=================>............] - ETA: 1:28 - loss: 1.0448 - acc: 0.3928
 7872/12511 [=================>............] - ETA: 1:27 - loss: 1.0447 - acc: 0.3951
 7920/12511 [=================>............] - ETA: 1:26 - loss: 1.0451 - acc: 0.3970
 7968/12511 [==================>...........] - ETA: 1:25 - loss: 1.0449 - acc: 0.3992
 8016/12511 [==================>...........] - ETA: 1:24 - loss: 1.0452 - acc: 0.4012
 8064/12511 [==================>...........] - ETA: 1:23 - loss: 1.0459 - acc: 0.4028
 8112/12511 [==================>...........] - ETA: 1:22 - loss: 1.0461 - acc: 0.4047
 8160/12511 [==================>...........] - ETA: 1:21 - loss: 1.0463 - acc: 0.4066
 8208/12511 [==================>...........] - ETA: 1:21 - loss: 1.0469 - acc: 0.4083
 8256/12511 [==================>...........] - ETA: 1:20 - loss: 1.0464 - acc: 0.4109
 8304/12511 [==================>...........] - ETA: 1:19 - loss: 1.0459 - acc: 0.4132
 8352/12511 [===================>..........] - ETA: 1:18 - loss: 1.0454 - acc: 0.4155
 8400/12511 [===================>..........] - ETA: 1:17 - loss: 1.0453 - acc: 0.4175
 8448/12511 [===================>..........] - ETA: 1:16 - loss: 1.0450 - acc: 0.4196
 8496/12511 [===================>..........] - ETA: 1:15 - loss: 1.0450 - acc: 0.4215
 8544/12511 [===================>..........] - ETA: 1:14 - loss: 1.0459 - acc: 0.4228
 8592/12511 [===================>..........] - ETA: 1:13 - loss: 1.0453 - acc: 0.4250
 8640/12511 [===================>..........] - ETA: 1:12 - loss: 1.0446 - acc: 0.4273
 8688/12511 [===================>..........] - ETA: 1:12 - loss: 1.0443 - acc: 0.4293
 8736/12511 [===================>..........] - ETA: 1:11 - loss: 1.0441 - acc: 0.4313
 8784/12511 [====================>.........] - ETA: 1:10 - loss: 1.0439 - acc: 0.4332
 8832/12511 [====================>.........] - ETA: 1:09 - loss: 1.0438 - acc: 0.4350
 8880/12511 [====================>.........] - ETA: 1:08 - loss: 1.0435 - acc: 0.4369
 8928/12511 [====================>.........] - ETA: 1:07 - loss: 1.0432 - acc: 0.4388
 8976/12511 [====================>.........] - ETA: 1:06 - loss: 1.0434 - acc: 0.4404
 9024/12511 [====================>.........] - ETA: 1:05 - loss: 1.0427 - acc: 0.4426
 9072/12511 [====================>.........] - ETA: 1:04 - loss: 1.0426 - acc: 0.4443
 9120/12511 [====================>.........] - ETA: 1:03 - loss: 1.0423 - acc: 0.4462
 9168/12511 [====================>.........] - ETA: 1:03 - loss: 1.0414 - acc: 0.4484
 9216/12511 [=====================>........] - ETA: 1:02 - loss: 1.0419 - acc: 0.4497
 9264/12511 [=====================>........] - ETA: 1:01 - loss: 1.0420 - acc: 0.4512
 9312/12511 [=====================>........] - ETA: 1:00 - loss: 1.0427 - acc: 0.4523
 9360/12511 [=====================>........] - ETA: 59s - loss: 1.0427 - acc: 0.4538 
 9408/12511 [=====================>........] - ETA: 58s - loss: 1.0431 - acc: 0.4551
 9456/12511 [=====================>........] - ETA: 57s - loss: 1.0433 - acc: 0.4565
 9504/12511 [=====================>........] - ETA: 56s - loss: 1.0436 - acc: 0.4578
 9552/12511 [=====================>........] - ETA: 55s - loss: 1.0436 - acc: 0.4593
 9600/12511 [======================>.......] - ETA: 54s - loss: 1.0440 - acc: 0.4605
 9648/12511 [======================>.......] - ETA: 54s - loss: 1.0436 - acc: 0.4623
 9696/12511 [======================>.......] - ETA: 53s - loss: 1.0435 - acc: 0.4638
 9744/12511 [======================>.......] - ETA: 52s - loss: 1.0441 - acc: 0.4648
 9792/12511 [======================>.......] - ETA: 51s - loss: 1.0449 - acc: 0.4657
 9840/12511 [======================>.......] - ETA: 50s - loss: 1.0451 - acc: 0.4670
 9888/12511 [======================>.......] - ETA: 49s - loss: 1.0463 - acc: 0.4675
 9936/12511 [======================>.......] - ETA: 48s - loss: 1.0456 - acc: 0.4696
 9984/12511 [======================>.......] - ETA: 47s - loss: 1.0462 - acc: 0.4706
10032/12511 [=======================>......] - ETA: 46s - loss: 1.0466 - acc: 0.4719
10080/12511 [=======================>......] - ETA: 45s - loss: 1.0465 - acc: 0.4725
10128/12511 [=======================>......] - ETA: 45s - loss: 1.0472 - acc: 0.4735
10176/12511 [=======================>......] - ETA: 44s - loss: 1.0478 - acc: 0.4729
10224/12511 [=======================>......] - ETA: 43s - loss: 1.0483 - acc: 0.4721
10272/12511 [=======================>......] - ETA: 42s - loss: 1.0479 - acc: 0.4708
10320/12511 [=======================>......] - ETA: 41s - loss: 1.0473 - acc: 0.4694
10368/12511 [=======================>......] - ETA: 40s - loss: 1.0472 - acc: 0.4683
10416/12511 [=======================>......] - ETA: 39s - loss: 1.0476 - acc: 0.4675
10464/12511 [========================>.....] - ETA: 38s - loss: 1.0474 - acc: 0.4664
10512/12511 [========================>.....] - ETA: 37s - loss: 1.0470 - acc: 0.4651
10560/12511 [========================>.....] - ETA: 36s - loss: 1.0465 - acc: 0.4638
10608/12511 [========================>.....] - ETA: 35s - loss: 1.0462 - acc: 0.4655
10656/12511 [========================>.....] - ETA: 35s - loss: 1.0460 - acc: 0.4674
10704/12511 [========================>.....] - ETA: 34s - loss: 1.0459 - acc: 0.4688
10752/12511 [========================>.....] - ETA: 33s - loss: 1.0462 - acc: 0.4699
10800/12511 [========================>.....] - ETA: 32s - loss: 1.0460 - acc: 0.4712
10848/12511 [=========================>....] - ETA: 31s - loss: 1.0457 - acc: 0.4728
10896/12511 [=========================>....] - ETA: 30s - loss: 1.0461 - acc: 0.4738
10944/12511 [=========================>....] - ETA: 29s - loss: 1.0456 - acc: 0.4755
10992/12511 [=========================>....] - ETA: 28s - loss: 1.0454 - acc: 0.4769
11040/12511 [=========================>....] - ETA: 27s - loss: 1.0453 - acc: 0.4782
11088/12511 [=========================>....] - ETA: 26s - loss: 1.0449 - acc: 0.4796
11136/12511 [=========================>....] - ETA: 25s - loss: 1.0448 - acc: 0.4809
11184/12511 [=========================>....] - ETA: 25s - loss: 1.0443 - acc: 0.4824
11232/12511 [=========================>....] - ETA: 24s - loss: 1.0450 - acc: 0.4831
11280/12511 [==========================>...] - ETA: 23s - loss: 1.0458 - acc: 0.4837
11328/12511 [==========================>...] - ETA: 22s - loss: 1.0457 - acc: 0.4849
11376/12511 [==========================>...] - ETA: 21s - loss: 1.0453 - acc: 0.4863
11424/12511 [==========================>...] - ETA: 20s - loss: 1.0450 - acc: 0.4877
11472/12511 [==========================>...] - ETA: 19s - loss: 1.0445 - acc: 0.4891
11520/12511 [==========================>...] - ETA: 18s - loss: 1.0443 - acc: 0.4904
11568/12511 [==========================>...] - ETA: 17s - loss: 1.0443 - acc: 0.4914
11616/12511 [==========================>...] - ETA: 16s - loss: 1.0445 - acc: 0.4924
11664/12511 [==========================>...] - ETA: 15s - loss: 1.0451 - acc: 0.4931
11712/12511 [===========================>..] - ETA: 15s - loss: 1.0450 - acc: 0.4942
11760/12511 [===========================>..] - ETA: 14s - loss: 1.0456 - acc: 0.4948
11808/12511 [===========================>..] - ETA: 13s - loss: 1.0460 - acc: 0.4956
11856/12511 [===========================>..] - ETA: 12s - loss: 1.0461 - acc: 0.4969
11904/12511 [===========================>..] - ETA: 11s - loss: 1.0463 - acc: 0.4982
11952/12511 [===========================>..] - ETA: 10s - loss: 1.0463 - acc: 0.4987
12000/12511 [===========================>..] - ETA: 9s - loss: 1.0468 - acc: 0.4997 
12048/12511 [===========================>..] - ETA: 8s - loss: 1.0466 - acc: 0.4987
12096/12511 [============================>.] - ETA: 7s - loss: 1.0464 - acc: 0.4984
12144/12511 [============================>.] - ETA: 6s - loss: 1.0461 - acc: 0.4993
12192/12511 [============================>.] - ETA: 6s - loss: 1.0464 - acc: 0.5004
12240/12511 [============================>.] - ETA: 5s - loss: 1.0465 - acc: 0.5009
12288/12511 [============================>.] - ETA: 4s - loss: 1.0462 - acc: 0.5011
12336/12511 [============================>.] - ETA: 3s - loss: 1.0463 - acc: 0.5021
12384/12511 [============================>.] - ETA: 2s - loss: 1.0463 - acc: 0.5031
12432/12511 [============================>.] - ETA: 1s - loss: 1.0460 - acc: 0.5032
12480/12511 [============================>.] - ETA: 0s - loss: 1.0456 - acc: 0.5046
12511/12511 [==============================] - 250s 20ms/step - loss: 1.0456 - acc: 0.5052 - val_loss: 0.6156 - val_acc: 0.7613
/global/homes/l/liuto/.conda/envs/convNet/lib/python3.6/site-packages/h5py/__init__.py:36: FutureWarning: Conversion of the second argument of issubdtype from `float` to `np.floating` is deprecated. In future, it will be treated as `np.float64 == np.dtype(float).type`.
  from ._conv import register_converters as _register_converters
Using TensorFlow backend.
Traceback (most recent call last):
  File "/global/homes/l/liuto/520project/transient-detection/cnn/jobs/run_cnn_vf_vk.py", line 334, in <module>
    main()
  File "/global/homes/l/liuto/520project/transient-detection/cnn/jobs/run_cnn_vf_vk.py", line 327, in main
    train_model(train_imgs, train_labels, val_imgs, val_labels, OUTPUT_DIR, output_name)
  File "/global/homes/l/liuto/520project/transient-detection/cnn/jobs/run_cnn_vf_vk.py", line 205, in train_model
    callbacks=[checkpointer]
  File "/global/homes/l/liuto/.conda/envs/convNet/lib/python3.6/site-packages/keras/models.py", line 963, in fit
    validation_steps=validation_steps)
  File "/global/homes/l/liuto/.conda/envs/convNet/lib/python3.6/site-packages/keras/engine/training.py", line 1705, in fit
    validation_steps=validation_steps)
  File "/global/homes/l/liuto/.conda/envs/convNet/lib/python3.6/site-packages/keras/engine/training.py", line 1255, in _fit_loop
    callbacks.on_epoch_end(epoch, epoch_logs)
  File "/global/homes/l/liuto/.conda/envs/convNet/lib/python3.6/site-packages/keras/callbacks.py", line 77, in on_epoch_end
    callback.on_epoch_end(epoch, logs)
  File "/global/homes/l/liuto/.conda/envs/convNet/lib/python3.6/site-packages/keras/callbacks.py", line 447, in on_epoch_end
    self.model.save(filepath, overwrite=True)
  File "/global/homes/l/liuto/.conda/envs/convNet/lib/python3.6/site-packages/keras/engine/topology.py", line 2580, in save
    save_model(self, filepath, overwrite, include_optimizer)
  File "/global/homes/l/liuto/.conda/envs/convNet/lib/python3.6/site-packages/keras/models.py", line 106, in save_model
    with h5py.File(filepath, mode='w') as f:
  File "/global/homes/l/liuto/.conda/envs/convNet/lib/python3.6/site-packages/h5py/_hl/files.py", line 269, in __init__
    fid = make_fid(name, mode, userblock_size, fapl, swmr=swmr)
  File "/global/homes/l/liuto/.conda/envs/convNet/lib/python3.6/site-packages/h5py/_hl/files.py", line 105, in make_fid
    fid = h5f.create(name, h5f.ACC_TRUNC, fapl=fapl, fcpl=fcpl)
  File "h5py/_objects.pyx", line 54, in h5py._objects.with_phil.wrapper
  File "h5py/_objects.pyx", line 55, in h5py._objects.with_phil.wrapper
  File "h5py/h5f.pyx", line 98, in h5py.h5f.create
OSError: Unable to create file (unable to lock file, errno = 524, error message = 'Unknown error 524')
