INFO: activate-gcc_linux-64.sh made the following environmental changes:
+CC=/global/homes/l/liuto/.conda/envs/convNet/bin/x86_64-conda_cos6-linux-gnu-cc
+CFLAGS=-march=nocona -mtune=haswell -ftree-vectorize -fPIC -fstack-protector-strong -fno-plt -O2 -pipe
+CPP=/global/homes/l/liuto/.conda/envs/convNet/bin/x86_64-conda_cos6-linux-gnu-cpp
+CPPFLAGS=-DNDEBUG -D_FORTIFY_SOURCE=2 -O2
+DEBUG_CFLAGS=-march=nocona -mtune=haswell -ftree-vectorize -fPIC -fstack-protector-all -fno-plt -Og -g -Wall -Wextra -fvar-tracking-assignments -pipe
+DEBUG_CPPFLAGS=-D_DEBUG -D_FORTIFY_SOURCE=2 -Og
+GCC=/global/homes/l/liuto/.conda/envs/convNet/bin/x86_64-conda_cos6-linux-gnu-gcc
+GCC_AR=/global/homes/l/liuto/.conda/envs/convNet/bin/x86_64-conda_cos6-linux-gnu-gcc-ar
+GCC_NM=/global/homes/l/liuto/.conda/envs/convNet/bin/x86_64-conda_cos6-linux-gnu-gcc-nm
+GCC_RANLIB=/global/homes/l/liuto/.conda/envs/convNet/bin/x86_64-conda_cos6-linux-gnu-gcc-ranlib
+HOST=x86_64-conda_cos6-linux-gnu
+LDFLAGS=-Wl,-O2 -Wl,--sort-common -Wl,--as-needed -Wl,-z,relro -Wl,-z,now
+_PYTHON_SYSCONFIGDATA_NAME=_sysconfigdata_x86_64_conda_cos6_linux_gnu
-HOST=cori02
INFO: activate-binutils_linux-64.sh made the following environmental changes:
+ADDR2LINE=/global/homes/l/liuto/.conda/envs/convNet/bin/x86_64-conda_cos6-linux-gnu-addr2line
+AR=/global/homes/l/liuto/.conda/envs/convNet/bin/x86_64-conda_cos6-linux-gnu-ar
+AS=/global/homes/l/liuto/.conda/envs/convNet/bin/x86_64-conda_cos6-linux-gnu-as
+CXXFILT=/global/homes/l/liuto/.conda/envs/convNet/bin/x86_64-conda_cos6-linux-gnu-c++filt
+ELFEDIT=/global/homes/l/liuto/.conda/envs/convNet/bin/x86_64-conda_cos6-linux-gnu-elfedit
+GPROF=/global/homes/l/liuto/.conda/envs/convNet/bin/x86_64-conda_cos6-linux-gnu-gprof
+LD=/global/homes/l/liuto/.conda/envs/convNet/bin/x86_64-conda_cos6-linux-gnu-ld
+LD_GOLD=/global/homes/l/liuto/.conda/envs/convNet/bin/x86_64-conda_cos6-linux-gnu-ld.gold
+NM=/global/homes/l/liuto/.conda/envs/convNet/bin/x86_64-conda_cos6-linux-gnu-nm
+OBJCOPY=/global/homes/l/liuto/.conda/envs/convNet/bin/x86_64-conda_cos6-linux-gnu-objcopy
+OBJDUMP=/global/homes/l/liuto/.conda/envs/convNet/bin/x86_64-conda_cos6-linux-gnu-objdump
+RANLIB=/global/homes/l/liuto/.conda/envs/convNet/bin/x86_64-conda_cos6-linux-gnu-ranlib
+READELF=/global/homes/l/liuto/.conda/envs/convNet/bin/x86_64-conda_cos6-linux-gnu-readelf
+SIZE=/global/homes/l/liuto/.conda/envs/convNet/bin/x86_64-conda_cos6-linux-gnu-size
+STRINGS=/global/homes/l/liuto/.conda/envs/convNet/bin/x86_64-conda_cos6-linux-gnu-strings
+STRIP=/global/homes/l/liuto/.conda/envs/convNet/bin/x86_64-conda_cos6-linux-gnu-strip
INFO: activate-gxx_linux-64.sh made the following environmental changes:
+CXX=/global/homes/l/liuto/.conda/envs/convNet/bin/x86_64-conda_cos6-linux-gnu-c++
+CXXFLAGS=-fvisibility-inlines-hidden -std=c++17 -fmessage-length=0 -march=nocona -mtune=haswell -ftree-vectorize -fPIC -fstack-protector-strong -fno-plt -O2 -pipe
+DEBUG_CXXFLAGS=-fvisibility-inlines-hidden -std=c++17 -fmessage-length=0 -march=nocona -mtune=haswell -ftree-vectorize -fPIC -fstack-protector-all -fno-plt -Og -g -Wall -Wextra -fvar-tracking-assignments -pipe
+GXX=/global/homes/l/liuto/.conda/envs/convNet/bin/x86_64-conda_cos6-linux-gnu-g++
2018-04-18 20:47:49.447738: I tensorflow/core/platform/cpu_feature_guard.cc:140] Your CPU supports instructions that this TensorFlow binary was not compiled to use: SSE4.1 SSE4.2 AVX AVX2 FMA
Loading .npy files.
Selecting a random sample to train.
========================
=====Training model=====
========================
Compiling...
_________________________________________________________________
Layer (type)                 Output Shape              Param #   
=================================================================
conv2d_1 (Conv2D)            (None, 30, 30, 64)        3136      
_________________________________________________________________
dropout_1 (Dropout)          (None, 30, 30, 64)        0         
_________________________________________________________________
conv2d_2 (Conv2D)            (None, 30, 30, 64)        65600     
_________________________________________________________________
dropout_2 (Dropout)          (None, 30, 30, 64)        0         
_________________________________________________________________
conv2d_3 (Conv2D)            (None, 30, 30, 64)        65600     
_________________________________________________________________
dropout_3 (Dropout)          (None, 30, 30, 64)        0         
_________________________________________________________________
conv2d_4 (Conv2D)            (None, 30, 30, 32)        32800     
_________________________________________________________________
dropout_4 (Dropout)          (None, 30, 30, 32)        0         
_________________________________________________________________
flatten_1 (Flatten)          (None, 28800)             0         
_________________________________________________________________
dense_1 (Dense)              (None, 32)                921632    
_________________________________________________________________
dropout_5 (Dropout)          (None, 32)                0         
_________________________________________________________________
dense_2 (Dense)              (None, 1)                 33        
=================================================================
Total params: 1,088,801
Trainable params: 1,088,801
Non-trainable params: 0
_________________________________________________________________
Not using data augmentation.
Train on 12511 samples, validate on 5363 samples
Epoch 1/20

   48/12511 [..............................] - ETA: 8:06 - loss: 1.0299 - acc: 0.4167
   96/12511 [..............................] - ETA: 5:37 - loss: 1.0605 - acc: 0.4167
  144/12511 [..............................] - ETA: 4:49 - loss: 1.0095 - acc: 0.3958
  192/12511 [..............................] - ETA: 4:22 - loss: 1.0069 - acc: 0.4792
  240/12511 [..............................] - ETA: 4:04 - loss: 0.9870 - acc: 0.5458
  288/12511 [..............................] - ETA: 3:57 - loss: 1.0198 - acc: 0.5660
  336/12511 [..............................] - ETA: 3:48 - loss: 1.0168 - acc: 0.5982
  384/12511 [..............................] - ETA: 3:44 - loss: 1.0262 - acc: 0.6120
  432/12511 [>.............................] - ETA: 3:39 - loss: 1.0436 - acc: 0.6134
  480/12511 [>.............................] - ETA: 3:33 - loss: 1.0361 - acc: 0.6167
  528/12511 [>.............................] - ETA: 3:31 - loss: 1.0356 - acc: 0.6250
  576/12511 [>.............................] - ETA: 3:30 - loss: 1.0274 - acc: 0.6372
  624/12511 [>.............................] - ETA: 3:26 - loss: 1.0300 - acc: 0.6458
  672/12511 [>.............................] - ETA: 3:24 - loss: 1.0256 - acc: 0.6577
  720/12511 [>.............................] - ETA: 3:22 - loss: 1.0300 - acc: 0.6625
  768/12511 [>.............................] - ETA: 3:19 - loss: 1.0338 - acc: 0.6667
  816/12511 [>.............................] - ETA: 3:18 - loss: 1.0354 - acc: 0.6703
  864/12511 [=>............................] - ETA: 3:16 - loss: 1.0368 - acc: 0.6748
  912/12511 [=>............................] - ETA: 3:14 - loss: 1.0461 - acc: 0.6732
  960/12511 [=>............................] - ETA: 3:12 - loss: 1.0469 - acc: 0.6625
 1008/12511 [=>............................] - ETA: 3:09 - loss: 1.0461 - acc: 0.6538
 1056/12511 [=>............................] - ETA: 3:06 - loss: 1.0509 - acc: 0.6496
 1104/12511 [=>............................] - ETA: 3:04 - loss: 1.0606 - acc: 0.6377
 1152/12511 [=>............................] - ETA: 3:03 - loss: 1.0619 - acc: 0.6224
 1200/12511 [=>............................] - ETA: 3:01 - loss: 1.0643 - acc: 0.6092
 1248/12511 [=>............................] - ETA: 3:00 - loss: 1.0618 - acc: 0.5937
 1296/12511 [==>...........................] - ETA: 2:58 - loss: 1.0629 - acc: 0.5818
 1344/12511 [==>...........................] - ETA: 2:57 - loss: 1.0660 - acc: 0.5722
 1392/12511 [==>...........................] - ETA: 2:55 - loss: 1.0606 - acc: 0.5575
 1440/12511 [==>...........................] - ETA: 2:54 - loss: 1.0596 - acc: 0.5465
 1488/12511 [==>...........................] - ETA: 2:53 - loss: 1.0586 - acc: 0.5363
 1536/12511 [==>...........................] - ETA: 2:52 - loss: 1.0549 - acc: 0.5254
 1584/12511 [==>...........................] - ETA: 2:50 - loss: 1.0532 - acc: 0.5158
 1632/12511 [==>...........................] - ETA: 2:50 - loss: 1.0489 - acc: 0.5055
 1680/12511 [===>..........................] - ETA: 2:48 - loss: 1.0449 - acc: 0.5089
 1728/12511 [===>..........................] - ETA: 2:47 - loss: 1.0453 - acc: 0.5156
 1776/12511 [===>..........................] - ETA: 2:46 - loss: 1.0449 - acc: 0.5220
 1824/12511 [===>..........................] - ETA: 2:45 - loss: 1.0437 - acc: 0.5296
 1872/12511 [===>..........................] - ETA: 2:44 - loss: 1.0441 - acc: 0.5353
 1920/12511 [===>..........................] - ETA: 2:43 - loss: 1.0453 - acc: 0.5401
 1968/12511 [===>..........................] - ETA: 2:41 - loss: 1.0479 - acc: 0.5427
 2016/12511 [===>..........................] - ETA: 2:40 - loss: 1.0489 - acc: 0.5461
 2064/12511 [===>..........................] - ETA: 2:40 - loss: 1.0492 - acc: 0.5489
 2112/12511 [====>.........................] - ETA: 2:39 - loss: 1.0495 - acc: 0.5497
 2160/12511 [====>.........................] - ETA: 2:38 - loss: 1.0477 - acc: 0.5491
 2208/12511 [====>.........................] - ETA: 2:37 - loss: 1.0513 - acc: 0.5503
 2256/12511 [====>.........................] - ETA: 2:36 - loss: 1.0521 - acc: 0.5452
 2304/12511 [====>.........................] - ETA: 2:35 - loss: 1.0536 - acc: 0.5404
 2352/12511 [====>.........................] - ETA: 2:34 - loss: 1.0537 - acc: 0.5349
 2400/12511 [====>.........................] - ETA: 2:33 - loss: 1.0538 - acc: 0.5292
 2448/12511 [====>.........................] - ETA: 2:32 - loss: 1.0516 - acc: 0.5221
 2496/12511 [====>.........................] - ETA: 2:31 - loss: 1.0518 - acc: 0.5176
 2544/12511 [=====>........................] - ETA: 2:30 - loss: 1.0502 - acc: 0.5118
 2592/12511 [=====>........................] - ETA: 2:29 - loss: 1.0521 - acc: 0.5100
 2640/12511 [=====>........................] - ETA: 2:28 - loss: 1.0500 - acc: 0.5049
 2688/12511 [=====>........................] - ETA: 2:27 - loss: 1.0480 - acc: 0.5037
 2736/12511 [=====>........................] - ETA: 2:27 - loss: 1.0477 - acc: 0.5062
 2784/12511 [=====>........................] - ETA: 2:26 - loss: 1.0458 - acc: 0.5108
 2832/12511 [=====>........................] - ETA: 2:25 - loss: 1.0466 - acc: 0.5145
 2880/12511 [=====>........................] - ETA: 2:24 - loss: 1.0447 - acc: 0.5194
 2928/12511 [======>.......................] - ETA: 2:23 - loss: 1.0440 - acc: 0.5239
 2976/12511 [======>.......................] - ETA: 2:22 - loss: 1.0472 - acc: 0.5255
 3024/12511 [======>.......................] - ETA: 2:21 - loss: 1.0475 - acc: 0.5288
 3072/12511 [======>.......................] - ETA: 2:21 - loss: 1.0505 - acc: 0.5303
 3120/12511 [======>.......................] - ETA: 2:20 - loss: 1.0498 - acc: 0.5285
 3168/12511 [======>.......................] - ETA: 2:20 - loss: 1.0462 - acc: 0.5278
 3216/12511 [======>.......................] - ETA: 2:19 - loss: 1.0455 - acc: 0.5317
 3264/12511 [======>.......................] - ETA: 2:18 - loss: 1.0448 - acc: 0.5355
 3312/12511 [======>.......................] - ETA: 2:17 - loss: 1.0450 - acc: 0.5386
 3360/12511 [=======>......................] - ETA: 2:16 - loss: 1.0453 - acc: 0.5417
 3408/12511 [=======>......................] - ETA: 2:16 - loss: 1.0433 - acc: 0.5461
 3456/12511 [=======>......................] - ETA: 2:15 - loss: 1.0427 - acc: 0.5495
 3504/12511 [=======>......................] - ETA: 2:14 - loss: 1.0425 - acc: 0.5525
 3552/12511 [=======>......................] - ETA: 2:13 - loss: 1.0415 - acc: 0.5560
 3600/12511 [=======>......................] - ETA: 2:13 - loss: 1.0413 - acc: 0.5589
 3648/12511 [=======>......................] - ETA: 2:12 - loss: 1.0416 - acc: 0.5614
 3696/12511 [=======>......................] - ETA: 2:11 - loss: 1.0426 - acc: 0.5633
 3744/12511 [=======>......................] - ETA: 2:10 - loss: 1.0441 - acc: 0.5649
 3792/12511 [========>.....................] - ETA: 2:09 - loss: 1.0474 - acc: 0.5651
 3840/12511 [========>.....................] - ETA: 2:09 - loss: 1.0479 - acc: 0.5672
 3888/12511 [========>.....................] - ETA: 2:08 - loss: 1.0485 - acc: 0.5694
 3936/12511 [========>.....................] - ETA: 2:07 - loss: 1.0498 - acc: 0.5706
 3984/12511 [========>.....................] - ETA: 2:06 - loss: 1.0488 - acc: 0.5690
 4032/12511 [========>.....................] - ETA: 2:05 - loss: 1.0467 - acc: 0.5714
 4080/12511 [========>.....................] - ETA: 2:04 - loss: 1.0480 - acc: 0.5728
 4128/12511 [========>.....................] - ETA: 2:03 - loss: 1.0488 - acc: 0.5744
 4176/12511 [=========>....................] - ETA: 2:03 - loss: 1.0514 - acc: 0.5733
 4224/12511 [=========>....................] - ETA: 2:02 - loss: 1.0512 - acc: 0.5696
 4272/12511 [=========>....................] - ETA: 2:01 - loss: 1.0503 - acc: 0.5653
 4320/12511 [=========>....................] - ETA: 2:01 - loss: 1.0511 - acc: 0.5639
 4368/12511 [=========>....................] - ETA: 2:00 - loss: 1.0505 - acc: 0.5604
 4416/12511 [=========>....................] - ETA: 1:59 - loss: 1.0503 - acc: 0.5587
 4464/12511 [=========>....................] - ETA: 1:58 - loss: 1.0500 - acc: 0.5562
 4512/12511 [=========>....................] - ETA: 1:58 - loss: 1.0505 - acc: 0.5552
 4560/12511 [=========>....................] - ETA: 1:57 - loss: 1.0509 - acc: 0.5529
 4608/12511 [==========>...................] - ETA: 1:56 - loss: 1.0507 - acc: 0.5497
 4656/12511 [==========>...................] - ETA: 1:55 - loss: 1.0514 - acc: 0.5479
 4704/12511 [==========>...................] - ETA: 1:55 - loss: 1.0515 - acc: 0.5449
 4752/12511 [==========>...................] - ETA: 1:54 - loss: 1.0513 - acc: 0.5417
 4800/12511 [==========>...................] - ETA: 1:53 - loss: 1.0523 - acc: 0.5394
 4848/12511 [==========>...................] - ETA: 1:52 - loss: 1.0533 - acc: 0.5371
 4896/12511 [==========>...................] - ETA: 1:52 - loss: 1.0519 - acc: 0.5333
 4944/12511 [==========>...................] - ETA: 1:51 - loss: 1.0516 - acc: 0.5303
 4992/12511 [==========>...................] - ETA: 1:50 - loss: 1.0517 - acc: 0.5276
 5040/12511 [===========>..................] - ETA: 1:49 - loss: 1.0512 - acc: 0.5246
 5088/12511 [===========>..................] - ETA: 1:48 - loss: 1.0516 - acc: 0.5224
 5136/12511 [===========>..................] - ETA: 1:48 - loss: 1.0511 - acc: 0.5195
 5184/12511 [===========>..................] - ETA: 1:47 - loss: 1.0520 - acc: 0.5176
 5232/12511 [===========>..................] - ETA: 1:46 - loss: 1.0532 - acc: 0.5159
 5280/12511 [===========>..................] - ETA: 1:45 - loss: 1.0522 - acc: 0.5127
 5328/12511 [===========>..................] - ETA: 1:44 - loss: 1.0534 - acc: 0.5111
 5376/12511 [===========>..................] - ETA: 1:44 - loss: 1.0534 - acc: 0.5087
 5424/12511 [============>.................] - ETA: 1:43 - loss: 1.0548 - acc: 0.5074
 5472/12511 [============>.................] - ETA: 1:42 - loss: 1.0551 - acc: 0.5053
 5520/12511 [============>.................] - ETA: 1:42 - loss: 1.0555 - acc: 0.5033
 5568/12511 [============>.................] - ETA: 1:41 - loss: 1.0537 - acc: 0.4998
 5616/12511 [============>.................] - ETA: 1:40 - loss: 1.0527 - acc: 0.4970
 5664/12511 [============>.................] - ETA: 1:40 - loss: 1.0525 - acc: 0.4947
 5712/12511 [============>.................] - ETA: 1:39 - loss: 1.0523 - acc: 0.4925
 5760/12511 [============>.................] - ETA: 1:38 - loss: 1.0534 - acc: 0.4911
 5808/12511 [============>.................] - ETA: 1:37 - loss: 1.0519 - acc: 0.4881
 5856/12511 [=============>................] - ETA: 1:37 - loss: 1.0525 - acc: 0.4865
 5904/12511 [=============>................] - ETA: 1:36 - loss: 1.0518 - acc: 0.4841
 5952/12511 [=============>................] - ETA: 1:35 - loss: 1.0512 - acc: 0.4817
 6000/12511 [=============>................] - ETA: 1:34 - loss: 1.0522 - acc: 0.4805
 6048/12511 [=============>................] - ETA: 1:34 - loss: 1.0516 - acc: 0.4782
 6096/12511 [=============>................] - ETA: 1:33 - loss: 1.0511 - acc: 0.4760
 6144/12511 [=============>................] - ETA: 1:32 - loss: 1.0517 - acc: 0.4746
 6192/12511 [=============>................] - ETA: 1:31 - loss: 1.0518 - acc: 0.4730
 6240/12511 [=============>................] - ETA: 1:31 - loss: 1.0521 - acc: 0.4713
 6288/12511 [==============>...............] - ETA: 1:30 - loss: 1.0519 - acc: 0.4695
 6336/12511 [==============>...............] - ETA: 1:29 - loss: 1.0515 - acc: 0.4678
 6384/12511 [==============>...............] - ETA: 1:29 - loss: 1.0506 - acc: 0.4655
 6432/12511 [==============>...............] - ETA: 1:28 - loss: 1.0496 - acc: 0.4635
 6480/12511 [==============>...............] - ETA: 1:27 - loss: 1.0503 - acc: 0.4650
 6528/12511 [==============>...............] - ETA: 1:26 - loss: 1.0520 - acc: 0.4657
 6576/12511 [==============>...............] - ETA: 1:26 - loss: 1.0518 - acc: 0.4640
 6624/12511 [==============>...............] - ETA: 1:25 - loss: 1.0512 - acc: 0.4620
 6672/12511 [==============>...............] - ETA: 1:24 - loss: 1.0508 - acc: 0.4603
 6720/12511 [===============>..............] - ETA: 1:24 - loss: 1.0509 - acc: 0.4594
 6768/12511 [===============>..............] - ETA: 1:23 - loss: 1.0512 - acc: 0.4585
 6816/12511 [===============>..............] - ETA: 1:22 - loss: 1.0508 - acc: 0.4570
 6864/12511 [===============>..............] - ETA: 1:22 - loss: 1.0507 - acc: 0.4554
 6912/12511 [===============>..............] - ETA: 1:21 - loss: 1.0503 - acc: 0.4546
 6960/12511 [===============>..............] - ETA: 1:20 - loss: 1.0495 - acc: 0.4550
 7008/12511 [===============>..............] - ETA: 1:20 - loss: 1.0496 - acc: 0.4568
 7056/12511 [===============>..............] - ETA: 1:19 - loss: 1.0489 - acc: 0.4589
 7104/12511 [================>.............] - ETA: 1:18 - loss: 1.0487 - acc: 0.4610
 7152/12511 [================>.............] - ETA: 1:18 - loss: 1.0490 - acc: 0.4628
 7200/12511 [================>.............] - ETA: 1:17 - loss: 1.0489 - acc: 0.4650
 7248/12511 [================>.............] - ETA: 1:16 - loss: 1.0492 - acc: 0.4669
 7296/12511 [================>.............] - ETA: 1:15 - loss: 1.0496 - acc: 0.4685
 7344/12511 [================>.............] - ETA: 1:15 - loss: 1.0497 - acc: 0.4700
 7392/12511 [================>.............] - ETA: 1:14 - loss: 1.0490 - acc: 0.4717
 7440/12511 [================>.............] - ETA: 1:13 - loss: 1.0485 - acc: 0.4739
 7488/12511 [================>.............] - ETA: 1:13 - loss: 1.0489 - acc: 0.4754
 7536/12511 [=================>............] - ETA: 1:12 - loss: 1.0492 - acc: 0.4770
 7584/12511 [=================>............] - ETA: 1:11 - loss: 1.0497 - acc: 0.4785
 7632/12511 [=================>............] - ETA: 1:11 - loss: 1.0490 - acc: 0.4801
 7680/12511 [=================>............] - ETA: 1:10 - loss: 1.0479 - acc: 0.4826
 7728/12511 [=================>............] - ETA: 1:09 - loss: 1.0487 - acc: 0.4837
 7776/12511 [=================>............] - ETA: 1:08 - loss: 1.0490 - acc: 0.4852
 7824/12511 [=================>............] - ETA: 1:08 - loss: 1.0485 - acc: 0.4872
 7872/12511 [=================>............] - ETA: 1:07 - loss: 1.0486 - acc: 0.4888
 7920/12511 [=================>............] - ETA: 1:06 - loss: 1.0484 - acc: 0.4905
 7968/12511 [==================>...........] - ETA: 1:06 - loss: 1.0496 - acc: 0.4913
 8016/12511 [==================>...........] - ETA: 1:05 - loss: 1.0493 - acc: 0.4926
 8064/12511 [==================>...........] - ETA: 1:04 - loss: 1.0487 - acc: 0.4944
 8112/12511 [==================>...........] - ETA: 1:03 - loss: 1.0485 - acc: 0.4961
 8160/12511 [==================>...........] - ETA: 1:03 - loss: 1.0481 - acc: 0.4979
 8208/12511 [==================>...........] - ETA: 1:02 - loss: 1.0478 - acc: 0.4998
 8256/12511 [==================>...........] - ETA: 1:01 - loss: 1.0473 - acc: 0.5016
 8304/12511 [==================>...........] - ETA: 1:01 - loss: 1.0479 - acc: 0.5026
 8352/12511 [===================>..........] - ETA: 1:00 - loss: 1.0480 - acc: 0.5041
 8400/12511 [===================>..........] - ETA: 59s - loss: 1.0481 - acc: 0.5055 
 8448/12511 [===================>..........] - ETA: 59s - loss: 1.0488 - acc: 0.5064
 8496/12511 [===================>..........] - ETA: 58s - loss: 1.0489 - acc: 0.5078
 8544/12511 [===================>..........] - ETA: 57s - loss: 1.0486 - acc: 0.5094
 8592/12511 [===================>..........] - ETA: 57s - loss: 1.0485 - acc: 0.5108
 8640/12511 [===================>..........] - ETA: 56s - loss: 1.0486 - acc: 0.5122
 8688/12511 [===================>..........] - ETA: 55s - loss: 1.0493 - acc: 0.5130
 8736/12511 [===================>..........] - ETA: 54s - loss: 1.0499 - acc: 0.5141
 8784/12511 [====================>.........] - ETA: 54s - loss: 1.0501 - acc: 0.5148
 8832/12511 [====================>.........] - ETA: 53s - loss: 1.0498 - acc: 0.5155
 8880/12511 [====================>.........] - ETA: 52s - loss: 1.0496 - acc: 0.5164
 8928/12511 [====================>.........] - ETA: 52s - loss: 1.0496 - acc: 0.5178
 8976/12511 [====================>.........] - ETA: 51s - loss: 1.0495 - acc: 0.5194
 9024/12511 [====================>.........] - ETA: 50s - loss: 1.0496 - acc: 0.5205
 9072/12511 [====================>.........] - ETA: 50s - loss: 1.0506 - acc: 0.5212
 9120/12511 [====================>.........] - ETA: 49s - loss: 1.0503 - acc: 0.5195
 9168/12511 [====================>.........] - ETA: 48s - loss: 1.0504 - acc: 0.5187
 9216/12511 [=====================>........] - ETA: 47s - loss: 1.0507 - acc: 0.5180
 9264/12511 [=====================>........] - ETA: 47s - loss: 1.0506 - acc: 0.5166
 9312/12511 [=====================>........] - ETA: 46s - loss: 1.0510 - acc: 0.5156
 9360/12511 [=====================>........] - ETA: 45s - loss: 1.0514 - acc: 0.5144
 9408/12511 [=====================>........] - ETA: 45s - loss: 1.0514 - acc: 0.5132
 9456/12511 [=====================>........] - ETA: 44s - loss: 1.0508 - acc: 0.5114
 9504/12511 [=====================>........] - ETA: 43s - loss: 1.0506 - acc: 0.5100
 9552/12511 [=====================>........] - ETA: 43s - loss: 1.0512 - acc: 0.5091
 9600/12511 [======================>.......] - ETA: 42s - loss: 1.0511 - acc: 0.5077
 9648/12511 [======================>.......] - ETA: 41s - loss: 1.0512 - acc: 0.5064
 9696/12511 [======================>.......] - ETA: 40s - loss: 1.0509 - acc: 0.5050
 9744/12511 [======================>.......] - ETA: 40s - loss: 1.0516 - acc: 0.5042
 9792/12511 [======================>.......] - ETA: 39s - loss: 1.0516 - acc: 0.5030
 9840/12511 [======================>.......] - ETA: 38s - loss: 1.0515 - acc: 0.5016
 9888/12511 [======================>.......] - ETA: 38s - loss: 1.0527 - acc: 0.5012
 9936/12511 [======================>.......] - ETA: 37s - loss: 1.0525 - acc: 0.4998
 9984/12511 [======================>.......] - ETA: 36s - loss: 1.0519 - acc: 0.4982
10032/12511 [=======================>......] - ETA: 35s - loss: 1.0522 - acc: 0.4972
10080/12511 [=======================>......] - ETA: 35s - loss: 1.0530 - acc: 0.4965
10128/12511 [=======================>......] - ETA: 34s - loss: 1.0528 - acc: 0.4952
10176/12511 [=======================>......] - ETA: 33s - loss: 1.0522 - acc: 0.4936
10224/12511 [=======================>......] - ETA: 33s - loss: 1.0524 - acc: 0.4926
10272/12511 [=======================>......] - ETA: 32s - loss: 1.0536 - acc: 0.4922
10320/12511 [=======================>......] - ETA: 31s - loss: 1.0540 - acc: 0.4914
10368/12511 [=======================>......] - ETA: 31s - loss: 1.0531 - acc: 0.4896
10416/12511 [=======================>......] - ETA: 30s - loss: 1.0528 - acc: 0.4883
10464/12511 [========================>.....] - ETA: 29s - loss: 1.0524 - acc: 0.4869
10512/12511 [========================>.....] - ETA: 29s - loss: 1.0526 - acc: 0.4859
10560/12511 [========================>.....] - ETA: 28s - loss: 1.0525 - acc: 0.4848
10608/12511 [========================>.....] - ETA: 27s - loss: 1.0527 - acc: 0.4838
10656/12511 [========================>.....] - ETA: 26s - loss: 1.0524 - acc: 0.4825
10704/12511 [========================>.....] - ETA: 26s - loss: 1.0525 - acc: 0.4815
10752/12511 [========================>.....] - ETA: 25s - loss: 1.0521 - acc: 0.4802
10800/12511 [========================>.....] - ETA: 24s - loss: 1.0516 - acc: 0.4788
10848/12511 [=========================>....] - ETA: 24s - loss: 1.0511 - acc: 0.4774
10896/12511 [=========================>....] - ETA: 23s - loss: 1.0506 - acc: 0.4761
10944/12511 [=========================>....] - ETA: 22s - loss: 1.0502 - acc: 0.4756
10992/12511 [=========================>....] - ETA: 22s - loss: 1.0500 - acc: 0.4763
11040/12511 [=========================>....] - ETA: 21s - loss: 1.0503 - acc: 0.4775
11088/12511 [=========================>....] - ETA: 20s - loss: 1.0505 - acc: 0.4782
11136/12511 [=========================>....] - ETA: 19s - loss: 1.0508 - acc: 0.4784
11184/12511 [=========================>....] - ETA: 19s - loss: 1.0502 - acc: 0.4773
11232/12511 [=========================>....] - ETA: 18s - loss: 1.0502 - acc: 0.4780
11280/12511 [==========================>...] - ETA: 17s - loss: 1.0500 - acc: 0.4783
11328/12511 [==========================>...] - ETA: 17s - loss: 1.0499 - acc: 0.4791
11376/12511 [==========================>...] - ETA: 16s - loss: 1.0498 - acc: 0.4803
11424/12511 [==========================>...] - ETA: 15s - loss: 1.0503 - acc: 0.4815
11472/12511 [==========================>...] - ETA: 15s - loss: 1.0497 - acc: 0.4820
11520/12511 [==========================>...] - ETA: 14s - loss: 1.0493 - acc: 0.4832
11568/12511 [==========================>...] - ETA: 13s - loss: 1.0496 - acc: 0.4843
11616/12511 [==========================>...] - ETA: 12s - loss: 1.0497 - acc: 0.4855
11664/12511 [==========================>...] - ETA: 12s - loss: 1.0500 - acc: 0.4863
11712/12511 [===========================>..] - ETA: 11s - loss: 1.0504 - acc: 0.4876
11760/12511 [===========================>..] - ETA: 10s - loss: 1.0506 - acc: 0.4875
11808/12511 [===========================>..] - ETA: 10s - loss: 1.0505 - acc: 0.4872
11856/12511 [===========================>..] - ETA: 9s - loss: 1.0508 - acc: 0.4872 
11904/12511 [===========================>..] - ETA: 8s - loss: 1.0503 - acc: 0.4862
11952/12511 [===========================>..] - ETA: 8s - loss: 1.0505 - acc: 0.4862
12000/12511 [===========================>..] - ETA: 7s - loss: 1.0506 - acc: 0.4860
12048/12511 [===========================>..] - ETA: 6s - loss: 1.0507 - acc: 0.4856
12096/12511 [============================>.] - ETA: 6s - loss: 1.0505 - acc: 0.4848
12144/12511 [============================>.] - ETA: 5s - loss: 1.0501 - acc: 0.4844
12192/12511 [============================>.] - ETA: 4s - loss: 1.0495 - acc: 0.4847
12240/12511 [============================>.] - ETA: 3s - loss: 1.0493 - acc: 0.4859
12288/12511 [============================>.] - ETA: 3s - loss: 1.0486 - acc: 0.4875
12336/12511 [============================>.] - ETA: 2s - loss: 1.0493 - acc: 0.4880
12384/12511 [============================>.] - ETA: 1s - loss: 1.0495 - acc: 0.4889
12432/12511 [============================>.] - ETA: 1s - loss: 1.0491 - acc: 0.4903
12480/12511 [============================>.] - ETA: 0s - loss: 1.0496 - acc: 0.4910
12511/12511 [==============================] - 192s 15ms/step - loss: 1.0498 - acc: 0.4917 - val_loss: 0.6844 - val_acc: 0.5350
/global/homes/l/liuto/.conda/envs/convNet/lib/python3.6/site-packages/h5py/__init__.py:36: FutureWarning: Conversion of the second argument of issubdtype from `float` to `np.floating` is deprecated. In future, it will be treated as `np.float64 == np.dtype(float).type`.
  from ._conv import register_converters as _register_converters
Using TensorFlow backend.
Traceback (most recent call last):
  File "/global/homes/l/liuto/520project/transient-detection/cnn/jobs/run_cnn_uniform_dropout.py", line 331, in <module>
    main()
  File "/global/homes/l/liuto/520project/transient-detection/cnn/jobs/run_cnn_uniform_dropout.py", line 324, in main
    train_model(train_imgs, train_labels, val_imgs, val_labels, OUTPUT_DIR, output_name)
  File "/global/homes/l/liuto/520project/transient-detection/cnn/jobs/run_cnn_uniform_dropout.py", line 202, in train_model
    callbacks=[checkpointer]
  File "/global/homes/l/liuto/.conda/envs/convNet/lib/python3.6/site-packages/keras/models.py", line 963, in fit
    validation_steps=validation_steps)
  File "/global/homes/l/liuto/.conda/envs/convNet/lib/python3.6/site-packages/keras/engine/training.py", line 1705, in fit
    validation_steps=validation_steps)
  File "/global/homes/l/liuto/.conda/envs/convNet/lib/python3.6/site-packages/keras/engine/training.py", line 1255, in _fit_loop
    callbacks.on_epoch_end(epoch, epoch_logs)
  File "/global/homes/l/liuto/.conda/envs/convNet/lib/python3.6/site-packages/keras/callbacks.py", line 77, in on_epoch_end
    callback.on_epoch_end(epoch, logs)
  File "/global/homes/l/liuto/.conda/envs/convNet/lib/python3.6/site-packages/keras/callbacks.py", line 447, in on_epoch_end
    self.model.save(filepath, overwrite=True)
  File "/global/homes/l/liuto/.conda/envs/convNet/lib/python3.6/site-packages/keras/engine/topology.py", line 2580, in save
    save_model(self, filepath, overwrite, include_optimizer)
  File "/global/homes/l/liuto/.conda/envs/convNet/lib/python3.6/site-packages/keras/models.py", line 106, in save_model
    with h5py.File(filepath, mode='w') as f:
  File "/global/homes/l/liuto/.conda/envs/convNet/lib/python3.6/site-packages/h5py/_hl/files.py", line 269, in __init__
    fid = make_fid(name, mode, userblock_size, fapl, swmr=swmr)
  File "/global/homes/l/liuto/.conda/envs/convNet/lib/python3.6/site-packages/h5py/_hl/files.py", line 105, in make_fid
    fid = h5f.create(name, h5f.ACC_TRUNC, fapl=fapl, fcpl=fcpl)
  File "h5py/_objects.pyx", line 54, in h5py._objects.with_phil.wrapper
  File "h5py/_objects.pyx", line 55, in h5py._objects.with_phil.wrapper
  File "h5py/h5f.pyx", line 98, in h5py.h5f.create
OSError: Unable to create file (unable to lock file, errno = 524, error message = 'Unknown error 524')
