INFO: activate-gcc_linux-64.sh made the following environmental changes:
+CC=/global/homes/l/liuto/.conda/envs/convNet/bin/x86_64-conda_cos6-linux-gnu-cc
+CFLAGS=-march=nocona -mtune=haswell -ftree-vectorize -fPIC -fstack-protector-strong -fno-plt -O2 -pipe
+CPP=/global/homes/l/liuto/.conda/envs/convNet/bin/x86_64-conda_cos6-linux-gnu-cpp
+CPPFLAGS=-DNDEBUG -D_FORTIFY_SOURCE=2 -O2
+DEBUG_CFLAGS=-march=nocona -mtune=haswell -ftree-vectorize -fPIC -fstack-protector-all -fno-plt -Og -g -Wall -Wextra -fvar-tracking-assignments -pipe
+DEBUG_CPPFLAGS=-D_DEBUG -D_FORTIFY_SOURCE=2 -Og
+GCC=/global/homes/l/liuto/.conda/envs/convNet/bin/x86_64-conda_cos6-linux-gnu-gcc
+GCC_AR=/global/homes/l/liuto/.conda/envs/convNet/bin/x86_64-conda_cos6-linux-gnu-gcc-ar
+GCC_NM=/global/homes/l/liuto/.conda/envs/convNet/bin/x86_64-conda_cos6-linux-gnu-gcc-nm
+GCC_RANLIB=/global/homes/l/liuto/.conda/envs/convNet/bin/x86_64-conda_cos6-linux-gnu-gcc-ranlib
+HOST=x86_64-conda_cos6-linux-gnu
+LDFLAGS=-Wl,-O2 -Wl,--sort-common -Wl,--as-needed -Wl,-z,relro -Wl,-z,now
+_PYTHON_SYSCONFIGDATA_NAME=_sysconfigdata_x86_64_conda_cos6_linux_gnu
-HOST=cori11
INFO: activate-binutils_linux-64.sh made the following environmental changes:
+ADDR2LINE=/global/homes/l/liuto/.conda/envs/convNet/bin/x86_64-conda_cos6-linux-gnu-addr2line
+AR=/global/homes/l/liuto/.conda/envs/convNet/bin/x86_64-conda_cos6-linux-gnu-ar
+AS=/global/homes/l/liuto/.conda/envs/convNet/bin/x86_64-conda_cos6-linux-gnu-as
+CXXFILT=/global/homes/l/liuto/.conda/envs/convNet/bin/x86_64-conda_cos6-linux-gnu-c++filt
+ELFEDIT=/global/homes/l/liuto/.conda/envs/convNet/bin/x86_64-conda_cos6-linux-gnu-elfedit
+GPROF=/global/homes/l/liuto/.conda/envs/convNet/bin/x86_64-conda_cos6-linux-gnu-gprof
+LD=/global/homes/l/liuto/.conda/envs/convNet/bin/x86_64-conda_cos6-linux-gnu-ld
+LD_GOLD=/global/homes/l/liuto/.conda/envs/convNet/bin/x86_64-conda_cos6-linux-gnu-ld.gold
+NM=/global/homes/l/liuto/.conda/envs/convNet/bin/x86_64-conda_cos6-linux-gnu-nm
+OBJCOPY=/global/homes/l/liuto/.conda/envs/convNet/bin/x86_64-conda_cos6-linux-gnu-objcopy
+OBJDUMP=/global/homes/l/liuto/.conda/envs/convNet/bin/x86_64-conda_cos6-linux-gnu-objdump
+RANLIB=/global/homes/l/liuto/.conda/envs/convNet/bin/x86_64-conda_cos6-linux-gnu-ranlib
+READELF=/global/homes/l/liuto/.conda/envs/convNet/bin/x86_64-conda_cos6-linux-gnu-readelf
+SIZE=/global/homes/l/liuto/.conda/envs/convNet/bin/x86_64-conda_cos6-linux-gnu-size
+STRINGS=/global/homes/l/liuto/.conda/envs/convNet/bin/x86_64-conda_cos6-linux-gnu-strings
+STRIP=/global/homes/l/liuto/.conda/envs/convNet/bin/x86_64-conda_cos6-linux-gnu-strip
INFO: activate-gxx_linux-64.sh made the following environmental changes:
+CXX=/global/homes/l/liuto/.conda/envs/convNet/bin/x86_64-conda_cos6-linux-gnu-c++
+CXXFLAGS=-fvisibility-inlines-hidden -std=c++17 -fmessage-length=0 -march=nocona -mtune=haswell -ftree-vectorize -fPIC -fstack-protector-strong -fno-plt -O2 -pipe
+DEBUG_CXXFLAGS=-fvisibility-inlines-hidden -std=c++17 -fmessage-length=0 -march=nocona -mtune=haswell -ftree-vectorize -fPIC -fstack-protector-all -fno-plt -Og -g -Wall -Wextra -fvar-tracking-assignments -pipe
+GXX=/global/homes/l/liuto/.conda/envs/convNet/bin/x86_64-conda_cos6-linux-gnu-g++
2018-04-18 22:37:17.214602: I tensorflow/core/platform/cpu_feature_guard.cc:140] Your CPU supports instructions that this TensorFlow binary was not compiled to use: SSE4.1 SSE4.2 AVX AVX2 FMA
Loading .npy files.
Selecting a random sample to train.
========================
=====Training model=====
========================
Compiling...
_________________________________________________________________
Layer (type)                 Output Shape              Param #   
=================================================================
conv2d_1 (Conv2D)            (None, 30, 30, 128)       13952     
_________________________________________________________________
conv2d_2 (Conv2D)            (None, 30, 30, 64)        73792     
_________________________________________________________________
dropout_1 (Dropout)          (None, 30, 30, 64)        0         
_________________________________________________________________
conv2d_3 (Conv2D)            (None, 30, 30, 64)        36928     
_________________________________________________________________
dropout_2 (Dropout)          (None, 30, 30, 64)        0         
_________________________________________________________________
conv2d_4 (Conv2D)            (None, 30, 30, 32)        8224      
_________________________________________________________________
dropout_3 (Dropout)          (None, 30, 30, 32)        0         
_________________________________________________________________
flatten_1 (Flatten)          (None, 28800)             0         
_________________________________________________________________
dense_1 (Dense)              (None, 32)                921632    
_________________________________________________________________
dropout_4 (Dropout)          (None, 32)                0         
_________________________________________________________________
dense_2 (Dense)              (None, 1)                 33        
=================================================================
Total params: 1,054,561
Trainable params: 1,054,561
Non-trainable params: 0
_________________________________________________________________
Not using data augmentation.
Train on 12511 samples, validate on 5363 samples
Epoch 1/20

   48/12511 [..............................] - ETA: 17:37 - loss: 0.9963 - acc: 0.6042
   96/12511 [..............................] - ETA: 10:04 - loss: 1.1632 - acc: 0.5938
  144/12511 [..............................] - ETA: 7:19 - loss: 1.1781 - acc: 0.5139 
  192/12511 [..............................] - ETA: 6:07 - loss: 1.1552 - acc: 0.4531
  240/12511 [..............................] - ETA: 5:12 - loss: 1.1355 - acc: 0.4125
  288/12511 [..............................] - ETA: 4:36 - loss: 1.1174 - acc: 0.3819
  336/12511 [..............................] - ETA: 4:11 - loss: 1.1087 - acc: 0.3631
  384/12511 [..............................] - ETA: 3:58 - loss: 1.0947 - acc: 0.3438
  432/12511 [>.............................] - ETA: 3:48 - loss: 1.0771 - acc: 0.3241
  480/12511 [>.............................] - ETA: 3:36 - loss: 1.0691 - acc: 0.3125
  528/12511 [>.............................] - ETA: 3:27 - loss: 1.0652 - acc: 0.3068
  576/12511 [>.............................] - ETA: 3:19 - loss: 1.0721 - acc: 0.3073
  624/12511 [>.............................] - ETA: 3:15 - loss: 1.0709 - acc: 0.3029
  672/12511 [>.............................] - ETA: 3:09 - loss: 1.0613 - acc: 0.2932
  720/12511 [>.............................] - ETA: 3:03 - loss: 1.0731 - acc: 0.2972
  768/12511 [>.............................] - ETA: 2:58 - loss: 1.0777 - acc: 0.2982
  816/12511 [>.............................] - ETA: 2:54 - loss: 1.0729 - acc: 0.2929
  864/12511 [=>............................] - ETA: 2:51 - loss: 1.0704 - acc: 0.2894
  912/12511 [=>............................] - ETA: 2:47 - loss: 1.0633 - acc: 0.2818
  960/12511 [=>............................] - ETA: 2:44 - loss: 1.0645 - acc: 0.2812
 1008/12511 [=>............................] - ETA: 2:43 - loss: 1.0613 - acc: 0.2778
 1056/12511 [=>............................] - ETA: 2:39 - loss: 1.0611 - acc: 0.2756
 1104/12511 [=>............................] - ETA: 2:36 - loss: 1.0661 - acc: 0.2772
 1152/12511 [=>............................] - ETA: 2:33 - loss: 1.0670 - acc: 0.2769
 1200/12511 [=>............................] - ETA: 2:31 - loss: 1.0690 - acc: 0.2775
 1248/12511 [=>............................] - ETA: 2:29 - loss: 1.0651 - acc: 0.2740
 1296/12511 [==>...........................] - ETA: 2:28 - loss: 1.0625 - acc: 0.2716
 1344/12511 [==>...........................] - ETA: 2:26 - loss: 1.0645 - acc: 0.2723
 1392/12511 [==>...........................] - ETA: 2:24 - loss: 1.0621 - acc: 0.2701
 1440/12511 [==>...........................] - ETA: 2:23 - loss: 1.0590 - acc: 0.2674
 1488/12511 [==>...........................] - ETA: 2:22 - loss: 1.0560 - acc: 0.2648
 1536/12511 [==>...........................] - ETA: 2:20 - loss: 1.0588 - acc: 0.2663
 1584/12511 [==>...........................] - ETA: 2:19 - loss: 1.0624 - acc: 0.2683
 1632/12511 [==>...........................] - ETA: 2:17 - loss: 1.0569 - acc: 0.2641
 1680/12511 [===>..........................] - ETA: 2:17 - loss: 1.0587 - acc: 0.2649
 1728/12511 [===>..........................] - ETA: 2:15 - loss: 1.0645 - acc: 0.2685
 1776/12511 [===>..........................] - ETA: 2:14 - loss: 1.0643 - acc: 0.2680
 1824/12511 [===>..........................] - ETA: 2:13 - loss: 1.0601 - acc: 0.2648
 1872/12511 [===>..........................] - ETA: 2:11 - loss: 1.0600 - acc: 0.2644
 1920/12511 [===>..........................] - ETA: 2:10 - loss: 1.0607 - acc: 0.2646
 1968/12511 [===>..........................] - ETA: 2:09 - loss: 1.0599 - acc: 0.2637
 2016/12511 [===>..........................] - ETA: 2:08 - loss: 1.0576 - acc: 0.2614
 2064/12511 [===>..........................] - ETA: 2:07 - loss: 1.0562 - acc: 0.2602
 2112/12511 [====>.........................] - ETA: 2:06 - loss: 1.0603 - acc: 0.2628
 2160/12511 [====>.........................] - ETA: 2:04 - loss: 1.0583 - acc: 0.2611
 2208/12511 [====>.........................] - ETA: 2:03 - loss: 1.0543 - acc: 0.2582
 2256/12511 [====>.........................] - ETA: 2:02 - loss: 1.0550 - acc: 0.2584
 2304/12511 [====>.........................] - ETA: 2:02 - loss: 1.0519 - acc: 0.2561
 2352/12511 [====>.........................] - ETA: 2:01 - loss: 1.0526 - acc: 0.2581
 2400/12511 [====>.........................] - ETA: 2:00 - loss: 1.0539 - acc: 0.2600
 2448/12511 [====>.........................] - ETA: 1:59 - loss: 1.0528 - acc: 0.2590
 2496/12511 [====>.........................] - ETA: 1:58 - loss: 1.0517 - acc: 0.2596
 2544/12511 [=====>........................] - ETA: 1:57 - loss: 1.0541 - acc: 0.2626
 2592/12511 [=====>........................] - ETA: 1:56 - loss: 1.0502 - acc: 0.2596
 2640/12511 [=====>........................] - ETA: 1:56 - loss: 1.0498 - acc: 0.2629
 2688/12511 [=====>........................] - ETA: 1:55 - loss: 1.0504 - acc: 0.2708
 2736/12511 [=====>........................] - ETA: 1:54 - loss: 1.0506 - acc: 0.2741
 2784/12511 [=====>........................] - ETA: 1:53 - loss: 1.0491 - acc: 0.2773
 2832/12511 [=====>........................] - ETA: 1:52 - loss: 1.0477 - acc: 0.2846
 2880/12511 [=====>........................] - ETA: 1:51 - loss: 1.0478 - acc: 0.2924
 2928/12511 [======>.......................] - ETA: 1:51 - loss: 1.0465 - acc: 0.3009
 2976/12511 [======>.......................] - ETA: 1:50 - loss: 1.0471 - acc: 0.3078
 3024/12511 [======>.......................] - ETA: 1:49 - loss: 1.0487 - acc: 0.3138
 3072/12511 [======>.......................] - ETA: 1:48 - loss: 1.0470 - acc: 0.3206
 3120/12511 [======>.......................] - ETA: 1:48 - loss: 1.0467 - acc: 0.3279
 3168/12511 [======>.......................] - ETA: 1:47 - loss: 1.0445 - acc: 0.3359
 3216/12511 [======>.......................] - ETA: 1:46 - loss: 1.0433 - acc: 0.3430
 3264/12511 [======>.......................] - ETA: 1:45 - loss: 1.0449 - acc: 0.3480
 3312/12511 [======>.......................] - ETA: 1:45 - loss: 1.0446 - acc: 0.3542
 3360/12511 [=======>......................] - ETA: 1:44 - loss: 1.0474 - acc: 0.3580
 3408/12511 [=======>......................] - ETA: 1:43 - loss: 1.0475 - acc: 0.3636
 3456/12511 [=======>......................] - ETA: 1:43 - loss: 1.0481 - acc: 0.3686
 3504/12511 [=======>......................] - ETA: 1:42 - loss: 1.0478 - acc: 0.3741
 3552/12511 [=======>......................] - ETA: 1:41 - loss: 1.0487 - acc: 0.3789
 3600/12511 [=======>......................] - ETA: 1:41 - loss: 1.0484 - acc: 0.3828
 3648/12511 [=======>......................] - ETA: 1:40 - loss: 1.0493 - acc: 0.3871
 3696/12511 [=======>......................] - ETA: 1:40 - loss: 1.0463 - acc: 0.3888
 3744/12511 [=======>......................] - ETA: 1:39 - loss: 1.0456 - acc: 0.3940
 3792/12511 [========>.....................] - ETA: 1:38 - loss: 1.0442 - acc: 0.3995
 3840/12511 [========>.....................] - ETA: 1:37 - loss: 1.0436 - acc: 0.4044
 3888/12511 [========>.....................] - ETA: 1:37 - loss: 1.0427 - acc: 0.4095
 3936/12511 [========>.....................] - ETA: 1:36 - loss: 1.0417 - acc: 0.4144
 3984/12511 [========>.....................] - ETA: 1:36 - loss: 1.0419 - acc: 0.4184
 4032/12511 [========>.....................] - ETA: 1:35 - loss: 1.0417 - acc: 0.4226
 4080/12511 [========>.....................] - ETA: 1:34 - loss: 1.0426 - acc: 0.4260
 4128/12511 [========>.....................] - ETA: 1:34 - loss: 1.0424 - acc: 0.4300
 4176/12511 [=========>....................] - ETA: 1:33 - loss: 1.0419 - acc: 0.4341
 4224/12511 [=========>....................] - ETA: 1:32 - loss: 1.0410 - acc: 0.4384
 4272/12511 [=========>....................] - ETA: 1:32 - loss: 1.0415 - acc: 0.4417
 4320/12511 [=========>....................] - ETA: 1:31 - loss: 1.0427 - acc: 0.4444
 4368/12511 [=========>....................] - ETA: 1:31 - loss: 1.0459 - acc: 0.4457
 4416/12511 [=========>....................] - ETA: 1:30 - loss: 1.0457 - acc: 0.4493
 4464/12511 [=========>....................] - ETA: 1:29 - loss: 1.0478 - acc: 0.4512
 4512/12511 [=========>....................] - ETA: 1:29 - loss: 1.0476 - acc: 0.4548
 4560/12511 [=========>....................] - ETA: 1:28 - loss: 1.0470 - acc: 0.4583
 4608/12511 [==========>...................] - ETA: 1:28 - loss: 1.0468 - acc: 0.4616
 4656/12511 [==========>...................] - ETA: 1:27 - loss: 1.0463 - acc: 0.4650
 4704/12511 [==========>...................] - ETA: 1:26 - loss: 1.0458 - acc: 0.4683
 4752/12511 [==========>...................] - ETA: 1:26 - loss: 1.0462 - acc: 0.4710
 4800/12511 [==========>...................] - ETA: 1:25 - loss: 1.0463 - acc: 0.4738
 4848/12511 [==========>...................] - ETA: 1:24 - loss: 1.0458 - acc: 0.4769
 4896/12511 [==========>...................] - ETA: 1:24 - loss: 1.0453 - acc: 0.4800
 4944/12511 [==========>...................] - ETA: 1:23 - loss: 1.0451 - acc: 0.4828
 4992/12511 [==========>...................] - ETA: 1:23 - loss: 1.0443 - acc: 0.4860
 5040/12511 [===========>..................] - ETA: 1:22 - loss: 1.0439 - acc: 0.4889
 5088/12511 [===========>..................] - ETA: 1:22 - loss: 1.0437 - acc: 0.4915
 5136/12511 [===========>..................] - ETA: 1:21 - loss: 1.0427 - acc: 0.4947
 5184/12511 [===========>..................] - ETA: 1:20 - loss: 1.0434 - acc: 0.4967
 5232/12511 [===========>..................] - ETA: 1:20 - loss: 1.0430 - acc: 0.4994
 5280/12511 [===========>..................] - ETA: 1:19 - loss: 1.0439 - acc: 0.5011
 5328/12511 [===========>..................] - ETA: 1:18 - loss: 1.0440 - acc: 0.5034
 5376/12511 [===========>..................] - ETA: 1:18 - loss: 1.0461 - acc: 0.5043
 5424/12511 [============>.................] - ETA: 1:17 - loss: 1.0467 - acc: 0.5061
 5472/12511 [============>.................] - ETA: 1:17 - loss: 1.0468 - acc: 0.5082
 5520/12511 [============>.................] - ETA: 1:16 - loss: 1.0455 - acc: 0.5112
 5568/12511 [============>.................] - ETA: 1:16 - loss: 1.0470 - acc: 0.5124
 5616/12511 [============>.................] - ETA: 1:15 - loss: 1.0476 - acc: 0.5141
 5664/12511 [============>.................] - ETA: 1:14 - loss: 1.0471 - acc: 0.5164
 5712/12511 [============>.................] - ETA: 1:14 - loss: 1.0480 - acc: 0.5179
 5760/12511 [============>.................] - ETA: 1:13 - loss: 1.0488 - acc: 0.5194
 5808/12511 [============>.................] - ETA: 1:13 - loss: 1.0491 - acc: 0.5201
 5856/12511 [=============>................] - ETA: 1:12 - loss: 1.0487 - acc: 0.5193
 5904/12511 [=============>................] - ETA: 1:12 - loss: 1.0480 - acc: 0.5210
 5952/12511 [=============>................] - ETA: 1:11 - loss: 1.0473 - acc: 0.5235
 6000/12511 [=============>................] - ETA: 1:11 - loss: 1.0469 - acc: 0.5255
 6048/12511 [=============>................] - ETA: 1:10 - loss: 1.0463 - acc: 0.5276
 6096/12511 [=============>................] - ETA: 1:09 - loss: 1.0473 - acc: 0.5287
 6144/12511 [=============>................] - ETA: 1:09 - loss: 1.0476 - acc: 0.5303
 6192/12511 [=============>................] - ETA: 1:08 - loss: 1.0470 - acc: 0.5325
 6240/12511 [=============>................] - ETA: 1:08 - loss: 1.0480 - acc: 0.5337
 6288/12511 [==============>...............] - ETA: 1:07 - loss: 1.0483 - acc: 0.5348
 6336/12511 [==============>...............] - ETA: 1:07 - loss: 1.0493 - acc: 0.5361
 6384/12511 [==============>...............] - ETA: 1:06 - loss: 1.0489 - acc: 0.5343
 6432/12511 [==============>...............] - ETA: 1:06 - loss: 1.0483 - acc: 0.5330
 6480/12511 [==============>...............] - ETA: 1:05 - loss: 1.0468 - acc: 0.5338
 6528/12511 [==============>...............] - ETA: 1:05 - loss: 1.0462 - acc: 0.5358
 6576/12511 [==============>...............] - ETA: 1:04 - loss: 1.0469 - acc: 0.5370
 6624/12511 [==============>...............] - ETA: 1:04 - loss: 1.0466 - acc: 0.5388
 6672/12511 [==============>...............] - ETA: 1:03 - loss: 1.0466 - acc: 0.5403
 6720/12511 [===============>..............] - ETA: 1:02 - loss: 1.0456 - acc: 0.5426
 6768/12511 [===============>..............] - ETA: 1:02 - loss: 1.0440 - acc: 0.5452
 6816/12511 [===============>..............] - ETA: 1:01 - loss: 1.0436 - acc: 0.5469
 6864/12511 [===============>..............] - ETA: 1:01 - loss: 1.0433 - acc: 0.5487
 6912/12511 [===============>..............] - ETA: 1:00 - loss: 1.0442 - acc: 0.5495
 6960/12511 [===============>..............] - ETA: 1:00 - loss: 1.0452 - acc: 0.5503
 7008/12511 [===============>..............] - ETA: 59s - loss: 1.0463 - acc: 0.5509 
 7056/12511 [===============>..............] - ETA: 59s - loss: 1.0464 - acc: 0.5523
 7104/12511 [================>.............] - ETA: 58s - loss: 1.0466 - acc: 0.5535
 7152/12511 [================>.............] - ETA: 57s - loss: 1.0469 - acc: 0.5547
 7200/12511 [================>.............] - ETA: 57s - loss: 1.0476 - acc: 0.5557
 7248/12511 [================>.............] - ETA: 56s - loss: 1.0476 - acc: 0.5570
 7296/12511 [================>.............] - ETA: 56s - loss: 1.0469 - acc: 0.5587
 7344/12511 [================>.............] - ETA: 55s - loss: 1.0464 - acc: 0.5603
 7392/12511 [================>.............] - ETA: 55s - loss: 1.0468 - acc: 0.5613
 7440/12511 [================>.............] - ETA: 54s - loss: 1.0473 - acc: 0.5622
 7488/12511 [================>.............] - ETA: 54s - loss: 1.0464 - acc: 0.5641
 7536/12511 [=================>............] - ETA: 53s - loss: 1.0462 - acc: 0.5654
 7584/12511 [=================>............] - ETA: 53s - loss: 1.0457 - acc: 0.5670
 7632/12511 [=================>............] - ETA: 52s - loss: 1.0458 - acc: 0.5681
 7680/12511 [=================>............] - ETA: 52s - loss: 1.0464 - acc: 0.5689
 7728/12511 [=================>............] - ETA: 51s - loss: 1.0459 - acc: 0.5704
 7776/12511 [=================>............] - ETA: 51s - loss: 1.0454 - acc: 0.5719
 7824/12511 [=================>............] - ETA: 50s - loss: 1.0455 - acc: 0.5730
 7872/12511 [=================>............] - ETA: 50s - loss: 1.0448 - acc: 0.5746
 7920/12511 [=================>............] - ETA: 49s - loss: 1.0442 - acc: 0.5761
 7968/12511 [==================>...........] - ETA: 48s - loss: 1.0444 - acc: 0.5771
 8016/12511 [==================>...........] - ETA: 48s - loss: 1.0449 - acc: 0.5778
 8064/12511 [==================>...........] - ETA: 47s - loss: 1.0448 - acc: 0.5790
 8112/12511 [==================>...........] - ETA: 47s - loss: 1.0439 - acc: 0.5806
 8160/12511 [==================>...........] - ETA: 46s - loss: 1.0440 - acc: 0.5816
 8208/12511 [==================>...........] - ETA: 46s - loss: 1.0437 - acc: 0.5828
 8256/12511 [==================>...........] - ETA: 45s - loss: 1.0434 - acc: 0.5841
 8304/12511 [==================>...........] - ETA: 45s - loss: 1.0431 - acc: 0.5853
 8352/12511 [===================>..........] - ETA: 44s - loss: 1.0429 - acc: 0.5864
 8400/12511 [===================>..........] - ETA: 44s - loss: 1.0428 - acc: 0.5875
 8448/12511 [===================>..........] - ETA: 43s - loss: 1.0425 - acc: 0.5887
 8496/12511 [===================>..........] - ETA: 43s - loss: 1.0429 - acc: 0.5893
 8544/12511 [===================>..........] - ETA: 42s - loss: 1.0428 - acc: 0.5904
 8592/12511 [===================>..........] - ETA: 42s - loss: 1.0441 - acc: 0.5904
 8640/12511 [===================>..........] - ETA: 41s - loss: 1.0433 - acc: 0.5919
 8688/12511 [===================>..........] - ETA: 41s - loss: 1.0432 - acc: 0.5929
 8736/12511 [===================>..........] - ETA: 40s - loss: 1.0428 - acc: 0.5941
 8784/12511 [====================>.........] - ETA: 39s - loss: 1.0429 - acc: 0.5949
 8832/12511 [====================>.........] - ETA: 39s - loss: 1.0420 - acc: 0.5965
 8880/12511 [====================>.........] - ETA: 38s - loss: 1.0412 - acc: 0.5979
 8928/12511 [====================>.........] - ETA: 38s - loss: 1.0415 - acc: 0.5986
 8976/12511 [====================>.........] - ETA: 37s - loss: 1.0417 - acc: 0.5993
 9024/12511 [====================>.........] - ETA: 37s - loss: 1.0418 - acc: 0.6001
 9072/12511 [====================>.........] - ETA: 36s - loss: 1.0417 - acc: 0.6010
 9120/12511 [====================>.........] - ETA: 36s - loss: 1.0418 - acc: 0.6018
 9168/12511 [====================>.........] - ETA: 35s - loss: 1.0419 - acc: 0.6025
 9216/12511 [=====================>........] - ETA: 35s - loss: 1.0402 - acc: 0.6045
 9264/12511 [=====================>........] - ETA: 34s - loss: 1.0399 - acc: 0.6055
 9312/12511 [=====================>........] - ETA: 34s - loss: 1.0402 - acc: 0.6061
 9360/12511 [=====================>........] - ETA: 33s - loss: 1.0398 - acc: 0.6072
 9408/12511 [=====================>........] - ETA: 33s - loss: 1.0400 - acc: 0.6078
 9456/12511 [=====================>........] - ETA: 32s - loss: 1.0409 - acc: 0.6080
 9504/12511 [=====================>........] - ETA: 32s - loss: 1.0405 - acc: 0.6090
 9552/12511 [=====================>........] - ETA: 31s - loss: 1.0409 - acc: 0.6095
 9600/12511 [======================>.......] - ETA: 31s - loss: 1.0410 - acc: 0.6102
 9648/12511 [======================>.......] - ETA: 30s - loss: 1.0412 - acc: 0.6108
 9696/12511 [======================>.......] - ETA: 30s - loss: 1.0421 - acc: 0.6110
 9744/12511 [======================>.......] - ETA: 29s - loss: 1.0418 - acc: 0.6119
 9792/12511 [======================>.......] - ETA: 29s - loss: 1.0424 - acc: 0.6122
 9840/12511 [======================>.......] - ETA: 28s - loss: 1.0421 - acc: 0.6131
 9888/12511 [======================>.......] - ETA: 28s - loss: 1.0423 - acc: 0.6137
 9936/12511 [======================>.......] - ETA: 27s - loss: 1.0421 - acc: 0.6145
 9984/12511 [======================>.......] - ETA: 27s - loss: 1.0425 - acc: 0.6150
10032/12511 [=======================>......] - ETA: 26s - loss: 1.0427 - acc: 0.6155
10080/12511 [=======================>......] - ETA: 26s - loss: 1.0431 - acc: 0.6160
10128/12511 [=======================>......] - ETA: 25s - loss: 1.0433 - acc: 0.6165
10176/12511 [=======================>......] - ETA: 24s - loss: 1.0431 - acc: 0.6173
10224/12511 [=======================>......] - ETA: 24s - loss: 1.0428 - acc: 0.6182
10272/12511 [=======================>......] - ETA: 23s - loss: 1.0429 - acc: 0.6188
10320/12511 [=======================>......] - ETA: 23s - loss: 1.0425 - acc: 0.6197
10368/12511 [=======================>......] - ETA: 22s - loss: 1.0427 - acc: 0.6202
10416/12511 [=======================>......] - ETA: 22s - loss: 1.0431 - acc: 0.6206
10464/12511 [========================>.....] - ETA: 21s - loss: 1.0434 - acc: 0.6210
10512/12511 [========================>.....] - ETA: 21s - loss: 1.0435 - acc: 0.6216
10560/12511 [========================>.....] - ETA: 20s - loss: 1.0440 - acc: 0.6219
10608/12511 [========================>.....] - ETA: 20s - loss: 1.0443 - acc: 0.6223
10656/12511 [========================>.....] - ETA: 19s - loss: 1.0446 - acc: 0.6227
10704/12511 [========================>.....] - ETA: 19s - loss: 1.0443 - acc: 0.6235
10752/12511 [========================>.....] - ETA: 18s - loss: 1.0445 - acc: 0.6240
10800/12511 [========================>.....] - ETA: 18s - loss: 1.0443 - acc: 0.6247
10848/12511 [=========================>....] - ETA: 17s - loss: 1.0442 - acc: 0.6254
10896/12511 [=========================>....] - ETA: 17s - loss: 1.0438 - acc: 0.6262
10944/12511 [=========================>....] - ETA: 16s - loss: 1.0432 - acc: 0.6272
10992/12511 [=========================>....] - ETA: 16s - loss: 1.0427 - acc: 0.6281
11040/12511 [=========================>....] - ETA: 15s - loss: 1.0427 - acc: 0.6287
11088/12511 [=========================>....] - ETA: 15s - loss: 1.0430 - acc: 0.6291
11136/12511 [=========================>....] - ETA: 14s - loss: 1.0432 - acc: 0.6295
11184/12511 [=========================>....] - ETA: 14s - loss: 1.0436 - acc: 0.6297
11232/12511 [=========================>....] - ETA: 13s - loss: 1.0438 - acc: 0.6302
11280/12511 [==========================>...] - ETA: 13s - loss: 1.0441 - acc: 0.6305
11328/12511 [==========================>...] - ETA: 12s - loss: 1.0447 - acc: 0.6306
11376/12511 [==========================>...] - ETA: 12s - loss: 1.0446 - acc: 0.6312
11424/12511 [==========================>...] - ETA: 11s - loss: 1.0449 - acc: 0.6316
11472/12511 [==========================>...] - ETA: 11s - loss: 1.0451 - acc: 0.6320
11520/12511 [==========================>...] - ETA: 10s - loss: 1.0455 - acc: 0.6322
11568/12511 [==========================>...] - ETA: 10s - loss: 1.0457 - acc: 0.6326
11616/12511 [==========================>...] - ETA: 9s - loss: 1.0465 - acc: 0.6326 
11664/12511 [==========================>...] - ETA: 9s - loss: 1.0468 - acc: 0.6330
11712/12511 [===========================>..] - ETA: 8s - loss: 1.0471 - acc: 0.6335
11760/12511 [===========================>..] - ETA: 7s - loss: 1.0471 - acc: 0.6341
11808/12511 [===========================>..] - ETA: 7s - loss: 1.0479 - acc: 0.6344
11856/12511 [===========================>..] - ETA: 6s - loss: 1.0480 - acc: 0.6330
11904/12511 [===========================>..] - ETA: 6s - loss: 1.0486 - acc: 0.6318
11952/12511 [===========================>..] - ETA: 5s - loss: 1.0487 - acc: 0.6304
12000/12511 [===========================>..] - ETA: 5s - loss: 1.0482 - acc: 0.6284
12048/12511 [===========================>..] - ETA: 4s - loss: 1.0480 - acc: 0.6267
12096/12511 [============================>.] - ETA: 4s - loss: 1.0480 - acc: 0.6254
12144/12511 [============================>.] - ETA: 3s - loss: 1.0480 - acc: 0.6242
12192/12511 [============================>.] - ETA: 3s - loss: 1.0487 - acc: 0.6232
12240/12511 [============================>.] - ETA: 2s - loss: 1.0486 - acc: 0.6217
12288/12511 [============================>.] - ETA: 2s - loss: 1.0484 - acc: 0.6202
12336/12511 [============================>.] - ETA: 1s - loss: 1.0483 - acc: 0.6187
12384/12511 [============================>.] - ETA: 1s - loss: 1.0481 - acc: 0.6171
12432/12511 [============================>.] - ETA: 0s - loss: 1.0479 - acc: 0.6155
12480/12511 [============================>.] - ETA: 0s - loss: 1.0476 - acc: 0.6139
12511/12511 [==============================] - 141s 11ms/step - loss: 1.0480 - acc: 0.6134 - val_loss: 0.6528 - val_acc: 0.7572
/global/homes/l/liuto/.conda/envs/convNet/lib/python3.6/site-packages/h5py/__init__.py:36: FutureWarning: Conversion of the second argument of issubdtype from `float` to `np.floating` is deprecated. In future, it will be treated as `np.float64 == np.dtype(float).type`.
  from ._conv import register_converters as _register_converters
Using TensorFlow backend.
Traceback (most recent call last):
  File "/global/homes/l/liuto/520project/transient-detection/cnn/jobs/run_cnn_dropout_kernel.py", line 330, in <module>
    main()
  File "/global/homes/l/liuto/520project/transient-detection/cnn/jobs/run_cnn_dropout_kernel.py", line 323, in main
    train_model(train_imgs, train_labels, val_imgs, val_labels, OUTPUT_DIR, output_name)
  File "/global/homes/l/liuto/520project/transient-detection/cnn/jobs/run_cnn_dropout_kernel.py", line 201, in train_model
    callbacks=[checkpointer]
  File "/global/homes/l/liuto/.conda/envs/convNet/lib/python3.6/site-packages/keras/models.py", line 963, in fit
    validation_steps=validation_steps)
  File "/global/homes/l/liuto/.conda/envs/convNet/lib/python3.6/site-packages/keras/engine/training.py", line 1705, in fit
    validation_steps=validation_steps)
  File "/global/homes/l/liuto/.conda/envs/convNet/lib/python3.6/site-packages/keras/engine/training.py", line 1255, in _fit_loop
    callbacks.on_epoch_end(epoch, epoch_logs)
  File "/global/homes/l/liuto/.conda/envs/convNet/lib/python3.6/site-packages/keras/callbacks.py", line 77, in on_epoch_end
    callback.on_epoch_end(epoch, logs)
  File "/global/homes/l/liuto/.conda/envs/convNet/lib/python3.6/site-packages/keras/callbacks.py", line 447, in on_epoch_end
    self.model.save(filepath, overwrite=True)
  File "/global/homes/l/liuto/.conda/envs/convNet/lib/python3.6/site-packages/keras/engine/topology.py", line 2580, in save
    save_model(self, filepath, overwrite, include_optimizer)
  File "/global/homes/l/liuto/.conda/envs/convNet/lib/python3.6/site-packages/keras/models.py", line 106, in save_model
    with h5py.File(filepath, mode='w') as f:
  File "/global/homes/l/liuto/.conda/envs/convNet/lib/python3.6/site-packages/h5py/_hl/files.py", line 269, in __init__
    fid = make_fid(name, mode, userblock_size, fapl, swmr=swmr)
  File "/global/homes/l/liuto/.conda/envs/convNet/lib/python3.6/site-packages/h5py/_hl/files.py", line 105, in make_fid
    fid = h5f.create(name, h5f.ACC_TRUNC, fapl=fapl, fcpl=fcpl)
  File "h5py/_objects.pyx", line 54, in h5py._objects.with_phil.wrapper
  File "h5py/_objects.pyx", line 55, in h5py._objects.with_phil.wrapper
  File "h5py/h5f.pyx", line 98, in h5py.h5f.create
OSError: Unable to create file (unable to lock file, errno = 524, error message = 'Unknown error 524')
