INFO: activate-gcc_linux-64.sh made the following environmental changes:
+CC=/global/homes/l/liuto/.conda/envs/convNet/bin/x86_64-conda_cos6-linux-gnu-cc
+CFLAGS=-march=nocona -mtune=haswell -ftree-vectorize -fPIC -fstack-protector-strong -fno-plt -O2 -pipe
+CPP=/global/homes/l/liuto/.conda/envs/convNet/bin/x86_64-conda_cos6-linux-gnu-cpp
+CPPFLAGS=-DNDEBUG -D_FORTIFY_SOURCE=2 -O2
+DEBUG_CFLAGS=-march=nocona -mtune=haswell -ftree-vectorize -fPIC -fstack-protector-all -fno-plt -Og -g -Wall -Wextra -fvar-tracking-assignments -pipe
+DEBUG_CPPFLAGS=-D_DEBUG -D_FORTIFY_SOURCE=2 -Og
+GCC=/global/homes/l/liuto/.conda/envs/convNet/bin/x86_64-conda_cos6-linux-gnu-gcc
+GCC_AR=/global/homes/l/liuto/.conda/envs/convNet/bin/x86_64-conda_cos6-linux-gnu-gcc-ar
+GCC_NM=/global/homes/l/liuto/.conda/envs/convNet/bin/x86_64-conda_cos6-linux-gnu-gcc-nm
+GCC_RANLIB=/global/homes/l/liuto/.conda/envs/convNet/bin/x86_64-conda_cos6-linux-gnu-gcc-ranlib
+HOST=x86_64-conda_cos6-linux-gnu
+LDFLAGS=-Wl,-O2 -Wl,--sort-common -Wl,--as-needed -Wl,-z,relro -Wl,-z,now
+_PYTHON_SYSCONFIGDATA_NAME=_sysconfigdata_x86_64_conda_cos6_linux_gnu
-HOST=cori02
INFO: activate-binutils_linux-64.sh made the following environmental changes:
+ADDR2LINE=/global/homes/l/liuto/.conda/envs/convNet/bin/x86_64-conda_cos6-linux-gnu-addr2line
+AR=/global/homes/l/liuto/.conda/envs/convNet/bin/x86_64-conda_cos6-linux-gnu-ar
+AS=/global/homes/l/liuto/.conda/envs/convNet/bin/x86_64-conda_cos6-linux-gnu-as
+CXXFILT=/global/homes/l/liuto/.conda/envs/convNet/bin/x86_64-conda_cos6-linux-gnu-c++filt
+ELFEDIT=/global/homes/l/liuto/.conda/envs/convNet/bin/x86_64-conda_cos6-linux-gnu-elfedit
+GPROF=/global/homes/l/liuto/.conda/envs/convNet/bin/x86_64-conda_cos6-linux-gnu-gprof
+LD=/global/homes/l/liuto/.conda/envs/convNet/bin/x86_64-conda_cos6-linux-gnu-ld
+LD_GOLD=/global/homes/l/liuto/.conda/envs/convNet/bin/x86_64-conda_cos6-linux-gnu-ld.gold
+NM=/global/homes/l/liuto/.conda/envs/convNet/bin/x86_64-conda_cos6-linux-gnu-nm
+OBJCOPY=/global/homes/l/liuto/.conda/envs/convNet/bin/x86_64-conda_cos6-linux-gnu-objcopy
+OBJDUMP=/global/homes/l/liuto/.conda/envs/convNet/bin/x86_64-conda_cos6-linux-gnu-objdump
+RANLIB=/global/homes/l/liuto/.conda/envs/convNet/bin/x86_64-conda_cos6-linux-gnu-ranlib
+READELF=/global/homes/l/liuto/.conda/envs/convNet/bin/x86_64-conda_cos6-linux-gnu-readelf
+SIZE=/global/homes/l/liuto/.conda/envs/convNet/bin/x86_64-conda_cos6-linux-gnu-size
+STRINGS=/global/homes/l/liuto/.conda/envs/convNet/bin/x86_64-conda_cos6-linux-gnu-strings
+STRIP=/global/homes/l/liuto/.conda/envs/convNet/bin/x86_64-conda_cos6-linux-gnu-strip
INFO: activate-gxx_linux-64.sh made the following environmental changes:
+CXX=/global/homes/l/liuto/.conda/envs/convNet/bin/x86_64-conda_cos6-linux-gnu-c++
+CXXFLAGS=-fvisibility-inlines-hidden -std=c++17 -fmessage-length=0 -march=nocona -mtune=haswell -ftree-vectorize -fPIC -fstack-protector-strong -fno-plt -O2 -pipe
+DEBUG_CXXFLAGS=-fvisibility-inlines-hidden -std=c++17 -fmessage-length=0 -march=nocona -mtune=haswell -ftree-vectorize -fPIC -fstack-protector-all -fno-plt -Og -g -Wall -Wextra -fvar-tracking-assignments -pipe
+GXX=/global/homes/l/liuto/.conda/envs/convNet/bin/x86_64-conda_cos6-linux-gnu-g++
2018-04-18 20:47:44.070650: I tensorflow/core/platform/cpu_feature_guard.cc:140] Your CPU supports instructions that this TensorFlow binary was not compiled to use: SSE4.1 SSE4.2 AVX AVX2 FMA
Loading .npy files.
Selecting a random sample to train.
========================
=====Training model=====
========================
Compiling...
_________________________________________________________________
Layer (type)                 Output Shape              Param #   
=================================================================
conv2d_1 (Conv2D)            (None, 30, 30, 32)        896       
_________________________________________________________________
conv2d_2 (Conv2D)            (None, 30, 30, 64)        32832     
_________________________________________________________________
dropout_1 (Dropout)          (None, 30, 30, 64)        0         
_________________________________________________________________
conv2d_3 (Conv2D)            (None, 30, 30, 128)       295040    
_________________________________________________________________
dropout_2 (Dropout)          (None, 30, 30, 128)       0         
_________________________________________________________________
conv2d_4 (Conv2D)            (None, 30, 30, 64)        131136    
_________________________________________________________________
dropout_3 (Dropout)          (None, 30, 30, 64)        0         
_________________________________________________________________
conv2d_5 (Conv2D)            (None, 30, 30, 32)        8224      
_________________________________________________________________
dropout_4 (Dropout)          (None, 30, 30, 32)        0         
_________________________________________________________________
flatten_1 (Flatten)          (None, 28800)             0         
_________________________________________________________________
dense_1 (Dense)              (None, 32)                921632    
_________________________________________________________________
dropout_5 (Dropout)          (None, 32)                0         
_________________________________________________________________
dense_2 (Dense)              (None, 1)                 33        
=================================================================
Total params: 1,389,793
Trainable params: 1,389,793
Non-trainable params: 0
_________________________________________________________________
Not using data augmentation.
Train on 12511 samples, validate on 5363 samples
Epoch 1/20

   48/12511 [..............................] - ETA: 8:47 - loss: 1.0651 - acc: 0.2917
   96/12511 [..............................] - ETA: 6:27 - loss: 1.0341 - acc: 0.2917
  144/12511 [..............................] - ETA: 5:42 - loss: 1.0444 - acc: 0.3264
  192/12511 [..............................] - ETA: 5:20 - loss: 1.0418 - acc: 0.3333
  240/12511 [..............................] - ETA: 5:05 - loss: 1.0464 - acc: 0.3750
  288/12511 [..............................] - ETA: 4:57 - loss: 1.0547 - acc: 0.3750
  336/12511 [..............................] - ETA: 4:48 - loss: 1.0826 - acc: 0.3929
  384/12511 [..............................] - ETA: 4:42 - loss: 1.0727 - acc: 0.3698
  432/12511 [>.............................] - ETA: 4:29 - loss: 1.0616 - acc: 0.3495
  480/12511 [>.............................] - ETA: 4:19 - loss: 1.0650 - acc: 0.3417
  528/12511 [>.............................] - ETA: 4:16 - loss: 1.0650 - acc: 0.3333
  576/12511 [>.............................] - ETA: 4:12 - loss: 1.0675 - acc: 0.3281
  624/12511 [>.............................] - ETA: 4:09 - loss: 1.0768 - acc: 0.3285
  672/12511 [>.............................] - ETA: 4:09 - loss: 1.0869 - acc: 0.3304
  720/12511 [>.............................] - ETA: 4:07 - loss: 1.0834 - acc: 0.3236
  768/12511 [>.............................] - ETA: 4:04 - loss: 1.0765 - acc: 0.3151
  816/12511 [>.............................] - ETA: 4:01 - loss: 1.0704 - acc: 0.3076
  864/12511 [=>............................] - ETA: 4:00 - loss: 1.0769 - acc: 0.3090
  912/12511 [=>............................] - ETA: 4:00 - loss: 1.0698 - acc: 0.3015
  960/12511 [=>............................] - ETA: 3:57 - loss: 1.0650 - acc: 0.2958
 1008/12511 [=>............................] - ETA: 3:54 - loss: 1.0650 - acc: 0.2937
 1056/12511 [=>............................] - ETA: 3:53 - loss: 1.0692 - acc: 0.2945
 1104/12511 [=>............................] - ETA: 3:51 - loss: 1.0716 - acc: 0.2944
 1152/12511 [=>............................] - ETA: 3:49 - loss: 1.0675 - acc: 0.2899
 1200/12511 [=>............................] - ETA: 3:47 - loss: 1.0699 - acc: 0.2900
 1248/12511 [=>............................] - ETA: 3:45 - loss: 1.0720 - acc: 0.2901
 1296/12511 [==>...........................] - ETA: 3:43 - loss: 1.0729 - acc: 0.2894
 1344/12511 [==>...........................] - ETA: 3:41 - loss: 1.0726 - acc: 0.2879
 1392/12511 [==>...........................] - ETA: 3:39 - loss: 1.0776 - acc: 0.2902
 1440/12511 [==>...........................] - ETA: 3:38 - loss: 1.0762 - acc: 0.2882
 1488/12511 [==>...........................] - ETA: 3:35 - loss: 1.0788 - acc: 0.2890
 1536/12511 [==>...........................] - ETA: 3:34 - loss: 1.0812 - acc: 0.2897
 1584/12511 [==>...........................] - ETA: 3:33 - loss: 1.0779 - acc: 0.2866
 1632/12511 [==>...........................] - ETA: 3:31 - loss: 1.0757 - acc: 0.2843
 1680/12511 [===>..........................] - ETA: 3:29 - loss: 1.0737 - acc: 0.2821
 1728/12511 [===>..........................] - ETA: 3:28 - loss: 1.0675 - acc: 0.2772
 1776/12511 [===>..........................] - ETA: 3:26 - loss: 1.0674 - acc: 0.2765
 1824/12511 [===>..........................] - ETA: 3:25 - loss: 1.0649 - acc: 0.2741
 1872/12511 [===>..........................] - ETA: 3:24 - loss: 1.0649 - acc: 0.2735
 1920/12511 [===>..........................] - ETA: 3:23 - loss: 1.0649 - acc: 0.2729
 1968/12511 [===>..........................] - ETA: 3:22 - loss: 1.0649 - acc: 0.2724
 2016/12511 [===>..........................] - ETA: 3:21 - loss: 1.0657 - acc: 0.2723
 2064/12511 [===>..........................] - ETA: 3:19 - loss: 1.0606 - acc: 0.2684
 2112/12511 [====>.........................] - ETA: 3:17 - loss: 1.0572 - acc: 0.2656
 2160/12511 [====>.........................] - ETA: 3:16 - loss: 1.0574 - acc: 0.2653
 2208/12511 [====>.........................] - ETA: 3:15 - loss: 1.0556 - acc: 0.2636
 2256/12511 [====>.........................] - ETA: 3:14 - loss: 1.0584 - acc: 0.2651
 2304/12511 [====>.........................] - ETA: 3:13 - loss: 1.0598 - acc: 0.2656
 2352/12511 [====>.........................] - ETA: 3:12 - loss: 1.0618 - acc: 0.2666
 2400/12511 [====>.........................] - ETA: 3:11 - loss: 1.0600 - acc: 0.2650
 2448/12511 [====>.........................] - ETA: 3:10 - loss: 1.0631 - acc: 0.2667
 2496/12511 [====>.........................] - ETA: 3:09 - loss: 1.0673 - acc: 0.2692
 2544/12511 [=====>........................] - ETA: 3:07 - loss: 1.0643 - acc: 0.2669
 2592/12511 [=====>........................] - ETA: 3:06 - loss: 1.0638 - acc: 0.2662
 2640/12511 [=====>........................] - ETA: 3:05 - loss: 1.0616 - acc: 0.2644
 2688/12511 [=====>........................] - ETA: 3:04 - loss: 1.0660 - acc: 0.2671
 2736/12511 [=====>........................] - ETA: 3:03 - loss: 1.0644 - acc: 0.2657
 2784/12511 [=====>........................] - ETA: 3:02 - loss: 1.0639 - acc: 0.2651
 2832/12511 [=====>........................] - ETA: 3:01 - loss: 1.0618 - acc: 0.2634
 2880/12511 [=====>........................] - ETA: 3:00 - loss: 1.0618 - acc: 0.2632
 2928/12511 [======>.......................] - ETA: 2:58 - loss: 1.0609 - acc: 0.2623
 2976/12511 [======>.......................] - ETA: 2:57 - loss: 1.0624 - acc: 0.2631
 3024/12511 [======>.......................] - ETA: 2:56 - loss: 1.0659 - acc: 0.2652
 3072/12511 [======>.......................] - ETA: 2:55 - loss: 1.0663 - acc: 0.2653
 3120/12511 [======>.......................] - ETA: 2:54 - loss: 1.0644 - acc: 0.2638
 3168/12511 [======>.......................] - ETA: 2:53 - loss: 1.0654 - acc: 0.2642
 3216/12511 [======>.......................] - ETA: 2:52 - loss: 1.0667 - acc: 0.2649
 3264/12511 [======>.......................] - ETA: 2:51 - loss: 1.0658 - acc: 0.2641
 3312/12511 [======>.......................] - ETA: 2:50 - loss: 1.0662 - acc: 0.2642
 3360/12511 [=======>......................] - ETA: 2:49 - loss: 1.0662 - acc: 0.2640
 3408/12511 [=======>......................] - ETA: 2:48 - loss: 1.0640 - acc: 0.2623
 3456/12511 [=======>......................] - ETA: 2:47 - loss: 1.0632 - acc: 0.2616
 3504/12511 [=======>......................] - ETA: 2:46 - loss: 1.0628 - acc: 0.2611
 3552/12511 [=======>......................] - ETA: 2:45 - loss: 1.0636 - acc: 0.2615
 3600/12511 [=======>......................] - ETA: 2:44 - loss: 1.0628 - acc: 0.2608
 3648/12511 [=======>......................] - ETA: 2:44 - loss: 1.0625 - acc: 0.2604
 3696/12511 [=======>......................] - ETA: 2:43 - loss: 1.0609 - acc: 0.2592
 3744/12511 [=======>......................] - ETA: 2:42 - loss: 1.0613 - acc: 0.2593
 3792/12511 [========>.....................] - ETA: 2:40 - loss: 1.0622 - acc: 0.2598
 3840/12511 [========>.....................] - ETA: 2:39 - loss: 1.0618 - acc: 0.2594
 3888/12511 [========>.....................] - ETA: 2:39 - loss: 1.0622 - acc: 0.2595
 3936/12511 [========>.....................] - ETA: 2:37 - loss: 1.0648 - acc: 0.2612
 3984/12511 [========>.....................] - ETA: 2:36 - loss: 1.0637 - acc: 0.2603
 4032/12511 [========>.....................] - ETA: 2:35 - loss: 1.0623 - acc: 0.2592
 4080/12511 [========>.....................] - ETA: 2:35 - loss: 1.0623 - acc: 0.2591
 4128/12511 [========>.....................] - ETA: 2:34 - loss: 1.0624 - acc: 0.2590
 4176/12511 [=========>....................] - ETA: 2:33 - loss: 1.0613 - acc: 0.2581
 4224/12511 [=========>....................] - ETA: 2:32 - loss: 1.0628 - acc: 0.2590
 4272/12511 [=========>....................] - ETA: 2:31 - loss: 1.0621 - acc: 0.2584
 4320/12511 [=========>....................] - ETA: 2:30 - loss: 1.0608 - acc: 0.2574
 4368/12511 [=========>....................] - ETA: 2:29 - loss: 1.0615 - acc: 0.2578
 4416/12511 [=========>....................] - ETA: 2:28 - loss: 1.0615 - acc: 0.2577
 4464/12511 [=========>....................] - ETA: 2:27 - loss: 1.0616 - acc: 0.2576
 4512/12511 [=========>....................] - ETA: 2:26 - loss: 1.0616 - acc: 0.2575
 4560/12511 [=========>....................] - ETA: 2:25 - loss: 1.0619 - acc: 0.2577
 4608/12511 [==========>...................] - ETA: 2:24 - loss: 1.0620 - acc: 0.2576
 4656/12511 [==========>...................] - ETA: 2:24 - loss: 1.0626 - acc: 0.2579
 4704/12511 [==========>...................] - ETA: 2:23 - loss: 1.0623 - acc: 0.2577
 4752/12511 [==========>...................] - ETA: 2:22 - loss: 1.0614 - acc: 0.2569
 4800/12511 [==========>...................] - ETA: 2:21 - loss: 1.0624 - acc: 0.2575
 4848/12511 [==========>...................] - ETA: 2:20 - loss: 1.0612 - acc: 0.2566
 4896/12511 [==========>...................] - ETA: 2:19 - loss: 1.0612 - acc: 0.2565
 4944/12511 [==========>...................] - ETA: 2:18 - loss: 1.0621 - acc: 0.2571
 4992/12511 [==========>...................] - ETA: 2:17 - loss: 1.0628 - acc: 0.2574
 5040/12511 [===========>..................] - ETA: 2:17 - loss: 1.0613 - acc: 0.2563
 5088/12511 [===========>..................] - ETA: 2:16 - loss: 1.0614 - acc: 0.2563
 5136/12511 [===========>..................] - ETA: 2:15 - loss: 1.0631 - acc: 0.2574
 5184/12511 [===========>..................] - ETA: 2:14 - loss: 1.0631 - acc: 0.2573
 5232/12511 [===========>..................] - ETA: 2:13 - loss: 1.0617 - acc: 0.2563
 5280/12511 [===========>..................] - ETA: 2:12 - loss: 1.0606 - acc: 0.2555
 5328/12511 [===========>..................] - ETA: 2:11 - loss: 1.0615 - acc: 0.2560
 5376/12511 [===========>..................] - ETA: 2:10 - loss: 1.0613 - acc: 0.2558
 5424/12511 [============>.................] - ETA: 2:10 - loss: 1.0616 - acc: 0.2559
 5472/12511 [============>.................] - ETA: 2:09 - loss: 1.0611 - acc: 0.2555
 5520/12511 [============>.................] - ETA: 2:08 - loss: 1.0606 - acc: 0.2551
 5568/12511 [============>.................] - ETA: 2:07 - loss: 1.0585 - acc: 0.2536
 5616/12511 [============>.................] - ETA: 2:06 - loss: 1.0583 - acc: 0.2534
 5664/12511 [============>.................] - ETA: 2:05 - loss: 1.0565 - acc: 0.2521
 5712/12511 [============>.................] - ETA: 2:04 - loss: 1.0555 - acc: 0.2514
 5760/12511 [============>.................] - ETA: 2:03 - loss: 1.0541 - acc: 0.2503
 5808/12511 [============>.................] - ETA: 2:02 - loss: 1.0537 - acc: 0.2524
 5856/12511 [=============>................] - ETA: 2:01 - loss: 1.0527 - acc: 0.2551
 5904/12511 [=============>................] - ETA: 2:00 - loss: 1.0523 - acc: 0.2595
 5952/12511 [=============>................] - ETA: 1:59 - loss: 1.0529 - acc: 0.2631
 6000/12511 [=============>................] - ETA: 1:59 - loss: 1.0533 - acc: 0.2668
 6048/12511 [=============>................] - ETA: 1:58 - loss: 1.0519 - acc: 0.2713
 6096/12511 [=============>................] - ETA: 1:57 - loss: 1.0510 - acc: 0.2758
 6144/12511 [=============>................] - ETA: 1:56 - loss: 1.0509 - acc: 0.2796
 6192/12511 [=============>................] - ETA: 1:55 - loss: 1.0507 - acc: 0.2834
 6240/12511 [=============>................] - ETA: 1:54 - loss: 1.0511 - acc: 0.2867
 6288/12511 [==============>...............] - ETA: 1:53 - loss: 1.0507 - acc: 0.2907
 6336/12511 [==============>...............] - ETA: 1:52 - loss: 1.0508 - acc: 0.2942
 6384/12511 [==============>...............] - ETA: 1:51 - loss: 1.0521 - acc: 0.2968
 6432/12511 [==============>...............] - ETA: 1:50 - loss: 1.0522 - acc: 0.3004
 6480/12511 [==============>...............] - ETA: 1:50 - loss: 1.0514 - acc: 0.3043
 6528/12511 [==============>...............] - ETA: 1:49 - loss: 1.0519 - acc: 0.3073
 6576/12511 [==============>...............] - ETA: 1:48 - loss: 1.0529 - acc: 0.3099
 6624/12511 [==============>...............] - ETA: 1:47 - loss: 1.0534 - acc: 0.3134
 6672/12511 [==============>...............] - ETA: 1:46 - loss: 1.0538 - acc: 0.3147
 6720/12511 [===============>..............] - ETA: 1:45 - loss: 1.0538 - acc: 0.3155
 6768/12511 [===============>..............] - ETA: 1:44 - loss: 1.0541 - acc: 0.3159
 6816/12511 [===============>..............] - ETA: 1:44 - loss: 1.0538 - acc: 0.3153
 6864/12511 [===============>..............] - ETA: 1:43 - loss: 1.0541 - acc: 0.3154
 6912/12511 [===============>..............] - ETA: 1:42 - loss: 1.0535 - acc: 0.3148
 6960/12511 [===============>..............] - ETA: 1:41 - loss: 1.0536 - acc: 0.3157
 7008/12511 [===============>..............] - ETA: 1:40 - loss: 1.0530 - acc: 0.3171
 7056/12511 [===============>..............] - ETA: 1:39 - loss: 1.0529 - acc: 0.3192
 7104/12511 [================>.............] - ETA: 1:38 - loss: 1.0523 - acc: 0.3224
 7152/12511 [================>.............] - ETA: 1:37 - loss: 1.0512 - acc: 0.3262
 7200/12511 [================>.............] - ETA: 1:36 - loss: 1.0510 - acc: 0.3292
 7248/12511 [================>.............] - ETA: 1:36 - loss: 1.0501 - acc: 0.3326
 7296/12511 [================>.............] - ETA: 1:35 - loss: 1.0500 - acc: 0.3355
 7344/12511 [================>.............] - ETA: 1:34 - loss: 1.0511 - acc: 0.3376
 7392/12511 [================>.............] - ETA: 1:33 - loss: 1.0510 - acc: 0.3404
 7440/12511 [================>.............] - ETA: 1:32 - loss: 1.0511 - acc: 0.3430
 7488/12511 [================>.............] - ETA: 1:31 - loss: 1.0512 - acc: 0.3456
 7536/12511 [=================>............] - ETA: 1:30 - loss: 1.0518 - acc: 0.3478
 7584/12511 [=================>............] - ETA: 1:30 - loss: 1.0517 - acc: 0.3505
 7632/12511 [=================>............] - ETA: 1:29 - loss: 1.0518 - acc: 0.3530
 7680/12511 [=================>............] - ETA: 1:28 - loss: 1.0523 - acc: 0.3553
 7728/12511 [=================>............] - ETA: 1:27 - loss: 1.0524 - acc: 0.3577
 7776/12511 [=================>............] - ETA: 1:26 - loss: 1.0526 - acc: 0.3600
 7824/12511 [=================>............] - ETA: 1:25 - loss: 1.0527 - acc: 0.3625
 7872/12511 [=================>............] - ETA: 1:24 - loss: 1.0539 - acc: 0.3645
 7920/12511 [=================>............] - ETA: 1:23 - loss: 1.0543 - acc: 0.3641
 7968/12511 [==================>...........] - ETA: 1:22 - loss: 1.0544 - acc: 0.3635
 8016/12511 [==================>...........] - ETA: 1:21 - loss: 1.0548 - acc: 0.3629
 8064/12511 [==================>...........] - ETA: 1:21 - loss: 1.0542 - acc: 0.3617
 8112/12511 [==================>...........] - ETA: 1:20 - loss: 1.0550 - acc: 0.3616
 8160/12511 [==================>...........] - ETA: 1:19 - loss: 1.0556 - acc: 0.3613
 8208/12511 [==================>...........] - ETA: 1:18 - loss: 1.0561 - acc: 0.3610
 8256/12511 [==================>...........] - ETA: 1:17 - loss: 1.0562 - acc: 0.3603
 8304/12511 [==================>...........] - ETA: 1:16 - loss: 1.0561 - acc: 0.3596
 8352/12511 [===================>..........] - ETA: 1:15 - loss: 1.0559 - acc: 0.3588
 8400/12511 [===================>..........] - ETA: 1:14 - loss: 1.0558 - acc: 0.3581
 8448/12511 [===================>..........] - ETA: 1:14 - loss: 1.0560 - acc: 0.3576
 8496/12511 [===================>..........] - ETA: 1:13 - loss: 1.0554 - acc: 0.3565
 8544/12511 [===================>..........] - ETA: 1:12 - loss: 1.0544 - acc: 0.3552
 8592/12511 [===================>..........] - ETA: 1:11 - loss: 1.0546 - acc: 0.3547
 8640/12511 [===================>..........] - ETA: 1:10 - loss: 1.0543 - acc: 0.3539
 8688/12511 [===================>..........] - ETA: 1:09 - loss: 1.0539 - acc: 0.3530
 8736/12511 [===================>..........] - ETA: 1:08 - loss: 1.0539 - acc: 0.3524
 8784/12511 [====================>.........] - ETA: 1:07 - loss: 1.0540 - acc: 0.3520
 8832/12511 [====================>.........] - ETA: 1:07 - loss: 1.0541 - acc: 0.3514
 8880/12511 [====================>.........] - ETA: 1:06 - loss: 1.0543 - acc: 0.3510
 8928/12511 [====================>.........] - ETA: 1:05 - loss: 1.0545 - acc: 0.3506
 8976/12511 [====================>.........] - ETA: 1:04 - loss: 1.0552 - acc: 0.3505
 9024/12511 [====================>.........] - ETA: 1:03 - loss: 1.0546 - acc: 0.3495
 9072/12511 [====================>.........] - ETA: 1:02 - loss: 1.0542 - acc: 0.3487
 9120/12511 [====================>.........] - ETA: 1:01 - loss: 1.0536 - acc: 0.3477
 9168/12511 [====================>.........] - ETA: 1:00 - loss: 1.0541 - acc: 0.3477
 9216/12511 [=====================>........] - ETA: 1:00 - loss: 1.0547 - acc: 0.3475
 9264/12511 [=====================>........] - ETA: 59s - loss: 1.0544 - acc: 0.3468 
 9312/12511 [=====================>........] - ETA: 58s - loss: 1.0546 - acc: 0.3464
 9360/12511 [=====================>........] - ETA: 57s - loss: 1.0536 - acc: 0.3452
 9408/12511 [=====================>........] - ETA: 56s - loss: 1.0541 - acc: 0.3452
 9456/12511 [=====================>........] - ETA: 55s - loss: 1.0535 - acc: 0.3443
 9504/12511 [=====================>........] - ETA: 54s - loss: 1.0534 - acc: 0.3441
 9552/12511 [=====================>........] - ETA: 53s - loss: 1.0532 - acc: 0.3438
 9600/12511 [======================>.......] - ETA: 52s - loss: 1.0535 - acc: 0.3443
 9648/12511 [======================>.......] - ETA: 52s - loss: 1.0539 - acc: 0.3440
 9696/12511 [======================>.......] - ETA: 51s - loss: 1.0535 - acc: 0.3432
 9744/12511 [======================>.......] - ETA: 50s - loss: 1.0526 - acc: 0.3426
 9792/12511 [======================>.......] - ETA: 49s - loss: 1.0531 - acc: 0.3436
 9840/12511 [======================>.......] - ETA: 48s - loss: 1.0530 - acc: 0.3443
 9888/12511 [======================>.......] - ETA: 47s - loss: 1.0529 - acc: 0.3460
 9936/12511 [======================>.......] - ETA: 46s - loss: 1.0531 - acc: 0.3475
 9984/12511 [======================>.......] - ETA: 46s - loss: 1.0525 - acc: 0.3478
10032/12511 [=======================>......] - ETA: 45s - loss: 1.0524 - acc: 0.3497
10080/12511 [=======================>......] - ETA: 44s - loss: 1.0523 - acc: 0.3518
10128/12511 [=======================>......] - ETA: 43s - loss: 1.0526 - acc: 0.3537
10176/12511 [=======================>......] - ETA: 42s - loss: 1.0521 - acc: 0.3557
10224/12511 [=======================>......] - ETA: 41s - loss: 1.0516 - acc: 0.3580
10272/12511 [=======================>......] - ETA: 40s - loss: 1.0515 - acc: 0.3600
10320/12511 [=======================>......] - ETA: 39s - loss: 1.0511 - acc: 0.3621
10368/12511 [=======================>......] - ETA: 39s - loss: 1.0505 - acc: 0.3643
10416/12511 [=======================>......] - ETA: 38s - loss: 1.0510 - acc: 0.3658
10464/12511 [========================>.....] - ETA: 37s - loss: 1.0502 - acc: 0.3681
10512/12511 [========================>.....] - ETA: 36s - loss: 1.0504 - acc: 0.3698
10560/12511 [========================>.....] - ETA: 35s - loss: 1.0509 - acc: 0.3713
10608/12511 [========================>.....] - ETA: 34s - loss: 1.0505 - acc: 0.3732
10656/12511 [========================>.....] - ETA: 33s - loss: 1.0510 - acc: 0.3746
10704/12511 [========================>.....] - ETA: 32s - loss: 1.0509 - acc: 0.3764
10752/12511 [========================>.....] - ETA: 32s - loss: 1.0507 - acc: 0.3783
10800/12511 [========================>.....] - ETA: 31s - loss: 1.0506 - acc: 0.3800
10848/12511 [=========================>....] - ETA: 30s - loss: 1.0512 - acc: 0.3813
10896/12511 [=========================>....] - ETA: 29s - loss: 1.0506 - acc: 0.3833
10944/12511 [=========================>....] - ETA: 28s - loss: 1.0508 - acc: 0.3848
10992/12511 [=========================>....] - ETA: 27s - loss: 1.0502 - acc: 0.3868
11040/12511 [=========================>....] - ETA: 26s - loss: 1.0505 - acc: 0.3882
11088/12511 [=========================>....] - ETA: 25s - loss: 1.0506 - acc: 0.3898
11136/12511 [=========================>....] - ETA: 25s - loss: 1.0502 - acc: 0.3916
11184/12511 [=========================>....] - ETA: 24s - loss: 1.0496 - acc: 0.3936
11232/12511 [=========================>....] - ETA: 23s - loss: 1.0505 - acc: 0.3946
11280/12511 [==========================>...] - ETA: 22s - loss: 1.0505 - acc: 0.3961
11328/12511 [==========================>...] - ETA: 21s - loss: 1.0509 - acc: 0.3974
11376/12511 [==========================>...] - ETA: 20s - loss: 1.0509 - acc: 0.3989
11424/12511 [==========================>...] - ETA: 19s - loss: 1.0507 - acc: 0.4006
11472/12511 [==========================>...] - ETA: 18s - loss: 1.0505 - acc: 0.4022
11520/12511 [==========================>...] - ETA: 18s - loss: 1.0506 - acc: 0.4036
11568/12511 [==========================>...] - ETA: 17s - loss: 1.0504 - acc: 0.4053
11616/12511 [==========================>...] - ETA: 16s - loss: 1.0511 - acc: 0.4063
11664/12511 [==========================>...] - ETA: 15s - loss: 1.0514 - acc: 0.4075
11712/12511 [===========================>..] - ETA: 14s - loss: 1.0509 - acc: 0.4092
11760/12511 [===========================>..] - ETA: 13s - loss: 1.0515 - acc: 0.4103
11808/12511 [===========================>..] - ETA: 12s - loss: 1.0516 - acc: 0.4117
11856/12511 [===========================>..] - ETA: 11s - loss: 1.0512 - acc: 0.4133
11904/12511 [===========================>..] - ETA: 11s - loss: 1.0514 - acc: 0.4146
11952/12511 [===========================>..] - ETA: 10s - loss: 1.0512 - acc: 0.4160
12000/12511 [===========================>..] - ETA: 9s - loss: 1.0511 - acc: 0.4174 
12048/12511 [===========================>..] - ETA: 8s - loss: 1.0514 - acc: 0.4186
12096/12511 [============================>.] - ETA: 7s - loss: 1.0512 - acc: 0.4200
12144/12511 [============================>.] - ETA: 6s - loss: 1.0514 - acc: 0.4211
12192/12511 [============================>.] - ETA: 5s - loss: 1.0514 - acc: 0.4226
12240/12511 [============================>.] - ETA: 4s - loss: 1.0515 - acc: 0.4238
12288/12511 [============================>.] - ETA: 4s - loss: 1.0508 - acc: 0.4255
12336/12511 [============================>.] - ETA: 3s - loss: 1.0510 - acc: 0.4266
12384/12511 [============================>.] - ETA: 2s - loss: 1.0508 - acc: 0.4281
12432/12511 [============================>.] - ETA: 1s - loss: 1.0516 - acc: 0.4289
12480/12511 [============================>.] - ETA: 0s - loss: 1.0517 - acc: 0.4302
12511/12511 [==============================] - 240s 19ms/step - loss: 1.0517 - acc: 0.4312 - val_loss: 0.7700 - val_acc: 0.4274
/global/homes/l/liuto/.conda/envs/convNet/lib/python3.6/site-packages/h5py/__init__.py:36: FutureWarning: Conversion of the second argument of issubdtype from `float` to `np.floating` is deprecated. In future, it will be treated as `np.float64 == np.dtype(float).type`.
  from ._conv import register_converters as _register_converters
Using TensorFlow backend.
Traceback (most recent call last):
  File "/global/homes/l/liuto/520project/transient-detection/cnn/jobs/run_cnn_pf_pk.py", line 334, in <module>
    main()
  File "/global/homes/l/liuto/520project/transient-detection/cnn/jobs/run_cnn_pf_pk.py", line 327, in main
    train_model(train_imgs, train_labels, val_imgs, val_labels, OUTPUT_DIR, output_name)
  File "/global/homes/l/liuto/520project/transient-detection/cnn/jobs/run_cnn_pf_pk.py", line 205, in train_model
    callbacks=[checkpointer]
  File "/global/homes/l/liuto/.conda/envs/convNet/lib/python3.6/site-packages/keras/models.py", line 963, in fit
    validation_steps=validation_steps)
  File "/global/homes/l/liuto/.conda/envs/convNet/lib/python3.6/site-packages/keras/engine/training.py", line 1705, in fit
    validation_steps=validation_steps)
  File "/global/homes/l/liuto/.conda/envs/convNet/lib/python3.6/site-packages/keras/engine/training.py", line 1255, in _fit_loop
    callbacks.on_epoch_end(epoch, epoch_logs)
  File "/global/homes/l/liuto/.conda/envs/convNet/lib/python3.6/site-packages/keras/callbacks.py", line 77, in on_epoch_end
    callback.on_epoch_end(epoch, logs)
  File "/global/homes/l/liuto/.conda/envs/convNet/lib/python3.6/site-packages/keras/callbacks.py", line 447, in on_epoch_end
    self.model.save(filepath, overwrite=True)
  File "/global/homes/l/liuto/.conda/envs/convNet/lib/python3.6/site-packages/keras/engine/topology.py", line 2580, in save
    save_model(self, filepath, overwrite, include_optimizer)
  File "/global/homes/l/liuto/.conda/envs/convNet/lib/python3.6/site-packages/keras/models.py", line 106, in save_model
    with h5py.File(filepath, mode='w') as f:
  File "/global/homes/l/liuto/.conda/envs/convNet/lib/python3.6/site-packages/h5py/_hl/files.py", line 269, in __init__
    fid = make_fid(name, mode, userblock_size, fapl, swmr=swmr)
  File "/global/homes/l/liuto/.conda/envs/convNet/lib/python3.6/site-packages/h5py/_hl/files.py", line 105, in make_fid
    fid = h5f.create(name, h5f.ACC_TRUNC, fapl=fapl, fcpl=fcpl)
  File "h5py/_objects.pyx", line 54, in h5py._objects.with_phil.wrapper
  File "h5py/_objects.pyx", line 55, in h5py._objects.with_phil.wrapper
  File "h5py/h5f.pyx", line 98, in h5py.h5f.create
OSError: Unable to create file (unable to lock file, errno = 524, error message = 'Unknown error 524')
