INFO: activate-gcc_linux-64.sh made the following environmental changes:
+CC=/global/homes/l/liuto/.conda/envs/convNet/bin/x86_64-conda_cos6-linux-gnu-cc
+CFLAGS=-march=nocona -mtune=haswell -ftree-vectorize -fPIC -fstack-protector-strong -fno-plt -O2 -pipe
+CPP=/global/homes/l/liuto/.conda/envs/convNet/bin/x86_64-conda_cos6-linux-gnu-cpp
+CPPFLAGS=-DNDEBUG -D_FORTIFY_SOURCE=2 -O2
+DEBUG_CFLAGS=-march=nocona -mtune=haswell -ftree-vectorize -fPIC -fstack-protector-all -fno-plt -Og -g -Wall -Wextra -fvar-tracking-assignments -pipe
+DEBUG_CPPFLAGS=-D_DEBUG -D_FORTIFY_SOURCE=2 -Og
+GCC=/global/homes/l/liuto/.conda/envs/convNet/bin/x86_64-conda_cos6-linux-gnu-gcc
+GCC_AR=/global/homes/l/liuto/.conda/envs/convNet/bin/x86_64-conda_cos6-linux-gnu-gcc-ar
+GCC_NM=/global/homes/l/liuto/.conda/envs/convNet/bin/x86_64-conda_cos6-linux-gnu-gcc-nm
+GCC_RANLIB=/global/homes/l/liuto/.conda/envs/convNet/bin/x86_64-conda_cos6-linux-gnu-gcc-ranlib
+HOST=x86_64-conda_cos6-linux-gnu
+LDFLAGS=-Wl,-O2 -Wl,--sort-common -Wl,--as-needed -Wl,-z,relro -Wl,-z,now
+_PYTHON_SYSCONFIGDATA_NAME=_sysconfigdata_x86_64_conda_cos6_linux_gnu
-HOST=cori02
INFO: activate-binutils_linux-64.sh made the following environmental changes:
+ADDR2LINE=/global/homes/l/liuto/.conda/envs/convNet/bin/x86_64-conda_cos6-linux-gnu-addr2line
+AR=/global/homes/l/liuto/.conda/envs/convNet/bin/x86_64-conda_cos6-linux-gnu-ar
+AS=/global/homes/l/liuto/.conda/envs/convNet/bin/x86_64-conda_cos6-linux-gnu-as
+CXXFILT=/global/homes/l/liuto/.conda/envs/convNet/bin/x86_64-conda_cos6-linux-gnu-c++filt
+ELFEDIT=/global/homes/l/liuto/.conda/envs/convNet/bin/x86_64-conda_cos6-linux-gnu-elfedit
+GPROF=/global/homes/l/liuto/.conda/envs/convNet/bin/x86_64-conda_cos6-linux-gnu-gprof
+LD=/global/homes/l/liuto/.conda/envs/convNet/bin/x86_64-conda_cos6-linux-gnu-ld
+LD_GOLD=/global/homes/l/liuto/.conda/envs/convNet/bin/x86_64-conda_cos6-linux-gnu-ld.gold
+NM=/global/homes/l/liuto/.conda/envs/convNet/bin/x86_64-conda_cos6-linux-gnu-nm
+OBJCOPY=/global/homes/l/liuto/.conda/envs/convNet/bin/x86_64-conda_cos6-linux-gnu-objcopy
+OBJDUMP=/global/homes/l/liuto/.conda/envs/convNet/bin/x86_64-conda_cos6-linux-gnu-objdump
+RANLIB=/global/homes/l/liuto/.conda/envs/convNet/bin/x86_64-conda_cos6-linux-gnu-ranlib
+READELF=/global/homes/l/liuto/.conda/envs/convNet/bin/x86_64-conda_cos6-linux-gnu-readelf
+SIZE=/global/homes/l/liuto/.conda/envs/convNet/bin/x86_64-conda_cos6-linux-gnu-size
+STRINGS=/global/homes/l/liuto/.conda/envs/convNet/bin/x86_64-conda_cos6-linux-gnu-strings
+STRIP=/global/homes/l/liuto/.conda/envs/convNet/bin/x86_64-conda_cos6-linux-gnu-strip
INFO: activate-gxx_linux-64.sh made the following environmental changes:
+CXX=/global/homes/l/liuto/.conda/envs/convNet/bin/x86_64-conda_cos6-linux-gnu-c++
+CXXFLAGS=-fvisibility-inlines-hidden -std=c++17 -fmessage-length=0 -march=nocona -mtune=haswell -ftree-vectorize -fPIC -fstack-protector-strong -fno-plt -O2 -pipe
+DEBUG_CXXFLAGS=-fvisibility-inlines-hidden -std=c++17 -fmessage-length=0 -march=nocona -mtune=haswell -ftree-vectorize -fPIC -fstack-protector-all -fno-plt -Og -g -Wall -Wextra -fvar-tracking-assignments -pipe
+GXX=/global/homes/l/liuto/.conda/envs/convNet/bin/x86_64-conda_cos6-linux-gnu-g++
2018-04-18 20:47:44.780942: I tensorflow/core/platform/cpu_feature_guard.cc:140] Your CPU supports instructions that this TensorFlow binary was not compiled to use: SSE4.1 SSE4.2 AVX AVX2 FMA
Loading .npy files.
Selecting a random sample to train.
========================
=====Training model=====
========================
Compiling...
_________________________________________________________________
Layer (type)                 Output Shape              Param #   
=================================================================
conv2d_1 (Conv2D)            (None, 30, 30, 128)       1664      
_________________________________________________________________
conv2d_2 (Conv2D)            (None, 30, 30, 64)        131136    
_________________________________________________________________
dropout_1 (Dropout)          (None, 30, 30, 64)        0         
_________________________________________________________________
conv2d_3 (Conv2D)            (None, 30, 30, 32)        73760     
_________________________________________________________________
dropout_2 (Dropout)          (None, 30, 30, 32)        0         
_________________________________________________________________
conv2d_4 (Conv2D)            (None, 30, 30, 64)        32832     
_________________________________________________________________
dropout_3 (Dropout)          (None, 30, 30, 64)        0         
_________________________________________________________________
conv2d_5 (Conv2D)            (None, 30, 30, 128)       32896     
_________________________________________________________________
dropout_4 (Dropout)          (None, 30, 30, 128)       0         
_________________________________________________________________
flatten_1 (Flatten)          (None, 115200)            0         
_________________________________________________________________
dense_1 (Dense)              (None, 32)                3686432   
_________________________________________________________________
dropout_5 (Dropout)          (None, 32)                0         
_________________________________________________________________
dense_2 (Dense)              (None, 1)                 33        
=================================================================
Total params: 3,958,753
Trainable params: 3,958,753
Non-trainable params: 0
_________________________________________________________________
Not using data augmentation.
Train on 12511 samples, validate on 5363 samples
Epoch 1/20

   48/12511 [..............................] - ETA: 9:17 - loss: 1.2749 - acc: 0.5833
   96/12511 [..............................] - ETA: 6:50 - loss: 1.0914 - acc: 0.3646
  144/12511 [..............................] - ETA: 5:54 - loss: 1.0709 - acc: 0.3264
  192/12511 [..............................] - ETA: 5:22 - loss: 1.0530 - acc: 0.3229
  240/12511 [..............................] - ETA: 5:07 - loss: 1.0238 - acc: 0.4208
  288/12511 [..............................] - ETA: 4:56 - loss: 1.0299 - acc: 0.4757
  336/12511 [..............................] - ETA: 4:46 - loss: 1.0475 - acc: 0.5060
  384/12511 [..............................] - ETA: 4:38 - loss: 1.0567 - acc: 0.5312
  432/12511 [>.............................] - ETA: 4:25 - loss: 1.0605 - acc: 0.5139
  480/12511 [>.............................] - ETA: 4:20 - loss: 1.0697 - acc: 0.4937
  528/12511 [>.............................] - ETA: 4:15 - loss: 1.0883 - acc: 0.4848
  576/12511 [>.............................] - ETA: 4:12 - loss: 1.0783 - acc: 0.4601
  624/12511 [>.............................] - ETA: 4:08 - loss: 1.0793 - acc: 0.4455
  672/12511 [>.............................] - ETA: 4:04 - loss: 1.0801 - acc: 0.4330
  720/12511 [>.............................] - ETA: 4:02 - loss: 1.0808 - acc: 0.4222
  768/12511 [>.............................] - ETA: 4:02 - loss: 1.0833 - acc: 0.4141
  816/12511 [>.............................] - ETA: 4:00 - loss: 1.0748 - acc: 0.3995
  864/12511 [=>............................] - ETA: 3:58 - loss: 1.0757 - acc: 0.3924
  912/12511 [=>............................] - ETA: 3:56 - loss: 1.0653 - acc: 0.3783
  960/12511 [=>............................] - ETA: 3:53 - loss: 1.0681 - acc: 0.3740
 1008/12511 [=>............................] - ETA: 3:51 - loss: 1.0649 - acc: 0.3661
 1056/12511 [=>............................] - ETA: 3:49 - loss: 1.0716 - acc: 0.3655
 1104/12511 [=>............................] - ETA: 3:47 - loss: 1.0711 - acc: 0.3605
 1152/12511 [=>............................] - ETA: 3:46 - loss: 1.0732 - acc: 0.3576
 1200/12511 [=>............................] - ETA: 3:44 - loss: 1.0702 - acc: 0.3517
 1248/12511 [=>............................] - ETA: 3:44 - loss: 1.0687 - acc: 0.3470
 1296/12511 [==>...........................] - ETA: 3:42 - loss: 1.0684 - acc: 0.3434
 1344/12511 [==>...........................] - ETA: 3:42 - loss: 1.0681 - acc: 0.3400
 1392/12511 [==>...........................] - ETA: 3:40 - loss: 1.0668 - acc: 0.3362
 1440/12511 [==>...........................] - ETA: 3:39 - loss: 1.0645 - acc: 0.3319
 1488/12511 [==>...........................] - ETA: 3:37 - loss: 1.0634 - acc: 0.3286
 1536/12511 [==>...........................] - ETA: 3:35 - loss: 1.0633 - acc: 0.3262
 1584/12511 [==>...........................] - ETA: 3:34 - loss: 1.0641 - acc: 0.3245
 1632/12511 [==>...........................] - ETA: 3:33 - loss: 1.0667 - acc: 0.3241
 1680/12511 [===>..........................] - ETA: 3:32 - loss: 1.0657 - acc: 0.3214
 1728/12511 [===>..........................] - ETA: 3:31 - loss: 1.0672 - acc: 0.3206
 1776/12511 [===>..........................] - ETA: 3:29 - loss: 1.0719 - acc: 0.3221
 1824/12511 [===>..........................] - ETA: 3:28 - loss: 1.0661 - acc: 0.3163
 1872/12511 [===>..........................] - ETA: 3:27 - loss: 1.0651 - acc: 0.3141
 1920/12511 [===>..........................] - ETA: 3:26 - loss: 1.0650 - acc: 0.3125
 1968/12511 [===>..........................] - ETA: 3:25 - loss: 1.0634 - acc: 0.3100
 2016/12511 [===>..........................] - ETA: 3:23 - loss: 1.0648 - acc: 0.3095
 2064/12511 [===>..........................] - ETA: 3:22 - loss: 1.0612 - acc: 0.3057
 2112/12511 [====>.........................] - ETA: 3:21 - loss: 1.0604 - acc: 0.3040
 2160/12511 [====>.........................] - ETA: 3:20 - loss: 1.0591 - acc: 0.3019
 2208/12511 [====>.........................] - ETA: 3:19 - loss: 1.0591 - acc: 0.3007
 2256/12511 [====>.........................] - ETA: 3:17 - loss: 1.0611 - acc: 0.3010
 2304/12511 [====>.........................] - ETA: 3:17 - loss: 1.0617 - acc: 0.3003
 2352/12511 [====>.........................] - ETA: 3:16 - loss: 1.0611 - acc: 0.2989
 2400/12511 [====>.........................] - ETA: 3:15 - loss: 1.0616 - acc: 0.2983
 2448/12511 [====>.........................] - ETA: 3:13 - loss: 1.0634 - acc: 0.2986
 2496/12511 [====>.........................] - ETA: 3:12 - loss: 1.0639 - acc: 0.2981
 2544/12511 [=====>........................] - ETA: 3:11 - loss: 1.0667 - acc: 0.2991
 2592/12511 [=====>........................] - ETA: 3:09 - loss: 1.0655 - acc: 0.2975
 2640/12511 [=====>........................] - ETA: 3:08 - loss: 1.0615 - acc: 0.2939
 2688/12511 [=====>........................] - ETA: 3:08 - loss: 1.0615 - acc: 0.2932
 2736/12511 [=====>........................] - ETA: 3:07 - loss: 1.0588 - acc: 0.2906
 2784/12511 [=====>........................] - ETA: 3:06 - loss: 1.0578 - acc: 0.2892
 2832/12511 [=====>........................] - ETA: 3:05 - loss: 1.0579 - acc: 0.2885
 2880/12511 [=====>........................] - ETA: 3:04 - loss: 1.0584 - acc: 0.2882
 2928/12511 [======>.......................] - ETA: 3:03 - loss: 1.0589 - acc: 0.2879
 2976/12511 [======>.......................] - ETA: 3:02 - loss: 1.0560 - acc: 0.2853
 3024/12511 [======>.......................] - ETA: 3:01 - loss: 1.0551 - acc: 0.2841
 3072/12511 [======>.......................] - ETA: 3:00 - loss: 1.0557 - acc: 0.2839
 3120/12511 [======>.......................] - ETA: 2:59 - loss: 1.0562 - acc: 0.2837
 3168/12511 [======>.......................] - ETA: 2:58 - loss: 1.0563 - acc: 0.2831
 3216/12511 [======>.......................] - ETA: 2:57 - loss: 1.0550 - acc: 0.2817
 3264/12511 [======>.......................] - ETA: 2:56 - loss: 1.0541 - acc: 0.2806
 3312/12511 [======>.......................] - ETA: 2:56 - loss: 1.0547 - acc: 0.2805
 3360/12511 [=======>......................] - ETA: 2:55 - loss: 1.0539 - acc: 0.2795
 3408/12511 [=======>......................] - ETA: 2:54 - loss: 1.0548 - acc: 0.2796
 3456/12511 [=======>......................] - ETA: 2:53 - loss: 1.0566 - acc: 0.2804
 3504/12511 [=======>......................] - ETA: 2:52 - loss: 1.0546 - acc: 0.2785
 3552/12511 [=======>......................] - ETA: 2:51 - loss: 1.0547 - acc: 0.2782
 3600/12511 [=======>......................] - ETA: 2:50 - loss: 1.0515 - acc: 0.2756
 3648/12511 [=======>......................] - ETA: 2:49 - loss: 1.0500 - acc: 0.2829
 3696/12511 [=======>......................] - ETA: 2:48 - loss: 1.0509 - acc: 0.2884
 3744/12511 [=======>......................] - ETA: 2:47 - loss: 1.0495 - acc: 0.2954
 3792/12511 [========>.....................] - ETA: 2:46 - loss: 1.0515 - acc: 0.2998
 3840/12511 [========>.....................] - ETA: 2:45 - loss: 1.0501 - acc: 0.3062
 3888/12511 [========>.....................] - ETA: 2:44 - loss: 1.0514 - acc: 0.3110
 3936/12511 [========>.....................] - ETA: 2:43 - loss: 1.0522 - acc: 0.3161
 3984/12511 [========>.....................] - ETA: 2:42 - loss: 1.0512 - acc: 0.3145
 4032/12511 [========>.....................] - ETA: 2:41 - loss: 1.0506 - acc: 0.3199
 4080/12511 [========>.....................] - ETA: 2:40 - loss: 1.0536 - acc: 0.3230
 4128/12511 [========>.....................] - ETA: 2:39 - loss: 1.0530 - acc: 0.3217
 4176/12511 [=========>....................] - ETA: 2:38 - loss: 1.0538 - acc: 0.3214
 4224/12511 [=========>....................] - ETA: 2:37 - loss: 1.0528 - acc: 0.3198
 4272/12511 [=========>....................] - ETA: 2:36 - loss: 1.0515 - acc: 0.3181
 4320/12511 [=========>....................] - ETA: 2:35 - loss: 1.0519 - acc: 0.3218
 4368/12511 [=========>....................] - ETA: 2:34 - loss: 1.0520 - acc: 0.3239
 4416/12511 [=========>....................] - ETA: 2:33 - loss: 1.0535 - acc: 0.3238
 4464/12511 [=========>....................] - ETA: 2:32 - loss: 1.0535 - acc: 0.3230
 4512/12511 [=========>....................] - ETA: 2:31 - loss: 1.0533 - acc: 0.3220
 4560/12511 [=========>....................] - ETA: 2:30 - loss: 1.0537 - acc: 0.3215
 4608/12511 [==========>...................] - ETA: 2:29 - loss: 1.0534 - acc: 0.3205
 4656/12511 [==========>...................] - ETA: 2:28 - loss: 1.0519 - acc: 0.3187
 4704/12511 [==========>...................] - ETA: 2:27 - loss: 1.0511 - acc: 0.3187
 4752/12511 [==========>...................] - ETA: 2:26 - loss: 1.0484 - acc: 0.3243
 4800/12511 [==========>...................] - ETA: 2:25 - loss: 1.0476 - acc: 0.3292
 4848/12511 [==========>...................] - ETA: 2:24 - loss: 1.0486 - acc: 0.3327
 4896/12511 [==========>...................] - ETA: 2:23 - loss: 1.0466 - acc: 0.3382
 4944/12511 [==========>...................] - ETA: 2:22 - loss: 1.0468 - acc: 0.3422
 4992/12511 [==========>...................] - ETA: 2:21 - loss: 1.0463 - acc: 0.3466
 5040/12511 [===========>..................] - ETA: 2:20 - loss: 1.0455 - acc: 0.3510
 5088/12511 [===========>..................] - ETA: 2:19 - loss: 1.0445 - acc: 0.3555
 5136/12511 [===========>..................] - ETA: 2:18 - loss: 1.0458 - acc: 0.3585
 5184/12511 [===========>..................] - ETA: 2:17 - loss: 1.0445 - acc: 0.3630
 5232/12511 [===========>..................] - ETA: 2:16 - loss: 1.0447 - acc: 0.3666
 5280/12511 [===========>..................] - ETA: 2:15 - loss: 1.0451 - acc: 0.3699
 5328/12511 [===========>..................] - ETA: 2:14 - loss: 1.0452 - acc: 0.3733
 5376/12511 [===========>..................] - ETA: 2:13 - loss: 1.0456 - acc: 0.3765
 5424/12511 [============>.................] - ETA: 2:12 - loss: 1.0458 - acc: 0.3798
 5472/12511 [============>.................] - ETA: 2:11 - loss: 1.0451 - acc: 0.3836
 5520/12511 [============>.................] - ETA: 2:10 - loss: 1.0441 - acc: 0.3875
 5568/12511 [============>.................] - ETA: 2:09 - loss: 1.0451 - acc: 0.3901
 5616/12511 [============>.................] - ETA: 2:08 - loss: 1.0444 - acc: 0.3937
 5664/12511 [============>.................] - ETA: 2:07 - loss: 1.0435 - acc: 0.3974
 5712/12511 [============>.................] - ETA: 2:06 - loss: 1.0437 - acc: 0.4004
 5760/12511 [============>.................] - ETA: 2:06 - loss: 1.0438 - acc: 0.4033
 5808/12511 [============>.................] - ETA: 2:05 - loss: 1.0439 - acc: 0.4062
 5856/12511 [=============>................] - ETA: 2:04 - loss: 1.0433 - acc: 0.4095
 5904/12511 [=============>................] - ETA: 2:03 - loss: 1.0432 - acc: 0.4124
 5952/12511 [=============>................] - ETA: 2:02 - loss: 1.0441 - acc: 0.4147
 6000/12511 [=============>................] - ETA: 2:01 - loss: 1.0442 - acc: 0.4173
 6048/12511 [=============>................] - ETA: 2:00 - loss: 1.0434 - acc: 0.4206
 6096/12511 [=============>................] - ETA: 1:59 - loss: 1.0437 - acc: 0.4231
 6144/12511 [=============>................] - ETA: 1:58 - loss: 1.0451 - acc: 0.4248
 6192/12511 [=============>................] - ETA: 1:57 - loss: 1.0450 - acc: 0.4275
 6240/12511 [=============>................] - ETA: 1:56 - loss: 1.0448 - acc: 0.4301
 6288/12511 [==============>...............] - ETA: 1:56 - loss: 1.0445 - acc: 0.4329
 6336/12511 [==============>...............] - ETA: 1:55 - loss: 1.0430 - acc: 0.4364
 6384/12511 [==============>...............] - ETA: 1:54 - loss: 1.0440 - acc: 0.4381
 6432/12511 [==============>...............] - ETA: 1:53 - loss: 1.0437 - acc: 0.4408
 6480/12511 [==============>...............] - ETA: 1:52 - loss: 1.0436 - acc: 0.4432
 6528/12511 [==============>...............] - ETA: 1:51 - loss: 1.0423 - acc: 0.4464
 6576/12511 [==============>...............] - ETA: 1:50 - loss: 1.0413 - acc: 0.4494
 6624/12511 [==============>...............] - ETA: 1:49 - loss: 1.0421 - acc: 0.4511
 6672/12511 [==============>...............] - ETA: 1:48 - loss: 1.0418 - acc: 0.4535
 6720/12511 [===============>..............] - ETA: 1:47 - loss: 1.0408 - acc: 0.4564
 6768/12511 [===============>..............] - ETA: 1:46 - loss: 1.0412 - acc: 0.4583
 6816/12511 [===============>..............] - ETA: 1:45 - loss: 1.0413 - acc: 0.4604
 6864/12511 [===============>..............] - ETA: 1:45 - loss: 1.0415 - acc: 0.4624
 6912/12511 [===============>..............] - ETA: 1:44 - loss: 1.0416 - acc: 0.4644
 6960/12511 [===============>..............] - ETA: 1:43 - loss: 1.0420 - acc: 0.4662
 7008/12511 [===============>..............] - ETA: 1:42 - loss: 1.0421 - acc: 0.4682
 7056/12511 [===============>..............] - ETA: 1:41 - loss: 1.0422 - acc: 0.4701
 7104/12511 [================>.............] - ETA: 1:40 - loss: 1.0411 - acc: 0.4728
 7152/12511 [================>.............] - ETA: 1:39 - loss: 1.0418 - acc: 0.4743
 7200/12511 [================>.............] - ETA: 1:38 - loss: 1.0413 - acc: 0.4765
 7248/12511 [================>.............] - ETA: 1:37 - loss: 1.0412 - acc: 0.4785
 7296/12511 [================>.............] - ETA: 1:37 - loss: 1.0410 - acc: 0.4805
 7344/12511 [================>.............] - ETA: 1:36 - loss: 1.0421 - acc: 0.4816
 7392/12511 [================>.............] - ETA: 1:35 - loss: 1.0437 - acc: 0.4824
 7440/12511 [================>.............] - ETA: 1:34 - loss: 1.0428 - acc: 0.4848
 7488/12511 [================>.............] - ETA: 1:33 - loss: 1.0429 - acc: 0.4865
 7536/12511 [=================>............] - ETA: 1:32 - loss: 1.0430 - acc: 0.4882
 7584/12511 [=================>............] - ETA: 1:31 - loss: 1.0431 - acc: 0.4898
 7632/12511 [=================>............] - ETA: 1:30 - loss: 1.0430 - acc: 0.4916
 7680/12511 [=================>............] - ETA: 1:30 - loss: 1.0427 - acc: 0.4935
 7728/12511 [=================>............] - ETA: 1:29 - loss: 1.0426 - acc: 0.4952
 7776/12511 [=================>............] - ETA: 1:28 - loss: 1.0437 - acc: 0.4961
 7824/12511 [=================>............] - ETA: 1:27 - loss: 1.0438 - acc: 0.4977
 7872/12511 [=================>............] - ETA: 1:26 - loss: 1.0447 - acc: 0.4987
 7920/12511 [=================>............] - ETA: 1:25 - loss: 1.0446 - acc: 0.5004
 7968/12511 [==================>...........] - ETA: 1:24 - loss: 1.0447 - acc: 0.5019
 8016/12511 [==================>...........] - ETA: 1:23 - loss: 1.0442 - acc: 0.5037
 8064/12511 [==================>...........] - ETA: 1:22 - loss: 1.0447 - acc: 0.5050
 8112/12511 [==================>...........] - ETA: 1:22 - loss: 1.0444 - acc: 0.5067
 8160/12511 [==================>...........] - ETA: 1:21 - loss: 1.0451 - acc: 0.5077
 8208/12511 [==================>...........] - ETA: 1:20 - loss: 1.0442 - acc: 0.5097
 8256/12511 [==================>...........] - ETA: 1:19 - loss: 1.0440 - acc: 0.5114
 8304/12511 [==================>...........] - ETA: 1:18 - loss: 1.0442 - acc: 0.5126
 8352/12511 [===================>..........] - ETA: 1:17 - loss: 1.0443 - acc: 0.5140
 8400/12511 [===================>..........] - ETA: 1:16 - loss: 1.0444 - acc: 0.5154
 8448/12511 [===================>..........] - ETA: 1:15 - loss: 1.0436 - acc: 0.5173
 8496/12511 [===================>..........] - ETA: 1:14 - loss: 1.0443 - acc: 0.5182
 8544/12511 [===================>..........] - ETA: 1:13 - loss: 1.0451 - acc: 0.5191
 8592/12511 [===================>..........] - ETA: 1:12 - loss: 1.0453 - acc: 0.5203
 8640/12511 [===================>..........] - ETA: 1:12 - loss: 1.0450 - acc: 0.5218
 8688/12511 [===================>..........] - ETA: 1:11 - loss: 1.0455 - acc: 0.5228
 8736/12511 [===================>..........] - ETA: 1:10 - loss: 1.0452 - acc: 0.5243
 8784/12511 [====================>.........] - ETA: 1:09 - loss: 1.0448 - acc: 0.5258
 8832/12511 [====================>.........] - ETA: 1:08 - loss: 1.0450 - acc: 0.5269
 8880/12511 [====================>.........] - ETA: 1:07 - loss: 1.0443 - acc: 0.5287
 8928/12511 [====================>.........] - ETA: 1:06 - loss: 1.0450 - acc: 0.5295
 8976/12511 [====================>.........] - ETA: 1:05 - loss: 1.0455 - acc: 0.5304
 9024/12511 [====================>.........] - ETA: 1:04 - loss: 1.0459 - acc: 0.5314
 9072/12511 [====================>.........] - ETA: 1:03 - loss: 1.0463 - acc: 0.5323
 9120/12511 [====================>.........] - ETA: 1:03 - loss: 1.0470 - acc: 0.5330
 9168/12511 [====================>.........] - ETA: 1:02 - loss: 1.0467 - acc: 0.5344
 9216/12511 [=====================>........] - ETA: 1:01 - loss: 1.0462 - acc: 0.5359
 9264/12511 [=====================>........] - ETA: 1:00 - loss: 1.0466 - acc: 0.5368
 9312/12511 [=====================>........] - ETA: 59s - loss: 1.0465 - acc: 0.5380 
 9360/12511 [=====================>........] - ETA: 58s - loss: 1.0461 - acc: 0.5394
 9408/12511 [=====================>........] - ETA: 57s - loss: 1.0455 - acc: 0.5409
 9456/12511 [=====================>........] - ETA: 56s - loss: 1.0453 - acc: 0.5422
 9504/12511 [=====================>........] - ETA: 55s - loss: 1.0453 - acc: 0.5432
 9552/12511 [=====================>........] - ETA: 54s - loss: 1.0457 - acc: 0.5441
 9600/12511 [======================>.......] - ETA: 54s - loss: 1.0466 - acc: 0.5446
 9648/12511 [======================>.......] - ETA: 53s - loss: 1.0463 - acc: 0.5458
 9696/12511 [======================>.......] - ETA: 52s - loss: 1.0461 - acc: 0.5470
 9744/12511 [======================>.......] - ETA: 51s - loss: 1.0457 - acc: 0.5483
 9792/12511 [======================>.......] - ETA: 50s - loss: 1.0452 - acc: 0.5497
 9840/12511 [======================>.......] - ETA: 49s - loss: 1.0448 - acc: 0.5510
 9888/12511 [======================>.......] - ETA: 48s - loss: 1.0449 - acc: 0.5520
 9936/12511 [======================>.......] - ETA: 47s - loss: 1.0448 - acc: 0.5530
 9984/12511 [======================>.......] - ETA: 46s - loss: 1.0449 - acc: 0.5540
10032/12511 [=======================>......] - ETA: 46s - loss: 1.0452 - acc: 0.5547
10080/12511 [=======================>......] - ETA: 45s - loss: 1.0453 - acc: 0.5557
10128/12511 [=======================>......] - ETA: 44s - loss: 1.0455 - acc: 0.5565
10176/12511 [=======================>......] - ETA: 43s - loss: 1.0453 - acc: 0.5576
10224/12511 [=======================>......] - ETA: 42s - loss: 1.0455 - acc: 0.5584
10272/12511 [=======================>......] - ETA: 41s - loss: 1.0455 - acc: 0.5594
10320/12511 [=======================>......] - ETA: 40s - loss: 1.0464 - acc: 0.5597
10368/12511 [=======================>......] - ETA: 39s - loss: 1.0459 - acc: 0.5610
10416/12511 [=======================>......] - ETA: 38s - loss: 1.0461 - acc: 0.5617
10464/12511 [========================>.....] - ETA: 38s - loss: 1.0463 - acc: 0.5625
10512/12511 [========================>.....] - ETA: 37s - loss: 1.0466 - acc: 0.5632
10560/12511 [========================>.....] - ETA: 36s - loss: 1.0469 - acc: 0.5639
10608/12511 [========================>.....] - ETA: 35s - loss: 1.0466 - acc: 0.5650
10656/12511 [========================>.....] - ETA: 34s - loss: 1.0472 - acc: 0.5654
10704/12511 [========================>.....] - ETA: 33s - loss: 1.0474 - acc: 0.5661
10752/12511 [========================>.....] - ETA: 32s - loss: 1.0482 - acc: 0.5665
10800/12511 [========================>.....] - ETA: 31s - loss: 1.0480 - acc: 0.5675
10848/12511 [=========================>....] - ETA: 30s - loss: 1.0486 - acc: 0.5679
10896/12511 [=========================>....] - ETA: 29s - loss: 1.0486 - acc: 0.5688
10944/12511 [=========================>....] - ETA: 29s - loss: 1.0489 - acc: 0.5701
10992/12511 [=========================>....] - ETA: 28s - loss: 1.0489 - acc: 0.5711
11040/12511 [=========================>....] - ETA: 27s - loss: 1.0490 - acc: 0.5711
11088/12511 [=========================>....] - ETA: 26s - loss: 1.0487 - acc: 0.5710
11136/12511 [=========================>....] - ETA: 25s - loss: 1.0483 - acc: 0.5722
11184/12511 [=========================>....] - ETA: 24s - loss: 1.0487 - acc: 0.5728
11232/12511 [=========================>....] - ETA: 23s - loss: 1.0482 - acc: 0.5739
11280/12511 [==========================>...] - ETA: 22s - loss: 1.0478 - acc: 0.5749
11328/12511 [==========================>...] - ETA: 21s - loss: 1.0480 - acc: 0.5756
11376/12511 [==========================>...] - ETA: 21s - loss: 1.0485 - acc: 0.5760
11424/12511 [==========================>...] - ETA: 20s - loss: 1.0481 - acc: 0.5770
11472/12511 [==========================>...] - ETA: 19s - loss: 1.0482 - acc: 0.5778
11520/12511 [==========================>...] - ETA: 18s - loss: 1.0486 - acc: 0.5782
11568/12511 [==========================>...] - ETA: 17s - loss: 1.0483 - acc: 0.5794
11616/12511 [==========================>...] - ETA: 16s - loss: 1.0485 - acc: 0.5800
11664/12511 [==========================>...] - ETA: 15s - loss: 1.0481 - acc: 0.5810
11712/12511 [===========================>..] - ETA: 14s - loss: 1.0478 - acc: 0.5820
11760/12511 [===========================>..] - ETA: 13s - loss: 1.0482 - acc: 0.5824
11808/12511 [===========================>..] - ETA: 13s - loss: 1.0481 - acc: 0.5832
11856/12511 [===========================>..] - ETA: 12s - loss: 1.0479 - acc: 0.5840
11904/12511 [===========================>..] - ETA: 11s - loss: 1.0484 - acc: 0.5844
11952/12511 [===========================>..] - ETA: 10s - loss: 1.0490 - acc: 0.5847
12000/12511 [===========================>..] - ETA: 9s - loss: 1.0497 - acc: 0.5853 
12048/12511 [===========================>..] - ETA: 8s - loss: 1.0502 - acc: 0.5843
12096/12511 [============================>.] - ETA: 7s - loss: 1.0500 - acc: 0.5828
12144/12511 [============================>.] - ETA: 6s - loss: 1.0498 - acc: 0.5814
12192/12511 [============================>.] - ETA: 5s - loss: 1.0499 - acc: 0.5801
12240/12511 [============================>.] - ETA: 5s - loss: 1.0494 - acc: 0.5784
12288/12511 [============================>.] - ETA: 4s - loss: 1.0496 - acc: 0.5772
12336/12511 [============================>.] - ETA: 3s - loss: 1.0499 - acc: 0.5761
12384/12511 [============================>.] - ETA: 2s - loss: 1.0499 - acc: 0.5749
12432/12511 [============================>.] - ETA: 1s - loss: 1.0499 - acc: 0.5736
12480/12511 [============================>.] - ETA: 0s - loss: 1.0501 - acc: 0.5724
12511/12511 [==============================] - 244s 20ms/step - loss: 1.0497 - acc: 0.5713 - val_loss: 0.6445 - val_acc: 0.7544
/global/homes/l/liuto/.conda/envs/convNet/lib/python3.6/site-packages/h5py/__init__.py:36: FutureWarning: Conversion of the second argument of issubdtype from `float` to `np.floating` is deprecated. In future, it will be treated as `np.float64 == np.dtype(float).type`.
  from ._conv import register_converters as _register_converters
Using TensorFlow backend.
Traceback (most recent call last):
  File "/global/homes/l/liuto/520project/transient-detection/cnn/jobs/run_cnn_vf_pk.py", line 334, in <module>
    main()
  File "/global/homes/l/liuto/520project/transient-detection/cnn/jobs/run_cnn_vf_pk.py", line 327, in main
    train_model(train_imgs, train_labels, val_imgs, val_labels, OUTPUT_DIR, output_name)
  File "/global/homes/l/liuto/520project/transient-detection/cnn/jobs/run_cnn_vf_pk.py", line 205, in train_model
    callbacks=[checkpointer]
  File "/global/homes/l/liuto/.conda/envs/convNet/lib/python3.6/site-packages/keras/models.py", line 963, in fit
    validation_steps=validation_steps)
  File "/global/homes/l/liuto/.conda/envs/convNet/lib/python3.6/site-packages/keras/engine/training.py", line 1705, in fit
    validation_steps=validation_steps)
  File "/global/homes/l/liuto/.conda/envs/convNet/lib/python3.6/site-packages/keras/engine/training.py", line 1255, in _fit_loop
    callbacks.on_epoch_end(epoch, epoch_logs)
  File "/global/homes/l/liuto/.conda/envs/convNet/lib/python3.6/site-packages/keras/callbacks.py", line 77, in on_epoch_end
    callback.on_epoch_end(epoch, logs)
  File "/global/homes/l/liuto/.conda/envs/convNet/lib/python3.6/site-packages/keras/callbacks.py", line 447, in on_epoch_end
    self.model.save(filepath, overwrite=True)
  File "/global/homes/l/liuto/.conda/envs/convNet/lib/python3.6/site-packages/keras/engine/topology.py", line 2580, in save
    save_model(self, filepath, overwrite, include_optimizer)
  File "/global/homes/l/liuto/.conda/envs/convNet/lib/python3.6/site-packages/keras/models.py", line 106, in save_model
    with h5py.File(filepath, mode='w') as f:
  File "/global/homes/l/liuto/.conda/envs/convNet/lib/python3.6/site-packages/h5py/_hl/files.py", line 269, in __init__
    fid = make_fid(name, mode, userblock_size, fapl, swmr=swmr)
  File "/global/homes/l/liuto/.conda/envs/convNet/lib/python3.6/site-packages/h5py/_hl/files.py", line 105, in make_fid
    fid = h5f.create(name, h5f.ACC_TRUNC, fapl=fapl, fcpl=fcpl)
  File "h5py/_objects.pyx", line 54, in h5py._objects.with_phil.wrapper
  File "h5py/_objects.pyx", line 55, in h5py._objects.with_phil.wrapper
  File "h5py/h5f.pyx", line 98, in h5py.h5f.create
OSError: Unable to create file (unable to lock file, errno = 524, error message = 'Unknown error 524')
