INFO: activate-gcc_linux-64.sh made the following environmental changes:
+CC=/global/homes/l/liuto/.conda/envs/convNet/bin/x86_64-conda_cos6-linux-gnu-cc
+CFLAGS=-march=nocona -mtune=haswell -ftree-vectorize -fPIC -fstack-protector-strong -fno-plt -O2 -pipe
+CPP=/global/homes/l/liuto/.conda/envs/convNet/bin/x86_64-conda_cos6-linux-gnu-cpp
+CPPFLAGS=-DNDEBUG -D_FORTIFY_SOURCE=2 -O2
+DEBUG_CFLAGS=-march=nocona -mtune=haswell -ftree-vectorize -fPIC -fstack-protector-all -fno-plt -Og -g -Wall -Wextra -fvar-tracking-assignments -pipe
+DEBUG_CPPFLAGS=-D_DEBUG -D_FORTIFY_SOURCE=2 -Og
+GCC=/global/homes/l/liuto/.conda/envs/convNet/bin/x86_64-conda_cos6-linux-gnu-gcc
+GCC_AR=/global/homes/l/liuto/.conda/envs/convNet/bin/x86_64-conda_cos6-linux-gnu-gcc-ar
+GCC_NM=/global/homes/l/liuto/.conda/envs/convNet/bin/x86_64-conda_cos6-linux-gnu-gcc-nm
+GCC_RANLIB=/global/homes/l/liuto/.conda/envs/convNet/bin/x86_64-conda_cos6-linux-gnu-gcc-ranlib
+HOST=x86_64-conda_cos6-linux-gnu
+LDFLAGS=-Wl,-O2 -Wl,--sort-common -Wl,--as-needed -Wl,-z,relro -Wl,-z,now
+_PYTHON_SYSCONFIGDATA_NAME=_sysconfigdata_x86_64_conda_cos6_linux_gnu
-HOST=cori02
INFO: activate-binutils_linux-64.sh made the following environmental changes:
+ADDR2LINE=/global/homes/l/liuto/.conda/envs/convNet/bin/x86_64-conda_cos6-linux-gnu-addr2line
+AR=/global/homes/l/liuto/.conda/envs/convNet/bin/x86_64-conda_cos6-linux-gnu-ar
+AS=/global/homes/l/liuto/.conda/envs/convNet/bin/x86_64-conda_cos6-linux-gnu-as
+CXXFILT=/global/homes/l/liuto/.conda/envs/convNet/bin/x86_64-conda_cos6-linux-gnu-c++filt
+ELFEDIT=/global/homes/l/liuto/.conda/envs/convNet/bin/x86_64-conda_cos6-linux-gnu-elfedit
+GPROF=/global/homes/l/liuto/.conda/envs/convNet/bin/x86_64-conda_cos6-linux-gnu-gprof
+LD=/global/homes/l/liuto/.conda/envs/convNet/bin/x86_64-conda_cos6-linux-gnu-ld
+LD_GOLD=/global/homes/l/liuto/.conda/envs/convNet/bin/x86_64-conda_cos6-linux-gnu-ld.gold
+NM=/global/homes/l/liuto/.conda/envs/convNet/bin/x86_64-conda_cos6-linux-gnu-nm
+OBJCOPY=/global/homes/l/liuto/.conda/envs/convNet/bin/x86_64-conda_cos6-linux-gnu-objcopy
+OBJDUMP=/global/homes/l/liuto/.conda/envs/convNet/bin/x86_64-conda_cos6-linux-gnu-objdump
+RANLIB=/global/homes/l/liuto/.conda/envs/convNet/bin/x86_64-conda_cos6-linux-gnu-ranlib
+READELF=/global/homes/l/liuto/.conda/envs/convNet/bin/x86_64-conda_cos6-linux-gnu-readelf
+SIZE=/global/homes/l/liuto/.conda/envs/convNet/bin/x86_64-conda_cos6-linux-gnu-size
+STRINGS=/global/homes/l/liuto/.conda/envs/convNet/bin/x86_64-conda_cos6-linux-gnu-strings
+STRIP=/global/homes/l/liuto/.conda/envs/convNet/bin/x86_64-conda_cos6-linux-gnu-strip
INFO: activate-gxx_linux-64.sh made the following environmental changes:
+CXX=/global/homes/l/liuto/.conda/envs/convNet/bin/x86_64-conda_cos6-linux-gnu-c++
+CXXFLAGS=-fvisibility-inlines-hidden -std=c++17 -fmessage-length=0 -march=nocona -mtune=haswell -ftree-vectorize -fPIC -fstack-protector-strong -fno-plt -O2 -pipe
+DEBUG_CXXFLAGS=-fvisibility-inlines-hidden -std=c++17 -fmessage-length=0 -march=nocona -mtune=haswell -ftree-vectorize -fPIC -fstack-protector-all -fno-plt -Og -g -Wall -Wextra -fvar-tracking-assignments -pipe
+GXX=/global/homes/l/liuto/.conda/envs/convNet/bin/x86_64-conda_cos6-linux-gnu-g++
2018-04-18 20:47:44.069249: I tensorflow/core/platform/cpu_feature_guard.cc:140] Your CPU supports instructions that this TensorFlow binary was not compiled to use: SSE4.1 SSE4.2 AVX AVX2 FMA
Loading .npy files.
Selecting a random sample to train.
========================
=====Training model=====
========================
Compiling...
_________________________________________________________________
Layer (type)                 Output Shape              Param #   
=================================================================
conv2d_1 (Conv2D)            (None, 30, 30, 128)       3584      
_________________________________________________________________
dropout_1 (Dropout)          (None, 30, 30, 128)       0         
_________________________________________________________________
max_pooling2d_1 (MaxPooling2 (None, 15, 15, 128)       0         
_________________________________________________________________
conv2d_2 (Conv2D)            (None, 15, 15, 64)        131136    
_________________________________________________________________
dropout_2 (Dropout)          (None, 15, 15, 64)        0         
_________________________________________________________________
max_pooling2d_2 (MaxPooling2 (None, 7, 7, 64)          0         
_________________________________________________________________
conv2d_3 (Conv2D)            (None, 7, 7, 64)          102464    
_________________________________________________________________
dropout_3 (Dropout)          (None, 7, 7, 64)          0         
_________________________________________________________________
conv2d_4 (Conv2D)            (None, 7, 7, 32)          8224      
_________________________________________________________________
dropout_4 (Dropout)          (None, 7, 7, 32)          0         
_________________________________________________________________
flatten_1 (Flatten)          (None, 1568)              0         
_________________________________________________________________
dense_1 (Dense)              (None, 32)                50208     
_________________________________________________________________
dropout_5 (Dropout)          (None, 32)                0         
_________________________________________________________________
dense_2 (Dense)              (None, 1)                 33        
=================================================================
Total params: 295,649
Trainable params: 295,649
Non-trainable params: 0
_________________________________________________________________
Not using data augmentation.
Train on 12511 samples, validate on 5363 samples
Epoch 1/20

   48/12511 [..............................] - ETA: 7:37 - loss: 1.0808 - acc: 0.4792
   96/12511 [..............................] - ETA: 5:06 - loss: 1.0513 - acc: 0.4062
  144/12511 [..............................] - ETA: 4:18 - loss: 1.0810 - acc: 0.4097
  192/12511 [..............................] - ETA: 4:01 - loss: 1.0587 - acc: 0.3854
  240/12511 [..............................] - ETA: 3:39 - loss: 1.0571 - acc: 0.3917
  288/12511 [..............................] - ETA: 3:29 - loss: 1.0560 - acc: 0.3924
  336/12511 [..............................] - ETA: 3:17 - loss: 1.0468 - acc: 0.3810
  384/12511 [..............................] - ETA: 3:11 - loss: 1.0511 - acc: 0.3958
  432/12511 [>.............................] - ETA: 3:06 - loss: 1.0445 - acc: 0.3912
  480/12511 [>.............................] - ETA: 3:00 - loss: 1.0452 - acc: 0.3917
  528/12511 [>.............................] - ETA: 2:53 - loss: 1.0566 - acc: 0.3864
  576/12511 [>.............................] - ETA: 2:48 - loss: 1.0487 - acc: 0.3819
  624/12511 [>.............................] - ETA: 2:44 - loss: 1.0444 - acc: 0.3782
  672/12511 [>.............................] - ETA: 2:41 - loss: 1.0363 - acc: 0.3795
  720/12511 [>.............................] - ETA: 2:39 - loss: 1.0414 - acc: 0.3833
  768/12511 [>.............................] - ETA: 2:36 - loss: 1.0457 - acc: 0.3880
  816/12511 [>.............................] - ETA: 2:35 - loss: 1.0513 - acc: 0.3922
  864/12511 [=>............................] - ETA: 2:32 - loss: 1.0529 - acc: 0.3912
  912/12511 [=>............................] - ETA: 2:30 - loss: 1.0450 - acc: 0.3849
  960/12511 [=>............................] - ETA: 2:28 - loss: 1.0468 - acc: 0.3844
 1008/12511 [=>............................] - ETA: 2:26 - loss: 1.0484 - acc: 0.3859
 1056/12511 [=>............................] - ETA: 2:24 - loss: 1.0472 - acc: 0.3816
 1104/12511 [=>............................] - ETA: 2:23 - loss: 1.0397 - acc: 0.3777
 1152/12511 [=>............................] - ETA: 2:22 - loss: 1.0364 - acc: 0.3837
 1200/12511 [=>............................] - ETA: 2:21 - loss: 1.0382 - acc: 0.3883
 1248/12511 [=>............................] - ETA: 2:19 - loss: 1.0422 - acc: 0.3958
 1296/12511 [==>...........................] - ETA: 2:18 - loss: 1.0447 - acc: 0.4012
 1344/12511 [==>...........................] - ETA: 2:17 - loss: 1.0449 - acc: 0.4018
 1392/12511 [==>...........................] - ETA: 2:16 - loss: 1.0420 - acc: 0.3994
 1440/12511 [==>...........................] - ETA: 2:15 - loss: 1.0433 - acc: 0.4021
 1488/12511 [==>...........................] - ETA: 2:14 - loss: 1.0455 - acc: 0.4052
 1536/12511 [==>...........................] - ETA: 2:13 - loss: 1.0466 - acc: 0.4082
 1584/12511 [==>...........................] - ETA: 2:13 - loss: 1.0522 - acc: 0.4059
 1632/12511 [==>...........................] - ETA: 2:12 - loss: 1.0478 - acc: 0.3983
 1680/12511 [===>..........................] - ETA: 2:11 - loss: 1.0471 - acc: 0.3958
 1728/12511 [===>..........................] - ETA: 2:10 - loss: 1.0472 - acc: 0.3964
 1776/12511 [===>..........................] - ETA: 2:09 - loss: 1.0489 - acc: 0.3958
 1824/12511 [===>..........................] - ETA: 2:09 - loss: 1.0482 - acc: 0.3942
 1872/12511 [===>..........................] - ETA: 2:08 - loss: 1.0467 - acc: 0.3937
 1920/12511 [===>..........................] - ETA: 2:08 - loss: 1.0431 - acc: 0.3943
 1968/12511 [===>..........................] - ETA: 2:07 - loss: 1.0419 - acc: 0.3974
 2016/12511 [===>..........................] - ETA: 2:07 - loss: 1.0421 - acc: 0.4023
 2064/12511 [===>..........................] - ETA: 2:06 - loss: 1.0395 - acc: 0.4060
 2112/12511 [====>.........................] - ETA: 2:05 - loss: 1.0357 - acc: 0.4143
 2160/12511 [====>.........................] - ETA: 2:04 - loss: 1.0354 - acc: 0.4213
 2208/12511 [====>.........................] - ETA: 2:03 - loss: 1.0377 - acc: 0.4266
 2256/12511 [====>.........................] - ETA: 2:02 - loss: 1.0374 - acc: 0.4326
 2304/12511 [====>.........................] - ETA: 2:01 - loss: 1.0351 - acc: 0.4401
 2352/12511 [====>.........................] - ETA: 2:00 - loss: 1.0349 - acc: 0.4464
 2400/12511 [====>.........................] - ETA: 2:00 - loss: 1.0364 - acc: 0.4508
 2448/12511 [====>.........................] - ETA: 1:59 - loss: 1.0343 - acc: 0.4596
 2496/12511 [====>.........................] - ETA: 1:59 - loss: 1.0329 - acc: 0.4659
 2544/12511 [=====>........................] - ETA: 1:58 - loss: 1.0361 - acc: 0.4689
 2592/12511 [=====>........................] - ETA: 1:57 - loss: 1.0364 - acc: 0.4745
 2640/12511 [=====>........................] - ETA: 1:57 - loss: 1.0355 - acc: 0.4803
 2688/12511 [=====>........................] - ETA: 1:56 - loss: 1.0364 - acc: 0.4847
 2736/12511 [=====>........................] - ETA: 1:56 - loss: 1.0356 - acc: 0.4901
 2784/12511 [=====>........................] - ETA: 1:55 - loss: 1.0348 - acc: 0.4946
 2832/12511 [=====>........................] - ETA: 1:55 - loss: 1.0335 - acc: 0.5000
 2880/12511 [=====>........................] - ETA: 1:54 - loss: 1.0318 - acc: 0.5052
 2928/12511 [======>.......................] - ETA: 1:53 - loss: 1.0331 - acc: 0.5082
 2976/12511 [======>.......................] - ETA: 1:52 - loss: 1.0305 - acc: 0.5141
 3024/12511 [======>.......................] - ETA: 1:52 - loss: 1.0298 - acc: 0.5185
 3072/12511 [======>.......................] - ETA: 1:51 - loss: 1.0316 - acc: 0.5212
 3120/12511 [======>.......................] - ETA: 1:50 - loss: 1.0333 - acc: 0.5237
 3168/12511 [======>.......................] - ETA: 1:50 - loss: 1.0313 - acc: 0.5287
 3216/12511 [======>.......................] - ETA: 1:49 - loss: 1.0307 - acc: 0.5326
 3264/12511 [======>.......................] - ETA: 1:49 - loss: 1.0310 - acc: 0.5358
 3312/12511 [======>.......................] - ETA: 1:48 - loss: 1.0308 - acc: 0.5393
 3360/12511 [=======>......................] - ETA: 1:48 - loss: 1.0302 - acc: 0.5429
 3408/12511 [=======>......................] - ETA: 1:48 - loss: 1.0327 - acc: 0.5443
 3456/12511 [=======>......................] - ETA: 1:47 - loss: 1.0334 - acc: 0.5469
 3504/12511 [=======>......................] - ETA: 1:46 - loss: 1.0328 - acc: 0.5502
 3552/12511 [=======>......................] - ETA: 1:46 - loss: 1.0334 - acc: 0.5526
 3600/12511 [=======>......................] - ETA: 1:45 - loss: 1.0337 - acc: 0.5550
 3648/12511 [=======>......................] - ETA: 1:44 - loss: 1.0347 - acc: 0.5570
 3696/12511 [=======>......................] - ETA: 1:44 - loss: 1.0385 - acc: 0.5571
 3744/12511 [=======>......................] - ETA: 1:43 - loss: 1.0413 - acc: 0.5577
 3792/12511 [========>.....................] - ETA: 1:42 - loss: 1.0418 - acc: 0.5596
 3840/12511 [========>.....................] - ETA: 1:42 - loss: 1.0416 - acc: 0.5604
 3888/12511 [========>.....................] - ETA: 1:41 - loss: 1.0417 - acc: 0.5620
 3936/12511 [========>.....................] - ETA: 1:41 - loss: 1.0403 - acc: 0.5640
 3984/12511 [========>.....................] - ETA: 1:40 - loss: 1.0401 - acc: 0.5660
 4032/12511 [========>.....................] - ETA: 1:39 - loss: 1.0406 - acc: 0.5675
 4080/12511 [========>.....................] - ETA: 1:39 - loss: 1.0404 - acc: 0.5689
 4128/12511 [========>.....................] - ETA: 1:38 - loss: 1.0398 - acc: 0.5715
 4176/12511 [=========>....................] - ETA: 1:37 - loss: 1.0399 - acc: 0.5738
 4224/12511 [=========>....................] - ETA: 1:37 - loss: 1.0390 - acc: 0.5760
 4272/12511 [=========>....................] - ETA: 1:36 - loss: 1.0398 - acc: 0.5770
 4320/12511 [=========>....................] - ETA: 1:35 - loss: 1.0396 - acc: 0.5789
 4368/12511 [=========>....................] - ETA: 1:35 - loss: 1.0417 - acc: 0.5792
 4416/12511 [=========>....................] - ETA: 1:34 - loss: 1.0415 - acc: 0.5793
 4464/12511 [=========>....................] - ETA: 1:34 - loss: 1.0432 - acc: 0.5797
 4512/12511 [=========>....................] - ETA: 1:33 - loss: 1.0430 - acc: 0.5796
 4560/12511 [=========>....................] - ETA: 1:32 - loss: 1.0437 - acc: 0.5787
 4608/12511 [==========>...................] - ETA: 1:32 - loss: 1.0441 - acc: 0.5794
 4656/12511 [==========>...................] - ETA: 1:31 - loss: 1.0460 - acc: 0.5795
 4704/12511 [==========>...................] - ETA: 1:30 - loss: 1.0464 - acc: 0.5778
 4752/12511 [==========>...................] - ETA: 1:30 - loss: 1.0461 - acc: 0.5755
 4800/12511 [==========>...................] - ETA: 1:29 - loss: 1.0482 - acc: 0.5748
 4848/12511 [==========>...................] - ETA: 1:29 - loss: 1.0480 - acc: 0.5716
 4896/12511 [==========>...................] - ETA: 1:28 - loss: 1.0480 - acc: 0.5688
 4944/12511 [==========>...................] - ETA: 1:27 - loss: 1.0472 - acc: 0.5653
 4992/12511 [==========>...................] - ETA: 1:27 - loss: 1.0478 - acc: 0.5631
 5040/12511 [===========>..................] - ETA: 1:26 - loss: 1.0473 - acc: 0.5599
 5088/12511 [===========>..................] - ETA: 1:26 - loss: 1.0465 - acc: 0.5574
 5136/12511 [===========>..................] - ETA: 1:25 - loss: 1.0446 - acc: 0.5549
 5184/12511 [===========>..................] - ETA: 1:25 - loss: 1.0435 - acc: 0.5546
 5232/12511 [===========>..................] - ETA: 1:24 - loss: 1.0433 - acc: 0.5552
 5280/12511 [===========>..................] - ETA: 1:23 - loss: 1.0434 - acc: 0.5559
 5328/12511 [===========>..................] - ETA: 1:23 - loss: 1.0429 - acc: 0.5567
 5376/12511 [===========>..................] - ETA: 1:22 - loss: 1.0416 - acc: 0.5590
 5424/12511 [============>.................] - ETA: 1:21 - loss: 1.0420 - acc: 0.5605
 5472/12511 [============>.................] - ETA: 1:21 - loss: 1.0421 - acc: 0.5616
 5520/12511 [============>.................] - ETA: 1:21 - loss: 1.0414 - acc: 0.5632
 5568/12511 [============>.................] - ETA: 1:20 - loss: 1.0427 - acc: 0.5639
 5616/12511 [============>.................] - ETA: 1:20 - loss: 1.0431 - acc: 0.5646
 5664/12511 [============>.................] - ETA: 1:19 - loss: 1.0436 - acc: 0.5657
 5712/12511 [============>.................] - ETA: 1:18 - loss: 1.0450 - acc: 0.5657
 5760/12511 [============>.................] - ETA: 1:18 - loss: 1.0443 - acc: 0.5655
 5808/12511 [============>.................] - ETA: 1:17 - loss: 1.0443 - acc: 0.5659
 5856/12511 [=============>................] - ETA: 1:17 - loss: 1.0434 - acc: 0.5654
 5904/12511 [=============>................] - ETA: 1:16 - loss: 1.0437 - acc: 0.5662
 5952/12511 [=============>................] - ETA: 1:16 - loss: 1.0440 - acc: 0.5662
 6000/12511 [=============>................] - ETA: 1:15 - loss: 1.0445 - acc: 0.5663
 6048/12511 [=============>................] - ETA: 1:14 - loss: 1.0441 - acc: 0.5666
 6096/12511 [=============>................] - ETA: 1:14 - loss: 1.0446 - acc: 0.5673
 6144/12511 [=============>................] - ETA: 1:13 - loss: 1.0442 - acc: 0.5679
 6192/12511 [=============>................] - ETA: 1:13 - loss: 1.0461 - acc: 0.5678
 6240/12511 [=============>................] - ETA: 1:12 - loss: 1.0455 - acc: 0.5662
 6288/12511 [==============>...............] - ETA: 1:11 - loss: 1.0448 - acc: 0.5650
 6336/12511 [==============>...............] - ETA: 1:11 - loss: 1.0446 - acc: 0.5655
 6384/12511 [==============>...............] - ETA: 1:10 - loss: 1.0438 - acc: 0.5650
 6432/12511 [==============>...............] - ETA: 1:10 - loss: 1.0434 - acc: 0.5658
 6480/12511 [==============>...............] - ETA: 1:09 - loss: 1.0426 - acc: 0.5679
 6528/12511 [==============>...............] - ETA: 1:09 - loss: 1.0431 - acc: 0.5691
 6576/12511 [==============>...............] - ETA: 1:08 - loss: 1.0451 - acc: 0.5692
 6624/12511 [==============>...............] - ETA: 1:07 - loss: 1.0458 - acc: 0.5694
 6672/12511 [==============>...............] - ETA: 1:07 - loss: 1.0452 - acc: 0.5695
 6720/12511 [===============>..............] - ETA: 1:06 - loss: 1.0450 - acc: 0.5696
 6768/12511 [===============>..............] - ETA: 1:06 - loss: 1.0446 - acc: 0.5705
 6816/12511 [===============>..............] - ETA: 1:05 - loss: 1.0449 - acc: 0.5707
 6864/12511 [===============>..............] - ETA: 1:05 - loss: 1.0445 - acc: 0.5708
 6912/12511 [===============>..............] - ETA: 1:04 - loss: 1.0441 - acc: 0.5716
 6960/12511 [===============>..............] - ETA: 1:03 - loss: 1.0440 - acc: 0.5727
 7008/12511 [===============>..............] - ETA: 1:03 - loss: 1.0444 - acc: 0.5729
 7056/12511 [===============>..............] - ETA: 1:02 - loss: 1.0441 - acc: 0.5728
 7104/12511 [================>.............] - ETA: 1:02 - loss: 1.0433 - acc: 0.5736
 7152/12511 [================>.............] - ETA: 1:01 - loss: 1.0431 - acc: 0.5747
 7200/12511 [================>.............] - ETA: 1:01 - loss: 1.0432 - acc: 0.5756
 7248/12511 [================>.............] - ETA: 1:00 - loss: 1.0436 - acc: 0.5759
 7296/12511 [================>.............] - ETA: 59s - loss: 1.0423 - acc: 0.5777 
 7344/12511 [================>.............] - ETA: 59s - loss: 1.0437 - acc: 0.5780
 7392/12511 [================>.............] - ETA: 58s - loss: 1.0432 - acc: 0.5791
 7440/12511 [================>.............] - ETA: 58s - loss: 1.0425 - acc: 0.5806
 7488/12511 [================>.............] - ETA: 57s - loss: 1.0421 - acc: 0.5820
 7536/12511 [=================>............] - ETA: 57s - loss: 1.0412 - acc: 0.5835
 7584/12511 [=================>............] - ETA: 56s - loss: 1.0413 - acc: 0.5845
 7632/12511 [=================>............] - ETA: 56s - loss: 1.0419 - acc: 0.5849
 7680/12511 [=================>............] - ETA: 55s - loss: 1.0418 - acc: 0.5862
 7728/12511 [=================>............] - ETA: 54s - loss: 1.0407 - acc: 0.5879
 7776/12511 [=================>............] - ETA: 54s - loss: 1.0400 - acc: 0.5894
 7824/12511 [=================>............] - ETA: 53s - loss: 1.0409 - acc: 0.5899
 7872/12511 [=================>............] - ETA: 53s - loss: 1.0407 - acc: 0.5910
 7920/12511 [=================>............] - ETA: 52s - loss: 1.0417 - acc: 0.5912
 7968/12511 [==================>...........] - ETA: 52s - loss: 1.0414 - acc: 0.5924
 8016/12511 [==================>...........] - ETA: 51s - loss: 1.0413 - acc: 0.5934
 8064/12511 [==================>...........] - ETA: 50s - loss: 1.0411 - acc: 0.5945
 8112/12511 [==================>...........] - ETA: 50s - loss: 1.0401 - acc: 0.5962
 8160/12511 [==================>...........] - ETA: 49s - loss: 1.0397 - acc: 0.5974
 8208/12511 [==================>...........] - ETA: 49s - loss: 1.0390 - acc: 0.5988
 8256/12511 [==================>...........] - ETA: 48s - loss: 1.0393 - acc: 0.5996
 8304/12511 [==================>...........] - ETA: 48s - loss: 1.0399 - acc: 0.6001
 8352/12511 [===================>..........] - ETA: 47s - loss: 1.0387 - acc: 0.6018
 8400/12511 [===================>..........] - ETA: 47s - loss: 1.0383 - acc: 0.6030
 8448/12511 [===================>..........] - ETA: 46s - loss: 1.0376 - acc: 0.6043
 8496/12511 [===================>..........] - ETA: 45s - loss: 1.0375 - acc: 0.6052
 8544/12511 [===================>..........] - ETA: 45s - loss: 1.0383 - acc: 0.6056
 8592/12511 [===================>..........] - ETA: 44s - loss: 1.0387 - acc: 0.6061
 8640/12511 [===================>..........] - ETA: 44s - loss: 1.0391 - acc: 0.6067
 8688/12511 [===================>..........] - ETA: 43s - loss: 1.0383 - acc: 0.6081
 8736/12511 [===================>..........] - ETA: 43s - loss: 1.0384 - acc: 0.6089
 8784/12511 [====================>.........] - ETA: 42s - loss: 1.0380 - acc: 0.6100
 8832/12511 [====================>.........] - ETA: 42s - loss: 1.0377 - acc: 0.6110
 8880/12511 [====================>.........] - ETA: 41s - loss: 1.0379 - acc: 0.6116
 8928/12511 [====================>.........] - ETA: 40s - loss: 1.0378 - acc: 0.6125
 8976/12511 [====================>.........] - ETA: 40s - loss: 1.0378 - acc: 0.6133
 9024/12511 [====================>.........] - ETA: 39s - loss: 1.0377 - acc: 0.6141
 9072/12511 [====================>.........] - ETA: 39s - loss: 1.0376 - acc: 0.6150
 9120/12511 [====================>.........] - ETA: 38s - loss: 1.0378 - acc: 0.6156
 9168/12511 [====================>.........] - ETA: 38s - loss: 1.0385 - acc: 0.6158
 9216/12511 [=====================>........] - ETA: 37s - loss: 1.0383 - acc: 0.6168
 9264/12511 [=====================>........] - ETA: 37s - loss: 1.0374 - acc: 0.6181
 9312/12511 [=====================>........] - ETA: 36s - loss: 1.0376 - acc: 0.6187
 9360/12511 [=====================>........] - ETA: 36s - loss: 1.0381 - acc: 0.6190
 9408/12511 [=====================>........] - ETA: 35s - loss: 1.0373 - acc: 0.6203
 9456/12511 [=====================>........] - ETA: 34s - loss: 1.0373 - acc: 0.6210
 9504/12511 [=====================>........] - ETA: 34s - loss: 1.0376 - acc: 0.6215
 9552/12511 [=====================>........] - ETA: 33s - loss: 1.0378 - acc: 0.6221
 9600/12511 [======================>.......] - ETA: 33s - loss: 1.0379 - acc: 0.6227
 9648/12511 [======================>.......] - ETA: 32s - loss: 1.0384 - acc: 0.6230
 9696/12511 [======================>.......] - ETA: 32s - loss: 1.0387 - acc: 0.6235
 9744/12511 [======================>.......] - ETA: 31s - loss: 1.0391 - acc: 0.6239
 9792/12511 [======================>.......] - ETA: 31s - loss: 1.0389 - acc: 0.6247
 9840/12511 [======================>.......] - ETA: 30s - loss: 1.0394 - acc: 0.6250
 9888/12511 [======================>.......] - ETA: 29s - loss: 1.0393 - acc: 0.6257
 9936/12511 [======================>.......] - ETA: 29s - loss: 1.0392 - acc: 0.6264
 9984/12511 [======================>.......] - ETA: 28s - loss: 1.0392 - acc: 0.6270
10032/12511 [=======================>......] - ETA: 28s - loss: 1.0397 - acc: 0.6273
10080/12511 [=======================>......] - ETA: 27s - loss: 1.0406 - acc: 0.6273
10128/12511 [=======================>......] - ETA: 27s - loss: 1.0401 - acc: 0.6283
10176/12511 [=======================>......] - ETA: 26s - loss: 1.0410 - acc: 0.6282
10224/12511 [=======================>......] - ETA: 26s - loss: 1.0413 - acc: 0.6286
10272/12511 [=======================>......] - ETA: 25s - loss: 1.0405 - acc: 0.6297
10320/12511 [=======================>......] - ETA: 25s - loss: 1.0413 - acc: 0.6297
10368/12511 [=======================>......] - ETA: 24s - loss: 1.0411 - acc: 0.6304
10416/12511 [=======================>......] - ETA: 23s - loss: 1.0412 - acc: 0.6309
10464/12511 [========================>.....] - ETA: 23s - loss: 1.0414 - acc: 0.6313
10512/12511 [========================>.....] - ETA: 22s - loss: 1.0419 - acc: 0.6316
10560/12511 [========================>.....] - ETA: 22s - loss: 1.0419 - acc: 0.6319
10608/12511 [========================>.....] - ETA: 21s - loss: 1.0418 - acc: 0.6326
10656/12511 [========================>.....] - ETA: 21s - loss: 1.0423 - acc: 0.6329
10704/12511 [========================>.....] - ETA: 20s - loss: 1.0422 - acc: 0.6334
10752/12511 [========================>.....] - ETA: 20s - loss: 1.0432 - acc: 0.6333
10800/12511 [========================>.....] - ETA: 19s - loss: 1.0432 - acc: 0.6334
10848/12511 [=========================>....] - ETA: 19s - loss: 1.0434 - acc: 0.6337
10896/12511 [=========================>....] - ETA: 18s - loss: 1.0430 - acc: 0.6345
10944/12511 [=========================>....] - ETA: 17s - loss: 1.0433 - acc: 0.6347
10992/12511 [=========================>....] - ETA: 17s - loss: 1.0428 - acc: 0.6356
11040/12511 [=========================>....] - ETA: 16s - loss: 1.0423 - acc: 0.6364
11088/12511 [=========================>....] - ETA: 16s - loss: 1.0418 - acc: 0.6372
11136/12511 [=========================>....] - ETA: 15s - loss: 1.0420 - acc: 0.6375
11184/12511 [=========================>....] - ETA: 15s - loss: 1.0416 - acc: 0.6381
11232/12511 [=========================>....] - ETA: 14s - loss: 1.0413 - acc: 0.6388
11280/12511 [==========================>...] - ETA: 14s - loss: 1.0415 - acc: 0.6392
11328/12511 [==========================>...] - ETA: 13s - loss: 1.0420 - acc: 0.6393
11376/12511 [==========================>...] - ETA: 12s - loss: 1.0422 - acc: 0.6397
11424/12511 [==========================>...] - ETA: 12s - loss: 1.0421 - acc: 0.6402
11472/12511 [==========================>...] - ETA: 11s - loss: 1.0424 - acc: 0.6403
11520/12511 [==========================>...] - ETA: 11s - loss: 1.0419 - acc: 0.6411
11568/12511 [==========================>...] - ETA: 10s - loss: 1.0422 - acc: 0.6414
11616/12511 [==========================>...] - ETA: 10s - loss: 1.0419 - acc: 0.6421
11664/12511 [==========================>...] - ETA: 9s - loss: 1.0424 - acc: 0.6422 
11712/12511 [===========================>..] - ETA: 9s - loss: 1.0424 - acc: 0.6425
11760/12511 [===========================>..] - ETA: 8s - loss: 1.0429 - acc: 0.6426
11808/12511 [===========================>..] - ETA: 8s - loss: 1.0425 - acc: 0.6435
11856/12511 [===========================>..] - ETA: 7s - loss: 1.0430 - acc: 0.6435
11904/12511 [===========================>..] - ETA: 6s - loss: 1.0432 - acc: 0.6438
11952/12511 [===========================>..] - ETA: 6s - loss: 1.0426 - acc: 0.6448
12000/12511 [===========================>..] - ETA: 5s - loss: 1.0424 - acc: 0.6454
12048/12511 [===========================>..] - ETA: 5s - loss: 1.0426 - acc: 0.6457
12096/12511 [============================>.] - ETA: 4s - loss: 1.0430 - acc: 0.6456
12144/12511 [============================>.] - ETA: 4s - loss: 1.0434 - acc: 0.6458
12192/12511 [============================>.] - ETA: 3s - loss: 1.0430 - acc: 0.6459
12240/12511 [============================>.] - ETA: 3s - loss: 1.0434 - acc: 0.6461
12288/12511 [============================>.] - ETA: 2s - loss: 1.0442 - acc: 0.6462
12336/12511 [============================>.] - ETA: 2s - loss: 1.0440 - acc: 0.6461
12384/12511 [============================>.] - ETA: 1s - loss: 1.0447 - acc: 0.6459
12432/12511 [============================>.] - ETA: 0s - loss: 1.0450 - acc: 0.6454
12480/12511 [============================>.] - ETA: 0s - loss: 1.0452 - acc: 0.6450
12511/12511 [==============================] - 155s 12ms/step - loss: 1.0451 - acc: 0.6443 - val_loss: 0.5382 - val_acc: 0.7619
/global/homes/l/liuto/.conda/envs/convNet/lib/python3.6/site-packages/h5py/__init__.py:36: FutureWarning: Conversion of the second argument of issubdtype from `float` to `np.floating` is deprecated. In future, it will be treated as `np.float64 == np.dtype(float).type`.
  from ._conv import register_converters as _register_converters
Using TensorFlow backend.
Traceback (most recent call last):
  File "/global/homes/l/liuto/520project/transient-detection/cnn/jobs/run_cnn_dropout_maxpooling.py", line 334, in <module>
    main()
  File "/global/homes/l/liuto/520project/transient-detection/cnn/jobs/run_cnn_dropout_maxpooling.py", line 327, in main
    train_model(train_imgs, train_labels, val_imgs, val_labels, OUTPUT_DIR, output_name)
  File "/global/homes/l/liuto/520project/transient-detection/cnn/jobs/run_cnn_dropout_maxpooling.py", line 205, in train_model
    callbacks=[checkpointer]
  File "/global/homes/l/liuto/.conda/envs/convNet/lib/python3.6/site-packages/keras/models.py", line 963, in fit
    validation_steps=validation_steps)
  File "/global/homes/l/liuto/.conda/envs/convNet/lib/python3.6/site-packages/keras/engine/training.py", line 1705, in fit
    validation_steps=validation_steps)
  File "/global/homes/l/liuto/.conda/envs/convNet/lib/python3.6/site-packages/keras/engine/training.py", line 1255, in _fit_loop
    callbacks.on_epoch_end(epoch, epoch_logs)
  File "/global/homes/l/liuto/.conda/envs/convNet/lib/python3.6/site-packages/keras/callbacks.py", line 77, in on_epoch_end
    callback.on_epoch_end(epoch, logs)
  File "/global/homes/l/liuto/.conda/envs/convNet/lib/python3.6/site-packages/keras/callbacks.py", line 447, in on_epoch_end
    self.model.save(filepath, overwrite=True)
  File "/global/homes/l/liuto/.conda/envs/convNet/lib/python3.6/site-packages/keras/engine/topology.py", line 2580, in save
    save_model(self, filepath, overwrite, include_optimizer)
  File "/global/homes/l/liuto/.conda/envs/convNet/lib/python3.6/site-packages/keras/models.py", line 106, in save_model
    with h5py.File(filepath, mode='w') as f:
  File "/global/homes/l/liuto/.conda/envs/convNet/lib/python3.6/site-packages/h5py/_hl/files.py", line 269, in __init__
    fid = make_fid(name, mode, userblock_size, fapl, swmr=swmr)
  File "/global/homes/l/liuto/.conda/envs/convNet/lib/python3.6/site-packages/h5py/_hl/files.py", line 105, in make_fid
    fid = h5f.create(name, h5f.ACC_TRUNC, fapl=fapl, fcpl=fcpl)
  File "h5py/_objects.pyx", line 54, in h5py._objects.with_phil.wrapper
  File "h5py/_objects.pyx", line 55, in h5py._objects.with_phil.wrapper
  File "h5py/h5f.pyx", line 98, in h5py.h5f.create
OSError: Unable to create file (unable to lock file, errno = 524, error message = 'Unknown error 524')
