INFO: activate-gcc_linux-64.sh made the following environmental changes:
+CC=/global/homes/l/liuto/.conda/envs/convNet/bin/x86_64-conda_cos6-linux-gnu-cc
+CFLAGS=-march=nocona -mtune=haswell -ftree-vectorize -fPIC -fstack-protector-strong -fno-plt -O2 -pipe
+CPP=/global/homes/l/liuto/.conda/envs/convNet/bin/x86_64-conda_cos6-linux-gnu-cpp
+CPPFLAGS=-DNDEBUG -D_FORTIFY_SOURCE=2 -O2
+DEBUG_CFLAGS=-march=nocona -mtune=haswell -ftree-vectorize -fPIC -fstack-protector-all -fno-plt -Og -g -Wall -Wextra -fvar-tracking-assignments -pipe
+DEBUG_CPPFLAGS=-D_DEBUG -D_FORTIFY_SOURCE=2 -Og
+GCC=/global/homes/l/liuto/.conda/envs/convNet/bin/x86_64-conda_cos6-linux-gnu-gcc
+GCC_AR=/global/homes/l/liuto/.conda/envs/convNet/bin/x86_64-conda_cos6-linux-gnu-gcc-ar
+GCC_NM=/global/homes/l/liuto/.conda/envs/convNet/bin/x86_64-conda_cos6-linux-gnu-gcc-nm
+GCC_RANLIB=/global/homes/l/liuto/.conda/envs/convNet/bin/x86_64-conda_cos6-linux-gnu-gcc-ranlib
+HOST=x86_64-conda_cos6-linux-gnu
+LDFLAGS=-Wl,-O2 -Wl,--sort-common -Wl,--as-needed -Wl,-z,relro -Wl,-z,now
+_PYTHON_SYSCONFIGDATA_NAME=_sysconfigdata_x86_64_conda_cos6_linux_gnu
-HOST=cori11
INFO: activate-binutils_linux-64.sh made the following environmental changes:
+ADDR2LINE=/global/homes/l/liuto/.conda/envs/convNet/bin/x86_64-conda_cos6-linux-gnu-addr2line
+AR=/global/homes/l/liuto/.conda/envs/convNet/bin/x86_64-conda_cos6-linux-gnu-ar
+AS=/global/homes/l/liuto/.conda/envs/convNet/bin/x86_64-conda_cos6-linux-gnu-as
+CXXFILT=/global/homes/l/liuto/.conda/envs/convNet/bin/x86_64-conda_cos6-linux-gnu-c++filt
+ELFEDIT=/global/homes/l/liuto/.conda/envs/convNet/bin/x86_64-conda_cos6-linux-gnu-elfedit
+GPROF=/global/homes/l/liuto/.conda/envs/convNet/bin/x86_64-conda_cos6-linux-gnu-gprof
+LD=/global/homes/l/liuto/.conda/envs/convNet/bin/x86_64-conda_cos6-linux-gnu-ld
+LD_GOLD=/global/homes/l/liuto/.conda/envs/convNet/bin/x86_64-conda_cos6-linux-gnu-ld.gold
+NM=/global/homes/l/liuto/.conda/envs/convNet/bin/x86_64-conda_cos6-linux-gnu-nm
+OBJCOPY=/global/homes/l/liuto/.conda/envs/convNet/bin/x86_64-conda_cos6-linux-gnu-objcopy
+OBJDUMP=/global/homes/l/liuto/.conda/envs/convNet/bin/x86_64-conda_cos6-linux-gnu-objdump
+RANLIB=/global/homes/l/liuto/.conda/envs/convNet/bin/x86_64-conda_cos6-linux-gnu-ranlib
+READELF=/global/homes/l/liuto/.conda/envs/convNet/bin/x86_64-conda_cos6-linux-gnu-readelf
+SIZE=/global/homes/l/liuto/.conda/envs/convNet/bin/x86_64-conda_cos6-linux-gnu-size
+STRINGS=/global/homes/l/liuto/.conda/envs/convNet/bin/x86_64-conda_cos6-linux-gnu-strings
+STRIP=/global/homes/l/liuto/.conda/envs/convNet/bin/x86_64-conda_cos6-linux-gnu-strip
INFO: activate-gxx_linux-64.sh made the following environmental changes:
+CXX=/global/homes/l/liuto/.conda/envs/convNet/bin/x86_64-conda_cos6-linux-gnu-c++
+CXXFLAGS=-fvisibility-inlines-hidden -std=c++17 -fmessage-length=0 -march=nocona -mtune=haswell -ftree-vectorize -fPIC -fstack-protector-strong -fno-plt -O2 -pipe
+DEBUG_CXXFLAGS=-fvisibility-inlines-hidden -std=c++17 -fmessage-length=0 -march=nocona -mtune=haswell -ftree-vectorize -fPIC -fstack-protector-all -fno-plt -Og -g -Wall -Wextra -fvar-tracking-assignments -pipe
+GXX=/global/homes/l/liuto/.conda/envs/convNet/bin/x86_64-conda_cos6-linux-gnu-g++
2018-04-18 22:42:37.981705: I tensorflow/core/platform/cpu_feature_guard.cc:140] Your CPU supports instructions that this TensorFlow binary was not compiled to use: SSE4.1 SSE4.2 AVX AVX2 FMA
Loading .npy files.
Selecting a random sample to train.
========================
=====Training model=====
========================
Compiling...
_________________________________________________________________
Layer (type)                 Output Shape              Param #   
=================================================================
conv2d_1 (Conv2D)            (None, 30, 30, 32)        896       
_________________________________________________________________
conv2d_2 (Conv2D)            (None, 30, 30, 64)        32832     
_________________________________________________________________
dropout_1 (Dropout)          (None, 30, 30, 64)        0         
_________________________________________________________________
conv2d_3 (Conv2D)            (None, 30, 30, 128)       295040    
_________________________________________________________________
dropout_2 (Dropout)          (None, 30, 30, 128)       0         
_________________________________________________________________
conv2d_4 (Conv2D)            (None, 30, 30, 64)        131136    
_________________________________________________________________
dropout_3 (Dropout)          (None, 30, 30, 64)        0         
_________________________________________________________________
conv2d_5 (Conv2D)            (None, 30, 30, 32)        8224      
_________________________________________________________________
dropout_4 (Dropout)          (None, 30, 30, 32)        0         
_________________________________________________________________
flatten_1 (Flatten)          (None, 28800)             0         
_________________________________________________________________
dense_1 (Dense)              (None, 32)                921632    
_________________________________________________________________
dropout_5 (Dropout)          (None, 32)                0         
_________________________________________________________________
dense_2 (Dense)              (None, 1)                 33        
=================================================================
Total params: 1,389,793
Trainable params: 1,389,793
Non-trainable params: 0
_________________________________________________________________
Not using data augmentation.
Train on 12511 samples, validate on 5363 samples
Epoch 1/20

   48/12511 [..............................] - ETA: 8:21 - loss: 0.9737 - acc: 0.2292
   96/12511 [..............................] - ETA: 6:23 - loss: 1.0516 - acc: 0.3542
  144/12511 [..............................] - ETA: 5:26 - loss: 1.0983 - acc: 0.3472
  192/12511 [..............................] - ETA: 5:02 - loss: 1.1061 - acc: 0.3333
  240/12511 [..............................] - ETA: 4:47 - loss: 1.1107 - acc: 0.3250
  288/12511 [..............................] - ETA: 4:47 - loss: 1.1138 - acc: 0.3194
  336/12511 [..............................] - ETA: 4:38 - loss: 1.1203 - acc: 0.3185
  384/12511 [..............................] - ETA: 4:32 - loss: 1.0983 - acc: 0.2995
  432/12511 [>.............................] - ETA: 4:26 - loss: 1.0948 - acc: 0.2940
  480/12511 [>.............................] - ETA: 4:22 - loss: 1.0766 - acc: 0.2792
  528/12511 [>.............................] - ETA: 4:15 - loss: 1.0814 - acc: 0.2803
  576/12511 [>.............................] - ETA: 4:11 - loss: 1.0879 - acc: 0.2830
  624/12511 [>.............................] - ETA: 4:06 - loss: 1.0840 - acc: 0.2788
  672/12511 [>.............................] - ETA: 4:03 - loss: 1.0850 - acc: 0.2783
  720/12511 [>.............................] - ETA: 4:00 - loss: 1.0879 - acc: 0.2792
  768/12511 [>.............................] - ETA: 3:59 - loss: 1.0943 - acc: 0.2826
  816/12511 [>.............................] - ETA: 3:57 - loss: 1.0945 - acc: 0.2819
  864/12511 [=>............................] - ETA: 3:55 - loss: 1.0981 - acc: 0.2836
  912/12511 [=>............................] - ETA: 3:53 - loss: 1.0916 - acc: 0.2785
  960/12511 [=>............................] - ETA: 3:53 - loss: 1.0842 - acc: 0.2729
 1008/12511 [=>............................] - ETA: 3:51 - loss: 1.0790 - acc: 0.2688
 1056/12511 [=>............................] - ETA: 3:49 - loss: 1.0757 - acc: 0.2661
 1104/12511 [=>............................] - ETA: 3:46 - loss: 1.0686 - acc: 0.2609
 1152/12511 [=>............................] - ETA: 3:45 - loss: 1.0698 - acc: 0.2613
 1200/12511 [=>............................] - ETA: 3:44 - loss: 1.0709 - acc: 0.2617
 1248/12511 [=>............................] - ETA: 3:42 - loss: 1.0660 - acc: 0.2580
 1296/12511 [==>...........................] - ETA: 3:40 - loss: 1.0626 - acc: 0.2554
 1344/12511 [==>...........................] - ETA: 3:38 - loss: 1.0595 - acc: 0.2530
 1392/12511 [==>...........................] - ETA: 3:36 - loss: 1.0576 - acc: 0.2514
 1440/12511 [==>...........................] - ETA: 3:35 - loss: 1.0600 - acc: 0.2528
 1488/12511 [==>...........................] - ETA: 3:34 - loss: 1.0572 - acc: 0.2507
 1536/12511 [==>...........................] - ETA: 3:32 - loss: 1.0556 - acc: 0.2493
 1584/12511 [==>...........................] - ETA: 3:31 - loss: 1.0569 - acc: 0.2519
 1632/12511 [==>...........................] - ETA: 3:29 - loss: 1.0544 - acc: 0.2500
 1680/12511 [===>..........................] - ETA: 3:28 - loss: 1.0575 - acc: 0.2518
 1728/12511 [===>..........................] - ETA: 3:28 - loss: 1.0586 - acc: 0.2523
 1776/12511 [===>..........................] - ETA: 3:27 - loss: 1.0563 - acc: 0.2506
 1824/12511 [===>..........................] - ETA: 3:26 - loss: 1.0525 - acc: 0.2478
 1872/12511 [===>..........................] - ETA: 3:24 - loss: 1.0529 - acc: 0.2559
 1920/12511 [===>..........................] - ETA: 3:23 - loss: 1.0564 - acc: 0.2609
 1968/12511 [===>..........................] - ETA: 3:22 - loss: 1.0566 - acc: 0.2607
 2016/12511 [===>..........................] - ETA: 3:21 - loss: 1.0576 - acc: 0.2609
 2064/12511 [===>..........................] - ETA: 3:20 - loss: 1.0600 - acc: 0.2621
 2112/12511 [====>.........................] - ETA: 3:18 - loss: 1.0616 - acc: 0.2628
 2160/12511 [====>.........................] - ETA: 3:18 - loss: 1.0617 - acc: 0.2625
 2208/12511 [====>.........................] - ETA: 3:16 - loss: 1.0611 - acc: 0.2618
 2256/12511 [====>.........................] - ETA: 3:15 - loss: 1.0632 - acc: 0.2629
 2304/12511 [====>.........................] - ETA: 3:15 - loss: 1.0627 - acc: 0.2622
 2352/12511 [====>.........................] - ETA: 3:14 - loss: 1.0628 - acc: 0.2619
 2400/12511 [====>.........................] - ETA: 3:13 - loss: 1.0616 - acc: 0.2608
 2448/12511 [====>.........................] - ETA: 3:12 - loss: 1.0599 - acc: 0.2594
 2496/12511 [====>.........................] - ETA: 3:12 - loss: 1.0588 - acc: 0.2584
 2544/12511 [=====>........................] - ETA: 3:10 - loss: 1.0608 - acc: 0.2594
 2592/12511 [=====>........................] - ETA: 3:09 - loss: 1.0666 - acc: 0.2631
 2640/12511 [=====>........................] - ETA: 3:08 - loss: 1.0666 - acc: 0.2629
 2688/12511 [=====>........................] - ETA: 3:07 - loss: 1.0650 - acc: 0.2615
 2736/12511 [=====>........................] - ETA: 3:06 - loss: 1.0672 - acc: 0.2628
 2784/12511 [=====>........................] - ETA: 3:05 - loss: 1.0672 - acc: 0.2626
 2832/12511 [=====>........................] - ETA: 3:04 - loss: 1.0646 - acc: 0.2606
 2880/12511 [=====>........................] - ETA: 3:03 - loss: 1.0620 - acc: 0.2587
 2928/12511 [======>.......................] - ETA: 3:02 - loss: 1.0601 - acc: 0.2572
 2976/12511 [======>.......................] - ETA: 3:01 - loss: 1.0637 - acc: 0.2594
 3024/12511 [======>.......................] - ETA: 3:00 - loss: 1.0623 - acc: 0.2583
 3072/12511 [======>.......................] - ETA: 2:59 - loss: 1.0604 - acc: 0.2568
 3120/12511 [======>.......................] - ETA: 2:58 - loss: 1.0615 - acc: 0.2574
 3168/12511 [======>.......................] - ETA: 2:57 - loss: 1.0630 - acc: 0.2582
 3216/12511 [======>.......................] - ETA: 2:56 - loss: 1.0639 - acc: 0.2587
 3264/12511 [======>.......................] - ETA: 2:55 - loss: 1.0635 - acc: 0.2583
 3312/12511 [======>.......................] - ETA: 2:54 - loss: 1.0631 - acc: 0.2579
 3360/12511 [=======>......................] - ETA: 2:54 - loss: 1.0606 - acc: 0.2560
 3408/12511 [=======>......................] - ETA: 2:53 - loss: 1.0598 - acc: 0.2553
 3456/12511 [=======>......................] - ETA: 2:52 - loss: 1.0594 - acc: 0.2549
 3504/12511 [=======>......................] - ETA: 2:52 - loss: 1.0587 - acc: 0.2543
 3552/12511 [=======>......................] - ETA: 2:51 - loss: 1.0576 - acc: 0.2534
 3600/12511 [=======>......................] - ETA: 2:50 - loss: 1.0589 - acc: 0.2542
 3648/12511 [=======>......................] - ETA: 2:48 - loss: 1.0586 - acc: 0.2538
 3696/12511 [=======>......................] - ETA: 2:48 - loss: 1.0603 - acc: 0.2549
 3744/12511 [=======>......................] - ETA: 2:46 - loss: 1.0620 - acc: 0.2559
 3792/12511 [========>.....................] - ETA: 2:45 - loss: 1.0613 - acc: 0.2553
 3840/12511 [========>.....................] - ETA: 2:45 - loss: 1.0621 - acc: 0.2557
 3888/12511 [========>.....................] - ETA: 2:44 - loss: 1.0641 - acc: 0.2569
 3936/12511 [========>.....................] - ETA: 2:43 - loss: 1.0649 - acc: 0.2574
 3984/12511 [========>.....................] - ETA: 2:42 - loss: 1.0656 - acc: 0.2578
 4032/12511 [========>.....................] - ETA: 2:41 - loss: 1.0649 - acc: 0.2572
 4080/12511 [========>.....................] - ETA: 2:40 - loss: 1.0642 - acc: 0.2566
 4128/12511 [========>.....................] - ETA: 2:39 - loss: 1.0625 - acc: 0.2553
 4176/12511 [=========>....................] - ETA: 2:39 - loss: 1.0618 - acc: 0.2548
 4224/12511 [=========>....................] - ETA: 2:38 - loss: 1.0608 - acc: 0.2540
 4272/12511 [=========>....................] - ETA: 2:37 - loss: 1.0599 - acc: 0.2533
 4320/12511 [=========>....................] - ETA: 2:36 - loss: 1.0586 - acc: 0.2523
 4368/12511 [=========>....................] - ETA: 2:35 - loss: 1.0576 - acc: 0.2516
 4416/12511 [=========>....................] - ETA: 2:34 - loss: 1.0574 - acc: 0.2514
 4464/12511 [=========>....................] - ETA: 2:33 - loss: 1.0578 - acc: 0.2516
 4512/12511 [=========>....................] - ETA: 2:32 - loss: 1.0556 - acc: 0.2500
 4560/12511 [=========>....................] - ETA: 2:31 - loss: 1.0564 - acc: 0.2502
 4608/12511 [==========>...................] - ETA: 2:30 - loss: 1.0555 - acc: 0.2496
 4656/12511 [==========>...................] - ETA: 2:29 - loss: 1.0544 - acc: 0.2487
 4704/12511 [==========>...................] - ETA: 2:28 - loss: 1.0545 - acc: 0.2504
 4752/12511 [==========>...................] - ETA: 2:27 - loss: 1.0559 - acc: 0.2523
 4800/12511 [==========>...................] - ETA: 2:26 - loss: 1.0563 - acc: 0.2525
 4848/12511 [==========>...................] - ETA: 2:25 - loss: 1.0561 - acc: 0.2523
 4896/12511 [==========>...................] - ETA: 2:24 - loss: 1.0562 - acc: 0.2522
 4944/12511 [==========>...................] - ETA: 2:23 - loss: 1.0557 - acc: 0.2518
 4992/12511 [==========>...................] - ETA: 2:22 - loss: 1.0552 - acc: 0.2514
 5040/12511 [===========>..................] - ETA: 2:22 - loss: 1.0545 - acc: 0.2508
 5088/12511 [===========>..................] - ETA: 2:21 - loss: 1.0531 - acc: 0.2518
 5136/12511 [===========>..................] - ETA: 2:20 - loss: 1.0541 - acc: 0.2558
 5184/12511 [===========>..................] - ETA: 2:19 - loss: 1.0531 - acc: 0.2595
 5232/12511 [===========>..................] - ETA: 2:18 - loss: 1.0552 - acc: 0.2626
 5280/12511 [===========>..................] - ETA: 2:17 - loss: 1.0550 - acc: 0.2623
 5328/12511 [===========>..................] - ETA: 2:16 - loss: 1.0546 - acc: 0.2616
 5376/12511 [===========>..................] - ETA: 2:15 - loss: 1.0547 - acc: 0.2619
 5424/12511 [============>.................] - ETA: 2:14 - loss: 1.0545 - acc: 0.2620
 5472/12511 [============>.................] - ETA: 2:13 - loss: 1.0557 - acc: 0.2630
 5520/12511 [============>.................] - ETA: 2:12 - loss: 1.0550 - acc: 0.2623
 5568/12511 [============>.................] - ETA: 2:11 - loss: 1.0565 - acc: 0.2631
 5616/12511 [============>.................] - ETA: 2:10 - loss: 1.0566 - acc: 0.2630
 5664/12511 [============>.................] - ETA: 2:09 - loss: 1.0572 - acc: 0.2632
 5712/12511 [============>.................] - ETA: 2:08 - loss: 1.0567 - acc: 0.2628
 5760/12511 [============>.................] - ETA: 2:08 - loss: 1.0566 - acc: 0.2625
 5808/12511 [============>.................] - ETA: 2:07 - loss: 1.0561 - acc: 0.2621
 5856/12511 [=============>................] - ETA: 2:06 - loss: 1.0550 - acc: 0.2611
 5904/12511 [=============>................] - ETA: 2:05 - loss: 1.0558 - acc: 0.2617
 5952/12511 [=============>................] - ETA: 2:04 - loss: 1.0557 - acc: 0.2614
 6000/12511 [=============>................] - ETA: 2:03 - loss: 1.0557 - acc: 0.2613
 6048/12511 [=============>................] - ETA: 2:02 - loss: 1.0553 - acc: 0.2609
 6096/12511 [=============>................] - ETA: 2:01 - loss: 1.0554 - acc: 0.2608
 6144/12511 [=============>................] - ETA: 2:00 - loss: 1.0548 - acc: 0.2603
 6192/12511 [=============>................] - ETA: 1:59 - loss: 1.0546 - acc: 0.2602
 6240/12511 [=============>................] - ETA: 1:58 - loss: 1.0550 - acc: 0.2607
 6288/12511 [==============>...............] - ETA: 1:57 - loss: 1.0541 - acc: 0.2600
 6336/12511 [==============>...............] - ETA: 1:56 - loss: 1.0540 - acc: 0.2614
 6384/12511 [==============>...............] - ETA: 1:56 - loss: 1.0538 - acc: 0.2638
 6432/12511 [==============>...............] - ETA: 1:55 - loss: 1.0542 - acc: 0.2668
 6480/12511 [==============>...............] - ETA: 1:54 - loss: 1.0543 - acc: 0.2682
 6528/12511 [==============>...............] - ETA: 1:53 - loss: 1.0537 - acc: 0.2693
 6576/12511 [==============>...............] - ETA: 1:52 - loss: 1.0531 - acc: 0.2727
 6624/12511 [==============>...............] - ETA: 1:51 - loss: 1.0527 - acc: 0.2764
 6672/12511 [==============>...............] - ETA: 1:50 - loss: 1.0522 - acc: 0.2803
 6720/12511 [===============>..............] - ETA: 1:49 - loss: 1.0521 - acc: 0.2838
 6768/12511 [===============>..............] - ETA: 1:48 - loss: 1.0522 - acc: 0.2871
 6816/12511 [===============>..............] - ETA: 1:47 - loss: 1.0516 - acc: 0.2908
 6864/12511 [===============>..............] - ETA: 1:46 - loss: 1.0519 - acc: 0.2939
 6912/12511 [===============>..............] - ETA: 1:45 - loss: 1.0514 - acc: 0.2975
 6960/12511 [===============>..............] - ETA: 1:44 - loss: 1.0513 - acc: 0.3007
 7008/12511 [===============>..............] - ETA: 1:43 - loss: 1.0512 - acc: 0.3039
 7056/12511 [===============>..............] - ETA: 1:43 - loss: 1.0509 - acc: 0.3073
 7104/12511 [================>.............] - ETA: 1:42 - loss: 1.0510 - acc: 0.3102
 7152/12511 [================>.............] - ETA: 1:41 - loss: 1.0500 - acc: 0.3139
 7200/12511 [================>.............] - ETA: 1:40 - loss: 1.0497 - acc: 0.3171
 7248/12511 [================>.............] - ETA: 1:39 - loss: 1.0502 - acc: 0.3197
 7296/12511 [================>.............] - ETA: 1:38 - loss: 1.0506 - acc: 0.3224
 7344/12511 [================>.............] - ETA: 1:37 - loss: 1.0503 - acc: 0.3254
 7392/12511 [================>.............] - ETA: 1:36 - loss: 1.0508 - acc: 0.3279
 7440/12511 [================>.............] - ETA: 1:35 - loss: 1.0521 - acc: 0.3298
 7488/12511 [================>.............] - ETA: 1:34 - loss: 1.0528 - acc: 0.3321
 7536/12511 [=================>............] - ETA: 1:33 - loss: 1.0531 - acc: 0.3345
 7584/12511 [=================>............] - ETA: 1:32 - loss: 1.0530 - acc: 0.3370
 7632/12511 [=================>............] - ETA: 1:31 - loss: 1.0521 - acc: 0.3403
 7680/12511 [=================>............] - ETA: 1:31 - loss: 1.0522 - acc: 0.3428
 7728/12511 [=================>............] - ETA: 1:30 - loss: 1.0523 - acc: 0.3454
 7776/12511 [=================>............] - ETA: 1:29 - loss: 1.0524 - acc: 0.3479
 7824/12511 [=================>............] - ETA: 1:28 - loss: 1.0525 - acc: 0.3503
 7872/12511 [=================>............] - ETA: 1:27 - loss: 1.0524 - acc: 0.3529
 7920/12511 [=================>............] - ETA: 1:26 - loss: 1.0519 - acc: 0.3557
 7968/12511 [==================>...........] - ETA: 1:25 - loss: 1.0525 - acc: 0.3577
 8016/12511 [==================>...........] - ETA: 1:24 - loss: 1.0522 - acc: 0.3603
 8064/12511 [==================>...........] - ETA: 1:23 - loss: 1.0527 - acc: 0.3624
 8112/12511 [==================>...........] - ETA: 1:22 - loss: 1.0528 - acc: 0.3646
 8160/12511 [==================>...........] - ETA: 1:22 - loss: 1.0529 - acc: 0.3669
 8208/12511 [==================>...........] - ETA: 1:21 - loss: 1.0524 - acc: 0.3695
 8256/12511 [==================>...........] - ETA: 1:20 - loss: 1.0527 - acc: 0.3716
 8304/12511 [==================>...........] - ETA: 1:19 - loss: 1.0540 - acc: 0.3730
 8352/12511 [===================>..........] - ETA: 1:18 - loss: 1.0537 - acc: 0.3720
 8400/12511 [===================>..........] - ETA: 1:17 - loss: 1.0533 - acc: 0.3721
 8448/12511 [===================>..........] - ETA: 1:16 - loss: 1.0530 - acc: 0.3739
 8496/12511 [===================>..........] - ETA: 1:15 - loss: 1.0529 - acc: 0.3761
 8544/12511 [===================>..........] - ETA: 1:14 - loss: 1.0533 - acc: 0.3779
 8592/12511 [===================>..........] - ETA: 1:13 - loss: 1.0538 - acc: 0.3795
 8640/12511 [===================>..........] - ETA: 1:12 - loss: 1.0544 - acc: 0.3797
 8688/12511 [===================>..........] - ETA: 1:12 - loss: 1.0539 - acc: 0.3787
 8736/12511 [===================>..........] - ETA: 1:11 - loss: 1.0536 - acc: 0.3779
 8784/12511 [====================>.........] - ETA: 1:10 - loss: 1.0541 - acc: 0.3792
 8832/12511 [====================>.........] - ETA: 1:09 - loss: 1.0540 - acc: 0.3783
 8880/12511 [====================>.........] - ETA: 1:08 - loss: 1.0535 - acc: 0.3776
 8928/12511 [====================>.........] - ETA: 1:07 - loss: 1.0534 - acc: 0.3781
 8976/12511 [====================>.........] - ETA: 1:06 - loss: 1.0530 - acc: 0.3796
 9024/12511 [====================>.........] - ETA: 1:05 - loss: 1.0529 - acc: 0.3815
 9072/12511 [====================>.........] - ETA: 1:04 - loss: 1.0532 - acc: 0.3834
 9120/12511 [====================>.........] - ETA: 1:03 - loss: 1.0524 - acc: 0.3859
 9168/12511 [====================>.........] - ETA: 1:02 - loss: 1.0531 - acc: 0.3873
 9216/12511 [=====================>........] - ETA: 1:01 - loss: 1.0529 - acc: 0.3889
 9264/12511 [=====================>........] - ETA: 1:01 - loss: 1.0521 - acc: 0.3913
 9312/12511 [=====================>........] - ETA: 1:00 - loss: 1.0525 - acc: 0.3929
 9360/12511 [=====================>........] - ETA: 59s - loss: 1.0531 - acc: 0.3946 
 9408/12511 [=====================>........] - ETA: 58s - loss: 1.0527 - acc: 0.3968
 9456/12511 [=====================>........] - ETA: 57s - loss: 1.0532 - acc: 0.3983
 9504/12511 [=====================>........] - ETA: 56s - loss: 1.0539 - acc: 0.3997
 9552/12511 [=====================>........] - ETA: 55s - loss: 1.0540 - acc: 0.3991
 9600/12511 [======================>.......] - ETA: 54s - loss: 1.0545 - acc: 0.3988
 9648/12511 [======================>.......] - ETA: 53s - loss: 1.0544 - acc: 0.3979
 9696/12511 [======================>.......] - ETA: 52s - loss: 1.0550 - acc: 0.3975
 9744/12511 [======================>.......] - ETA: 52s - loss: 1.0555 - acc: 0.3971
 9792/12511 [======================>.......] - ETA: 51s - loss: 1.0555 - acc: 0.3963
 9840/12511 [======================>.......] - ETA: 50s - loss: 1.0559 - acc: 0.3958
 9888/12511 [======================>.......] - ETA: 49s - loss: 1.0558 - acc: 0.3950
 9936/12511 [======================>.......] - ETA: 48s - loss: 1.0560 - acc: 0.3944
 9984/12511 [======================>.......] - ETA: 47s - loss: 1.0553 - acc: 0.3932
10032/12511 [=======================>......] - ETA: 46s - loss: 1.0548 - acc: 0.3921
10080/12511 [=======================>......] - ETA: 45s - loss: 1.0541 - acc: 0.3910
10128/12511 [=======================>......] - ETA: 44s - loss: 1.0536 - acc: 0.3899
10176/12511 [=======================>......] - ETA: 43s - loss: 1.0541 - acc: 0.3909
10224/12511 [=======================>......] - ETA: 43s - loss: 1.0549 - acc: 0.3907
10272/12511 [=======================>......] - ETA: 42s - loss: 1.0546 - acc: 0.3899
10320/12511 [=======================>......] - ETA: 41s - loss: 1.0540 - acc: 0.3888
10368/12511 [=======================>......] - ETA: 40s - loss: 1.0536 - acc: 0.3880
10416/12511 [=======================>......] - ETA: 39s - loss: 1.0532 - acc: 0.3883
10464/12511 [========================>.....] - ETA: 38s - loss: 1.0537 - acc: 0.3898
10512/12511 [========================>.....] - ETA: 37s - loss: 1.0536 - acc: 0.3897
10560/12511 [========================>.....] - ETA: 36s - loss: 1.0537 - acc: 0.3901
10608/12511 [========================>.....] - ETA: 35s - loss: 1.0539 - acc: 0.3901
10656/12511 [========================>.....] - ETA: 34s - loss: 1.0538 - acc: 0.3894
10704/12511 [========================>.....] - ETA: 33s - loss: 1.0546 - acc: 0.3897
10752/12511 [========================>.....] - ETA: 33s - loss: 1.0549 - acc: 0.3892
10800/12511 [========================>.....] - ETA: 32s - loss: 1.0551 - acc: 0.3887
10848/12511 [=========================>....] - ETA: 31s - loss: 1.0553 - acc: 0.3882
10896/12511 [=========================>....] - ETA: 30s - loss: 1.0553 - acc: 0.3876
10944/12511 [=========================>....] - ETA: 29s - loss: 1.0550 - acc: 0.3867
10992/12511 [=========================>....] - ETA: 28s - loss: 1.0550 - acc: 0.3861
11040/12511 [=========================>....] - ETA: 27s - loss: 1.0545 - acc: 0.3851
11088/12511 [=========================>....] - ETA: 26s - loss: 1.0549 - acc: 0.3847
11136/12511 [=========================>....] - ETA: 25s - loss: 1.0548 - acc: 0.3841
11184/12511 [=========================>....] - ETA: 24s - loss: 1.0540 - acc: 0.3830
11232/12511 [=========================>....] - ETA: 24s - loss: 1.0536 - acc: 0.3820
11280/12511 [==========================>...] - ETA: 23s - loss: 1.0535 - acc: 0.3832
11328/12511 [==========================>...] - ETA: 22s - loss: 1.0531 - acc: 0.3840
11376/12511 [==========================>...] - ETA: 21s - loss: 1.0536 - acc: 0.3853
11424/12511 [==========================>...] - ETA: 20s - loss: 1.0531 - acc: 0.3857
11472/12511 [==========================>...] - ETA: 19s - loss: 1.0533 - acc: 0.3869
11520/12511 [==========================>...] - ETA: 18s - loss: 1.0525 - acc: 0.3887
11568/12511 [==========================>...] - ETA: 17s - loss: 1.0523 - acc: 0.3904
11616/12511 [==========================>...] - ETA: 16s - loss: 1.0523 - acc: 0.3919
11664/12511 [==========================>...] - ETA: 15s - loss: 1.0526 - acc: 0.3932
11712/12511 [===========================>..] - ETA: 15s - loss: 1.0522 - acc: 0.3950
11760/12511 [===========================>..] - ETA: 14s - loss: 1.0525 - acc: 0.3963
11808/12511 [===========================>..] - ETA: 13s - loss: 1.0526 - acc: 0.3977
11856/12511 [===========================>..] - ETA: 12s - loss: 1.0522 - acc: 0.3994
11904/12511 [===========================>..] - ETA: 11s - loss: 1.0527 - acc: 0.4005
11952/12511 [===========================>..] - ETA: 10s - loss: 1.0522 - acc: 0.4023
12000/12511 [===========================>..] - ETA: 9s - loss: 1.0519 - acc: 0.4039 
12048/12511 [===========================>..] - ETA: 8s - loss: 1.0520 - acc: 0.4053
12096/12511 [============================>.] - ETA: 7s - loss: 1.0527 - acc: 0.4063
12144/12511 [============================>.] - ETA: 6s - loss: 1.0531 - acc: 0.4074
12192/12511 [============================>.] - ETA: 5s - loss: 1.0530 - acc: 0.4090
12240/12511 [============================>.] - ETA: 5s - loss: 1.0531 - acc: 0.4103
12288/12511 [============================>.] - ETA: 4s - loss: 1.0529 - acc: 0.4118
12336/12511 [============================>.] - ETA: 3s - loss: 1.0527 - acc: 0.4133
12384/12511 [============================>.] - ETA: 2s - loss: 1.0525 - acc: 0.4147
12432/12511 [============================>.] - ETA: 1s - loss: 1.0533 - acc: 0.4155
12480/12511 [============================>.] - ETA: 0s - loss: 1.0529 - acc: 0.4168
12511/12511 [==============================] - 248s 20ms/step - loss: 1.0529 - acc: 0.4176 - val_loss: 0.7231 - val_acc: 0.3845
/global/homes/l/liuto/.conda/envs/convNet/lib/python3.6/site-packages/h5py/__init__.py:36: FutureWarning: Conversion of the second argument of issubdtype from `float` to `np.floating` is deprecated. In future, it will be treated as `np.float64 == np.dtype(float).type`.
  from ._conv import register_converters as _register_converters
Using TensorFlow backend.
Traceback (most recent call last):
  File "/global/homes/l/liuto/520project/transient-detection/cnn/jobs/run_cnn_pf_pk.py", line 334, in <module>
    main()
  File "/global/homes/l/liuto/520project/transient-detection/cnn/jobs/run_cnn_pf_pk.py", line 327, in main
    train_model(train_imgs, train_labels, val_imgs, val_labels, OUTPUT_DIR, output_name)
  File "/global/homes/l/liuto/520project/transient-detection/cnn/jobs/run_cnn_pf_pk.py", line 205, in train_model
    callbacks=[checkpointer]
  File "/global/homes/l/liuto/.conda/envs/convNet/lib/python3.6/site-packages/keras/models.py", line 963, in fit
    validation_steps=validation_steps)
  File "/global/homes/l/liuto/.conda/envs/convNet/lib/python3.6/site-packages/keras/engine/training.py", line 1705, in fit
    validation_steps=validation_steps)
  File "/global/homes/l/liuto/.conda/envs/convNet/lib/python3.6/site-packages/keras/engine/training.py", line 1255, in _fit_loop
    callbacks.on_epoch_end(epoch, epoch_logs)
  File "/global/homes/l/liuto/.conda/envs/convNet/lib/python3.6/site-packages/keras/callbacks.py", line 77, in on_epoch_end
    callback.on_epoch_end(epoch, logs)
  File "/global/homes/l/liuto/.conda/envs/convNet/lib/python3.6/site-packages/keras/callbacks.py", line 447, in on_epoch_end
    self.model.save(filepath, overwrite=True)
  File "/global/homes/l/liuto/.conda/envs/convNet/lib/python3.6/site-packages/keras/engine/topology.py", line 2580, in save
    save_model(self, filepath, overwrite, include_optimizer)
  File "/global/homes/l/liuto/.conda/envs/convNet/lib/python3.6/site-packages/keras/models.py", line 106, in save_model
    with h5py.File(filepath, mode='w') as f:
  File "/global/homes/l/liuto/.conda/envs/convNet/lib/python3.6/site-packages/h5py/_hl/files.py", line 269, in __init__
    fid = make_fid(name, mode, userblock_size, fapl, swmr=swmr)
  File "/global/homes/l/liuto/.conda/envs/convNet/lib/python3.6/site-packages/h5py/_hl/files.py", line 105, in make_fid
    fid = h5f.create(name, h5f.ACC_TRUNC, fapl=fapl, fcpl=fcpl)
  File "h5py/_objects.pyx", line 54, in h5py._objects.with_phil.wrapper
  File "h5py/_objects.pyx", line 55, in h5py._objects.with_phil.wrapper
  File "h5py/h5f.pyx", line 98, in h5py.h5f.create
OSError: Unable to create file (unable to lock file, errno = 524, error message = 'Unknown error 524')
