INFO: activate-gcc_linux-64.sh made the following environmental changes:
+CC=/global/homes/l/liuto/.conda/envs/convNet/bin/x86_64-conda_cos6-linux-gnu-cc
+CFLAGS=-march=nocona -mtune=haswell -ftree-vectorize -fPIC -fstack-protector-strong -fno-plt -O2 -pipe
+CPP=/global/homes/l/liuto/.conda/envs/convNet/bin/x86_64-conda_cos6-linux-gnu-cpp
+CPPFLAGS=-DNDEBUG -D_FORTIFY_SOURCE=2 -O2
+DEBUG_CFLAGS=-march=nocona -mtune=haswell -ftree-vectorize -fPIC -fstack-protector-all -fno-plt -Og -g -Wall -Wextra -fvar-tracking-assignments -pipe
+DEBUG_CPPFLAGS=-D_DEBUG -D_FORTIFY_SOURCE=2 -Og
+GCC=/global/homes/l/liuto/.conda/envs/convNet/bin/x86_64-conda_cos6-linux-gnu-gcc
+GCC_AR=/global/homes/l/liuto/.conda/envs/convNet/bin/x86_64-conda_cos6-linux-gnu-gcc-ar
+GCC_NM=/global/homes/l/liuto/.conda/envs/convNet/bin/x86_64-conda_cos6-linux-gnu-gcc-nm
+GCC_RANLIB=/global/homes/l/liuto/.conda/envs/convNet/bin/x86_64-conda_cos6-linux-gnu-gcc-ranlib
+HOST=x86_64-conda_cos6-linux-gnu
+LDFLAGS=-Wl,-O2 -Wl,--sort-common -Wl,--as-needed -Wl,-z,relro -Wl,-z,now
+_PYTHON_SYSCONFIGDATA_NAME=_sysconfigdata_x86_64_conda_cos6_linux_gnu
-HOST=cori11
INFO: activate-binutils_linux-64.sh made the following environmental changes:
+ADDR2LINE=/global/homes/l/liuto/.conda/envs/convNet/bin/x86_64-conda_cos6-linux-gnu-addr2line
+AR=/global/homes/l/liuto/.conda/envs/convNet/bin/x86_64-conda_cos6-linux-gnu-ar
+AS=/global/homes/l/liuto/.conda/envs/convNet/bin/x86_64-conda_cos6-linux-gnu-as
+CXXFILT=/global/homes/l/liuto/.conda/envs/convNet/bin/x86_64-conda_cos6-linux-gnu-c++filt
+ELFEDIT=/global/homes/l/liuto/.conda/envs/convNet/bin/x86_64-conda_cos6-linux-gnu-elfedit
+GPROF=/global/homes/l/liuto/.conda/envs/convNet/bin/x86_64-conda_cos6-linux-gnu-gprof
+LD=/global/homes/l/liuto/.conda/envs/convNet/bin/x86_64-conda_cos6-linux-gnu-ld
+LD_GOLD=/global/homes/l/liuto/.conda/envs/convNet/bin/x86_64-conda_cos6-linux-gnu-ld.gold
+NM=/global/homes/l/liuto/.conda/envs/convNet/bin/x86_64-conda_cos6-linux-gnu-nm
+OBJCOPY=/global/homes/l/liuto/.conda/envs/convNet/bin/x86_64-conda_cos6-linux-gnu-objcopy
+OBJDUMP=/global/homes/l/liuto/.conda/envs/convNet/bin/x86_64-conda_cos6-linux-gnu-objdump
+RANLIB=/global/homes/l/liuto/.conda/envs/convNet/bin/x86_64-conda_cos6-linux-gnu-ranlib
+READELF=/global/homes/l/liuto/.conda/envs/convNet/bin/x86_64-conda_cos6-linux-gnu-readelf
+SIZE=/global/homes/l/liuto/.conda/envs/convNet/bin/x86_64-conda_cos6-linux-gnu-size
+STRINGS=/global/homes/l/liuto/.conda/envs/convNet/bin/x86_64-conda_cos6-linux-gnu-strings
+STRIP=/global/homes/l/liuto/.conda/envs/convNet/bin/x86_64-conda_cos6-linux-gnu-strip
INFO: activate-gxx_linux-64.sh made the following environmental changes:
+CXX=/global/homes/l/liuto/.conda/envs/convNet/bin/x86_64-conda_cos6-linux-gnu-c++
+CXXFLAGS=-fvisibility-inlines-hidden -std=c++17 -fmessage-length=0 -march=nocona -mtune=haswell -ftree-vectorize -fPIC -fstack-protector-strong -fno-plt -O2 -pipe
+DEBUG_CXXFLAGS=-fvisibility-inlines-hidden -std=c++17 -fmessage-length=0 -march=nocona -mtune=haswell -ftree-vectorize -fPIC -fstack-protector-all -fno-plt -Og -g -Wall -Wextra -fvar-tracking-assignments -pipe
+GXX=/global/homes/l/liuto/.conda/envs/convNet/bin/x86_64-conda_cos6-linux-gnu-g++
2018-04-18 22:54:33.729998: I tensorflow/core/platform/cpu_feature_guard.cc:140] Your CPU supports instructions that this TensorFlow binary was not compiled to use: SSE4.1 SSE4.2 AVX AVX2 FMA
Loading .npy files.
Selecting a random sample to train.
========================
=====Training model=====
========================
Compiling...
_________________________________________________________________
Layer (type)                 Output Shape              Param #   
=================================================================
conv2d_1 (Conv2D)            (None, 30, 30, 64)        3136      
_________________________________________________________________
conv2d_2 (Conv2D)            (None, 30, 30, 64)        65600     
_________________________________________________________________
dropout_1 (Dropout)          (None, 30, 30, 64)        0         
_________________________________________________________________
conv2d_3 (Conv2D)            (None, 30, 30, 64)        65600     
_________________________________________________________________
dropout_2 (Dropout)          (None, 30, 30, 64)        0         
_________________________________________________________________
conv2d_4 (Conv2D)            (None, 30, 30, 64)        65600     
_________________________________________________________________
dropout_3 (Dropout)          (None, 30, 30, 64)        0         
_________________________________________________________________
flatten_1 (Flatten)          (None, 57600)             0         
_________________________________________________________________
dense_1 (Dense)              (None, 32)                1843232   
_________________________________________________________________
dropout_4 (Dropout)          (None, 32)                0         
_________________________________________________________________
dense_2 (Dense)              (None, 1)                 33        
=================================================================
Total params: 2,043,201
Trainable params: 2,043,201
Non-trainable params: 0
_________________________________________________________________
Not using data augmentation.
Train on 12511 samples, validate on 5363 samples
Epoch 1/20

   48/12511 [..............................] - ETA: 6:18 - loss: 1.2168 - acc: 0.4583
   96/12511 [..............................] - ETA: 4:12 - loss: 1.1859 - acc: 0.3854
  144/12511 [..............................] - ETA: 3:39 - loss: 1.1244 - acc: 0.3264
  192/12511 [..............................] - ETA: 3:18 - loss: 1.1090 - acc: 0.3073
  240/12511 [..............................] - ETA: 3:02 - loss: 1.0997 - acc: 0.2958
  288/12511 [..............................] - ETA: 2:53 - loss: 1.0936 - acc: 0.2847
  336/12511 [..............................] - ETA: 2:46 - loss: 1.0936 - acc: 0.2827
  384/12511 [..............................] - ETA: 2:41 - loss: 1.0859 - acc: 0.2760
  432/12511 [>.............................] - ETA: 2:35 - loss: 1.0901 - acc: 0.2778
  480/12511 [>.............................] - ETA: 2:30 - loss: 1.0935 - acc: 0.2792
  528/12511 [>.............................] - ETA: 2:28 - loss: 1.0851 - acc: 0.2727
  576/12511 [>.............................] - ETA: 2:25 - loss: 1.0858 - acc: 0.2726
  624/12511 [>.............................] - ETA: 2:22 - loss: 1.0793 - acc: 0.2676
  672/12511 [>.............................] - ETA: 2:20 - loss: 1.0759 - acc: 0.2649
  720/12511 [>.............................] - ETA: 2:18 - loss: 1.0730 - acc: 0.2625
  768/12511 [>.............................] - ETA: 2:16 - loss: 1.0781 - acc: 0.2656
  816/12511 [>.............................] - ETA: 2:14 - loss: 1.0772 - acc: 0.2647
  864/12511 [=>............................] - ETA: 2:13 - loss: 1.0713 - acc: 0.2604
  912/12511 [=>............................] - ETA: 2:11 - loss: 1.0805 - acc: 0.2664
  960/12511 [=>............................] - ETA: 2:08 - loss: 1.0888 - acc: 0.2719
 1008/12511 [=>............................] - ETA: 2:07 - loss: 1.0861 - acc: 0.2698
 1056/12511 [=>............................] - ETA: 2:06 - loss: 1.0891 - acc: 0.2718
 1104/12511 [=>............................] - ETA: 2:05 - loss: 1.0801 - acc: 0.2654
 1152/12511 [=>............................] - ETA: 2:03 - loss: 1.0832 - acc: 0.2674
 1200/12511 [=>............................] - ETA: 2:02 - loss: 1.0799 - acc: 0.2650
 1248/12511 [=>............................] - ETA: 2:01 - loss: 1.0804 - acc: 0.2652
 1296/12511 [==>...........................] - ETA: 2:00 - loss: 1.0854 - acc: 0.2685
 1344/12511 [==>...........................] - ETA: 2:00 - loss: 1.0835 - acc: 0.2671
 1392/12511 [==>...........................] - ETA: 1:59 - loss: 1.0859 - acc: 0.2687
 1440/12511 [==>...........................] - ETA: 1:58 - loss: 1.0841 - acc: 0.2674
 1488/12511 [==>...........................] - ETA: 1:57 - loss: 1.0844 - acc: 0.2675
 1536/12511 [==>...........................] - ETA: 1:56 - loss: 1.0865 - acc: 0.2689
 1584/12511 [==>...........................] - ETA: 1:56 - loss: 1.0913 - acc: 0.2721
 1632/12511 [==>...........................] - ETA: 1:55 - loss: 1.0878 - acc: 0.2696
 1680/12511 [===>..........................] - ETA: 1:55 - loss: 1.0836 - acc: 0.2667
 1728/12511 [===>..........................] - ETA: 1:54 - loss: 1.0805 - acc: 0.2645
 1776/12511 [===>..........................] - ETA: 1:54 - loss: 1.0784 - acc: 0.2630
 1824/12511 [===>..........................] - ETA: 1:53 - loss: 1.0772 - acc: 0.2621
 1872/12511 [===>..........................] - ETA: 1:52 - loss: 1.0776 - acc: 0.2623
 1920/12511 [===>..........................] - ETA: 1:51 - loss: 1.0795 - acc: 0.2635
 1968/12511 [===>..........................] - ETA: 1:50 - loss: 1.0806 - acc: 0.2642
 2016/12511 [===>..........................] - ETA: 1:49 - loss: 1.0823 - acc: 0.2654
 2064/12511 [===>..........................] - ETA: 1:49 - loss: 1.0811 - acc: 0.2645
 2112/12511 [====>.........................] - ETA: 1:48 - loss: 1.0786 - acc: 0.2628
 2160/12511 [====>.........................] - ETA: 1:48 - loss: 1.0749 - acc: 0.2602
 2208/12511 [====>.........................] - ETA: 1:47 - loss: 1.0773 - acc: 0.2618
 2256/12511 [====>.........................] - ETA: 1:46 - loss: 1.0776 - acc: 0.2620
 2304/12511 [====>.........................] - ETA: 1:46 - loss: 1.0779 - acc: 0.2622
 2352/12511 [====>.........................] - ETA: 1:45 - loss: 1.0764 - acc: 0.2611
 2400/12511 [====>.........................] - ETA: 1:44 - loss: 1.0731 - acc: 0.2588
 2448/12511 [====>.........................] - ETA: 1:44 - loss: 1.0753 - acc: 0.2602
 2496/12511 [====>.........................] - ETA: 1:43 - loss: 1.0738 - acc: 0.2592
 2544/12511 [=====>........................] - ETA: 1:42 - loss: 1.0725 - acc: 0.2583
 2592/12511 [=====>........................] - ETA: 1:41 - loss: 1.0745 - acc: 0.2596
 2640/12511 [=====>........................] - ETA: 1:41 - loss: 1.0776 - acc: 0.2617
 2688/12511 [=====>........................] - ETA: 1:40 - loss: 1.0747 - acc: 0.2597
 2736/12511 [=====>........................] - ETA: 1:39 - loss: 1.0745 - acc: 0.2595
 2784/12511 [=====>........................] - ETA: 1:39 - loss: 1.0742 - acc: 0.2593
 2832/12511 [=====>........................] - ETA: 1:38 - loss: 1.0710 - acc: 0.2571
 2880/12511 [=====>........................] - ETA: 1:38 - loss: 1.0713 - acc: 0.2573
 2928/12511 [======>.......................] - ETA: 1:38 - loss: 1.0717 - acc: 0.2575
 2976/12511 [======>.......................] - ETA: 1:37 - loss: 1.0740 - acc: 0.2591
 3024/12511 [======>.......................] - ETA: 1:37 - loss: 1.0743 - acc: 0.2593
 3072/12511 [======>.......................] - ETA: 1:36 - loss: 1.0741 - acc: 0.2591
 3120/12511 [======>.......................] - ETA: 1:35 - loss: 1.0744 - acc: 0.2593
 3168/12511 [======>.......................] - ETA: 1:35 - loss: 1.0742 - acc: 0.2592
 3216/12511 [======>.......................] - ETA: 1:34 - loss: 1.0731 - acc: 0.2584
 3264/12511 [======>.......................] - ETA: 1:34 - loss: 1.0716 - acc: 0.2574
 3312/12511 [======>.......................] - ETA: 1:33 - loss: 1.0706 - acc: 0.2566
 3360/12511 [=======>......................] - ETA: 1:33 - loss: 1.0727 - acc: 0.2580
 3408/12511 [=======>......................] - ETA: 1:32 - loss: 1.0691 - acc: 0.2556
 3456/12511 [=======>......................] - ETA: 1:32 - loss: 1.0657 - acc: 0.2532
 3504/12511 [=======>......................] - ETA: 1:31 - loss: 1.0661 - acc: 0.2534
 3552/12511 [=======>......................] - ETA: 1:30 - loss: 1.0660 - acc: 0.2534
 3600/12511 [=======>......................] - ETA: 1:30 - loss: 1.0660 - acc: 0.2533
 3648/12511 [=======>......................] - ETA: 1:29 - loss: 1.0651 - acc: 0.2527
 3696/12511 [=======>......................] - ETA: 1:29 - loss: 1.0639 - acc: 0.2519
 3744/12511 [=======>......................] - ETA: 1:28 - loss: 1.0658 - acc: 0.2532
 3792/12511 [========>.....................] - ETA: 1:28 - loss: 1.0639 - acc: 0.2518
 3840/12511 [========>.....................] - ETA: 1:27 - loss: 1.0639 - acc: 0.2518
 3888/12511 [========>.....................] - ETA: 1:27 - loss: 1.0624 - acc: 0.2508
 3936/12511 [========>.....................] - ETA: 1:26 - loss: 1.0624 - acc: 0.2508
 3984/12511 [========>.....................] - ETA: 1:26 - loss: 1.0616 - acc: 0.2503
 4032/12511 [========>.....................] - ETA: 1:25 - loss: 1.0638 - acc: 0.2517
 4080/12511 [========>.....................] - ETA: 1:25 - loss: 1.0624 - acc: 0.2507
 4128/12511 [========>.....................] - ETA: 1:24 - loss: 1.0610 - acc: 0.2498
 4176/12511 [=========>....................] - ETA: 1:24 - loss: 1.0589 - acc: 0.2483
 4224/12511 [=========>....................] - ETA: 1:23 - loss: 1.0610 - acc: 0.2498
 4272/12511 [=========>....................] - ETA: 1:22 - loss: 1.0634 - acc: 0.2514
 4320/12511 [=========>....................] - ETA: 1:22 - loss: 1.0627 - acc: 0.2509
 4368/12511 [=========>....................] - ETA: 1:21 - loss: 1.0631 - acc: 0.2511
 4416/12511 [=========>....................] - ETA: 1:21 - loss: 1.0621 - acc: 0.2505
 4464/12511 [=========>....................] - ETA: 1:20 - loss: 1.0617 - acc: 0.2502
 4512/12511 [=========>....................] - ETA: 1:20 - loss: 1.0598 - acc: 0.2489
 4560/12511 [=========>....................] - ETA: 1:19 - loss: 1.0586 - acc: 0.2480
 4608/12511 [==========>...................] - ETA: 1:19 - loss: 1.0586 - acc: 0.2480
 4656/12511 [==========>...................] - ETA: 1:18 - loss: 1.0580 - acc: 0.2476
 4704/12511 [==========>...................] - ETA: 1:18 - loss: 1.0590 - acc: 0.2483
 4752/12511 [==========>...................] - ETA: 1:17 - loss: 1.0569 - acc: 0.2468
 4800/12511 [==========>...................] - ETA: 1:17 - loss: 1.0563 - acc: 0.2465
 4848/12511 [==========>...................] - ETA: 1:16 - loss: 1.0548 - acc: 0.2455
 4896/12511 [==========>...................] - ETA: 1:16 - loss: 1.0546 - acc: 0.2459
 4944/12511 [==========>...................] - ETA: 1:15 - loss: 1.0544 - acc: 0.2474
 4992/12511 [==========>...................] - ETA: 1:15 - loss: 1.0545 - acc: 0.2508
 5040/12511 [===========>..................] - ETA: 1:15 - loss: 1.0557 - acc: 0.2542
 5088/12511 [===========>..................] - ETA: 1:14 - loss: 1.0558 - acc: 0.2541
 5136/12511 [===========>..................] - ETA: 1:14 - loss: 1.0550 - acc: 0.2535
 5184/12511 [===========>..................] - ETA: 1:13 - loss: 1.0551 - acc: 0.2539
 5232/12511 [===========>..................] - ETA: 1:13 - loss: 1.0563 - acc: 0.2546
 5280/12511 [===========>..................] - ETA: 1:12 - loss: 1.0566 - acc: 0.2547
 5328/12511 [===========>..................] - ETA: 1:12 - loss: 1.0569 - acc: 0.2549
 5376/12511 [===========>..................] - ETA: 1:11 - loss: 1.0564 - acc: 0.2545
 5424/12511 [============>.................] - ETA: 1:11 - loss: 1.0546 - acc: 0.2531
 5472/12511 [============>.................] - ETA: 1:10 - loss: 1.0547 - acc: 0.2542
 5520/12511 [============>.................] - ETA: 1:10 - loss: 1.0545 - acc: 0.2547
 5568/12511 [============>.................] - ETA: 1:09 - loss: 1.0540 - acc: 0.2552
 5616/12511 [============>.................] - ETA: 1:09 - loss: 1.0543 - acc: 0.2594
 5664/12511 [============>.................] - ETA: 1:08 - loss: 1.0536 - acc: 0.2595
 5712/12511 [============>.................] - ETA: 1:08 - loss: 1.0555 - acc: 0.2630
 5760/12511 [============>.................] - ETA: 1:07 - loss: 1.0540 - acc: 0.2618
 5808/12511 [============>.................] - ETA: 1:07 - loss: 1.0546 - acc: 0.2639
 5856/12511 [=============>................] - ETA: 1:06 - loss: 1.0532 - acc: 0.2631
 5904/12511 [=============>................] - ETA: 1:06 - loss: 1.0515 - acc: 0.2683
 5952/12511 [=============>................] - ETA: 1:05 - loss: 1.0511 - acc: 0.2725
 6000/12511 [=============>................] - ETA: 1:05 - loss: 1.0512 - acc: 0.2763
 6048/12511 [=============>................] - ETA: 1:04 - loss: 1.0513 - acc: 0.2801
 6096/12511 [=============>................] - ETA: 1:04 - loss: 1.0504 - acc: 0.2844
 6144/12511 [=============>................] - ETA: 1:03 - loss: 1.0500 - acc: 0.2884
 6192/12511 [=============>................] - ETA: 1:03 - loss: 1.0503 - acc: 0.2918
 6240/12511 [=============>................] - ETA: 1:02 - loss: 1.0502 - acc: 0.2955
 6288/12511 [==============>...............] - ETA: 1:02 - loss: 1.0493 - acc: 0.2996
 6336/12511 [==============>...............] - ETA: 1:01 - loss: 1.0497 - acc: 0.3029
 6384/12511 [==============>...............] - ETA: 1:01 - loss: 1.0505 - acc: 0.3058
 6432/12511 [==============>...............] - ETA: 1:00 - loss: 1.0515 - acc: 0.3085
 6480/12511 [==============>...............] - ETA: 1:00 - loss: 1.0520 - acc: 0.3113
 6528/12511 [==============>...............] - ETA: 59s - loss: 1.0505 - acc: 0.3156 
 6576/12511 [==============>...............] - ETA: 59s - loss: 1.0504 - acc: 0.3189
 6624/12511 [==============>...............] - ETA: 58s - loss: 1.0505 - acc: 0.3220
 6672/12511 [==============>...............] - ETA: 58s - loss: 1.0510 - acc: 0.3248
 6720/12511 [===============>..............] - ETA: 57s - loss: 1.0522 - acc: 0.3271
 6768/12511 [===============>..............] - ETA: 57s - loss: 1.0518 - acc: 0.3304
 6816/12511 [===============>..............] - ETA: 56s - loss: 1.0512 - acc: 0.3338
 6864/12511 [===============>..............] - ETA: 56s - loss: 1.0513 - acc: 0.3367
 6912/12511 [===============>..............] - ETA: 55s - loss: 1.0505 - acc: 0.3401
 6960/12511 [===============>..............] - ETA: 55s - loss: 1.0515 - acc: 0.3424
 7008/12511 [===============>..............] - ETA: 54s - loss: 1.0518 - acc: 0.3450
 7056/12511 [===============>..............] - ETA: 54s - loss: 1.0529 - acc: 0.3471
 7104/12511 [================>.............] - ETA: 53s - loss: 1.0536 - acc: 0.3501
 7152/12511 [================>.............] - ETA: 53s - loss: 1.0539 - acc: 0.3505
 7200/12511 [================>.............] - ETA: 52s - loss: 1.0539 - acc: 0.3503
 7248/12511 [================>.............] - ETA: 52s - loss: 1.0546 - acc: 0.3499
 7296/12511 [================>.............] - ETA: 51s - loss: 1.0542 - acc: 0.3490
 7344/12511 [================>.............] - ETA: 51s - loss: 1.0535 - acc: 0.3478
 7392/12511 [================>.............] - ETA: 50s - loss: 1.0545 - acc: 0.3486
 7440/12511 [================>.............] - ETA: 50s - loss: 1.0540 - acc: 0.3476
 7488/12511 [================>.............] - ETA: 50s - loss: 1.0546 - acc: 0.3472
 7536/12511 [=================>............] - ETA: 49s - loss: 1.0555 - acc: 0.3471
 7584/12511 [=================>............] - ETA: 48s - loss: 1.0549 - acc: 0.3461
 7632/12511 [=================>............] - ETA: 48s - loss: 1.0557 - acc: 0.3460
 7680/12511 [=================>............] - ETA: 48s - loss: 1.0550 - acc: 0.3449
 7728/12511 [=================>............] - ETA: 47s - loss: 1.0555 - acc: 0.3446
 7776/12511 [=================>............] - ETA: 47s - loss: 1.0555 - acc: 0.3440
 7824/12511 [=================>............] - ETA: 46s - loss: 1.0550 - acc: 0.3430
 7872/12511 [=================>............] - ETA: 46s - loss: 1.0552 - acc: 0.3426
 7920/12511 [=================>............] - ETA: 45s - loss: 1.0541 - acc: 0.3413
 7968/12511 [==================>...........] - ETA: 45s - loss: 1.0538 - acc: 0.3405
 8016/12511 [==================>...........] - ETA: 44s - loss: 1.0537 - acc: 0.3399
 8064/12511 [==================>...........] - ETA: 44s - loss: 1.0532 - acc: 0.3397
 8112/12511 [==================>...........] - ETA: 43s - loss: 1.0542 - acc: 0.3409
 8160/12511 [==================>...........] - ETA: 43s - loss: 1.0546 - acc: 0.3406
 8208/12511 [==================>...........] - ETA: 42s - loss: 1.0543 - acc: 0.3398
 8256/12511 [==================>...........] - ETA: 42s - loss: 1.0541 - acc: 0.3391
 8304/12511 [==================>...........] - ETA: 41s - loss: 1.0540 - acc: 0.3385
 8352/12511 [===================>..........] - ETA: 41s - loss: 1.0540 - acc: 0.3380
 8400/12511 [===================>..........] - ETA: 40s - loss: 1.0543 - acc: 0.3376
 8448/12511 [===================>..........] - ETA: 40s - loss: 1.0543 - acc: 0.3371
 8496/12511 [===================>..........] - ETA: 39s - loss: 1.0542 - acc: 0.3365
 8544/12511 [===================>..........] - ETA: 39s - loss: 1.0539 - acc: 0.3358
 8592/12511 [===================>..........] - ETA: 38s - loss: 1.0538 - acc: 0.3352
 8640/12511 [===================>..........] - ETA: 38s - loss: 1.0531 - acc: 0.3348
 8688/12511 [===================>..........] - ETA: 37s - loss: 1.0537 - acc: 0.3364
 8736/12511 [===================>..........] - ETA: 37s - loss: 1.0532 - acc: 0.3359
 8784/12511 [====================>.........] - ETA: 36s - loss: 1.0529 - acc: 0.3363
 8832/12511 [====================>.........] - ETA: 36s - loss: 1.0527 - acc: 0.3384
 8880/12511 [====================>.........] - ETA: 35s - loss: 1.0524 - acc: 0.3408
 8928/12511 [====================>.........] - ETA: 35s - loss: 1.0524 - acc: 0.3432
 8976/12511 [====================>.........] - ETA: 34s - loss: 1.0528 - acc: 0.3460
 9024/12511 [====================>.........] - ETA: 34s - loss: 1.0524 - acc: 0.3474
 9072/12511 [====================>.........] - ETA: 33s - loss: 1.0531 - acc: 0.3499
 9120/12511 [====================>.........] - ETA: 33s - loss: 1.0530 - acc: 0.3508
 9168/12511 [====================>.........] - ETA: 33s - loss: 1.0533 - acc: 0.3530
 9216/12511 [=====================>........] - ETA: 32s - loss: 1.0529 - acc: 0.3529
 9264/12511 [=====================>........] - ETA: 32s - loss: 1.0533 - acc: 0.3551
 9312/12511 [=====================>........] - ETA: 31s - loss: 1.0530 - acc: 0.3552
 9360/12511 [=====================>........] - ETA: 31s - loss: 1.0531 - acc: 0.3557
 9408/12511 [=====================>........] - ETA: 30s - loss: 1.0528 - acc: 0.3561
 9456/12511 [=====================>........] - ETA: 30s - loss: 1.0522 - acc: 0.3576
 9504/12511 [=====================>........] - ETA: 29s - loss: 1.0529 - acc: 0.3594
 9552/12511 [=====================>........] - ETA: 29s - loss: 1.0525 - acc: 0.3606
 9600/12511 [======================>.......] - ETA: 28s - loss: 1.0518 - acc: 0.3627
 9648/12511 [======================>.......] - ETA: 28s - loss: 1.0515 - acc: 0.3648
 9696/12511 [======================>.......] - ETA: 27s - loss: 1.0517 - acc: 0.3666
 9744/12511 [======================>.......] - ETA: 27s - loss: 1.0513 - acc: 0.3689
 9792/12511 [======================>.......] - ETA: 26s - loss: 1.0509 - acc: 0.3711
 9840/12511 [======================>.......] - ETA: 26s - loss: 1.0508 - acc: 0.3731
 9888/12511 [======================>.......] - ETA: 25s - loss: 1.0503 - acc: 0.3753
 9936/12511 [======================>.......] - ETA: 25s - loss: 1.0502 - acc: 0.3772
 9984/12511 [======================>.......] - ETA: 24s - loss: 1.0498 - acc: 0.3793
10032/12511 [=======================>......] - ETA: 24s - loss: 1.0497 - acc: 0.3812
10080/12511 [=======================>......] - ETA: 23s - loss: 1.0496 - acc: 0.3830
10128/12511 [=======================>......] - ETA: 23s - loss: 1.0495 - acc: 0.3849
10176/12511 [=======================>......] - ETA: 23s - loss: 1.0496 - acc: 0.3866
10224/12511 [=======================>......] - ETA: 22s - loss: 1.0499 - acc: 0.3881
10272/12511 [=======================>......] - ETA: 22s - loss: 1.0500 - acc: 0.3898
10320/12511 [=======================>......] - ETA: 21s - loss: 1.0499 - acc: 0.3916
10368/12511 [=======================>......] - ETA: 21s - loss: 1.0497 - acc: 0.3934
10416/12511 [=======================>......] - ETA: 20s - loss: 1.0506 - acc: 0.3945
10464/12511 [========================>.....] - ETA: 20s - loss: 1.0505 - acc: 0.3962
10512/12511 [========================>.....] - ETA: 19s - loss: 1.0501 - acc: 0.3981
10560/12511 [========================>.....] - ETA: 19s - loss: 1.0495 - acc: 0.4002
10608/12511 [========================>.....] - ETA: 18s - loss: 1.0504 - acc: 0.4012
10656/12511 [========================>.....] - ETA: 18s - loss: 1.0507 - acc: 0.4026
10704/12511 [========================>.....] - ETA: 17s - loss: 1.0508 - acc: 0.4041
10752/12511 [========================>.....] - ETA: 17s - loss: 1.0501 - acc: 0.4062
10800/12511 [========================>.....] - ETA: 16s - loss: 1.0505 - acc: 0.4075
10848/12511 [=========================>....] - ETA: 16s - loss: 1.0505 - acc: 0.4090
10896/12511 [=========================>....] - ETA: 15s - loss: 1.0509 - acc: 0.4103
10944/12511 [=========================>....] - ETA: 15s - loss: 1.0512 - acc: 0.4116
10992/12511 [=========================>....] - ETA: 14s - loss: 1.0514 - acc: 0.4130
11040/12511 [=========================>....] - ETA: 14s - loss: 1.0511 - acc: 0.4147
11088/12511 [=========================>....] - ETA: 14s - loss: 1.0519 - acc: 0.4157
11136/12511 [=========================>....] - ETA: 13s - loss: 1.0516 - acc: 0.4174
11184/12511 [=========================>....] - ETA: 13s - loss: 1.0518 - acc: 0.4189
11232/12511 [=========================>....] - ETA: 12s - loss: 1.0524 - acc: 0.4204
11280/12511 [==========================>...] - ETA: 12s - loss: 1.0522 - acc: 0.4212
11328/12511 [==========================>...] - ETA: 11s - loss: 1.0525 - acc: 0.4222
11376/12511 [==========================>...] - ETA: 11s - loss: 1.0528 - acc: 0.4226
11424/12511 [==========================>...] - ETA: 10s - loss: 1.0520 - acc: 0.4223
11472/12511 [==========================>...] - ETA: 10s - loss: 1.0521 - acc: 0.4236
11520/12511 [==========================>...] - ETA: 9s - loss: 1.0516 - acc: 0.4255 
11568/12511 [==========================>...] - ETA: 9s - loss: 1.0515 - acc: 0.4271
11616/12511 [==========================>...] - ETA: 8s - loss: 1.0518 - acc: 0.4283
11664/12511 [==========================>...] - ETA: 8s - loss: 1.0516 - acc: 0.4299
11712/12511 [===========================>..] - ETA: 7s - loss: 1.0514 - acc: 0.4317
11760/12511 [===========================>..] - ETA: 7s - loss: 1.0513 - acc: 0.4331
11808/12511 [===========================>..] - ETA: 6s - loss: 1.0516 - acc: 0.4342
11856/12511 [===========================>..] - ETA: 6s - loss: 1.0512 - acc: 0.4358
11904/12511 [===========================>..] - ETA: 5s - loss: 1.0510 - acc: 0.4373
11952/12511 [===========================>..] - ETA: 5s - loss: 1.0511 - acc: 0.4385
12000/12511 [===========================>..] - ETA: 5s - loss: 1.0514 - acc: 0.4396
12048/12511 [===========================>..] - ETA: 4s - loss: 1.0510 - acc: 0.4412
12096/12511 [============================>.] - ETA: 4s - loss: 1.0500 - acc: 0.4430
12144/12511 [============================>.] - ETA: 3s - loss: 1.0498 - acc: 0.4444
12192/12511 [============================>.] - ETA: 3s - loss: 1.0499 - acc: 0.4456
12240/12511 [============================>.] - ETA: 2s - loss: 1.0504 - acc: 0.4465
12288/12511 [============================>.] - ETA: 2s - loss: 1.0505 - acc: 0.4477
12336/12511 [============================>.] - ETA: 1s - loss: 1.0500 - acc: 0.4492
12384/12511 [============================>.] - ETA: 1s - loss: 1.0498 - acc: 0.4505
12432/12511 [============================>.] - ETA: 0s - loss: 1.0500 - acc: 0.4516
12480/12511 [============================>.] - ETA: 0s - loss: 1.0499 - acc: 0.4528
12511/12511 [==============================] - 131s 10ms/step - loss: 1.0507 - acc: 0.4530 - val_loss: 0.5665 - val_acc: 0.7675
/global/homes/l/liuto/.conda/envs/convNet/lib/python3.6/site-packages/h5py/__init__.py:36: FutureWarning: Conversion of the second argument of issubdtype from `float` to `np.floating` is deprecated. In future, it will be treated as `np.float64 == np.dtype(float).type`.
  from ._conv import register_converters as _register_converters
Using TensorFlow backend.
Traceback (most recent call last):
  File "/global/homes/l/liuto/520project/transient-detection/cnn/jobs/run_cnn_uniform_smaller.py", line 330, in <module>
    main()
  File "/global/homes/l/liuto/520project/transient-detection/cnn/jobs/run_cnn_uniform_smaller.py", line 323, in main
    train_model(train_imgs, train_labels, val_imgs, val_labels, OUTPUT_DIR, output_name)
  File "/global/homes/l/liuto/520project/transient-detection/cnn/jobs/run_cnn_uniform_smaller.py", line 201, in train_model
    callbacks=[checkpointer]
  File "/global/homes/l/liuto/.conda/envs/convNet/lib/python3.6/site-packages/keras/models.py", line 963, in fit
    validation_steps=validation_steps)
  File "/global/homes/l/liuto/.conda/envs/convNet/lib/python3.6/site-packages/keras/engine/training.py", line 1705, in fit
    validation_steps=validation_steps)
  File "/global/homes/l/liuto/.conda/envs/convNet/lib/python3.6/site-packages/keras/engine/training.py", line 1255, in _fit_loop
    callbacks.on_epoch_end(epoch, epoch_logs)
  File "/global/homes/l/liuto/.conda/envs/convNet/lib/python3.6/site-packages/keras/callbacks.py", line 77, in on_epoch_end
    callback.on_epoch_end(epoch, logs)
  File "/global/homes/l/liuto/.conda/envs/convNet/lib/python3.6/site-packages/keras/callbacks.py", line 447, in on_epoch_end
    self.model.save(filepath, overwrite=True)
  File "/global/homes/l/liuto/.conda/envs/convNet/lib/python3.6/site-packages/keras/engine/topology.py", line 2580, in save
    save_model(self, filepath, overwrite, include_optimizer)
  File "/global/homes/l/liuto/.conda/envs/convNet/lib/python3.6/site-packages/keras/models.py", line 106, in save_model
    with h5py.File(filepath, mode='w') as f:
  File "/global/homes/l/liuto/.conda/envs/convNet/lib/python3.6/site-packages/h5py/_hl/files.py", line 269, in __init__
    fid = make_fid(name, mode, userblock_size, fapl, swmr=swmr)
  File "/global/homes/l/liuto/.conda/envs/convNet/lib/python3.6/site-packages/h5py/_hl/files.py", line 105, in make_fid
    fid = h5f.create(name, h5f.ACC_TRUNC, fapl=fapl, fcpl=fcpl)
  File "h5py/_objects.pyx", line 54, in h5py._objects.with_phil.wrapper
  File "h5py/_objects.pyx", line 55, in h5py._objects.with_phil.wrapper
  File "h5py/h5f.pyx", line 98, in h5py.h5f.create
OSError: Unable to create file (unable to lock file, errno = 524, error message = 'Unknown error 524')
